0.000000e+00 2.765978e-08 2.700000e+00
1.000000e+00 3.291281e-03 3.515612e+00
2.000000e+00 3.476798e-03 3.563513e+00
3.000000e+00 3.540573e-03 3.579848e+00
4.000000e+00 3.595417e-03 3.593793e+00
5.000000e+00 3.658450e-03 3.609775e+00
6.000000e+00 3.732421e-03 3.628516e+00
7.000000e+00 3.815556e-03 3.649572e+00
8.000000e+00 3.915144e-03 3.674796e+00
9.000000e+00 4.037272e-03 3.705660e+00
1.000000e+01 4.183216e-03 3.742548e+00
1.100000e+01 4.355598e-03 3.785653e+00
1.200000e+01 4.501876e-03 3.823766e+00
1.300000e+01 4.702832e-03 3.874942e+00
1.400000e+01 4.944389e-03 3.936567e+00
1.500000e+01 5.248407e-03 4.014006e+00
1.600000e+01 5.620684e-03 4.109801e+00
1.700000e+01 6.122611e-03 4.239540e+00
1.800000e+01 6.869660e-03 4.433108e+00
1.900000e+01 8.114009e-03 4.756509e+00
2.000000e+01 1.052817e-02 5.383772e+00
2.100000e+01 1.583541e-02 6.751732e+00
2.200000e+01 2.491536e-02 9.031104e+00
2.300000e+01 2.234170e-02 8.404554e+00
2.400000e+01 1.605478e-02 6.803048e+00
2.500000e+01 1.308224e-02 6.030496e+00
2.600000e+01 1.192593e-02 5.723603e+00
2.700000e+01 1.159025e-02 5.629407e+00
2.800000e+01 1.167961e-02 5.644983e+00
2.900000e+01 1.213868e-02 5.751665e+00
3.000000e+01 1.278798e-02 5.906466e+00
3.100000e+01 1.326351e-02 6.029611e+00
3.200000e+01 1.409470e-02 6.234663e+00
3.300000e+01 1.507649e-02 6.476868e+00
3.400000e+01 1.621455e-02 6.757506e+00
3.500000e+01 1.752843e-02 7.081044e+00
3.600000e+01 1.930692e-02 7.511255e+00
3.700000e+01 2.077627e-02 7.878673e+00
3.800000e+01 2.285720e-02 8.385443e+00
3.900000e+01 2.511582e-02 8.939246e+00
4.000000e+01 2.784079e-02 9.602218e+00
4.100000e+01 3.105924e-02 1.038212e+01
4.200000e+01 3.489498e-02 1.130743e+01
4.300000e+01 3.955742e-02 1.242497e+01
4.400000e+01 4.515265e-02 1.376118e+01
4.500000e+01 5.210190e-02 1.540870e+01
4.600000e+01 6.082564e-02 1.746100e+01
4.700000e+01 7.210276e-02 2.008611e+01
4.800000e+01 8.705379e-02 2.352214e+01
4.900000e+01 1.076715e-01 2.818137e+01
5.000000e+01 1.380469e-01 3.488119e+01
5.100000e+01 1.883223e-01 4.557402e+01
5.200000e+01 2.955558e-01 6.667519e+01
5.300000e+01 5.726510e-01 1.120428e+02
5.400000e+01 1.353141e+00 1.908680e+02
5.500000e+01 3.343627e+00 2.545971e+02
5.600000e+01 8.297998e+00 2.705467e+02
5.700000e+01 1.743443e+01 2.730138e+02
5.800000e+01 1.764696e+01 2.739475e+02
5.900000e+01 2.243232e+01 2.742567e+02
6.000000e+01 2.287630e+01 2.744956e+02
6.100000e+01 2.374399e+01 2.745426e+02
6.200000e+01 2.045441e+01 2.743401e+02
6.300000e+01 2.365908e+01 2.732635e+02
6.400000e+01 6.263041e+00 2.688331e+02
6.500000e+01 2.458379e+00 2.396540e+02
6.600000e+01 1.016908e+00 1.647816e+02
6.700000e+01 4.890229e-01 1.000790e+02
6.800000e+01 2.920556e-01 6.621756e+01
6.900000e+01 2.070378e-01 4.953224e+01
7.000000e+01 1.610484e-01 3.996141e+01
7.100000e+01 1.313801e-01 3.357796e+01
7.200000e+01 1.104467e-01 2.897193e+01
7.300000e+01 9.493496e-02 2.550329e+01
7.400000e+01 8.308153e-02 2.282030e+01
7.500000e+01 7.385695e-02 2.071139e+01
7.600000e+01 6.650592e-02 1.901847e+01
7.700000e+01 6.044218e-02 1.761801e+01
7.800000e+01 5.544143e-02 1.646148e+01
7.900000e+01 5.171082e-02 1.559354e+01
8.000000e+01 4.829092e-02 1.480445e+01
8.100000e+01 4.544017e-02 1.413952e+01
8.200000e+01 4.258081e-02 1.346828e+01
8.300000e+01 4.024531e-02 1.291930e+01
8.400000e+01 3.833533e-02 1.247177e+01
8.500000e+01 3.674300e-02 1.210013e+01
8.600000e+01 3.540987e-02 1.179057e+01
8.700000e+01 3.431369e-02 1.153799e+01
8.800000e+01 3.340966e-02 1.133130e+01
8.900000e+01 3.254512e-02 1.113311e+01
9.000000e+01 3.186045e-02 1.097780e+01
9.100000e+01 3.130452e-02 1.085381e+01
9.200000e+01 3.087151e-02 1.076009e+01
9.300000e+01 3.060959e-02 1.070622e+01
9.400000e+01 3.292115e-02 1.120686e+01
9.500000e+01 3.034738e-02 1.066446e+01
9.600000e+01 3.112495e-02 1.083928e+01
9.700000e+01 3.049699e-02 1.072279e+01
9.800000e+01 3.066090e-02 1.077590e+01
9.900000e+01 3.101624e-02 1.087354e+01
1.000000e+02 3.166459e-02 1.103786e+01
1.010000e+02 3.248703e-02 1.124177e+01
1.020000e+02 3.414825e-02 1.162374e+01
1.030000e+02 3.394490e-02 1.162562e+01
1.040000e+02 3.597250e-02 1.210113e+01
1.050000e+02 3.665604e-02 1.230411e+01
1.060000e+02 3.861881e-02 1.278670e+01
1.070000e+02 4.115486e-02 1.340368e+01
1.080000e+02 4.449487e-02 1.420767e+01
1.090000e+02 4.891189e-02 1.526033e+01
1.100000e+02 5.504025e-02 1.670198e+01
1.110000e+02 6.630246e-02 1.923658e+01
1.120000e+02 7.505934e-02 2.135518e+01
1.130000e+02 9.360157e-02 2.555797e+01
1.140000e+02 1.246441e-01 3.240291e+01
1.150000e+02 1.852202e-01 4.508768e+01
1.160000e+02 3.063254e-01 6.845186e+01
1.170000e+02 6.550197e-01 1.220466e+02
1.180000e+02 2.221442e+00 2.269006e+02
1.190000e+02 5.890958e+00 2.583334e+02
1.200000e+02 1.095163e+00 1.683816e+02
1.210000e+02 4.197113e-01 8.796580e+01
1.220000e+02 2.233433e-01 5.289314e+01
1.230000e+02 1.433678e-01 3.656385e+01
1.240000e+02 1.133068e-01 2.983855e+01
1.250000e+02 8.216887e-02 2.315083e+01
1.260000e+02 6.783119e-02 1.991488e+01
1.270000e+02 5.800914e-02 1.768342e+01
1.280000e+02 5.219801e-02 1.633247e+01
1.290000e+02 4.733683e-02 1.522186e+01
1.300000e+02 4.410741e-02 1.447885e+01
1.310000e+02 4.217867e-02 1.403037e+01
1.320000e+02 4.009274e-02 1.356138e+01
1.330000e+02 3.886174e-02 1.328562e+01
1.340000e+02 3.793337e-02 1.308384e+01
1.350000e+02 3.720440e-02 1.292995e+01
1.360000e+02 3.682362e-02 1.285738e+01
1.370000e+02 3.750640e-02 1.301657e+01
1.380000e+02 3.665828e-02 1.286361e+01
1.390000e+02 3.664057e-02 1.288001e+01
1.400000e+02 3.667344e-02 1.290280e+01
1.410000e+02 3.671441e-02 1.293116e+01
1.420000e+02 4.248498e-02 1.416640e+01
1.430000e+02 3.792448e-02 1.326603e+01
1.440000e+02 3.820319e-02 1.336442e+01
1.450000e+02 4.300069e-02 1.438947e+01
1.460000e+02 3.794966e-02 1.334298e+01
1.470000e+02 3.814147e-02 1.341351e+01
1.480000e+02 3.867417e-02 1.356209e+01
1.490000e+02 3.982293e-02 1.384437e+01
1.500000e+02 4.021082e-02 1.397671e+01
1.510000e+02 4.151521e-02 1.429921e+01
1.520000e+02 4.144006e-02 1.433194e+01
1.530000e+02 4.193267e-02 1.447647e+01
1.540000e+02 4.955374e-02 1.614024e+01
1.550000e+02 4.349780e-02 1.490898e+01
1.560000e+02 4.464866e-02 1.521017e+01
1.570000e+02 4.548709e-02 1.545042e+01
1.580000e+02 4.666108e-02 1.576555e+01
1.590000e+02 4.800558e-02 1.612206e+01
1.600000e+02 4.951307e-02 1.651905e+01
1.610000e+02 5.117446e-02 1.695465e+01
1.620000e+02 5.304899e-02 1.744252e+01
1.630000e+02 5.522812e-02 1.800370e+01
1.640000e+02 5.786989e-02 1.867187e+01
1.650000e+02 7.101124e-02 2.151845e+01
1.660000e+02 6.916683e-02 2.126019e+01
1.670000e+02 6.780357e-02 2.118563e+01
1.680000e+02 7.213006e-02 2.227674e+01
1.690000e+02 7.778057e-02 2.367217e+01
1.700000e+02 8.402354e-02 2.522332e+01
1.710000e+02 9.211335e-02 2.719817e+01
1.720000e+02 1.024577e-01 2.969028e+01
1.730000e+02 1.159735e-01 3.289396e+01
1.740000e+02 1.338410e-01 3.705825e+01
1.750000e+02 1.591162e-01 4.277700e+01
1.760000e+02 1.943107e-01 5.050637e+01
1.770000e+02 2.426908e-01 6.082904e+01
1.780000e+02 3.207134e-01 7.633975e+01
1.790000e+02 4.509049e-01 9.967977e+01
1.800000e+02 6.872877e-01 1.350803e+02
1.810000e+02 1.150027e+00 1.846081e+02
1.820000e+02 2.109370e+00 2.373068e+02
1.830000e+02 3.553428e+00 2.631789e+02
1.840000e+02 2.972926e+00 2.567413e+02
1.850000e+02 1.650810e+00 2.180656e+02
1.860000e+02 9.506584e-01 1.660057e+02
1.870000e+02 6.067405e-01 1.240026e+02
1.880000e+02 4.235195e-01 9.511567e+01
1.890000e+02 3.170107e-01 7.577057e+01
1.900000e+02 2.504589e-01 6.261204e+01
1.910000e+02 2.065276e-01 5.343914e+01
1.920000e+02 1.763064e-01 4.689214e+01
1.930000e+02 1.554269e-01 4.223086e+01
1.940000e+02 1.396676e-01 3.866871e+01
1.950000e+02 1.287703e-01 3.609306e+01
1.960000e+02 1.187248e-01 3.377797e+01
1.970000e+02 1.091117e-01 3.162624e+01
1.980000e+02 1.033183e-01 3.026775e+01
1.990000e+02 9.885231e-02 2.921310e+01
2.000000e+02 9.584414e-02 2.849886e+01
