0.000000e+00 2.765978e-08 2.700000e+00
1.000000e+00 3.291134e-03 3.515574e+00
2.000000e+00 3.474563e-03 3.562926e+00
3.000000e+00 3.534949e-03 3.578369e+00
4.000000e+00 3.584926e-03 3.591034e+00
5.000000e+00 3.640860e-03 3.605154e+00
6.000000e+00 3.705966e-03 3.621570e+00
7.000000e+00 3.780203e-03 3.640275e+00
8.000000e+00 3.867932e-03 3.662378e+00
9.000000e+00 3.973899e-03 3.688997e+00
1.000000e+01 4.098047e-03 3.720192e+00
1.100000e+01 4.249569e-03 3.757785e+00
1.200000e+01 4.372660e-03 3.789760e+00
1.300000e+01 4.542516e-03 3.832736e+00
1.400000e+01 4.741383e-03 3.883114e+00
1.500000e+01 4.985193e-03 3.944694e+00
1.600000e+01 5.267707e-03 4.016860e+00
1.700000e+01 5.627615e-03 4.109248e+00
1.800000e+01 6.131111e-03 4.238857e+00
1.900000e+01 6.912575e-03 4.441043e+00
2.000000e+01 8.335012e-03 4.810099e+00
2.100000e+01 1.132767e-02 5.583251e+00
2.200000e+01 1.638138e-02 6.859651e+00
2.300000e+01 1.514415e-02 6.556776e+00
2.400000e+01 1.195130e-02 5.736108e+00
2.500000e+01 1.053724e-02 5.365127e+00
2.600000e+01 1.013175e-02 5.253426e+00
2.700000e+01 1.018965e-02 5.262030e+00
2.800000e+01 1.050693e-02 5.337292e+00
2.900000e+01 1.110264e-02 5.479898e+00
3.000000e+01 1.183514e-02 5.656666e+00
3.100000e+01 1.236094e-02 5.793086e+00
3.200000e+01 1.322089e-02 6.005868e+00
3.300000e+01 1.421662e-02 6.251960e+00
3.400000e+01 1.535791e-02 6.533722e+00
3.500000e+01 1.666701e-02 6.856336e+00
3.600000e+01 1.843451e-02 7.284127e+00
3.700000e+01 1.988791e-02 7.647763e+00
3.800000e+01 2.194882e-02 8.149862e+00
3.900000e+01 2.418404e-02 8.698185e+00
4.000000e+01 2.688265e-02 9.355054e+00
4.100000e+01 3.007213e-02 1.012834e+01
4.200000e+01 3.387651e-02 1.104661e+01
4.300000e+01 3.850536e-02 1.215681e+01
4.400000e+01 4.406477e-02 1.348543e+01
4.500000e+01 5.097579e-02 1.512518e+01
4.600000e+01 5.965831e-02 1.716957e+01
4.700000e+01 7.088968e-02 1.978650e+01
4.800000e+01 8.578596e-02 2.321342e+01
4.900000e+01 1.063287e-01 2.786078e+01
5.000000e+01 1.366057e-01 3.454724e+01
5.100000e+01 1.868700e-01 4.525252e+01
5.200000e+01 2.941255e-01 6.638812e+01
5.300000e+01 5.712482e-01 1.118240e+02
5.400000e+01 1.351837e+00 1.907656e+02
5.500000e+01 3.342604e+00 2.545797e+02
5.600000e+01 8.297541e+00 2.705451e+02
5.700000e+01 1.743457e+01 2.730137e+02
5.800000e+01 1.764760e+01 2.739477e+02
5.900000e+01 2.243319e+01 2.742569e+02
6.000000e+01 2.287735e+01 2.744958e+02
6.100000e+01 2.374494e+01 2.745428e+02
6.200000e+01 2.045508e+01 2.743402e+02
6.300000e+01 2.365892e+01 2.732630e+02
6.400000e+01 6.261862e+00 2.688282e+02
6.500000e+01 2.456592e+00 2.395983e+02
6.600000e+01 1.014811e+00 1.645629e+02
6.700000e+01 4.867311e-01 9.969416e+01
6.800000e+01 2.896410e-01 6.573146e+01
6.900000e+01 2.045775e-01 4.899622e+01
7.000000e+01 1.585400e-01 3.939107e+01
7.100000e+01 1.288105e-01 3.297735e+01
7.200000e+01 1.078084e-01 2.834302e+01
7.300000e+01 9.222314e-02 2.484730e+01
7.400000e+01 8.029239e-02 2.213788e+01
7.500000e+01 7.098621e-02 2.000263e+01
7.600000e+01 6.354741e-02 1.828265e+01
7.700000e+01 5.738525e-02 1.685300e+01
7.800000e+01 5.226452e-02 1.566231e+01
7.900000e+01 4.836609e-02 1.474899e+01
8.000000e+01 4.469830e-02 1.389510e+01
8.100000e+01 4.172940e-02 1.319742e+01
8.200000e+01 3.895276e-02 1.254234e+01
8.300000e+01 3.663213e-02 1.199392e+01
8.400000e+01 3.468347e-02 1.153390e+01
8.500000e+01 3.302609e-02 1.114328e+01
8.600000e+01 3.161101e-02 1.081059e+01
8.700000e+01 3.041375e-02 1.053014e+01
8.800000e+01 2.939892e-02 1.029335e+01
8.900000e+01 2.847305e-02 1.007738e+01
9.000000e+01 2.771763e-02 9.902214e+00
9.100000e+01 2.707747e-02 9.755015e+00
9.200000e+01 2.655382e-02 9.636566e+00
9.300000e+01 2.619745e-02 9.557200e+00
9.400000e+01 2.841135e-02 1.003597e+01
9.500000e+01 2.573590e-02 9.462121e+00
9.600000e+01 2.640728e-02 9.610259e+00
9.700000e+01 2.568013e-02 9.466310e+00
9.800000e+01 2.574609e-02 9.493803e+00
9.900000e+01 2.599896e-02 9.565062e+00
1.000000e+02 2.654194e-02 9.702917e+00
1.010000e+02 2.725691e-02 9.880229e+00
1.020000e+02 2.880882e-02 1.023689e+01
1.030000e+02 2.849444e-02 1.020935e+01
1.040000e+02 3.040938e-02 1.065970e+01
1.050000e+02 3.097860e-02 1.083445e+01
1.060000e+02 3.282534e-02 1.129112e+01
1.070000e+02 3.524360e-02 1.188298e+01
1.080000e+02 3.846404e-02 1.266304e+01
1.090000e+02 4.275954e-02 1.369333e+01
1.100000e+02 4.876498e-02 1.511530e+01
1.110000e+02 5.990219e-02 1.763794e+01
1.120000e+02 6.853214e-02 1.974048e+01
1.130000e+02 8.694556e-02 2.394185e+01
1.140000e+02 1.178576e-01 3.080358e+01
1.150000e+02 1.783028e-01 4.354641e+01
1.160000e+02 2.992805e-01 6.704637e+01
1.170000e+02 6.478680e-01 1.210001e+02
1.180000e+02 2.214289e+00 2.265946e+02
1.190000e+02 5.883746e+00 2.582452e+02
1.200000e+02 1.087317e+00 1.675939e+02
1.210000e+02 4.115594e-01 8.649849e+01
1.220000e+02 2.152060e-01 5.114290e+01
1.230000e+02 1.351909e-01 3.466992e+01
1.240000e+02 1.050285e-01 2.786340e+01
1.250000e+02 7.375975e-02 2.108306e+01
1.260000e+02 5.927614e-02 1.777835e+01
1.270000e+02 4.929855e-02 1.548269e+01
1.280000e+02 4.332673e-02 1.407375e+01
1.290000e+02 3.830049e-02 1.290502e+01
1.300000e+02 3.490027e-02 1.210595e+01
1.310000e+02 3.279514e-02 1.160349e+01
1.320000e+02 3.052681e-02 1.107766e+01
1.330000e+02 2.910625e-02 1.074597e+01
1.340000e+02 2.797850e-02 1.048663e+01
1.350000e+02 2.703946e-02 1.027296e+01
1.360000e+02 2.643512e-02 1.013855e+01
1.370000e+02 2.685393e-02 1.023073e+01
1.380000e+02 2.567612e-02 9.986223e+00
1.390000e+02 2.541874e-02 9.938309e+00
1.400000e+02 2.531869e-02 9.924326e+00
1.410000e+02 2.514518e-02 9.895040e+00
1.420000e+02 3.060400e-02 1.107904e+01
1.430000e+02 2.559257e-02 1.003548e+01
1.440000e+02 2.550478e-02 1.003937e+01
1.450000e+02 3.028577e-02 1.108533e+01
1.460000e+02 2.510979e-02 9.973919e+00
1.470000e+02 2.508141e-02 9.986427e+00
1.480000e+02 2.534255e-02 1.006589e+01
1.490000e+02 2.618345e-02 1.027382e+01
1.500000e+02 2.622532e-02 1.031696e+01
1.510000e+02 2.713084e-02 1.054278e+01
1.520000e+02 2.667013e-02 1.047282e+01
1.530000e+02 2.682489e-02 1.053063e+01
1.540000e+02 3.405122e-02 1.214168e+01
1.550000e+02 2.755177e-02 1.075253e+01
1.560000e+02 2.821602e-02 1.093384e+01
1.570000e+02 2.852327e-02 1.104048e+01
1.580000e+02 2.911618e-02 1.121178e+01
1.590000e+02 2.982143e-02 1.141098e+01
1.600000e+02 3.062024e-02 1.163431e+01
1.610000e+02 3.150110e-02 1.187930e+01
1.620000e+02 3.250371e-02 1.215519e+01
1.630000e+02 3.369679e-02 1.247809e+01
1.640000e+02 3.521630e-02 1.287760e+01
1.650000e+02 4.706935e-02 1.549519e+01
1.660000e+02 4.373134e-02 1.484280e+01
1.670000e+02 4.061730e-02 1.431236e+01
1.680000e+02 4.286594e-02 1.491290e+01
1.690000e+02 4.601604e-02 1.572685e+01
1.700000e+02 4.921816e-02 1.657161e+01
1.710000e+02 5.353595e-02 1.768347e+01
1.720000e+02 5.910878e-02 1.910069e+01
1.730000e+02 6.645986e-02 2.094269e+01
1.740000e+02 7.616106e-02 2.334632e+01
1.750000e+02 9.029386e-02 2.675353e+01
1.760000e+02 1.097380e-01 3.136037e+01
1.770000e+02 1.348761e-01 3.731904e+01
1.780000e+02 1.767324e-01 4.675803e+01
1.790000e+02 2.467957e-01 6.166365e+01
1.800000e+02 3.747228e-01 8.627954e+01
1.810000e+02 6.232910e-01 1.260705e+02
1.820000e+02 1.140046e+00 1.830552e+02
1.830000e+02 1.921432e+00 2.286135e+02
1.840000e+02 1.606817e+00 2.144304e+02
1.850000e+02 8.938854e-01 1.594866e+02
1.860000e+02 5.160745e-01 1.101535e+02
1.870000e+02 3.308422e-01 7.828782e+01
1.880000e+02 2.321801e-01 5.876072e+01
1.890000e+02 1.748228e-01 4.649357e+01
1.900000e+02 1.389795e-01 3.846120e+01
1.910000e+02 1.153489e-01 3.300156e+01
1.920000e+02 9.912419e-02 2.917344e+01
1.930000e+02 8.815227e-02 2.652483e+01
1.940000e+02 7.965372e-02 2.447595e+01
1.950000e+02 7.469028e-02 2.318332e+01
1.960000e+02 6.925059e-02 2.186235e+01
1.970000e+02 6.316898e-02 2.046281e+01
1.980000e+02 6.011981e-02 1.971420e+01
1.990000e+02 5.778318e-02 1.913650e+01
2.000000e+02 5.636725e-02 1.878492e+01
