# am version 14.0 (build date Sep 30 2024 09:36:11)

# run time 0.128 s
# dcache hit: 0  miss: 1  discard: 0

f 0 GHz  2500 GHz  50 MHz
output text  f GHz  Tb K

tol 0
selfbroad_vmr_tol 0.003

geometry plane-parallel
refract none
za 0 deg
PTmode midpoint

T0 77 K

layer
P 1013.25 mbar
T 20 C
h 1 m
lineshape VVH_750 h2o_lines
column h2o vmr 0.12  (3.00417e+20 cm^-2)

#
# column densities [cm^-2], including scale factors
#
#                           zenith             line-of-sight     
# total (1 layer):
#                      h2o  3.004172e+20       3.004172e+20      
#                            (89.8726 um_pwv)   (89.8726 um_pwv)  
#
