0.000000e+00 2.765978e-08 2.700000e+00
1.000000e+00 3.293406e-03 3.516169e+00
2.000000e+00 3.498195e-03 3.569145e+00
3.000000e+00 3.593385e-03 3.593756e+00
4.000000e+00 3.693172e-03 3.619540e+00
5.000000e+00 3.820465e-03 3.652410e+00
6.000000e+00 3.974462e-03 3.692172e+00
7.000000e+00 4.140139e-03 3.735054e+00
8.000000e+00 4.347290e-03 3.788621e+00
9.000000e+00 4.612451e-03 3.857087e+00
1.000000e+01 4.947179e-03 3.943333e+00
1.100000e+01 5.303770e-03 4.035101e+00
1.200000e+01 5.654943e-03 4.127409e+00
1.300000e+01 6.124893e-03 4.249453e+00
1.400000e+01 6.728500e-03 4.406324e+00
1.500000e+01 7.534380e-03 4.615660e+00
1.600000e+01 8.642959e-03 4.904638e+00
1.700000e+01 1.029392e-02 5.335152e+00
1.800000e+01 1.298873e-02 6.036700e+00
1.900000e+01 1.789863e-02 7.310061e+00
2.000000e+01 2.809530e-02 9.929488e+00
2.100000e+01 5.139180e-02 1.577877e+01
2.200000e+01 9.155866e-02 2.536473e+01
2.300000e+01 7.879058e-02 2.243799e+01
2.400000e+01 4.869514e-02 1.512684e+01
2.500000e+01 3.365587e-02 1.134106e+01
2.600000e+01 2.667726e-02 9.553185e+00
2.700000e+01 2.330329e-02 8.678870e+00
2.800000e+01 2.165301e-02 8.245509e+00
2.900000e+01 2.109010e-02 8.086979e+00
3.000000e+01 2.113882e-02 8.085067e+00
3.100000e+01 2.127450e-02 8.119432e+00
3.200000e+01 2.193712e-02 8.279303e+00
3.300000e+01 2.286882e-02 8.506703e+00
3.400000e+01 2.404296e-02 8.794487e+00
3.500000e+01 2.545790e-02 9.141535e+00
3.600000e+01 2.738822e-02 9.607268e+00
3.700000e+01 2.905039e-02 1.002128e+01
3.800000e+01 3.135798e-02 1.058183e+01
3.900000e+01 3.387167e-02 1.119604e+01
4.000000e+01 3.687689e-02 1.192449e+01
4.100000e+01 4.039809e-02 1.277409e+01
4.200000e+01 4.455714e-02 1.377239e+01
4.300000e+01 4.956235e-02 1.496527e+01
4.400000e+01 5.551966e-02 1.637863e+01
4.500000e+01 6.285180e-02 1.810419e+01
4.600000e+01 7.198378e-02 2.023506e+01
4.700000e+01 8.370643e-02 2.293961e+01
4.800000e+01 9.917484e-02 2.646027e+01
4.900000e+01 1.204674e-01 3.122172e+01
5.000000e+01 1.516981e-01 3.802868e+01
5.100000e+01 2.021595e-01 4.862143e+01
5.200000e+01 3.093238e-01 6.942470e+01
5.300000e+01 5.863040e-01 1.141631e+02
5.400000e+01 1.366125e+00 1.918854e+02
5.500000e+01 3.354520e+00 2.547836e+02
5.600000e+01 8.304562e+00 2.705683e+02
5.700000e+01 1.743643e+01 2.730195e+02
5.800000e+01 1.764517e+01 2.739492e+02
5.900000e+01 2.242880e+01 2.742576e+02
6.000000e+01 2.287158e+01 2.744959e+02
6.100000e+01 2.374008e+01 2.745432e+02
6.200000e+01 2.045282e+01 2.743418e+02
6.300000e+01 2.366405e+01 2.732719e+02
6.400000e+01 6.276155e+00 2.688897e+02
6.500000e+01 2.476360e+00 2.402144e+02
6.600000e+01 1.037449e+00 1.669069e+02
6.700000e+01 5.111984e-01 1.037683e+02
6.800000e+01 3.153134e-01 7.085256e+01
6.900000e+01 2.307882e-01 5.465231e+01
7.000000e+01 1.853080e-01 4.541750e+01
7.100000e+01 1.562495e-01 3.932555e+01
7.200000e+01 1.359874e-01 3.498887e+01
7.300000e+01 1.211854e-01 3.177576e+01
7.400000e+01 1.100738e-01 2.934016e+01
7.500000e+01 1.016265e-01 2.747559e+01
7.600000e+01 9.510285e-02 2.603071e+01
7.700000e+01 8.995153e-02 2.489316e+01
7.800000e+01 8.603293e-02 2.403557e+01
7.900000e+01 8.375549e-02 2.354820e+01
8.000000e+01 8.240420e-02 2.328140e+01
8.100000e+01 8.062356e-02 2.290029e+01
8.200000e+01 7.728798e-02 2.215217e+01
8.300000e+01 7.499687e-02 2.163999e+01
8.400000e+01 7.354552e-02 2.132516e+01
8.500000e+01 7.261860e-02 2.113416e+01
8.600000e+01 7.208435e-02 2.103596e+01
8.700000e+01 7.193703e-02 2.102935e+01
8.800000e+01 7.205795e-02 2.108452e+01
8.900000e+01 7.184039e-02 2.105840e+01
9.000000e+01 7.187622e-02 2.109024e+01
9.100000e+01 7.214657e-02 2.117780e+01
9.200000e+01 7.259155e-02 2.130696e+01
9.300000e+01 7.323929e-02 2.148176e+01
9.400000e+01 7.648745e-02 2.218843e+01
9.500000e+01 7.488306e-02 2.191503e+01
9.600000e+01 7.666637e-02 2.232915e+01
9.700000e+01 7.699289e-02 2.245542e+01
9.800000e+01 7.810351e-02 2.273958e+01
9.900000e+01 7.944210e-02 2.307427e+01
1.000000e+02 8.109797e-02 2.347720e+01
1.010000e+02 8.294622e-02 2.392124e+01
1.020000e+02 8.564939e-02 2.453575e+01
1.030000e+02 8.650326e-02 2.479655e+01
1.040000e+02 8.960257e-02 2.550444e+01
1.050000e+02 9.137260e-02 2.595962e+01
1.060000e+02 9.443715e-02 2.667956e+01
1.070000e+02 9.809039e-02 2.752796e+01
1.080000e+02 1.025634e-01 2.855397e+01
1.090000e+02 1.081303e-01 2.981537e+01
1.100000e+02 1.154216e-01 3.144228e+01
1.110000e+02 1.278647e-01 3.409450e+01
1.120000e+02 1.378194e-01 3.635877e+01
1.130000e+02 1.575760e-01 4.057415e+01
1.140000e+02 1.898471e-01 4.725990e+01
1.150000e+02 2.516582e-01 5.939985e+01
1.160000e+02 3.739739e-01 8.149788e+01
1.170000e+02 7.237185e-01 1.317667e+02
1.180000e+02 2.290373e+00 2.297681e+02
1.190000e+02 5.960559e+00 2.591744e+02
1.200000e+02 1.169915e+00 1.756242e+02
1.210000e+02 4.970689e-01 1.013605e+02
1.220000e+02 3.008355e-01 6.891436e+01
1.230000e+02 2.214045e-01 5.392061e+01
1.240000e+02 1.923649e-01 4.792897e+01
1.250000e+02 1.624776e-01 4.204656e+01
1.260000e+02 1.495109e-01 3.938631e+01
1.270000e+02 1.411368e-01 3.767645e+01
1.280000e+02 1.368162e-01 3.678877e+01
1.290000e+02 1.334818e-01 3.613368e+01
1.300000e+02 1.318261e-01 3.582682e+01
1.310000e+02 1.315168e-01 3.579910e+01
1.320000e+02 1.310993e-01 3.576579e+01
1.330000e+02 1.315948e-01 3.592071e+01
1.340000e+02 1.324715e-01 3.616050e+01
1.350000e+02 1.336333e-01 3.646292e+01
1.360000e+02 1.352514e-01 3.686254e+01
1.370000e+02 1.382474e-01 3.753862e+01
1.380000e+02 1.402182e-01 3.804816e+01
1.390000e+02 1.423303e-01 3.855317e+01
1.400000e+02 1.436763e-01 3.888273e+01
1.410000e+02 1.456597e-01 3.935530e+01
1.420000e+02 1.541264e-01 4.105562e+01
1.430000e+02 1.533314e-01 4.111308e+01
1.440000e+02 1.567274e-01 4.189692e+01
1.450000e+02 1.619575e-01 4.290725e+01
1.460000e+02 1.581689e-01 4.228697e+01
1.470000e+02 1.603595e-01 4.280206e+01
1.480000e+02 1.632936e-01 4.347315e+01
1.490000e+02 1.671303e-01 4.432159e+01
1.500000e+02 1.705069e-01 4.510484e+01
1.510000e+02 1.752110e-01 4.613823e+01
1.520000e+02 1.784396e-01 4.689886e+01
1.530000e+02 1.818771e-01 4.767665e+01
1.540000e+02 1.928859e-01 4.984051e+01
1.550000e+02 1.906017e-01 4.961862e+01
1.560000e+02 1.958659e-01 5.077082e+01
1.570000e+02 2.011717e-01 5.194257e+01
1.580000e+02 2.072094e-01 5.325597e+01
1.590000e+02 2.138791e-01 5.469471e+01
1.600000e+02 2.212616e-01 5.627420e+01
1.610000e+02 2.293697e-01 5.799468e+01
1.620000e+02 2.384154e-01 5.989557e+01
1.630000e+02 2.486697e-01 6.202610e+01
1.640000e+02 2.604652e-01 6.444221e+01
1.650000e+02 2.840751e-01 6.883674e+01
1.660000e+02 2.943243e-01 7.102824e+01
1.670000e+02 3.070897e-01 7.373583e+01
1.680000e+02 3.281321e-01 7.779558e+01
1.690000e+02 3.538394e-01 8.262676e+01
1.700000e+02 3.844141e-01 8.823077e+01
1.710000e+02 4.226144e-01 9.498620e+01
1.720000e+02 4.709657e-01 1.031759e+02
1.730000e+02 5.334907e-01 1.131994e+02
1.740000e+02 6.161666e-01 1.255450e+02
1.750000e+02 7.297242e-01 1.409302e+02
1.760000e+02 8.895138e-01 1.598933e+02
1.770000e+02 1.121452e+00 1.827323e+02
1.780000e+02 1.484564e+00 2.095505e+02
1.790000e+02 2.087560e+00 2.377343e+02
1.800000e+02 3.173658e+00 2.611133e+02
1.810000e+02 5.304699e+00 2.728030e+02
1.820000e+02 9.683152e+00 2.754141e+02
1.830000e+02 1.621981e+01 2.759158e+02
1.840000e+02 1.359995e+01 2.757905e+02
1.850000e+02 7.591510e+00 2.748856e+02
1.860000e+02 4.392215e+00 2.701952e+02
1.870000e+02 2.809417e+00 2.557499e+02
1.880000e+02 1.963255e+00 2.331994e+02
1.890000e+02 1.470497e+00 2.087263e+02
1.900000e+02 1.162338e+00 1.863293e+02
1.910000e+02 9.586127e-01 1.673930e+02
1.920000e+02 8.182250e-01 1.519820e+02
1.930000e+02 7.193776e-01 1.397791e+02
1.940000e+02 6.465233e-01 1.300057e+02
1.950000e+02 5.891109e-01 1.217738e+02
1.960000e+02 5.430245e-01 1.148695e+02
1.970000e+02 5.058278e-01 1.091263e+02
1.980000e+02 4.786627e-01 1.047526e+02
1.990000e+02 4.576792e-01 1.012930e+02
2.000000e+02 4.423896e-01 9.872541e+01
