# am version 14.0 (build date Sep 30 2024 09:36:11)

# run time 0.034 s
# dcache hit: 1  miss: 0  discard: 0

f 0 GHz  2500 GHz  50 MHz
output text  f GHz  tx none  Tb K

tol 0
selfbroad_vmr_tol 0.003

geometry plane-parallel
refract none
za 0 deg
PTmode midpoint

T0 77 K

layer
P 1013.25 mbar
T 20 C
h 1 m
lineshape VVH_750 h2o_lines
column h2o vmr 0.012  (3.00417e+19 cm^-2)

#
# column densities [cm^-2], including scale factors
#
#                           zenith             line-of-sight     
# total (1 layer):
#                      h2o  3.004172e+19       3.004172e+19      
#                            (8.98726 um_pwv)   (8.98726 um_pwv)  
#
