# am version 14.0 (build date Sep 30 2024 09:36:11)

# run time 7.091 s
# dcache hit: 270  miss: 0  discard: 0

f 10 GHz  200 GHz  1 GHz
output text  f GHz  tau neper  tx none  Trj K  Tb K

tol 0.0001
selfbroad_vmr_tol 0.003

geometry plane-parallel
refract none
za 30 deg
PTmode Pbase Tbase

g 980.665 cm*s^-2
dg_dz 0 s^-2

Nscale troposphere h2o 3.005

T0 2.7 K

layer mesosphere
# P 0.1 mbar
# T 215.7 K
# dP 0.1 mbar
Pbase 0.1 mbar
Tbase 215.7 K
Mair 28.964 h2o o3  (28.964)
lineshape Voigt-Kielkopf ch4 co co2 h2o_lines n2o o2_coupled o2_uncoupled o3
column dry_air hydrostatic (0.999992)  (2.12016e+21 cm^-2)
! Warning: Column included 2491 unresolved lines.
column h2o hydrostatic 6.22e-06  (1.31875e+16 cm^-2)
! Warning: Column included 173 unresolved lines.
column o3 hydrostatic 1.78e-06  (3.77392e+15 cm^-2)
! Warning: Column included 3752 unresolved lines.

layer mesosphere
# P 0.2 mbar
# T 229.707 K
# dP 0.2 mbar
Pbase 0.3 mbar
Tbase 237.9 K
Mair 28.964 h2o o3  (28.964)
lineshape Voigt-Kielkopf ch4 co co2 h2o_lines n2o o2_coupled o2_uncoupled o3
column dry_air hydrostatic (0.999992)  (4.24032e+21 cm^-2)
! Warning: Column included 2491 unresolved lines.
column h2o hydrostatic 6.47e-06  (2.74351e+16 cm^-2)
! Warning: Column included 173 unresolved lines.
column o3 hydrostatic 1.66e-06  (7.03899e+15 cm^-2)
! Warning: Column included 3752 unresolved lines.

layer mesosphere
# P 0.35 mbar
# T 241.276 K
# dP 0.1 mbar
Pbase 0.4 mbar
Tbase 244.2 K
Mair 28.964 h2o o3  (28.964)
lineshape Voigt-Kielkopf ch4 co co2 h2o_lines n2o o2_coupled o2_uncoupled o3
column dry_air hydrostatic (0.999992)  (2.12016e+21 cm^-2)
! Warning: Column included 2491 unresolved lines.
column h2o hydrostatic 6.72e-06  (1.42476e+16 cm^-2)
! Warning: Column included 173 unresolved lines.
column o3 hydrostatic 1.61e-06  (3.41349e+15 cm^-2)
! Warning: Column included 3752 unresolved lines.

layer mesosphere
# P 0.45 mbar
# T 247.209 K
# dP 0.1 mbar
Pbase 0.5 mbar
Tbase 249.9 K
Mair 28.964 h2o o3  (28.964)
lineshape Voigt-Kielkopf ch4 co co2 h2o_lines n2o o2_coupled o2_uncoupled o3
column dry_air hydrostatic (0.999992)  (2.12016e+21 cm^-2)
! Warning: Column included 2491 unresolved lines.
column h2o hydrostatic 6.7e-06  (1.42052e+16 cm^-2)
! Warning: Column included 173 unresolved lines.
column o3 hydrostatic 1.78e-06  (3.77392e+15 cm^-2)
! Warning: Column included 3752 unresolved lines.

layer mesosphere
# P 0.6 mbar
# T 253.964 K
# dP 0.2 mbar
Pbase 0.7 mbar
Tbase 257.4 K
Mair 28.964 h2o o3  (28.964)
lineshape Voigt-Kielkopf ch4 co co2 h2o_lines n2o o2_coupled o2_uncoupled o3
column dry_air hydrostatic (0.999991)  (4.24032e+21 cm^-2)
! Warning: Column included 2491 unresolved lines.
column h2o hydrostatic 6.63e-06  (2.81136e+16 cm^-2)
! Warning: Column included 173 unresolved lines.
column o3 hydrostatic 2.07e-06  (8.77753e+15 cm^-2)
! Warning: Column included 3752 unresolved lines.

layer stratosphere
# P 0.85 mbar
# T 259.087 K
# dP 0.3 mbar
Pbase 1 mbar
Tbase 260.5 K
Mair 28.964 h2o o3  (28.964)
lineshape Voigt-Kielkopf ch4 co co2 h2o_lines n2o o2_coupled o2_uncoupled o3
column dry_air hydrostatic (0.999991)  (6.36047e+21 cm^-2)
! Warning: Column included 2491 unresolved lines.
column h2o hydrostatic 6.46e-06  (4.1089e+16 cm^-2)
! Warning: Column included 173 unresolved lines.
column o3 hydrostatic 2.58e-06  (1.64102e+16 cm^-2)
! Warning: Column included 3752 unresolved lines.

layer stratosphere
# P 1.5 mbar
# T 256.054 K
# dP 1 mbar
Pbase 2 mbar
Tbase 252.9 K
Mair 28.964 h2o o3  (28.964)
lineshape Gross ch4 co co2 n2o o2_uncoupled o3
lineshape VVW_coupled o2_coupled
lineshape VVH_750 h2o_lines
column dry_air hydrostatic (0.99999)  (2.12015e+22 cm^-2)
! Warning: Column included 2491 unresolved lines.
column h2o hydrostatic 6.09e-06  (1.29119e+17 cm^-2)
! Warning: Column included 173 unresolved lines.
column o3 hydrostatic 3.87e-06  (8.20508e+16 cm^-2)
! Warning: Column included 3752 unresolved lines.

layer stratosphere
# P 2.5 mbar
# T 248.827 K
# dP 1 mbar
Pbase 3 mbar
Tbase 245.5 K
Mair 28.964 h2o o3  (28.964)
lineshape Gross ch4 co co2 n2o o2_uncoupled o3
lineshape VVW_coupled o2_coupled
lineshape VVH_750 h2o_lines
column dry_air hydrostatic (0.999989)  (2.12015e+22 cm^-2)
! Warning: Column included 2491 unresolved lines.
column h2o hydrostatic 5.66e-06  (1.20002e+17 cm^-2)
! Warning: Column included 173 unresolved lines.
column o3 hydrostatic 5.7e-06  (1.2085e+17 cm^-2)
! Warning: Column included 3752 unresolved lines.

layer stratosphere
# P 3.5 mbar
# T 243.142 K
# dP 1 mbar
Pbase 4 mbar
Tbase 241.1 K
Mair 28.964 h2o o3  (28.9641)
lineshape Gross ch4 co co2 n2o o2_uncoupled o3
lineshape VVW_coupled o2_coupled
lineshape VVH_750 h2o_lines
column dry_air hydrostatic (0.999987)  (2.12014e+22 cm^-2)
! Warning: Column included 2491 unresolved lines.
column h2o hydrostatic 5.38e-06  (1.14065e+17 cm^-2)
! Warning: Column included 173 unresolved lines.
column o3 hydrostatic 7.19e-06  (1.5244e+17 cm^-2)
! Warning: Column included 3752 unresolved lines.

layer stratosphere
# P 4.5 mbar
# T 239.2 K
# dP 1 mbar
Pbase 5 mbar
Tbase 237.5 K
Mair 28.964 h2o o3  (28.9641)
lineshape Gross ch4 co co2 n2o o2_uncoupled o3
lineshape VVW_coupled o2_coupled
lineshape VVH_750 h2o_lines
column dry_air hydrostatic (0.999987)  (2.12014e+22 cm^-2)
! Warning: Column included 2491 unresolved lines.
column h2o hydrostatic 5.2e-06  (1.10249e+17 cm^-2)
! Warning: Column included 173 unresolved lines.
column o3 hydrostatic 8.18e-06  (1.7343e+17 cm^-2)
! Warning: Column included 3752 unresolved lines.

layer stratosphere
# P 6 mbar
# T 234.303 K
# dP 2 mbar
Pbase 7 mbar
Tbase 231.6 K
Mair 28.964 h2o o3  (28.9641)
lineshape Gross ch4 co co2 n2o o2_uncoupled o3
lineshape VVW_coupled o2_coupled
lineshape VVH_750 h2o_lines
column dry_air hydrostatic (0.999986)  (4.24027e+22 cm^-2)
! Warning: Column included 2491 unresolved lines.
column h2o hydrostatic 5.03e-06  (2.13289e+17 cm^-2)
! Warning: Column included 173 unresolved lines.
column o3 hydrostatic 8.88e-06  (3.76542e+17 cm^-2)
! Warning: Column included 3752 unresolved lines.

layer stratosphere
# P 8.5 mbar
# T 229.15 K
# dP 3 mbar
Pbase 10 mbar
Tbase 227.1 K
Mair 28.964 h2o o3  (28.9641)
lineshape Gross ch4 co co2 n2o o2_uncoupled o3
lineshape VVW_coupled o2_coupled
lineshape VVH_750 h2o_lines
column dry_air hydrostatic (0.999986)  (6.36041e+22 cm^-2)
! Warning: Column included 2491 unresolved lines.
column h2o hydrostatic 4.86e-06  (3.0912e+17 cm^-2)
! Warning: Column included 173 unresolved lines.
column o3 hydrostatic 9.2e-06  (5.85166e+17 cm^-2)
! Warning: Column included 3752 unresolved lines.

layer stratosphere
# P 15 mbar
# T 222.186 K
# dP 10 mbar
Pbase 20 mbar
Tbase 218.7 K
Mair 28.964 h2o o3  (28.9641)
lineshape Gross ch4 co co2 n2o o2_uncoupled o3
lineshape VVW_coupled o2_coupled
lineshape VVH_750 h2o_lines
column dry_air hydrostatic (0.999987)  (2.12014e+23 cm^-2)
! Warning: Column included 2491 unresolved lines.
column h2o hydrostatic 4.66e-06  (9.87998e+17 cm^-2)
! Warning: Column included 173 unresolved lines.
column o3 hydrostatic 7.99e-06  (1.69401e+18 cm^-2)
! Warning: Column included 3752 unresolved lines.

layer stratosphere
# P 25 mbar
# T 215.673 K
# dP 10 mbar
Pbase 30 mbar
Tbase 213.2 K
Mair 28.964 h2o o3  (28.9641)
lineshape Gross ch4 co co2 n2o o2_uncoupled o3
lineshape VVW_coupled o2_coupled
lineshape VVH_750 h2o_lines
column dry_air hydrostatic (0.99999)  (2.12015e+23 cm^-2)
! Warning: Column included 2491 unresolved lines.
column h2o hydrostatic 4.48e-06  (9.49837e+17 cm^-2)
! Warning: Column included 173 unresolved lines.
column o3 hydrostatic 5.53e-06  (1.17245e+18 cm^-2)
! Warning: Column included 3752 unresolved lines.

layer stratosphere
# P 35 mbar
# T 210.521 K
# dP 10 mbar
Pbase 40 mbar
Tbase 208.2 K
Mair 28.964 h2o o3  (28.964)
lineshape Gross ch4 co co2 n2o o2_uncoupled o3
lineshape VVW_coupled o2_coupled
lineshape VVH_750 h2o_lines
column dry_air hydrostatic (0.999992)  (2.12016e+23 cm^-2)
! Warning: Column included 2491 unresolved lines.
column h2o hydrostatic 4.4e-06  (9.32876e+17 cm^-2)
! Warning: Column included 173 unresolved lines.
column o3 hydrostatic 3.44e-06  (7.2934e+17 cm^-2)
! Warning: Column included 3752 unresolved lines.

layer stratosphere
# P 45 mbar
# T 205.455 K
# dP 10 mbar
Pbase 50 mbar
Tbase 203 K
Mair 28.964 h2o o3  (28.964)
lineshape Gross ch4 co co2 n2o o2_uncoupled o3
lineshape VVW_coupled o2_coupled
lineshape VVH_750 h2o_lines
column dry_air hydrostatic (0.999994)  (2.12016e+23 cm^-2)
! Warning: Column included 2491 unresolved lines.
column h2o hydrostatic 4.35e-06  (9.22276e+17 cm^-2)
! Warning: Column included 173 unresolved lines.
column o3 hydrostatic 2.08e-06  (4.40997e+17 cm^-2)
! Warning: Column included 3752 unresolved lines.

layer stratosphere
# P 60 mbar
# T 197.581 K
# dP 20 mbar
Pbase 70 mbar
Tbase 193 K
Mair 28.964 h2o o3  (28.964)
lineshape Gross ch4 co co2 n2o o2_uncoupled o3
lineshape VVW_coupled o2_coupled
lineshape VVH_750 h2o_lines
column dry_air hydrostatic (0.999995)  (4.24033e+23 cm^-2)
! Warning: Column included 2491 unresolved lines.
column h2o hydrostatic 4.18e-06  (1.77247e+18 cm^-2)
! Warning: Column included 173 unresolved lines.
column o3 hydrostatic 1.04e-06  (4.40997e+17 cm^-2)
! Warning: Column included 3752 unresolved lines.

layer troposphere
# P 85 mbar
# T 192.347 K
# dP 30 mbar
Pbase 100 mbar
Tbase 191.8 K
Mair 28.964 h2o o3  (28.9639)
lineshape Gross ch4 co co2 n2o o2_uncoupled o3
lineshape VVW_coupled o2_coupled
lineshape VVH_750 h2o_lines
column dry_air hydrostatic (0.999989)  (6.36048e+23 cm^-2)
! Warning: Column included 2491 unresolved lines.
column h2o hydrostatic 3.41e-06  (2.16895e+18 cm^-2)  (* 3.00500)
! Warning: Column included 173 unresolved lines.
column o3 hydrostatic 3.23e-07  (2.05446e+17 cm^-2)
! Warning: Column included 3752 unresolved lines.

layer troposphere
# P 125 mbar
# T 198.899 K
# dP 50 mbar
Pbase 150 mbar
Tbase 204.7 K
Mair 28.964 h2o o3  (28.9638)
lineshape Gross ch4 co co2 n2o o2_uncoupled o3
lineshape VVW_coupled o2_coupled
lineshape VVH_750 h2o_lines
column dry_air hydrostatic (0.999983)  (1.06008e+24 cm^-2)
! Warning: Column included 2491 unresolved lines.
column h2o hydrostatic 5.73e-06  (6.07434e+18 cm^-2)  (* 3.00500)
! Warning: Column included 173 unresolved lines.
column o3 hydrostatic 9.5e-08  (1.00709e+17 cm^-2)
! Warning: Column included 3752 unresolved lines.

layer troposphere
# P 175 mbar
# T 212.041 K
# dP 50 mbar
Pbase 200 mbar
Tbase 218.4 K
Mair 28.964 h2o o3  (28.9634)
lineshape Gross ch4 co co2 n2o o2_uncoupled o3
lineshape VVW_coupled o2_coupled
lineshape VVH_750 h2o_lines
column dry_air hydrostatic (0.999946)  (1.06005e+24 cm^-2)
! Warning: Column included 2491 unresolved lines.
column h2o hydrostatic 1.8e-05  (1.9082e+19 cm^-2)  (* 3.00500)
! Warning: Column included 173 unresolved lines.
column o3 hydrostatic 5.11e-08  (5.41716e+16 cm^-2)
! Warning: Column included 3752 unresolved lines.

layer troposphere
# P 225 mbar
# T 224.47 K
# dP 50 mbar
Pbase 250 mbar
Tbase 229.9 K
Mair 28.964 h2o o3  (28.9628)
lineshape Gross ch4 co co2 n2o o2_uncoupled o3
lineshape VVW_coupled o2_coupled
lineshape VVH_750 h2o_lines
column dry_air hydrostatic (0.99989)  (1.06001e+24 cm^-2)
! Warning: Column included 2491 unresolved lines.
column h2o hydrostatic 3.66e-05  (3.88008e+19 cm^-2)  (* 3.00500)
! Warning: Column included 173 unresolved lines.
column o3 hydrostatic 4.31e-08  (4.56917e+16 cm^-2)
! Warning: Column included 3752 unresolved lines.

layer troposphere
# P 275 mbar
# T 234.918 K
# dP 50 mbar
Pbase 300 mbar
Tbase 239.5 K
Mair 28.964 h2o o3  (28.9625)
lineshape Gross ch4 co co2 n2o o2_uncoupled o3
lineshape VVW_coupled o2_coupled
lineshape VVH_750 h2o_lines
column dry_air hydrostatic (0.99986)  (1.06e+24 cm^-2)
! Warning: Column included 2491 unresolved lines.
column h2o hydrostatic 4.65e-05  (4.92967e+19 cm^-2)  (* 3.00500)
! Warning: Column included 173 unresolved lines.
column o3 hydrostatic 4.26e-08  (4.51621e+16 cm^-2)
! Warning: Column included 3752 unresolved lines.

layer troposphere
# P 325 mbar
# T 243.758 K
# dP 50 mbar
Pbase 350 mbar
Tbase 247.7 K
Mair 28.964 h2o o3  (28.9624)
lineshape Gross ch4 co co2 n2o o2_uncoupled o3
lineshape VVW_coupled o2_coupled
lineshape VVH_750 h2o_lines
column dry_air hydrostatic (0.999855)  (1.05999e+24 cm^-2)
! Warning: Column included 2446 unresolved lines.
column h2o hydrostatic 4.83e-05  (5.1205e+19 cm^-2)  (* 3.00500)
! Warning: Column included 137 unresolved lines.
column o3 hydrostatic 4.31e-08  (4.56923e+16 cm^-2)
! Warning: Column included 3707 unresolved lines.

layer troposphere
# P 375 mbar
# T 251.317 K
# dP 50 mbar
Pbase 400 mbar
Tbase 254.7 K
Mair 28.964 h2o o3  (28.9617)
lineshape Gross ch4 co co2 n2o o2_uncoupled o3
lineshape VVW_coupled o2_coupled
lineshape VVH_750 h2o_lines
column dry_air hydrostatic (0.999794)  (1.05995e+24 cm^-2)
! Warning: Column included 2251 unresolved lines.
column h2o hydrostatic 6.86e-05  (7.27277e+19 cm^-2)  (* 3.00500)
! Warning: Column included 96 unresolved lines.
column o3 hydrostatic 4.38e-08  (4.64354e+16 cm^-2)
! Warning: Column included 2735 unresolved lines.

layer troposphere
# P 425 mbar
# T 257.891 K
# dP 50 mbar
Pbase 450 mbar
Tbase 260.9 K
Mair 28.964 h2o o3  (28.9595)
lineshape Gross ch4 co co2 n2o o2_uncoupled o3
lineshape VVW_coupled o2_coupled
lineshape VVH_750 h2o_lines
column dry_air hydrostatic (0.999591)  (1.05982e+24 cm^-2)
! Warning: Column included 2239 unresolved lines.
column h2o hydrostatic 0.000136  (1.44194e+20 cm^-2)  (* 3.00500)
! Warning: Column included 75 unresolved lines.
column o3 hydrostatic 4.41e-08  (4.67571e+16 cm^-2)
! Warning: Column included 1590 unresolved lines.

layer troposphere
# P 475 mbar
# T 263.671 K
# dP 50 mbar
Pbase 500 mbar
Tbase 266.3 K
Mair 28.964 h2o o3  (28.9555)
lineshape Gross ch4 co co2 n2o o2_uncoupled o3
lineshape VVW_coupled o2_coupled
lineshape VVH_750 h2o_lines
column dry_air hydrostatic (0.999225)  (1.05958e+24 cm^-2)
! Warning: Column included 2204 unresolved lines.
column h2o hydrostatic 0.000258  (2.73583e+20 cm^-2)  (* 3.00500)
! Warning: Column included 53 unresolved lines.
column o3 hydrostatic 4.36e-08  (4.62334e+16 cm^-2)

layer troposphere
# P 521 mbar
# T 268.187 K
# dP 42 mbar
Pbase 542 mbar (observing level)
Tbase 270 K
Mair 28.964 h2o o3  (28.9473)
lineshape Gross ch4 co co2 n2o o2_uncoupled o3
lineshape VVW_coupled o2_coupled
lineshape VVH_750 h2o_lines
column dry_air hydrostatic (0.998473)  (8.89627e+23 cm^-2)
! Warning: Column included 2168 unresolved lines.
column h2o hydrostatic 0.000508  (4.52622e+20 cm^-2)  (* 3.00500)
! Warning: Column included 45 unresolved lines.
column o3 hydrostatic 4.26e-08  (3.79561e+16 cm^-2)

#
# column densities [cm^-2], including scale factors
#
#                           zenith             line-of-sight     
# mesosphere (5 layers):
#                  dry_air  1.484112e+22       1.713705e+22      
#                      h2o  9.718894e+16       1.122241e+17      
#                            (0.029075 um_pwv)  (0.0335729 um_pwv)
#                       o3  2.677784e+16       3.092039e+16      
#                            (0.996644 DU)      (1.15083 DU)      
#
# stratosphere (12 layers):
#                  dry_air  1.469267e+24       1.696564e+24      
#                      h2o  6.602387e+18       7.623780e+18      
#                            (1.97517 um_pwv)   (2.28073 um_pwv)  
#                       o3  5.984689e+18       6.910524e+18      
#                            (222.744 DU)       (257.203 DU)      
#
# troposphere (10 layers):
#                  dry_air  1.000515e+25       1.155295e+25      
#                      h2o  3.334811e+21       3.850708e+21      
#                            (997.64 um_pwv)    (1151.98 um_pwv)  
#                       o3  6.742543e+17       7.785617e+17      
#                            (25.0951 DU)       (28.9773 DU)      
#
# total (27 layers):
#                  dry_air  1.148926e+25       1.326665e+25      
#                      h2o  3.341510e+21       3.858444e+21      
#                            (999.644 um_pwv)   (1154.29 um_pwv)  
#                       o3  6.685721e+18       7.720006e+18      
#                            (248.836 DU)       (287.331 DU)      
#

! Warning: Encountered in-band lines narrower than the frequency
!          grid spacing.  The output configuration data includes
!          the unresolved line count after each column definition
!          for which this occurred.  Count: 206

