1.000000e+01 3.608866e-03 9.963976e-01 3.336751e+00 3.571340e+00
1.100000e+01 3.738943e-03 9.962680e-01 3.344895e+00 3.602409e+00
1.200000e+01 3.830828e-03 9.961765e-01 3.345343e+00 3.625677e+00
1.300000e+01 3.966354e-03 9.960415e-01 3.355693e+00 3.658783e+00
1.400000e+01 4.121124e-03 9.958874e-01 3.370833e+00 3.696608e+00
1.500000e+01 4.307199e-03 9.957021e-01 3.393440e+00 3.741849e+00
1.600000e+01 4.507229e-03 9.955029e-01 3.420125e+00 3.791112e+00
1.700000e+01 4.744102e-03 9.952671e-01 3.456192e+00 3.849730e+00
1.800000e+01 5.047998e-03 9.949647e-01 3.509002e+00 3.925103e+00
1.900000e+01 5.467348e-03 9.945476e-01 3.591163e+00 4.029912e+00
2.000000e+01 6.147837e-03 9.938710e-01 3.739767e+00 4.201433e+00
2.100000e+01 7.502307e-03 9.925258e-01 4.058584e+00 4.543892e+00
2.200000e+01 9.985462e-03 9.900642e-01 4.647094e+00 5.157009e+00
2.300000e+01 9.454423e-03 9.905901e-01 4.498824e+00 5.030569e+00
2.400000e+01 8.279847e-03 9.917543e-01 4.176962e+00 4.729518e+00
2.500000e+01 7.933420e-03 9.920980e-01 4.062523e+00 4.636584e+00
2.600000e+01 8.036917e-03 9.919953e-01 4.060784e+00 4.656856e+00
2.700000e+01 8.343366e-03 9.916913e-01 4.110309e+00 4.728653e+00
2.800000e+01 8.783296e-03 9.912552e-01 4.192700e+00 4.833501e+00
2.900000e+01 9.442720e-03 9.906017e-01 4.325290e+00 4.988866e+00
3.000000e+01 1.019565e-02 9.898562e-01 4.479871e+00 5.166364e+00
3.100000e+01 1.066360e-02 9.893931e-01 4.576664e+00 5.285696e+00
3.200000e+01 1.147120e-02 9.885943e-01 4.748303e+00 5.480366e+00
3.300000e+01 1.239434e-02 9.876821e-01 4.947204e+00 5.702471e+00
3.400000e+01 1.344396e-02 9.866460e-01 5.175991e+00 5.954647e+00
3.500000e+01 1.464255e-02 9.854641e-01 5.439808e+00 6.242054e+00
3.600000e+01 1.631746e-02 9.838150e-01 5.809828e+00 6.636250e+00
3.700000e+01 1.757993e-02 9.825737e-01 6.094236e+00 6.944298e+00
3.800000e+01 1.947059e-02 9.807177e-01 6.517865e+00 7.392266e+00
3.900000e+01 2.149045e-02 9.787388e-01 6.975913e+00 7.874728e+00
4.000000e+01 2.394609e-02 9.763383e-01 7.532937e+00 8.456501e+00
4.100000e+01 2.684962e-02 9.735076e-01 8.193211e+00 9.141789e+00
4.200000e+01 3.031452e-02 9.701404e-01 8.982264e+00 9.956122e+00
4.300000e+01 3.454159e-02 9.660482e-01 9.943967e+00 1.094339e+01
4.400000e+01 3.960020e-02 9.611736e-01 1.109623e+01 1.212142e+01
4.500000e+01 4.589738e-02 9.551400e-01 1.252665e+01 1.357787e+01
4.600000e+01 5.380015e-02 9.476215e-01 1.431548e+01 1.539293e+01
4.700000e+01 6.402478e-02 9.379818e-01 1.661456e+01 1.771846e+01
4.800000e+01 7.756900e-02 9.253632e-01 1.963271e+01 2.076324e+01
4.900000e+01 9.619961e-02 9.082827e-01 2.373072e+01 2.488802e+01
5.000000e+01 1.235696e-01 8.837602e-01 2.963254e+01 3.081678e+01
5.100000e+01 1.686021e-01 8.448450e-01 3.905470e+01 4.026611e+01
5.200000e+01 2.646299e-01 7.674899e-01 5.783528e+01 5.907430e+01
5.300000e+01 5.157646e-01 5.970439e-01 9.949319e+01 1.007596e+02
5.400000e+01 1.244555e+00 2.880690e-01 1.767147e+02 1.780074e+02
5.500000e+01 3.162424e+00 4.232304e-02 2.443203e+02 2.456378e+02
5.600000e+01 8.267376e+00 2.567581e-04 2.622520e+02 2.635935e+02
5.700000e+01 1.808597e+01 1.397531e-08 2.647889e+02 2.661543e+02
5.800000e+01 1.796638e+01 1.575067e-08 2.657445e+02 2.671339e+02
5.900000e+01 2.335500e+01 7.195361e-11 2.660418e+02 2.674551e+02
6.000000e+01 2.359949e+01 5.634733e-11 2.662559e+02 2.676931e+02
6.100000e+01 2.449802e+01 2.294264e-11 2.662485e+02 2.677096e+02
6.200000e+01 2.081473e+01 9.125959e-10 2.660219e+02 2.675069e+02
6.300000e+01 2.499790e+01 1.391720e-11 2.648824e+02 2.663913e+02
6.400000e+01 6.027155e+00 2.412347e-03 2.599313e+02 2.614641e+02
6.500000e+01 2.270499e+00 1.032607e-01 2.266949e+02 2.282511e+02
6.600000e+01 9.156528e-01 4.002552e-01 1.489153e+02 1.504935e+02
6.700000e+01 4.356492e-01 6.468446e-01 8.734139e+01 8.893945e+01
6.800000e+01 2.601495e-01 7.709364e-01 5.676698e+01 5.838352e+01
6.900000e+01 1.845521e-01 8.314766e-01 4.196252e+01 4.359730e+01
7.000000e+01 1.431827e-01 8.665957e-01 3.342783e+01 3.508076e+01
7.100000e+01 1.162255e-01 8.902745e-01 2.769261e+01 2.936340e+01
7.200000e+01 9.708266e-02 9.074810e-01 2.353142e+01 2.521971e+01
7.300000e+01 8.282927e-02 9.205083e-01 2.038257e+01 2.208801e+01
7.400000e+01 7.189250e-02 9.306309e-01 1.793514e+01 1.965742e+01
7.500000e+01 6.335803e-02 9.386074e-01 1.600315e+01 1.774205e+01
7.600000e+01 5.650866e-02 9.450583e-01 1.443866e+01 1.619397e+01
7.700000e+01 5.079944e-02 9.504693e-01 1.312809e+01 1.489950e+01
7.800000e+01 4.602274e-02 9.550202e-01 1.202679e+01 1.381407e+01
7.900000e+01 4.239960e-02 9.584867e-01 1.118101e+01 1.298458e+01
8.000000e+01 3.884675e-02 9.618981e-01 1.035565e+01 1.217461e+01
8.100000e+01 3.606031e-02 9.645821e-01 9.699579e+00 1.153430e+01
8.200000e+01 3.354693e-02 9.670095e-01 9.105050e+00 1.095519e+01
8.300000e+01 3.142612e-02 9.690626e-01 8.600020e+00 1.046567e+01
8.400000e+01 2.961728e-02 9.708170e-01 8.166937e+00 1.004820e+01
8.500000e+01 2.805996e-02 9.723301e-01 7.791997e+00 9.688969e+00
8.600000e+01 2.671451e-02 9.736392e-01 7.466163e+00 9.378966e+00
8.700000e+01 2.555816e-02 9.747657e-01 7.184229e+00 9.113036e+00
8.800000e+01 2.456577e-02 9.757335e-01 6.940347e+00 8.885357e+00
8.900000e+01 2.368022e-02 9.765980e-01 6.721150e+00 8.682409e+00
9.000000e+01 2.295122e-02 9.773102e-01 6.538253e+00 8.516130e+00
9.100000e+01 2.231809e-02 9.779291e-01 6.377660e+00 8.372326e+00
9.200000e+01 2.178667e-02 9.784489e-01 6.241298e+00 8.253038e+00
9.300000e+01 2.141529e-02 9.788124e-01 6.140819e+00 8.170286e+00
9.400000e+01 2.396283e-02 9.763220e-01 6.655646e+00 8.717607e+00
9.500000e+01 2.088993e-02 9.793268e-01 5.992987e+00 8.058815e+00
9.600000e+01 2.159924e-02 9.786324e-01 6.121932e+00 8.211266e+00
9.700000e+01 2.074019e-02 9.794734e-01 5.933080e+00 8.037262e+00
9.800000e+01 2.074650e-02 9.794672e-01 5.924610e+00 8.048498e+00
9.900000e+01 2.093245e-02 9.792851e-01 5.956150e+00 8.100875e+00
1.000000e+02 2.142213e-02 9.788057e-01 6.054187e+00 8.221669e+00
1.010000e+02 2.206291e-02 9.781787e-01 6.185383e+00 8.376551e+00
1.020000e+02 2.360903e-02 9.766675e-01 6.503381e+00 8.723267e+00
1.030000e+02 2.305816e-02 9.772056e-01 6.401475e+00 8.638644e+00
1.040000e+02 2.494760e-02 9.753610e-01 6.804868e+00 9.072803e+00
1.050000e+02 2.526623e-02 9.750503e-01 6.892905e+00 9.183222e+00
1.060000e+02 2.694320e-02 9.734165e-01 7.269735e+00 9.589487e+00
1.070000e+02 2.916187e-02 9.712592e-01 7.769969e+00 1.012137e+01
1.080000e+02 3.214829e-02 9.683630e-01 8.444104e+00 1.082976e+01
1.090000e+02 3.614617e-02 9.644993e-01 9.346103e+00 1.176855e+01
1.100000e+02 4.179096e-02 9.590702e-01 1.061405e+01 1.307651e+01
1.110000e+02 5.282041e-02 9.485503e-01 1.300604e+01 1.551752e+01
1.120000e+02 6.036190e-02 9.414238e-01 1.478040e+01 1.732926e+01
1.130000e+02 7.778215e-02 9.251659e-01 1.862418e+01 2.122038e+01
1.140000e+02 1.071752e-01 8.983683e-01 2.496768e+01 2.761298e+01
1.150000e+02 1.656503e-01 8.473425e-01 3.701333e+01 3.970899e+01
1.160000e+02 2.818525e-01 7.543850e-01 5.919751e+01 6.193938e+01
1.170000e+02 6.263763e-01 5.345253e-01 1.119660e+02 1.147506e+02
1.180000e+02 2.283496e+00 1.019272e-01 2.200027e+02 2.228222e+02
1.190000e+02 6.514241e+00 1.482180e-03 2.508609e+02 2.537057e+02
1.200000e+02 1.075527e+00 3.411181e-01 1.590837e+02 1.619462e+02
1.210000e+02 3.911699e-01 6.762652e-01 7.779994e+01 8.066865e+01
1.220000e+02 1.998091e-01 8.188871e-01 4.375917e+01 4.662545e+01
1.230000e+02 1.229113e-01 8.843421e-01 2.819643e+01 3.105452e+01
1.240000e+02 9.588536e-02 9.085682e-01 2.218698e+01 2.504478e+01
1.250000e+02 6.434116e-02 9.376850e-01 1.550708e+01 1.834340e+01
1.260000e+02 5.043657e-02 9.508142e-01 1.240687e+01 1.523085e+01
1.270000e+02 4.074833e-02 9.600707e-01 1.023084e+01 1.304185e+01
1.280000e+02 3.504314e-02 9.655638e-01 8.912148e+00 1.171648e+01
1.290000e+02 3.010739e-02 9.703413e-01 7.788345e+00 1.058378e+01
1.300000e+02 2.676961e-02 9.735855e-01 7.016165e+00 9.807126e+00
1.310000e+02 2.472000e-02 9.755830e-01 6.528589e+00 9.321377e+00
1.320000e+02 2.240140e-02 9.778476e-01 5.994315e+00 8.784360e+00
1.330000e+02 2.093909e-02 9.792786e-01 5.648487e+00 8.441563e+00
1.340000e+02 1.974330e-02 9.804503e-01 5.365793e+00 8.163406e+00
1.350000e+02 1.870954e-02 9.814644e-01 5.120238e+00 7.923064e+00
1.360000e+02 1.799822e-02 9.821628e-01 4.947297e+00 7.758515e+00
1.370000e+02 1.836357e-02 9.818040e-01 5.000744e+00 7.833661e+00
1.380000e+02 1.689981e-02 9.832422e-01 4.681599e+00 7.512717e+00
1.390000e+02 1.650483e-02 9.836306e-01 4.583383e+00 7.426063e+00
1.400000e+02 1.634238e-02 9.837904e-01 4.535810e+00 7.393310e+00
1.410000e+02 1.602620e-02 9.841015e-01 4.453747e+00 7.323420e+00
1.420000e+02 2.192194e-02 9.783166e-01 5.648990e+00 8.611653e+00
1.430000e+02 1.599197e-02 9.841352e-01 4.429884e+00 7.333806e+00
1.440000e+02 1.565536e-02 9.844665e-01 4.354031e+00 7.270103e+00
1.450000e+02 2.108805e-02 9.791327e-01 5.472362e+00 8.481251e+00
1.460000e+02 1.514740e-02 9.849667e-01 4.225891e+00 7.167398e+00
1.470000e+02 1.495970e-02 9.851516e-01 4.179727e+00 7.135133e+00
1.480000e+02 1.503791e-02 9.850746e-01 4.190594e+00 7.164622e+00
1.490000e+02 1.571977e-02 9.844031e-01 4.327356e+00 7.330505e+00
1.500000e+02 1.549713e-02 9.846223e-01 4.284380e+00 7.301723e+00
1.510000e+02 1.622264e-02 9.839082e-01 4.430338e+00 7.477448e+00
1.520000e+02 1.535654e-02 9.847608e-01 4.249913e+00 7.299716e+00
1.530000e+02 1.525525e-02 9.848605e-01 4.222208e+00 7.287245e+00
1.540000e+02 2.316536e-02 9.771009e-01 5.885204e+00 9.085015e+00
1.550000e+02 1.537675e-02 9.847409e-01 4.244186e+00 7.346368e+00
1.560000e+02 1.570372e-02 9.844189e-01 4.313220e+00 7.439075e+00
1.570000e+02 1.560759e-02 9.845136e-01 4.295252e+00 7.437134e+00
1.580000e+02 1.577525e-02 9.843485e-01 4.333115e+00 7.495938e+00
1.590000e+02 1.601323e-02 9.841143e-01 4.387167e+00 7.572348e+00
1.600000e+02 1.629464e-02 9.838374e-01 4.451835e+00 7.660277e+00
1.610000e+02 1.659986e-02 9.835372e-01 4.523024e+00 7.755250e+00
1.620000e+02 1.696059e-02 9.831824e-01 4.607433e+00 7.864512e+00
1.630000e+02 1.742822e-02 9.827228e-01 4.716459e+00 8.000347e+00
1.640000e+02 1.813008e-02 9.820333e-01 4.876392e+00 8.191011e+00
1.650000e+02 3.063187e-02 9.698325e-01 7.505565e+00 1.099368e+01
1.660000e+02 2.513562e-02 9.751777e-01 6.342160e+00 9.791214e+00
1.670000e+02 2.018523e-02 9.800171e-01 5.368326e+00 8.773910e+00
1.680000e+02 2.089251e-02 9.793242e-01 5.547561e+00 8.983866e+00
1.690000e+02 2.221339e-02 9.780315e-01 5.865700e+00 9.341460e+00
1.700000e+02 2.314309e-02 9.771227e-01 6.106810e+00 9.616123e+00
1.710000e+02 2.464766e-02 9.756536e-01 6.480917e+00 1.003089e+01
1.720000e+02 2.668206e-02 9.736708e-01 6.983570e+00 1.057956e+01
1.730000e+02 2.947528e-02 9.709549e-01 7.666985e+00 1.131514e+01
1.740000e+02 3.313401e-02 9.674089e-01 8.564843e+00 1.227020e+01
1.750000e+02 3.911319e-02 9.616419e-01 9.987701e+00 1.376256e+01
1.760000e+02 4.716536e-02 9.539296e-01 1.189453e+01 1.574198e+01
1.770000e+02 5.488285e-02 9.465960e-01 1.387252e+01 1.778299e+01
1.780000e+02 7.019018e-02 9.322165e-01 1.755771e+01 2.154754e+01
1.790000e+02 9.643042e-02 9.080731e-01 2.373126e+01 2.780576e+01
1.800000e+02 1.463517e-01 8.638538e-01 3.499874e+01 3.915938e+01
1.810000e+02 2.438535e-01 7.836024e-01 5.551429e+01 5.975240e+01
1.820000e+02 4.633298e-01 6.291851e-01 9.474612e+01 9.904925e+01
1.830000e+02 8.527368e-01 4.262468e-01 1.449756e+02 1.493238e+02
1.840000e+02 6.852926e-01 5.039427e-01 1.260060e+02 1.303715e+02
1.850000e+02 3.580401e-01 6.990450e-01 7.691782e+01 8.127631e+01
1.860000e+02 2.013003e-01 8.176668e-01 4.676281e+01 5.109622e+01
1.870000e+02 1.287670e-01 8.791788e-01 3.105286e+01 3.535049e+01
1.880000e+02 9.119078e-02 9.128435e-01 2.244302e+01 2.670072e+01
1.890000e+02 6.966749e-02 9.327039e-01 1.736086e+01 2.157936e+01
1.900000e+02 5.633239e-02 9.452249e-01 1.415497e+01 1.833795e+01
1.910000e+02 4.763876e-02 9.534782e-01 1.203760e+01 1.619070e+01
1.920000e+02 4.174444e-02 9.591149e-01 1.058716e+01 1.471676e+01
1.930000e+02 3.814775e-02 9.625707e-01 9.669853e+00 1.378639e+01
1.940000e+02 3.505283e-02 9.655544e-01 8.905246e+00 1.300994e+01
1.950000e+02 3.457841e-02 9.660126e-01 8.684459e+00 1.279848e+01
1.960000e+02 3.253508e-02 9.679885e-01 8.180046e+00 1.228908e+01
1.970000e+02 2.890984e-02 9.715041e-01 7.380011e+00 1.146479e+01
1.980000e+02 2.792619e-02 9.724601e-01 7.129731e+00 1.121810e+01
1.990000e+02 2.714436e-02 9.732207e-01 6.925426e+00 1.101937e+01
2.000000e+02 2.695428e-02 9.734057e-01 6.862414e+00 1.097060e+01
