0.000000e+00 2.700000e+00
5.000000e-01 2.705111e+02
1.000000e+00 2.705301e+02
1.500000e+00 2.705492e+02
2.000000e+00 2.705683e+02
2.500000e+00 2.705876e+02
3.000000e+00 2.706070e+02
3.500000e+00 2.706265e+02
4.000000e+00 2.706462e+02
4.500000e+00 2.706660e+02
5.000000e+00 2.706860e+02
5.500000e+00 2.707060e+02
6.000000e+00 2.707262e+02
6.500000e+00 2.707466e+02
7.000000e+00 2.707671e+02
7.500000e+00 2.707878e+02
8.000000e+00 2.708088e+02
8.500000e+00 2.708300e+02
9.000000e+00 2.708514e+02
9.500000e+00 2.708731e+02
1.000000e+01 2.708950e+02
1.050000e+01 2.709172e+02
1.100000e+01 2.709396e+02
1.150000e+01 2.709623e+02
1.200000e+01 2.709855e+02
1.250000e+01 2.710091e+02
1.300000e+01 2.710333e+02
1.350000e+01 2.710582e+02
1.400000e+01 2.710839e+02
1.450000e+01 2.711105e+02
1.500000e+01 2.711383e+02
1.550000e+01 2.711675e+02
1.600000e+01 2.711984e+02
1.650000e+01 2.712316e+02
1.700000e+01 2.712677e+02
1.750000e+01 2.713074e+02
1.800000e+01 2.713521e+02
1.850000e+01 2.714034e+02
1.900000e+01 2.714635e+02
1.950000e+01 2.715354e+02
2.000000e+01 2.716223e+02
2.050000e+01 2.717267e+02
2.100000e+01 2.718471e+02
2.150000e+01 2.719699e+02
2.200000e+01 2.720611e+02
2.250000e+01 2.720783e+02
2.300000e+01 2.720260e+02
2.350000e+01 2.719487e+02
2.400000e+01 2.718779e+02
2.450000e+01 2.718246e+02
2.500000e+01 2.717893e+02
2.550000e+01 2.717690e+02
2.600000e+01 2.717602e+02
2.650000e+01 2.717601e+02
2.700000e+01 2.717663e+02
2.750000e+01 2.717775e+02
2.800000e+01 2.717924e+02
2.850000e+01 2.718103e+02
2.900000e+01 2.718307e+02
2.950000e+01 2.718531e+02
3.000000e+01 2.718773e+02
3.050000e+01 2.719030e+02
3.100000e+01 2.719300e+02
3.150000e+01 2.719584e+02
3.200000e+01 2.719879e+02
3.250000e+01 2.720186e+02
3.300000e+01 2.720504e+02
3.350000e+01 2.720834e+02
3.400000e+01 2.721175e+02
3.450000e+01 2.721528e+02
3.500000e+01 2.721893e+02
3.550000e+01 2.722271e+02
3.600000e+01 2.722662e+02
3.650000e+01 2.723068e+02
3.700000e+01 2.723490e+02
3.750000e+01 2.723927e+02
3.800000e+01 2.724383e+02
3.850000e+01 2.724857e+02
3.900000e+01 2.725352e+02
3.950000e+01 2.725870e+02
4.000000e+01 2.726412e+02
4.050000e+01 2.726982e+02
4.100000e+01 2.727581e+02
4.150000e+01 2.728213e+02
4.200000e+01 2.728880e+02
4.250000e+01 2.729588e+02
4.300000e+01 2.730340e+02
4.350000e+01 2.731142e+02
4.400000e+01 2.732000e+02
4.450000e+01 2.732919e+02
4.500000e+01 2.733910e+02
4.550000e+01 2.734980e+02
4.600000e+01 2.736140e+02
4.650000e+01 2.737405e+02
4.700000e+01 2.738788e+02
4.750000e+01 2.740308e+02
4.800000e+01 2.741988e+02
4.850000e+01 2.743854e+02
4.900000e+01 2.745939e+02
4.950000e+01 2.748284e+02
5.000000e+01 2.750943e+02
5.050000e+01 2.753985e+02
5.100000e+01 2.757518e+02
5.150000e+01 2.761751e+02
5.200000e+01 2.766485e+02
5.250000e+01 2.771954e+02
5.300000e+01 2.777826e+02
5.350000e+01 2.783512e+02
5.400000e+01 2.788337e+02
5.450000e+01 2.792021e+02
5.500000e+01 2.794803e+02
5.550000e+01 2.797046e+02
5.600000e+01 2.798883e+02
5.650000e+01 2.800332e+02
5.700000e+01 2.801472e+02
5.750000e+01 2.802396e+02
5.800000e+01 2.803148e+02
5.850000e+01 2.803673e+02
5.900000e+01 2.804006e+02
5.950000e+01 2.804263e+02
6.000000e+01 2.804467e+02
6.050000e+01 2.804551e+02
6.100000e+01 2.804400e+02
6.150000e+01 2.804151e+02
6.200000e+01 2.803827e+02
6.250000e+01 2.803234e+02
6.300000e+01 2.802143e+02
6.350000e+01 2.800578e+02
6.400000e+01 2.798678e+02
6.450000e+01 2.796479e+02
6.500000e+01 2.793892e+02
6.550000e+01 2.790649e+02
6.600000e+01 2.786477e+02
6.650000e+01 2.781506e+02
6.700000e+01 2.776253e+02
6.750000e+01 2.771263e+02
6.800000e+01 2.766838e+02
6.850000e+01 2.763051e+02
6.900000e+01 2.759850e+02
6.950000e+01 2.757142e+02
7.000000e+01 2.754834e+02
7.050000e+01 2.752859e+02
7.100000e+01 2.751159e+02
7.150000e+01 2.749686e+02
7.200000e+01 2.748408e+02
7.250000e+01 2.747294e+02
7.300000e+01 2.746322e+02
7.350000e+01 2.745472e+02
7.400000e+01 2.744730e+02
7.450000e+01 2.744081e+02
7.500000e+01 2.743514e+02
7.550000e+01 2.743021e+02
7.600000e+01 2.742586e+02
7.650000e+01 2.742212e+02
7.700000e+01 2.741889e+02
7.750000e+01 2.741615e+02
7.800000e+01 2.741384e+02
7.850000e+01 2.741193e+02
7.900000e+01 2.741040e+02
7.950000e+01 2.740919e+02
8.000000e+01 2.740822e+02
8.050000e+01 2.740736e+02
8.100000e+01 2.740649e+02
8.150000e+01 2.740565e+02
8.200000e+01 2.740494e+02
8.250000e+01 2.740441e+02
8.300000e+01 2.740408e+02
8.350000e+01 2.740394e+02
8.400000e+01 2.740397e+02
8.450000e+01 2.740415e+02
8.500000e+01 2.740447e+02
8.550000e+01 2.740492e+02
8.600000e+01 2.740548e+02
8.650000e+01 2.740615e+02
8.700000e+01 2.740692e+02
8.750000e+01 2.740776e+02
8.800000e+01 2.740865e+02
8.850000e+01 2.740955e+02
8.900000e+01 2.741049e+02
8.950000e+01 2.741149e+02
9.000000e+01 2.741256e+02
9.050000e+01 2.741369e+02
9.100000e+01 2.741488e+02
9.150000e+01 2.741613e+02
9.200000e+01 2.741742e+02
9.250000e+01 2.741876e+02
9.300000e+01 2.742015e+02
9.350000e+01 2.742157e+02
9.400000e+01 2.742304e+02
9.450000e+01 2.742454e+02
9.500000e+01 2.742609e+02
9.550000e+01 2.742766e+02
9.600000e+01 2.742927e+02
9.650000e+01 2.743090e+02
9.700000e+01 2.743255e+02
9.750000e+01 2.743422e+02
9.800000e+01 2.743593e+02
9.850000e+01 2.743768e+02
9.900000e+01 2.743946e+02
9.950000e+01 2.744129e+02
1.000000e+02 2.744316e+02
1.005000e+02 2.744525e+02
1.010000e+02 2.744695e+02
1.015000e+02 2.744885e+02
1.020000e+02 2.745082e+02
1.025000e+02 2.745283e+02
1.030000e+02 2.745490e+02
1.035000e+02 2.745701e+02
1.040000e+02 2.745917e+02
1.045000e+02 2.746140e+02
1.050000e+02 2.746368e+02
1.055000e+02 2.746604e+02
1.060000e+02 2.746848e+02
1.065000e+02 2.747101e+02
1.070000e+02 2.747364e+02
1.075000e+02 2.747640e+02
1.080000e+02 2.747929e+02
1.085000e+02 2.748236e+02
1.090000e+02 2.748561e+02
1.095000e+02 2.748911e+02
1.100000e+02 2.749288e+02
1.105000e+02 2.749701e+02
1.110000e+02 2.750157e+02
1.115000e+02 2.750668e+02
1.120000e+02 2.751247e+02
1.125000e+02 2.751915e+02
1.130000e+02 2.752698e+02
1.135000e+02 2.753636e+02
1.140000e+02 2.754783e+02
1.145000e+02 2.756216e+02
1.150000e+02 2.758050e+02
1.155000e+02 2.760449e+02
1.160000e+02 2.763647e+02
1.165000e+02 2.767941e+02
1.170000e+02 2.773573e+02
1.175000e+02 2.780289e+02
1.180000e+02 2.786434e+02
1.185000e+02 2.789411e+02
1.190000e+02 2.789446e+02
1.195000e+02 2.786576e+02
1.200000e+02 2.780658e+02
1.205000e+02 2.774288e+02
1.210000e+02 2.769058e+02
1.215000e+02 2.765178e+02
1.220000e+02 2.762389e+02
1.225000e+02 2.760396e+02
1.230000e+02 2.758967e+02
1.235000e+02 2.757936e+02
1.240000e+02 2.757190e+02
1.245000e+02 2.756651e+02
1.250000e+02 2.756267e+02
1.255000e+02 2.756006e+02
1.260000e+02 2.755809e+02
1.265000e+02 2.755682e+02
1.270000e+02 2.755611e+02
1.275000e+02 2.755583e+02
1.280000e+02 2.755589e+02
1.285000e+02 2.755623e+02
1.290000e+02 2.755680e+02
1.295000e+02 2.755756e+02
1.300000e+02 2.755847e+02
1.305000e+02 2.755952e+02
1.310000e+02 2.756068e+02
1.315000e+02 2.756193e+02
1.320000e+02 2.756328e+02
1.325000e+02 2.756470e+02
1.330000e+02 2.756618e+02
1.335000e+02 2.756773e+02
1.340000e+02 2.756934e+02
1.345000e+02 2.757099e+02
1.350000e+02 2.757269e+02
1.355000e+02 2.757444e+02
1.360000e+02 2.757624e+02
1.365000e+02 2.757809e+02
1.370000e+02 2.758000e+02
1.375000e+02 2.758196e+02
1.380000e+02 2.758394e+02
1.385000e+02 2.758588e+02
1.390000e+02 2.758773e+02
1.395000e+02 2.758954e+02
1.400000e+02 2.759136e+02
1.405000e+02 2.759325e+02
1.410000e+02 2.759521e+02
1.415000e+02 2.759726e+02
1.420000e+02 2.759940e+02
1.425000e+02 2.760161e+02
1.430000e+02 2.760386e+02
1.435000e+02 2.760604e+02
1.440000e+02 2.760803e+02
1.445000e+02 2.760984e+02
1.450000e+02 2.761160e+02
1.455000e+02 2.761340e+02
1.460000e+02 2.761527e+02
1.465000e+02 2.761721e+02
1.470000e+02 2.761922e+02
1.475000e+02 2.762129e+02
1.480000e+02 2.762341e+02
1.485000e+02 2.762558e+02
1.490000e+02 2.762780e+02
1.495000e+02 2.763007e+02
1.500000e+02 2.763241e+02
1.505000e+02 2.763486e+02
1.510000e+02 2.763722e+02
1.515000e+02 2.763947e+02
1.520000e+02 2.764176e+02
1.525000e+02 2.764406e+02
1.530000e+02 2.764640e+02
1.535000e+02 2.764879e+02
1.540000e+02 2.765124e+02
1.545000e+02 2.765375e+02
1.550000e+02 2.765630e+02
1.555000e+02 2.765892e+02
1.560000e+02 2.766158e+02
1.565000e+02 2.766430e+02
1.570000e+02 2.766708e+02
1.575000e+02 2.766991e+02
1.580000e+02 2.767282e+02
1.585000e+02 2.767579e+02
1.590000e+02 2.767883e+02
1.595000e+02 2.768195e+02
1.600000e+02 2.768516e+02
1.605000e+02 2.768845e+02
1.610000e+02 2.769183e+02
1.615000e+02 2.769531e+02
1.620000e+02 2.769890e+02
1.625000e+02 2.770261e+02
1.630000e+02 2.770645e+02
1.635000e+02 2.771044e+02
1.640000e+02 2.771457e+02
1.645000e+02 2.771887e+02
1.650000e+02 2.772335e+02
1.655000e+02 2.772802e+02
1.660000e+02 2.773290e+02
1.665000e+02 2.773801e+02
1.670000e+02 2.774337e+02
1.675000e+02 2.774900e+02
1.680000e+02 2.775493e+02
1.685000e+02 2.776119e+02
1.690000e+02 2.776779e+02
1.695000e+02 2.777477e+02
1.700000e+02 2.778217e+02
1.705000e+02 2.779002e+02
1.710000e+02 2.779837e+02
1.715000e+02 2.780725e+02
1.720000e+02 2.781670e+02
1.725000e+02 2.782677e+02
1.730000e+02 2.783750e+02
1.735000e+02 2.784891e+02
1.740000e+02 2.786104e+02
1.745000e+02 2.787390e+02
1.750000e+02 2.788749e+02
1.755000e+02 2.790177e+02
1.760000e+02 2.791666e+02
1.765000e+02 2.793200e+02
1.770000e+02 2.794772e+02
1.775000e+02 2.796359e+02
1.780000e+02 2.797937e+02
1.785000e+02 2.799483e+02
1.790000e+02 2.800976e+02
1.795000e+02 2.802407e+02
1.800000e+02 2.803773e+02
1.805000e+02 2.805076e+02
1.810000e+02 2.806300e+02
1.815000e+02 2.807408e+02
1.820000e+02 2.808335e+02
1.825000e+02 2.809008e+02
1.830000e+02 2.809361e+02
1.835000e+02 2.809359e+02
1.840000e+02 2.809001e+02
1.845000e+02 2.808329e+02
1.850000e+02 2.807409e+02
1.855000e+02 2.806316e+02
1.860000e+02 2.805116e+02
1.865000e+02 2.803852e+02
1.870000e+02 2.802541e+02
1.875000e+02 2.801189e+02
1.880000e+02 2.799800e+02
1.885000e+02 2.798390e+02
1.890000e+02 2.796978e+02
1.895000e+02 2.795588e+02
1.900000e+02 2.794241e+02
1.905000e+02 2.792954e+02
1.910000e+02 2.791741e+02
1.915000e+02 2.790609e+02
1.920000e+02 2.789564e+02
1.925000e+02 2.788604e+02
1.930000e+02 2.787728e+02
1.935000e+02 2.786931e+02
1.940000e+02 2.786203e+02
1.945000e+02 2.785536e+02
1.950000e+02 2.784928e+02
1.955000e+02 2.784377e+02
1.960000e+02 2.783882e+02
1.965000e+02 2.783440e+02
1.970000e+02 2.783046e+02
1.975000e+02 2.782698e+02
1.980000e+02 2.782391e+02
1.985000e+02 2.782123e+02
1.990000e+02 2.781892e+02
1.995000e+02 2.781698e+02
2.000000e+02 2.781539e+02
