1.000000e+01 1.100022e+01
1.050000e+01 1.111664e+01
1.100000e+01 1.124316e+01
1.150000e+01 1.137021e+01
1.200000e+01 1.151421e+01
1.250000e+01 1.167400e+01
1.300000e+01 1.185259e+01
1.350000e+01 1.205387e+01
1.400000e+01 1.228244e+01
1.450000e+01 1.254498e+01
1.500000e+01 1.285071e+01
1.550000e+01 1.320494e+01
1.600000e+01 1.363006e+01
1.650000e+01 1.414027e+01
1.700000e+01 1.476657e+01
1.750000e+01 1.554838e+01
1.800000e+01 1.654163e+01
1.850000e+01 1.782660e+01
1.900000e+01 1.951731e+01
1.950000e+01 2.177071e+01
2.000000e+01 2.478630e+01
2.050000e+01 2.876666e+01
2.100000e+01 3.376791e+01
2.150000e+01 3.931839e+01
2.200000e+01 4.385270e+01
2.250000e+01 4.506700e+01
2.300000e+01 4.273750e+01
2.350000e+01 3.882897e+01
2.400000e+01 3.488706e+01
2.450000e+01 3.152632e+01
2.500000e+01 2.887853e+01
2.550000e+01 2.686301e+01
2.600000e+01 2.533140e+01
2.650000e+01 2.419239e+01
2.700000e+01 2.334731e+01
2.750000e+01 2.272646e+01
2.800000e+01 2.227847e+01
2.850000e+01 2.197003e+01
2.900000e+01 2.179668e+01
2.950000e+01 2.167011e+01
3.000000e+01 2.168634e+01
3.050000e+01 2.170004e+01
3.100000e+01 2.176323e+01
3.150000e+01 2.190080e+01
3.200000e+01 2.208408e+01
3.250000e+01 2.230794e+01
3.300000e+01 2.257001e+01
3.350000e+01 2.286825e+01
3.400000e+01 2.320138e+01
3.450000e+01 2.356914e+01
3.500000e+01 2.397194e+01
3.550000e+01 2.440992e+01
3.600000e+01 2.493769e+01
3.650000e+01 2.539212e+01
3.700000e+01 2.593896e+01
3.750000e+01 2.653354e+01
3.800000e+01 2.717695e+01
3.850000e+01 2.783523e+01
3.900000e+01 2.856032e+01
3.950000e+01 2.934369e+01
4.000000e+01 3.017686e+01
4.050000e+01 3.107867e+01
4.100000e+01 3.205097e+01
4.150000e+01 3.310098e+01
4.200000e+01 3.423783e+01
4.250000e+01 3.547359e+01
4.300000e+01 3.682093e+01
4.350000e+01 3.828953e+01
4.400000e+01 3.987213e+01
4.450000e+01 4.161691e+01
4.500000e+01 4.354957e+01
4.550000e+01 4.567520e+01
4.600000e+01 4.804339e+01
4.650000e+01 5.068765e+01
4.700000e+01 5.365636e+01
4.750000e+01 5.700958e+01
4.800000e+01 6.082370e+01
4.850000e+01 6.519675e+01
4.900000e+01 7.025621e+01
4.950000e+01 7.617447e+01
5.000000e+01 8.322234e+01
5.050000e+01 9.174340e+01
5.100000e+01 1.026102e+02
5.150000e+01 1.176178e+02
5.200000e+01 1.359769e+02
5.250000e+01 1.608692e+02
5.300000e+01 1.917168e+02
5.350000e+01 2.245423e+02
5.400000e+01 2.518424e+02
5.450000e+01 2.679966e+02
5.500000e+01 2.746760e+02
5.550000e+01 2.771773e+02
5.600000e+01 2.783746e+02
5.650000e+01 2.790641e+02
5.700000e+01 2.794895e+02
5.750000e+01 2.797618e+02
5.800000e+01 2.799404e+02
5.850000e+01 2.800471e+02
5.900000e+01 2.801023e+02
5.950000e+01 2.801544e+02
6.000000e+01 2.802229e+02
6.050000e+01 2.802723e+02
6.100000e+01 2.802772e+02
6.150000e+01 2.802412e+02
6.200000e+01 2.801521e+02
6.250000e+01 2.799666e+02
6.300000e+01 2.796129e+02
6.350000e+01 2.790169e+02
6.400000e+01 2.780511e+02
6.450000e+01 2.762842e+02
6.500000e+01 2.718701e+02
6.550000e+01 2.603824e+02
6.600000e+01 2.389553e+02
6.650000e+01 2.109890e+02
6.700000e+01 1.828873e+02
6.750000e+01 1.589394e+02
6.800000e+01 1.400079e+02
6.850000e+01 1.255535e+02
6.900000e+01 1.143606e+02
6.950000e+01 1.055276e+02
7.000000e+01 9.831953e+01
7.050000e+01 9.233133e+01
7.100000e+01 8.726970e+01
7.150000e+01 8.294564e+01
7.200000e+01 7.921197e+01
7.250000e+01 7.598005e+01
7.300000e+01 7.315596e+01
7.350000e+01 7.068869e+01
7.400000e+01 6.852615e+01
7.450000e+01 6.662390e+01
7.500000e+01 6.495704e+01
7.550000e+01 6.349491e+01
7.600000e+01 6.221206e+01
7.650000e+01 6.155364e+01
7.700000e+01 6.007260e+01
7.750000e+01 5.926257e+01
7.800000e+01 5.845626e+01
7.850000e+01 5.783749e+01
7.900000e+01 5.740714e+01
7.950000e+01 5.695967e+01
8.000000e+01 5.664042e+01
8.050000e+01 5.631220e+01
8.100000e+01 5.589914e+01
8.150000e+01 5.542791e+01
8.200000e+01 5.497130e+01
8.250000e+01 5.457235e+01
8.300000e+01 5.424304e+01
8.350000e+01 5.398099e+01
8.400000e+01 5.377925e+01
8.450000e+01 5.363054e+01
8.500000e+01 5.352978e+01
8.550000e+01 5.347218e+01
8.600000e+01 5.345510e+01
8.650000e+01 5.347727e+01
8.700000e+01 5.353450e+01
8.750000e+01 5.361735e+01
8.800000e+01 5.370485e+01
8.850000e+01 5.378055e+01
8.900000e+01 5.385746e+01
8.950000e+01 5.395511e+01
9.000000e+01 5.408422e+01
9.050000e+01 5.422703e+01
9.100000e+01 5.440018e+01
9.150000e+01 5.458779e+01
9.200000e+01 5.479880e+01
9.250000e+01 5.502958e+01
9.300000e+01 5.528462e+01
9.350000e+01 5.559692e+01
9.400000e+01 5.628999e+01
9.450000e+01 5.614127e+01
9.500000e+01 5.642682e+01
9.550000e+01 5.677395e+01
9.600000e+01 5.725896e+01
9.650000e+01 5.754274e+01
9.700000e+01 5.777629e+01
9.750000e+01 5.811728e+01
9.800000e+01 5.849123e+01
9.850000e+01 5.887697e+01
9.900000e+01 5.929516e+01
9.950000e+01 5.973229e+01
1.000000e+02 6.019484e+01
1.005000e+02 6.073501e+01
1.010000e+02 6.119719e+01
1.015000e+02 6.193085e+01
1.020000e+02 6.242729e+01
1.025000e+02 6.272022e+01
1.030000e+02 6.325502e+01
1.035000e+02 6.388710e+01
1.040000e+02 6.462843e+01
1.045000e+02 6.512157e+01
1.050000e+02 6.580180e+01
1.055000e+02 6.653798e+01
1.060000e+02 6.732619e+01
1.065000e+02 6.817205e+01
1.070000e+02 6.908212e+01
1.075000e+02 7.006833e+01
1.080000e+02 7.114770e+01
1.085000e+02 7.232205e+01
1.090000e+02 7.363945e+01
1.095000e+02 7.544308e+01
1.100000e+02 7.675184e+01
1.105000e+02 7.875447e+01
1.110000e+02 8.121772e+01
1.115000e+02 8.305290e+01
1.120000e+02 8.580560e+01
1.125000e+02 8.913656e+01
1.130000e+02 9.317149e+01
1.135000e+02 9.811053e+01
1.140000e+02 1.042844e+02
1.145000e+02 1.120992e+02
1.150000e+02 1.225459e+02
1.155000e+02 1.353878e+02
1.160000e+02 1.528473e+02
1.165000e+02 1.757986e+02
1.170000e+02 2.046297e+02
1.175000e+02 2.362772e+02
1.180000e+02 2.609307e+02
1.185000e+02 2.696583e+02
1.190000e+02 2.696433e+02
1.195000e+02 2.607593e+02
1.200000e+02 2.358410e+02
1.205000e+02 2.043378e+02
1.210000e+02 1.761314e+02
1.215000e+02 1.540575e+02
1.220000e+02 1.375779e+02
1.225000e+02 1.254236e+02
1.230000e+02 1.164649e+02
1.235000e+02 1.098878e+02
1.240000e+02 1.061331e+02
1.245000e+02 1.010627e+02
1.250000e+02 9.808399e+01
1.255000e+02 9.658666e+01
1.260000e+02 9.389315e+01
1.265000e+02 9.242373e+01
1.270000e+02 9.132313e+01
1.275000e+02 9.052033e+01
1.280000e+02 9.000347e+01
1.285000e+02 8.957290e+01
1.290000e+02 8.918259e+01
1.295000e+02 8.899417e+01
1.300000e+02 8.890910e+01
1.305000e+02 8.891449e+01
1.310000e+02 8.905691e+01
1.315000e+02 8.912648e+01
1.320000e+02 8.931944e+01
1.325000e+02 8.957948e+01
1.330000e+02 8.984741e+01
1.335000e+02 9.015594e+01
1.340000e+02 9.052969e+01
1.345000e+02 9.093252e+01
1.350000e+02 9.133455e+01
1.355000e+02 9.179448e+01
1.360000e+02 9.229941e+01
1.365000e+02 9.287962e+01
1.370000e+02 9.357473e+01
1.375000e+02 9.402833e+01
1.380000e+02 9.464356e+01
1.385000e+02 9.524173e+01
1.390000e+02 9.577879e+01
1.395000e+02 9.627561e+01
1.400000e+02 9.683346e+01
1.405000e+02 9.737161e+01
1.410000e+02 9.802170e+01
1.415000e+02 9.880324e+01
1.420000e+02 1.004365e+02
1.425000e+02 1.006836e+02
1.430000e+02 1.011549e+02
1.435000e+02 1.018905e+02
1.440000e+02 1.025417e+02
1.445000e+02 1.031240e+02
1.450000e+02 1.042801e+02
1.455000e+02 1.040338e+02
1.460000e+02 1.045402e+02
1.465000e+02 1.051316e+02
1.470000e+02 1.057872e+02
1.475000e+02 1.064932e+02
1.480000e+02 1.072517e+02
1.485000e+02 1.081375e+02
1.490000e+02 1.089459e+02
1.495000e+02 1.097015e+02
1.500000e+02 1.105929e+02
1.505000e+02 1.115531e+02
1.510000e+02 1.124804e+02
1.515000e+02 1.133557e+02
1.520000e+02 1.142520e+02
1.525000e+02 1.151371e+02
1.530000e+02 1.160697e+02
1.535000e+02 1.170876e+02
1.540000e+02 1.189443e+02
1.545000e+02 1.191190e+02
1.550000e+02 1.201437e+02
1.555000e+02 1.212512e+02
1.560000e+02 1.224441e+02
1.565000e+02 1.236239e+02
1.570000e+02 1.248401e+02
1.575000e+02 1.261207e+02
1.580000e+02 1.274505e+02
1.585000e+02 1.288454e+02
1.590000e+02 1.302673e+02
1.595000e+02 1.317621e+02
1.600000e+02 1.333095e+02
1.605000e+02 1.349191e+02
1.610000e+02 1.365942e+02
1.615000e+02 1.383389e+02
1.620000e+02 1.401648e+02
1.625000e+02 1.420768e+02
1.630000e+02 1.440828e+02
1.635000e+02 1.461909e+02
1.640000e+02 1.484183e+02
1.645000e+02 1.508234e+02
1.650000e+02 1.542020e+02
1.655000e+02 1.562474e+02
1.660000e+02 1.590906e+02
1.665000e+02 1.613473e+02
1.670000e+02 1.642661e+02
1.675000e+02 1.675647e+02
1.680000e+02 1.707633e+02
1.685000e+02 1.742980e+02
1.690000e+02 1.780970e+02
1.695000e+02 1.820398e+02
1.700000e+02 1.862637e+02
1.705000e+02 1.907201e+02
1.710000e+02 1.954463e+02
1.715000e+02 2.004498e+02
1.720000e+02 2.056871e+02
1.725000e+02 2.112056e+02
1.730000e+02 2.169799e+02
1.735000e+02 2.231319e+02
1.740000e+02 2.291563e+02
1.745000e+02 2.354675e+02
1.750000e+02 2.418501e+02
1.755000e+02 2.482366e+02
1.760000e+02 2.542120e+02
1.765000e+02 2.599133e+02
1.770000e+02 2.650935e+02
1.775000e+02 2.695710e+02
1.780000e+02 2.732070e+02
1.785000e+02 2.759395e+02
1.790000e+02 2.778120e+02
1.795000e+02 2.789804e+02
1.800000e+02 2.796668e+02
1.805000e+02 2.800830e+02
1.810000e+02 2.803682e+02
1.815000e+02 2.805819e+02
1.820000e+02 2.807406e+02
1.825000e+02 2.808473e+02
1.830000e+02 2.809022e+02
1.835000e+02 2.809058e+02
1.840000e+02 2.808590e+02
1.845000e+02 2.807631e+02
1.850000e+02 2.806196e+02
1.855000e+02 2.804287e+02
1.860000e+02 2.801829e+02
1.865000e+02 2.798499e+02
1.870000e+02 2.793488e+02
1.875000e+02 2.785483e+02
1.880000e+02 2.773003e+02
1.885000e+02 2.754895e+02
1.890000e+02 2.730675e+02
1.895000e+02 2.700562e+02
1.900000e+02 2.665347e+02
1.905000e+02 2.626161e+02
1.910000e+02 2.584159e+02
1.915000e+02 2.540589e+02
1.920000e+02 2.496493e+02
1.925000e+02 2.452755e+02
1.930000e+02 2.410175e+02
1.935000e+02 2.369333e+02
1.940000e+02 2.328797e+02
1.945000e+02 2.290361e+02
1.950000e+02 2.254555e+02
1.955000e+02 2.231066e+02
1.960000e+02 2.186767e+02
1.965000e+02 2.154926e+02
1.970000e+02 2.126189e+02
1.975000e+02 2.099862e+02
1.980000e+02 2.075737e+02
1.985000e+02 2.053547e+02
1.990000e+02 2.033725e+02
1.995000e+02 2.016493e+02
2.000000e+02 1.999996e+02
