1.000000e+01 1.090257e+01
1.050000e+01 1.100750e+01
1.100000e+01 1.111827e+01
1.150000e+01 1.123755e+01
1.200000e+01 1.136811e+01
1.250000e+01 1.151226e+01
1.300000e+01 1.167299e+01
1.350000e+01 1.185372e+01
1.400000e+01 1.205847e+01
1.450000e+01 1.229276e+01
1.500000e+01 1.256387e+01
1.550000e+01 1.288135e+01
1.600000e+01 1.325801e+01
1.650000e+01 1.371142e+01
1.700000e+01 1.426602e+01
1.750000e+01 1.495625e+01
1.800000e+01 1.583102e+01
1.850000e+01 1.696007e+01
1.900000e+01 1.844204e+01
1.950000e+01 2.041221e+01
2.000000e+01 2.304133e+01
2.050000e+01 2.650051e+01
2.100000e+01 3.083039e+01
2.150000e+01 3.561726e+01
2.200000e+01 3.952833e+01
2.250000e+01 4.060597e+01
2.300000e+01 3.865229e+01
2.350000e+01 3.532424e+01
2.400000e+01 3.193927e+01
2.450000e+01 2.905126e+01
2.500000e+01 2.676723e+01
2.550000e+01 2.502008e+01
2.600000e+01 2.370713e+01
2.650000e+01 2.273033e+01
2.700000e+01 2.200928e+01
2.750000e+01 2.148354e+01
2.800000e+01 2.111077e+01
2.850000e+01 2.086021e+01
2.900000e+01 2.070860e+01
2.950000e+01 2.063827e+01
3.000000e+01 2.063589e+01
3.050000e+01 2.069139e+01
3.100000e+01 2.079721e+01
3.150000e+01 2.094766e+01
3.200000e+01 2.113849e+01
3.250000e+01 2.136663e+01
3.300000e+01 2.162995e+01
3.350000e+01 2.192702e+01
3.400000e+01 2.225703e+01
3.450000e+01 2.261967e+01
3.500000e+01 2.301511e+01
3.550000e+01 2.344394e+01
3.600000e+01 2.390715e+01
3.650000e+01 2.440613e+01
3.700000e+01 2.494264e+01
3.750000e+01 2.551884e+01
3.800000e+01 2.613732e+01
3.850000e+01 2.680114e+01
3.900000e+01 2.751390e+01
3.950000e+01 2.827976e+01
4.000000e+01 2.910352e+01
4.050000e+01 2.999073e+01
4.100000e+01 3.094776e+01
4.150000e+01 3.198200e+01
4.200000e+01 3.310200e+01
4.250000e+01 3.431769e+01
4.300000e+01 3.564063e+01
4.350000e+01 3.708436e+01
4.400000e+01 3.866477e+01
4.450000e+01 4.040068e+01
4.500000e+01 4.231445e+01
4.550000e+01 4.443285e+01
4.600000e+01 4.678817e+01
4.650000e+01 4.941980e+01
4.700000e+01 5.237629e+01
4.750000e+01 5.571816e+01
4.800000e+01 5.952182e+01
4.850000e+01 6.388553e+01
4.900000e+01 6.893781e+01
4.950000e+01 7.485231e+01
5.000000e+01 8.188164e+01
5.050000e+01 9.044943e+01
5.100000e+01 1.013492e+02
5.150000e+01 1.164386e+02
5.200000e+01 1.348382e+02
5.250000e+01 1.599292e+02
5.300000e+01 1.909772e+02
5.350000e+01 2.240366e+02
5.400000e+01 2.515649e+02
5.450000e+01 2.678686e+02
5.500000e+01 2.746148e+02
5.550000e+01 2.771410e+02
5.600000e+01 2.783492e+02
5.650000e+01 2.790446e+02
5.700000e+01 2.794735e+02
5.750000e+01 2.797481e+02
5.800000e+01 2.799281e+02
5.850000e+01 2.800356e+02
5.900000e+01 2.800912e+02
5.950000e+01 2.801437e+02
6.000000e+01 2.802126e+02
6.050000e+01 2.802625e+02
6.100000e+01 2.802673e+02
6.150000e+01 2.802310e+02
6.200000e+01 2.801412e+02
6.250000e+01 2.799542e+02
6.300000e+01 2.795973e+02
6.350000e+01 2.789958e+02
6.400000e+01 2.780202e+02
6.450000e+01 2.762328e+02
6.500000e+01 2.717606e+02
6.550000e+01 2.601216e+02
6.600000e+01 2.384233e+02
6.650000e+01 2.101308e+02
6.700000e+01 1.816908e+02
6.750000e+01 1.574156e+02
6.800000e+01 1.383364e+02
6.850000e+01 1.237152e+02
6.900000e+01 1.124053e+02
6.950000e+01 1.034655e+02
7.000000e+01 9.616322e+01
7.050000e+01 9.008948e+01
7.100000e+01 8.494937e+01
7.150000e+01 8.054828e+01
7.200000e+01 7.674843e+01
7.250000e+01 7.344649e+01
7.300000e+01 7.056260e+01
7.350000e+01 6.803373e+01
7.400000e+01 6.580977e+01
7.450000e+01 6.385063e+01
7.500000e+01 6.212639e+01
7.550000e+01 6.060689e+01
7.600000e+01 5.922728e+01
7.650000e+01 5.802246e+01
7.700000e+01 5.696678e+01
7.750000e+01 5.604741e+01
7.800000e+01 5.525568e+01
7.850000e+01 5.458532e+01
7.900000e+01 5.402943e+01
7.950000e+01 5.357343e+01
8.000000e+01 5.318212e+01
8.050000e+01 5.279255e+01
8.100000e+01 5.233676e+01
8.150000e+01 5.184311e+01
8.200000e+01 5.136782e+01
8.250000e+01 5.094647e+01
8.300000e+01 5.058984e+01
8.350000e+01 5.029615e+01
8.400000e+01 5.005939e+01
8.450000e+01 4.987325e+01
8.500000e+01 4.973252e+01
8.550000e+01 4.963333e+01
8.600000e+01 4.957306e+01
8.650000e+01 4.954974e+01
8.700000e+01 4.956020e+01
8.750000e+01 4.959560e+01
8.800000e+01 4.963774e+01
8.850000e+01 4.967198e+01
8.900000e+01 4.971148e+01
8.950000e+01 4.977011e+01
9.000000e+01 4.985268e+01
9.050000e+01 4.995875e+01
9.100000e+01 5.008638e+01
9.150000e+01 5.023366e+01
9.200000e+01 5.039911e+01
9.250000e+01 5.058161e+01
9.300000e+01 5.078043e+01
9.350000e+01 5.099515e+01
9.400000e+01 5.122559e+01
9.450000e+01 5.147184e+01
9.500000e+01 5.173385e+01
9.550000e+01 5.201061e+01
9.600000e+01 5.229990e+01
9.650000e+01 5.259758e+01
9.700000e+01 5.290337e+01
9.750000e+01 5.322111e+01
9.800000e+01 5.355500e+01
9.850000e+01 5.390699e+01
9.900000e+01 5.427863e+01
9.950000e+01 5.467248e+01
1.000000e+02 5.509539e+01
1.005000e+02 5.564722e+01
1.010000e+02 5.595005e+01
1.015000e+02 5.638420e+01
1.020000e+02 5.685163e+01
1.025000e+02 5.734776e+01
1.030000e+02 5.787240e+01
1.035000e+02 5.842693e+01
1.040000e+02 5.901366e+01
1.045000e+02 5.963576e+01
1.050000e+02 6.029714e+01
1.055000e+02 6.100258e+01
1.060000e+02 6.175787e+01
1.065000e+02 6.256998e+01
1.070000e+02 6.344740e+01
1.075000e+02 6.440047e+01
1.080000e+02 6.544188e+01
1.085000e+02 6.658733e+01
1.090000e+02 6.785596e+01
1.095000e+02 6.927184e+01
1.100000e+02 7.086647e+01
1.105000e+02 7.267937e+01
1.110000e+02 7.476182e+01
1.115000e+02 7.718105e+01
1.120000e+02 8.002623e+01
1.125000e+02 8.341743e+01
1.130000e+02 8.751852e+01
1.135000e+02 9.255639e+01
1.140000e+02 9.884923e+01
1.145000e+02 1.068477e+02
1.150000e+02 1.171920e+02
1.155000e+02 1.307683e+02
1.160000e+02 1.487490e+02
1.165000e+02 1.724071e+02
1.170000e+02 2.021611e+02
1.175000e+02 2.348618e+02
1.180000e+02 2.603585e+02
1.185000e+02 2.693801e+02
1.190000e+02 2.693617e+02
1.195000e+02 2.601609e+02
1.200000e+02 2.343209e+02
1.205000e+02 2.016421e+02
1.210000e+02 1.723797e+02
1.215000e+02 1.494785e+02
1.220000e+02 1.323728e+02
1.225000e+02 1.197344e+02
1.230000e+02 1.103627e+02
1.235000e+02 1.033497e+02
1.240000e+02 9.804807e+01
1.245000e+02 9.400426e+01
1.250000e+02 9.090466e+01
1.255000e+02 8.856909e+01
1.260000e+02 8.661072e+01
1.265000e+02 8.508448e+01
1.270000e+02 8.391065e+01
1.275000e+02 8.300690e+01
1.280000e+02 8.231785e+01
1.285000e+02 8.180299e+01
1.290000e+02 8.143147e+01
1.295000e+02 8.117919e+01
1.300000e+02 8.102696e+01
1.305000e+02 8.095968e+01
1.310000e+02 8.096522e+01
1.315000e+02 8.103383e+01
1.320000e+02 8.115769e+01
1.325000e+02 8.133057e+01
1.330000e+02 8.154755e+01
1.335000e+02 8.180489e+01
1.340000e+02 8.209939e+01
1.345000e+02 8.242803e+01
1.350000e+02 8.278772e+01
1.355000e+02 8.317852e+01
1.360000e+02 8.360406e+01
1.365000e+02 8.406786e+01
1.370000e+02 8.457149e+01
1.375000e+02 8.511063e+01
1.380000e+02 8.566614e+01
1.385000e+02 8.619941e+01
1.390000e+02 8.667155e+01
1.395000e+02 8.711614e+01
1.400000e+02 8.757514e+01
1.405000e+02 8.807480e+01
1.410000e+02 8.862710e+01
1.415000e+02 8.923762e+01
1.420000e+02 8.990937e+01
1.425000e+02 9.063810e+01
1.430000e+02 9.139764e+01
1.435000e+02 9.212046e+01
1.440000e+02 9.271336e+01
1.445000e+02 9.318084e+01
1.450000e+02 9.361405e+01
1.455000e+02 9.407593e+01
1.460000e+02 9.458688e+01
1.465000e+02 9.514841e+01
1.470000e+02 9.575554e+01
1.475000e+02 9.640291e+01
1.480000e+02 9.708689e+01
1.485000e+02 9.780605e+01
1.490000e+02 9.856150e+01
1.495000e+02 9.935765e+01
1.500000e+02 1.002049e+02
1.505000e+02 1.011423e+02
1.510000e+02 1.019985e+02
1.515000e+02 1.027684e+02
1.520000e+02 1.035756e+02
1.525000e+02 1.043955e+02
1.530000e+02 1.052447e+02
1.535000e+02 1.061328e+02
1.540000e+02 1.070614e+02
1.545000e+02 1.080294e+02
1.550000e+02 1.090357e+02
1.555000e+02 1.100798e+02
1.560000e+02 1.111623e+02
1.565000e+02 1.122842e+02
1.570000e+02 1.134470e+02
1.575000e+02 1.146527e+02
1.580000e+02 1.159040e+02
1.585000e+02 1.172038e+02
1.590000e+02 1.185553e+02
1.595000e+02 1.199620e+02
1.600000e+02 1.214266e+02
1.605000e+02 1.229501e+02
1.610000e+02 1.245360e+02
1.615000e+02 1.261924e+02
1.620000e+02 1.279264e+02
1.625000e+02 1.297437e+02
1.630000e+02 1.316504e+02
1.635000e+02 1.336533e+02
1.640000e+02 1.357597e+02
1.645000e+02 1.379778e+02
1.650000e+02 1.403166e+02
1.655000e+02 1.427858e+02
1.660000e+02 1.453968e+02
1.665000e+02 1.481581e+02
1.670000e+02 1.510852e+02
1.675000e+02 1.541909e+02
1.680000e+02 1.574894e+02
1.685000e+02 1.609960e+02
1.690000e+02 1.647253e+02
1.695000e+02 1.686914e+02
1.700000e+02 1.729115e+02
1.705000e+02 1.774039e+02
1.710000e+02 1.821868e+02
1.715000e+02 1.872743e+02
1.720000e+02 1.926773e+02
1.725000e+02 1.984025e+02
1.730000e+02 2.044495e+02
1.735000e+02 2.108080e+02
1.740000e+02 2.174537e+02
1.745000e+02 2.243439e+02
1.750000e+02 2.314125e+02
1.755000e+02 2.385670e+02
1.760000e+02 2.456584e+02
1.765000e+02 2.524680e+02
1.770000e+02 2.588778e+02
1.775000e+02 2.646450e+02
1.780000e+02 2.695529e+02
1.785000e+02 2.734422e+02
1.790000e+02 2.762609e+02
1.795000e+02 2.781010e+02
1.800000e+02 2.791869e+02
1.805000e+02 2.797986e+02
1.810000e+02 2.801674e+02
1.815000e+02 2.804204e+02
1.820000e+02 2.806024e+02
1.825000e+02 2.807236e+02
1.830000e+02 2.807859e+02
1.835000e+02 2.807901e+02
1.840000e+02 2.807371e+02
1.845000e+02 2.806283e+02
1.850000e+02 2.804644e+02
1.855000e+02 2.802411e+02
1.860000e+02 2.799334e+02
1.865000e+02 2.794650e+02
1.870000e+02 2.786886e+02
1.875000e+02 2.774146e+02
1.880000e+02 2.754767e+02
1.885000e+02 2.727885e+02
1.890000e+02 2.693614e+02
1.895000e+02 2.652873e+02
1.900000e+02 2.607059e+02
1.905000e+02 2.557741e+02
1.910000e+02 2.506436e+02
1.915000e+02 2.454478e+02
1.920000e+02 2.402967e+02
1.925000e+02 2.352750e+02
1.930000e+02 2.304410e+02
1.935000e+02 2.258238e+02
1.940000e+02 2.214219e+02
1.945000e+02 2.172098e+02
1.950000e+02 2.132188e+02
1.955000e+02 2.094710e+02
1.960000e+02 2.059793e+02
1.965000e+02 2.027441e+02
1.970000e+02 1.997588e+02
1.975000e+02 1.970148e+02
1.980000e+02 1.945033e+02
1.985000e+02 1.922176e+02
1.990000e+02 1.901544e+02
1.995000e+02 1.883154e+02
2.000000e+02 1.867111e+02
