1.000000e+01 1.100678e+01
1.050000e+01 1.112452e+01
1.100000e+01 1.124873e+01
1.150000e+01 1.138251e+01
1.200000e+01 1.152906e+01
1.250000e+01 1.169107e+01
1.300000e+01 1.187192e+01
1.350000e+01 1.207554e+01
1.400000e+01 1.230653e+01
1.450000e+01 1.257121e+01
1.500000e+01 1.287793e+01
1.550000e+01 1.323765e+01
1.600000e+01 1.366505e+01
1.650000e+01 1.418026e+01
1.700000e+01 1.481131e+01
1.750000e+01 1.559763e+01
1.800000e+01 1.659522e+01
1.850000e+01 1.788385e+01
1.900000e+01 1.957622e+01
1.950000e+01 2.182673e+01
2.000000e+01 2.483004e+01
2.050000e+01 2.878096e+01
2.100000e+01 3.372662e+01
2.150000e+01 3.919640e+01
2.200000e+01 4.365943e+01
2.250000e+01 4.487157e+01
2.300000e+01 4.261171e+01
2.350000e+01 3.878733e+01
2.400000e+01 3.490637e+01
2.450000e+01 3.159461e+01
2.500000e+01 2.897112e+01
2.550000e+01 2.695925e+01
2.600000e+01 2.544183e+01
2.650000e+01 2.430724e+01
2.700000e+01 2.346381e+01
2.750000e+01 2.284260e+01
2.800000e+01 2.239524e+01
2.850000e+01 2.208655e+01
2.900000e+01 2.188985e+01
2.950000e+01 2.178485e+01
3.000000e+01 2.175621e+01
3.050000e+01 2.179228e+01
3.100000e+01 2.188429e+01
3.150000e+01 2.202558e+01
3.200000e+01 2.221115e+01
3.250000e+01 2.243733e+01
3.300000e+01 2.270149e+01
3.350000e+01 2.300182e+01
3.400000e+01 2.333715e+01
3.450000e+01 2.370692e+01
3.500000e+01 2.411106e+01
3.550000e+01 2.454997e+01
3.600000e+01 2.502446e+01
3.650000e+01 2.553576e+01
3.700000e+01 2.608552e+01
3.750000e+01 2.667578e+01
3.800000e+01 2.730901e+01
3.850000e+01 2.798818e+01
3.900000e+01 2.871679e+01
3.950000e+01 2.949891e+01
4.000000e+01 3.033927e+01
4.050000e+01 3.124331e+01
4.100000e+01 3.221734e+01
4.150000e+01 3.326864e+01
4.200000e+01 3.440566e+01
4.250000e+01 3.563824e+01
4.300000e+01 3.697783e+01
4.350000e+01 3.843783e+01
4.400000e+01 4.003402e+01
4.450000e+01 4.178505e+01
4.500000e+01 4.371312e+01
4.550000e+01 4.584480e+01
4.600000e+01 4.821218e+01
4.650000e+01 5.085439e+01
4.700000e+01 5.381969e+01
4.750000e+01 5.716829e+01
4.800000e+01 6.097615e+01
4.850000e+01 6.534089e+01
4.900000e+01 7.038982e+01
4.950000e+01 7.629412e+01
5.000000e+01 8.330135e+01
5.050000e+01 9.182776e+01
5.100000e+01 1.026607e+02
5.150000e+01 1.176465e+02
5.200000e+01 1.359141e+02
5.250000e+01 1.608180e+02
5.300000e+01 1.916289e+02
5.350000e+01 2.244336e+02
5.400000e+01 2.517517e+02
5.450000e+01 2.679359e+02
5.500000e+01 2.746377e+02
5.550000e+01 2.771507e+02
5.600000e+01 2.783543e+02
5.650000e+01 2.790477e+02
5.700000e+01 2.794755e+02
5.750000e+01 2.797495e+02
5.800000e+01 2.799292e+02
5.850000e+01 2.800365e+02
5.900000e+01 2.800921e+02
5.950000e+01 2.801445e+02
6.000000e+01 2.802134e+02
6.050000e+01 2.802632e+02
6.100000e+01 2.802681e+02
6.150000e+01 2.802319e+02
6.200000e+01 2.801422e+02
6.250000e+01 2.799556e+02
6.300000e+01 2.795997e+02
6.350000e+01 2.790002e+02
6.400000e+01 2.780291e+02
6.450000e+01 2.762534e+02
6.500000e+01 2.718214e+02
6.550000e+01 2.603068e+02
6.600000e+01 2.388614e+02
6.650000e+01 2.109186e+02
6.700000e+01 1.828481e+02
6.750000e+01 1.589035e+02
6.800000e+01 1.400958e+02
6.850000e+01 1.256915e+02
6.900000e+01 1.145576e+02
6.950000e+01 1.057653e+02
7.000000e+01 9.859189e+01
7.050000e+01 9.263352e+01
7.100000e+01 8.759891e+01
7.150000e+01 8.329567e+01
7.200000e+01 7.958754e+01
7.250000e+01 7.637232e+01
7.300000e+01 7.357101e+01
7.350000e+01 7.112132e+01
7.400000e+01 6.897370e+01
7.450000e+01 6.708857e+01
7.500000e+01 6.543642e+01
7.550000e+01 6.398760e+01
7.600000e+01 6.267841e+01
7.650000e+01 6.154340e+01
7.700000e+01 6.055770e+01
7.750000e+01 5.970919e+01
7.800000e+01 5.899004e+01
7.850000e+01 5.839490e+01
7.900000e+01 5.791756e+01
7.950000e+01 5.754296e+01
8.000000e+01 5.723223e+01
8.050000e+01 5.691278e+01
8.100000e+01 5.650993e+01
8.150000e+01 5.605462e+01
8.200000e+01 5.561360e+01
8.250000e+01 5.522821e+01
8.300000e+01 5.491090e+01
8.350000e+01 5.465986e+01
8.400000e+01 5.446852e+01
8.450000e+01 5.433004e+01
8.500000e+01 5.423879e+01
8.550000e+01 5.419067e+01
8.600000e+01 5.418295e+01
8.650000e+01 5.421365e+01
8.700000e+01 5.427946e+01
8.750000e+01 5.437061e+01
8.800000e+01 5.446634e+01
8.850000e+01 5.455048e+01
8.900000e+01 5.463788e+01
8.950000e+01 5.474465e+01
9.000000e+01 5.487628e+01
9.050000e+01 5.503227e+01
9.100000e+01 5.521050e+01
9.150000e+01 5.540889e+01
9.200000e+01 5.562579e+01
9.250000e+01 5.586000e+01
9.300000e+01 5.611075e+01
9.350000e+01 5.637755e+01
9.400000e+01 5.666026e+01
9.450000e+01 5.695894e+01
9.500000e+01 5.727357e+01
9.550000e+01 5.760301e+01
9.600000e+01 5.794475e+01
9.650000e+01 5.829408e+01
9.700000e+01 5.865063e+01
9.750000e+01 5.901873e+01
9.800000e+01 5.940286e+01
9.850000e+01 5.980505e+01
9.900000e+01 6.022675e+01
9.950000e+01 6.067041e+01
1.000000e+02 6.114261e+01
1.005000e+02 6.174034e+01
1.010000e+02 6.209632e+01
1.015000e+02 6.258010e+01
1.020000e+02 6.309639e+01
1.025000e+02 6.364068e+01
1.030000e+02 6.421277e+01
1.035000e+02 6.481397e+01
1.040000e+02 6.544648e+01
1.045000e+02 6.611334e+01
1.050000e+02 6.681834e+01
1.055000e+02 6.756606e+01
1.060000e+02 6.836206e+01
1.065000e+02 6.921306e+01
1.070000e+02 7.012722e+01
1.075000e+02 7.111449e+01
1.080000e+02 7.218710e+01
1.085000e+02 7.336015e+01
1.090000e+02 7.465202e+01
1.095000e+02 7.608582e+01
1.100000e+02 7.769192e+01
1.105000e+02 7.950835e+01
1.110000e+02 8.158442e+01
1.115000e+02 8.398476e+01
1.120000e+02 8.679513e+01
1.125000e+02 9.013094e+01
1.130000e+02 9.414972e+01
1.135000e+02 9.906953e+01
1.140000e+02 1.051961e+02
1.145000e+02 1.129624e+02
1.150000e+02 1.229834e+02
1.155000e+02 1.361100e+02
1.160000e+02 1.534675e+02
1.165000e+02 1.762769e+02
1.170000e+02 2.049365e+02
1.175000e+02 2.364153e+02
1.180000e+02 2.609554e+02
1.185000e+02 2.696466e+02
1.190000e+02 2.696319e+02
1.195000e+02 2.607870e+02
1.200000e+02 2.359901e+02
1.205000e+02 2.046701e+02
1.210000e+02 1.766516e+02
1.215000e+02 1.547399e+02
1.220000e+02 1.383876e+02
1.225000e+02 1.263230e+02
1.230000e+02 1.173957e+02
1.235000e+02 1.107349e+02
1.240000e+02 1.057190e+02
1.245000e+02 1.019123e+02
1.250000e+02 9.901324e+01
1.255000e+02 9.684842e+01
1.260000e+02 9.504730e+01
1.265000e+02 9.366165e+01
1.270000e+02 9.261469e+01
1.275000e+02 9.182732e+01
1.280000e+02 9.124630e+01
1.285000e+02 9.083275e+01
1.290000e+02 9.055716e+01
1.295000e+02 9.039640e+01
1.300000e+02 9.033207e+01
1.305000e+02 9.034968e+01
1.310000e+02 9.043763e+01
1.315000e+02 9.058661e+01
1.320000e+02 9.078916e+01
1.325000e+02 9.103937e+01
1.330000e+02 9.133262e+01
1.335000e+02 9.166544e+01
1.340000e+02 9.203488e+01
1.345000e+02 9.243807e+01
1.350000e+02 9.287199e+01
1.355000e+02 9.333700e+01
1.360000e+02 9.383738e+01
1.365000e+02 9.437723e+01
1.370000e+02 9.495853e+01
1.375000e+02 9.557687e+01
1.380000e+02 9.621154e+01
1.385000e+02 9.681908e+01
1.390000e+02 9.735907e+01
1.395000e+02 9.786639e+01
1.400000e+02 9.838847e+01
1.405000e+02 9.895395e+01
1.410000e+02 9.957568e+01
1.415000e+02 1.002596e+02
1.420000e+02 1.010091e+02
1.425000e+02 1.018197e+02
1.430000e+02 1.026635e+02
1.435000e+02 1.034661e+02
1.440000e+02 1.041255e+02
1.445000e+02 1.046467e+02
1.450000e+02 1.051302e+02
1.455000e+02 1.056448e+02
1.460000e+02 1.062124e+02
1.465000e+02 1.068340e+02
1.470000e+02 1.075041e+02
1.475000e+02 1.082167e+02
1.480000e+02 1.089676e+02
1.485000e+02 1.097552e+02
1.490000e+02 1.105803e+02
1.495000e+02 1.114469e+02
1.500000e+02 1.123648e+02
1.505000e+02 1.133703e+02
1.510000e+02 1.143029e+02
1.515000e+02 1.151555e+02
1.520000e+02 1.160391e+02
1.525000e+02 1.169323e+02
1.530000e+02 1.178549e+02
1.535000e+02 1.188175e+02
1.540000e+02 1.198218e+02
1.545000e+02 1.208668e+02
1.550000e+02 1.219512e+02
1.555000e+02 1.230746e+02
1.560000e+02 1.242374e+02
1.565000e+02 1.254404e+02
1.570000e+02 1.266853e+02
1.575000e+02 1.279741e+02
1.580000e+02 1.293094e+02
1.585000e+02 1.306940e+02
1.590000e+02 1.321312e+02
1.595000e+02 1.336244e+02
1.600000e+02 1.351762e+02
1.605000e+02 1.367874e+02
1.610000e+02 1.384613e+02
1.615000e+02 1.402061e+02
1.620000e+02 1.420287e+02
1.625000e+02 1.439347e+02
1.630000e+02 1.459298e+02
1.635000e+02 1.480205e+02
1.640000e+02 1.502137e+02
1.645000e+02 1.525170e+02
1.650000e+02 1.549387e+02
1.655000e+02 1.574878e+02
1.660000e+02 1.601745e+02
1.665000e+02 1.630065e+02
1.670000e+02 1.659975e+02
1.675000e+02 1.691584e+02
1.680000e+02 1.725016e+02
1.685000e+02 1.760392e+02
1.690000e+02 1.797829e+02
1.695000e+02 1.837427e+02
1.700000e+02 1.879311e+02
1.705000e+02 1.923608e+02
1.710000e+02 1.970429e+02
1.715000e+02 2.019832e+02
1.720000e+02 2.071831e+02
1.725000e+02 2.126377e+02
1.730000e+02 2.183338e+02
1.735000e+02 2.242466e+02
1.740000e+02 2.303361e+02
1.745000e+02 2.365440e+02
1.750000e+02 2.427894e+02
1.755000e+02 2.489684e+02
1.760000e+02 2.549342e+02
1.765000e+02 2.604960e+02
1.770000e+02 2.655428e+02
1.775000e+02 2.698948e+02
1.780000e+02 2.734208e+02
1.785000e+02 2.760654e+02
1.790000e+02 2.778769e+02
1.795000e+02 2.790087e+02
1.800000e+02 2.796768e+02
1.805000e+02 2.800851e+02
1.810000e+02 2.803662e+02
1.815000e+02 2.805772e+02
1.820000e+02 2.807340e+02
1.825000e+02 2.808393e+02
1.830000e+02 2.808936e+02
1.835000e+02 2.808973e+02
1.840000e+02 2.808512e+02
1.845000e+02 2.807566e+02
1.850000e+02 2.806151e+02
1.855000e+02 2.804269e+02
1.860000e+02 2.801847e+02
1.865000e+02 2.798579e+02
1.870000e+02 2.793696e+02
1.875000e+02 2.785942e+02
1.880000e+02 2.773892e+02
1.885000e+02 2.756417e+02
1.890000e+02 2.733017e+02
1.895000e+02 2.703879e+02
1.900000e+02 2.669735e+02
1.905000e+02 2.631642e+02
1.910000e+02 2.590778e+02
1.915000e+02 2.548290e+02
1.920000e+02 2.505205e+02
1.925000e+02 2.462381e+02
1.930000e+02 2.420464e+02
1.935000e+02 2.379844e+02
1.940000e+02 2.340612e+02
1.945000e+02 2.302674e+02
1.950000e+02 2.266352e+02
1.955000e+02 2.231945e+02
1.960000e+02 2.199641e+02
1.965000e+02 2.169507e+02
1.970000e+02 2.141533e+02
1.975000e+02 2.115683e+02
1.980000e+02 2.091911e+02
1.985000e+02 2.070185e+02
1.990000e+02 2.050499e+02
1.995000e+02 2.032888e+02
2.000000e+02 2.017463e+02
