0.000000e+00 2.700000e+00
5.000000e-01 2.740831e+02
1.000000e+00 2.740961e+02
1.500000e+00 2.741092e+02
2.000000e+00 2.741224e+02
2.500000e+00 2.741357e+02
3.000000e+00 2.741490e+02
3.500000e+00 2.741624e+02
4.000000e+00 2.741759e+02
4.500000e+00 2.741894e+02
5.000000e+00 2.742031e+02
5.500000e+00 2.742168e+02
6.000000e+00 2.742307e+02
6.500000e+00 2.742446e+02
7.000000e+00 2.742586e+02
7.500000e+00 2.742728e+02
8.000000e+00 2.742871e+02
8.500000e+00 2.743015e+02
9.000000e+00 2.743162e+02
9.500000e+00 2.743309e+02
1.000000e+01 2.743459e+02
1.050000e+01 2.743610e+02
1.100000e+01 2.743762e+02
1.150000e+01 2.743917e+02
1.200000e+01 2.744075e+02
1.250000e+01 2.744235e+02
1.300000e+01 2.744400e+02
1.350000e+01 2.744569e+02
1.400000e+01 2.744743e+02
1.450000e+01 2.744924e+02
1.500000e+01 2.745112e+02
1.550000e+01 2.745311e+02
1.600000e+01 2.745521e+02
1.650000e+01 2.745746e+02
1.700000e+01 2.745991e+02
1.750000e+01 2.746261e+02
1.800000e+01 2.746564e+02
1.850000e+01 2.746913e+02
1.900000e+01 2.747321e+02
1.950000e+01 2.747809e+02
2.000000e+01 2.748398e+02
2.050000e+01 2.749105e+02
2.100000e+01 2.749918e+02
2.150000e+01 2.750744e+02
2.200000e+01 2.751355e+02
2.250000e+01 2.751468e+02
2.300000e+01 2.751112e+02
2.350000e+01 2.750586e+02
2.400000e+01 2.750102e+02
2.450000e+01 2.749734e+02
2.500000e+01 2.749488e+02
2.550000e+01 2.749343e+02
2.600000e+01 2.749275e+02
2.650000e+01 2.749267e+02
2.700000e+01 2.749301e+02
2.750000e+01 2.749369e+02
2.800000e+01 2.749461e+02
2.850000e+01 2.749574e+02
2.900000e+01 2.749704e+02
2.950000e+01 2.749846e+02
3.000000e+01 2.750001e+02
3.050000e+01 2.750165e+02
3.100000e+01 2.750337e+02
3.150000e+01 2.750518e+02
3.200000e+01 2.750706e+02
3.250000e+01 2.750901e+02
3.300000e+01 2.751103e+02
3.350000e+01 2.751312e+02
3.400000e+01 2.751528e+02
3.450000e+01 2.751751e+02
3.500000e+01 2.751981e+02
3.550000e+01 2.752219e+02
3.600000e+01 2.752465e+02
3.650000e+01 2.752719e+02
3.700000e+01 2.752981e+02
3.750000e+01 2.753254e+02
3.800000e+01 2.753537e+02
3.850000e+01 2.753830e+02
3.900000e+01 2.754136e+02
3.950000e+01 2.754454e+02
4.000000e+01 2.754787e+02
4.050000e+01 2.755136e+02
4.100000e+01 2.755501e+02
4.150000e+01 2.755885e+02
4.200000e+01 2.756291e+02
4.250000e+01 2.756719e+02
4.300000e+01 2.757172e+02
4.350000e+01 2.757655e+02
4.400000e+01 2.758169e+02
4.450000e+01 2.758720e+02
4.500000e+01 2.759311e+02
4.550000e+01 2.759948e+02
4.600000e+01 2.760637e+02
4.650000e+01 2.761387e+02
4.700000e+01 2.762206e+02
4.750000e+01 2.763104e+02
4.800000e+01 2.764095e+02
4.850000e+01 2.765195e+02
4.900000e+01 2.766423e+02
4.950000e+01 2.767804e+02
5.000000e+01 2.769369e+02
5.050000e+01 2.771161e+02
5.100000e+01 2.773245e+02
5.150000e+01 2.775745e+02
5.200000e+01 2.778562e+02
5.250000e+01 2.781838e+02
5.300000e+01 2.785406e+02
5.350000e+01 2.788950e+02
5.400000e+01 2.792103e+02
5.450000e+01 2.794695e+02
5.500000e+01 2.796825e+02
5.550000e+01 2.798652e+02
5.600000e+01 2.800200e+02
5.650000e+01 2.801446e+02
5.700000e+01 2.802438e+02
5.750000e+01 2.803252e+02
5.800000e+01 2.803918e+02
5.850000e+01 2.804387e+02
5.900000e+01 2.804686e+02
5.950000e+01 2.804917e+02
6.000000e+01 2.805100e+02
6.050000e+01 2.805177e+02
6.100000e+01 2.805042e+02
6.150000e+01 2.804819e+02
6.200000e+01 2.804529e+02
6.250000e+01 2.804001e+02
6.300000e+01 2.803037e+02
6.350000e+01 2.801672e+02
6.400000e+01 2.800047e+02
6.450000e+01 2.798218e+02
6.500000e+01 2.796175e+02
6.550000e+01 2.793815e+02
6.600000e+01 2.791025e+02
6.650000e+01 2.787891e+02
6.700000e+01 2.784695e+02
6.750000e+01 2.781723e+02
6.800000e+01 2.779123e+02
6.850000e+01 2.776919e+02
6.900000e+01 2.775070e+02
6.950000e+01 2.773516e+02
7.000000e+01 2.772200e+02
7.050000e+01 2.771081e+02
7.100000e+01 2.770122e+02
7.150000e+01 2.769296e+02
7.200000e+01 2.768584e+02
7.250000e+01 2.767966e+02
7.300000e+01 2.767431e+02
7.350000e+01 2.766967e+02
7.400000e+01 2.766564e+02
7.450000e+01 2.766215e+02
7.500000e+01 2.765914e+02
7.550000e+01 2.765654e+02
7.600000e+01 2.765429e+02
7.650000e+01 2.765237e+02
7.700000e+01 2.765076e+02
7.750000e+01 2.764942e+02
7.800000e+01 2.764833e+02
7.850000e+01 2.764748e+02
7.900000e+01 2.764684e+02
7.950000e+01 2.764639e+02
8.000000e+01 2.764608e+02
8.050000e+01 2.764581e+02
8.100000e+01 2.764552e+02
8.150000e+01 2.764523e+02
8.200000e+01 2.764501e+02
8.250000e+01 2.764490e+02
8.300000e+01 2.764490e+02
8.350000e+01 2.764501e+02
8.400000e+01 2.764523e+02
8.450000e+01 2.764553e+02
8.500000e+01 2.764591e+02
8.550000e+01 2.764636e+02
8.600000e+01 2.764688e+02
8.650000e+01 2.764747e+02
8.700000e+01 2.764811e+02
8.750000e+01 2.764880e+02
8.800000e+01 2.764950e+02
8.850000e+01 2.765021e+02
8.900000e+01 2.765094e+02
8.950000e+01 2.765170e+02
9.000000e+01 2.765250e+02
9.050000e+01 2.765334e+02
9.100000e+01 2.765421e+02
9.150000e+01 2.765511e+02
9.200000e+01 2.765604e+02
9.250000e+01 2.765700e+02
9.300000e+01 2.765798e+02
9.350000e+01 2.765898e+02
9.400000e+01 2.766000e+02
9.450000e+01 2.766105e+02
9.500000e+01 2.766212e+02
9.550000e+01 2.766321e+02
9.600000e+01 2.766431e+02
9.650000e+01 2.766542e+02
9.700000e+01 2.766654e+02
9.750000e+01 2.766768e+02
9.800000e+01 2.766884e+02
9.850000e+01 2.767001e+02
9.900000e+01 2.767121e+02
9.950000e+01 2.767243e+02
1.000000e+02 2.767367e+02
1.005000e+02 2.767502e+02
1.010000e+02 2.767618e+02
1.015000e+02 2.767744e+02
1.020000e+02 2.767873e+02
1.025000e+02 2.768005e+02
1.030000e+02 2.768140e+02
1.035000e+02 2.768277e+02
1.040000e+02 2.768417e+02
1.045000e+02 2.768560e+02
1.050000e+02 2.768707e+02
1.055000e+02 2.768857e+02
1.060000e+02 2.769012e+02
1.065000e+02 2.769171e+02
1.070000e+02 2.769336e+02
1.075000e+02 2.769508e+02
1.080000e+02 2.769687e+02
1.085000e+02 2.769875e+02
1.090000e+02 2.770073e+02
1.095000e+02 2.770285e+02
1.100000e+02 2.770511e+02
1.105000e+02 2.770756e+02
1.110000e+02 2.771025e+02
1.115000e+02 2.771323e+02
1.120000e+02 2.771657e+02
1.125000e+02 2.772040e+02
1.130000e+02 2.772485e+02
1.135000e+02 2.773013e+02
1.140000e+02 2.773653e+02
1.145000e+02 2.774448e+02
1.150000e+02 2.775460e+02
1.155000e+02 2.776777e+02
1.160000e+02 2.778529e+02
1.165000e+02 2.780877e+02
1.170000e+02 2.783965e+02
1.175000e+02 2.787676e+02
1.180000e+02 2.791145e+02
1.185000e+02 2.792927e+02
1.190000e+02 2.792957e+02
1.195000e+02 2.791258e+02
1.200000e+02 2.787946e+02
1.205000e+02 2.784464e+02
1.210000e+02 2.781640e+02
1.215000e+02 2.779560e+02
1.220000e+02 2.778076e+02
1.225000e+02 2.777023e+02
1.230000e+02 2.776275e+02
1.235000e+02 2.775742e+02
1.240000e+02 2.775362e+02
1.245000e+02 2.775095e+02
1.250000e+02 2.774910e+02
1.255000e+02 2.774791e+02
1.260000e+02 2.774708e+02
1.265000e+02 2.774662e+02
1.270000e+02 2.774646e+02
1.275000e+02 2.774653e+02
1.280000e+02 2.774678e+02
1.285000e+02 2.774718e+02
1.290000e+02 2.774770e+02
1.295000e+02 2.774833e+02
1.300000e+02 2.774904e+02
1.305000e+02 2.774981e+02
1.310000e+02 2.775065e+02
1.315000e+02 2.775155e+02
1.320000e+02 2.775248e+02
1.325000e+02 2.775346e+02
1.330000e+02 2.775448e+02
1.335000e+02 2.775552e+02
1.340000e+02 2.775660e+02
1.345000e+02 2.775771e+02
1.350000e+02 2.775884e+02
1.355000e+02 2.775999e+02
1.360000e+02 2.776118e+02
1.365000e+02 2.776240e+02
1.370000e+02 2.776365e+02
1.375000e+02 2.776492e+02
1.380000e+02 2.776621e+02
1.385000e+02 2.776747e+02
1.390000e+02 2.776867e+02
1.395000e+02 2.776985e+02
1.400000e+02 2.777104e+02
1.405000e+02 2.777226e+02
1.410000e+02 2.777353e+02
1.415000e+02 2.777484e+02
1.420000e+02 2.777622e+02
1.425000e+02 2.777763e+02
1.430000e+02 2.777907e+02
1.435000e+02 2.778046e+02
1.440000e+02 2.778174e+02
1.445000e+02 2.778291e+02
1.450000e+02 2.778404e+02
1.455000e+02 2.778520e+02
1.460000e+02 2.778640e+02
1.465000e+02 2.778764e+02
1.470000e+02 2.778892e+02
1.475000e+02 2.779024e+02
1.480000e+02 2.779159e+02
1.485000e+02 2.779297e+02
1.490000e+02 2.779437e+02
1.495000e+02 2.779581e+02
1.500000e+02 2.779729e+02
1.505000e+02 2.779882e+02
1.510000e+02 2.780031e+02
1.515000e+02 2.780175e+02
1.520000e+02 2.780320e+02
1.525000e+02 2.780466e+02
1.530000e+02 2.780615e+02
1.535000e+02 2.780766e+02
1.540000e+02 2.780920e+02
1.545000e+02 2.781078e+02
1.550000e+02 2.781239e+02
1.555000e+02 2.781403e+02
1.560000e+02 2.781570e+02
1.565000e+02 2.781741e+02
1.570000e+02 2.781915e+02
1.575000e+02 2.782093e+02
1.580000e+02 2.782274e+02
1.585000e+02 2.782460e+02
1.590000e+02 2.782650e+02
1.595000e+02 2.782845e+02
1.600000e+02 2.783045e+02
1.605000e+02 2.783250e+02
1.610000e+02 2.783460e+02
1.615000e+02 2.783676e+02
1.620000e+02 2.783899e+02
1.625000e+02 2.784130e+02
1.630000e+02 2.784368e+02
1.635000e+02 2.784615e+02
1.640000e+02 2.784870e+02
1.645000e+02 2.785136e+02
1.650000e+02 2.785412e+02
1.655000e+02 2.785700e+02
1.660000e+02 2.786001e+02
1.665000e+02 2.786315e+02
1.670000e+02 2.786645e+02
1.675000e+02 2.786990e+02
1.680000e+02 2.787353e+02
1.685000e+02 2.787736e+02
1.690000e+02 2.788140e+02
1.695000e+02 2.788566e+02
1.700000e+02 2.789017e+02
1.705000e+02 2.789495e+02
1.710000e+02 2.790002e+02
1.715000e+02 2.790541e+02
1.720000e+02 2.791115e+02
1.725000e+02 2.791725e+02
1.730000e+02 2.792375e+02
1.735000e+02 2.793066e+02
1.740000e+02 2.793800e+02
1.745000e+02 2.794580e+02
1.750000e+02 2.795404e+02
1.755000e+02 2.796275e+02
1.760000e+02 2.797188e+02
1.765000e+02 2.798139e+02
1.770000e+02 2.799127e+02
1.775000e+02 2.800145e+02
1.780000e+02 2.801187e+02
1.785000e+02 2.802247e+02
1.790000e+02 2.803321e+02
1.795000e+02 2.804406e+02
1.800000e+02 2.805497e+02
1.805000e+02 2.806579e+02
1.810000e+02 2.807622e+02
1.815000e+02 2.808577e+02
1.820000e+02 2.809380e+02
1.825000e+02 2.809965e+02
1.830000e+02 2.810272e+02
1.835000e+02 2.810270e+02
1.840000e+02 2.809959e+02
1.845000e+02 2.809376e+02
1.850000e+02 2.808578e+02
1.855000e+02 2.807636e+02
1.860000e+02 2.806614e+02
1.865000e+02 2.805562e+02
1.870000e+02 2.804512e+02
1.875000e+02 2.803480e+02
1.880000e+02 2.802473e+02
1.885000e+02 2.801497e+02
1.890000e+02 2.800556e+02
1.895000e+02 2.799656e+02
1.900000e+02 2.798802e+02
1.905000e+02 2.797999e+02
1.910000e+02 2.797251e+02
1.915000e+02 2.796557e+02
1.920000e+02 2.795920e+02
1.925000e+02 2.795337e+02
1.930000e+02 2.794807e+02
1.935000e+02 2.794324e+02
1.940000e+02 2.793884e+02
1.945000e+02 2.793482e+02
1.950000e+02 2.793116e+02
1.955000e+02 2.792785e+02
1.960000e+02 2.792487e+02
1.965000e+02 2.792221e+02
1.970000e+02 2.791984e+02
1.975000e+02 2.791774e+02
1.980000e+02 2.791589e+02
1.985000e+02 2.791428e+02
1.990000e+02 2.791289e+02
1.995000e+02 2.791171e+02
2.000000e+02 2.791075e+02
