0.000000e+00 2.700000e+00
1.000000e+00 2.224130e+02
2.000000e+00 2.225268e+02
3.000000e+00 2.226426e+02
4.000000e+00 2.227605e+02
5.000000e+00 2.228807e+02
6.000000e+00 2.230033e+02
7.000000e+00 2.231284e+02
8.000000e+00 2.232566e+02
9.000000e+00 2.233885e+02
1.000000e+01 2.235241e+02
1.100000e+01 2.236634e+02
1.200000e+01 2.238076e+02
1.300000e+01 2.239585e+02
1.400000e+01 2.241180e+02
1.500000e+01 2.242893e+02
1.600000e+01 2.244774e+02
1.700000e+01 2.246912e+02
1.800000e+01 2.249472e+02
1.900000e+01 2.252763e+02
2.000000e+01 2.257338e+02
2.100000e+01 2.263741e+02
2.200000e+01 2.269995e+02
2.300000e+01 2.269513e+02
2.400000e+01 2.266062e+02
2.500000e+01 2.264292e+02
2.600000e+01 2.264152e+02
2.700000e+01 2.264997e+02
2.800000e+01 2.266426e+02
2.900000e+01 2.268243e+02
3.000000e+01 2.270353e+02
3.100000e+01 2.272710e+02
3.200000e+01 2.275299e+02
3.300000e+01 2.278122e+02
3.400000e+01 2.281193e+02
3.500000e+01 2.284536e+02
3.600000e+01 2.288187e+02
3.700000e+01 2.292190e+02
3.800000e+01 2.296602e+02
3.900000e+01 2.301495e+02
4.000000e+01 2.306959e+02
4.100000e+01 2.313107e+02
4.200000e+01 2.320083e+02
4.300000e+01 2.328074e+02
4.400000e+01 2.337318e+02
4.500000e+01 2.348132e+02
4.600000e+01 2.360935e+02
4.700000e+01 2.376294e+02
4.800000e+01 2.394989e+02
4.900000e+01 2.418118e+02
5.000000e+01 2.447274e+02
5.100000e+01 2.484937e+02
5.200000e+01 2.534597e+02
5.300000e+01 2.594543e+02
5.400000e+01 2.644114e+02
5.500000e+01 2.664562e+02
5.600000e+01 2.671342e+02
5.700000e+01 2.674565e+02
5.800000e+01 2.676407e+02
5.900000e+01 2.677297e+02
6.000000e+01 2.677730e+02
6.100000e+01 2.677626e+02
6.200000e+01 2.676990e+02
6.300000e+01 2.675164e+02
6.400000e+01 2.670837e+02
6.500000e+01 2.661581e+02
6.600000e+01 2.633324e+02
6.700000e+01 2.581178e+02
6.800000e+01 2.528121e+02
6.900000e+01 2.486173e+02
7.000000e+01 2.454455e+02
7.100000e+01 2.430183e+02
7.200000e+01 2.411315e+02
7.300000e+01 2.396468e+02
7.400000e+01 2.384679e+02
7.500000e+01 2.375261e+02
7.600000e+01 2.367663e+02
7.700000e+01 2.361531e+02
7.800000e+01 2.356609e+02
7.900000e+01 2.352689e+02
8.000000e+01 2.349573e+02
8.100000e+01 2.346929e+02
8.200000e+01 2.344609e+02
8.300000e+01 2.342746e+02
8.400000e+01 2.341318e+02
8.500000e+01 2.340256e+02
8.600000e+01 2.339503e+02
8.700000e+01 2.339015e+02
8.800000e+01 2.338735e+02
8.900000e+01 2.338591e+02
9.000000e+01 2.338609e+02
9.100000e+01 2.338787e+02
9.200000e+01 2.339107e+02
9.300000e+01 2.339552e+02
9.400000e+01 2.340112e+02
9.500000e+01 2.340780e+02
9.600000e+01 2.341549e+02
9.700000e+01 2.342409e+02
9.800000e+01 2.343362e+02
9.900000e+01 2.344422e+02
1.000000e+02 2.345615e+02
1.010000e+02 2.346869e+02
1.020000e+02 2.348197e+02
1.030000e+02 2.349689e+02
1.040000e+02 2.351346e+02
1.050000e+02 2.353196e+02
1.060000e+02 2.355284e+02
1.070000e+02 2.357677e+02
1.080000e+02 2.360474e+02
1.090000e+02 2.363827e+02
1.100000e+02 2.367971e+02
1.110000e+02 2.373289e+02
1.120000e+02 2.380428e+02
1.130000e+02 2.390545e+02
1.140000e+02 2.405817e+02
1.150000e+02 2.430578e+02
1.160000e+02 2.473468e+02
1.170000e+02 2.547523e+02
1.180000e+02 2.634066e+02
1.190000e+02 2.650041e+02
1.200000e+02 2.595571e+02
1.210000e+02 2.509282e+02
1.220000e+02 2.455078e+02
1.230000e+02 2.425501e+02
1.240000e+02 2.409004e+02
1.250000e+02 2.399451e+02
1.260000e+02 2.393727e+02
1.270000e+02 2.390155e+02
1.280000e+02 2.388068e+02
1.290000e+02 2.386930e+02
1.300000e+02 2.386435e+02
1.310000e+02 2.386395e+02
1.320000e+02 2.386688e+02
1.330000e+02 2.387233e+02
1.340000e+02 2.387976e+02
1.350000e+02 2.388880e+02
1.360000e+02 2.389923e+02
1.370000e+02 2.391107e+02
1.380000e+02 2.392404e+02
1.390000e+02 2.393680e+02
1.400000e+02 2.394926e+02
1.410000e+02 2.396289e+02
1.420000e+02 2.397812e+02
1.430000e+02 2.399473e+02
1.440000e+02 2.401039e+02
1.450000e+02 2.402371e+02
1.460000e+02 2.403765e+02
1.470000e+02 2.405293e+02
1.480000e+02 2.406937e+02
1.490000e+02 2.408689e+02
1.500000e+02 2.410582e+02
1.510000e+02 2.412594e+02
1.520000e+02 2.414334e+02
1.530000e+02 2.416213e+02
1.540000e+02 2.418211e+02
1.550000e+02 2.420325e+02
1.560000e+02 2.422551e+02
1.570000e+02 2.424894e+02
1.580000e+02 2.427364e+02
1.590000e+02 2.429979e+02
1.600000e+02 2.432759e+02
1.610000e+02 2.435722e+02
1.620000e+02 2.438901e+02
1.630000e+02 2.442339e+02
1.640000e+02 2.446080e+02
1.650000e+02 2.450182e+02
1.660000e+02 2.454717e+02
1.670000e+02 2.459770e+02
1.680000e+02 2.465456e+02
1.690000e+02 2.471917e+02
1.700000e+02 2.479323e+02
1.710000e+02 2.487905e+02
1.720000e+02 2.497952e+02
1.730000e+02 2.509817e+02
1.740000e+02 2.523928e+02
1.750000e+02 2.540765e+02
1.760000e+02 2.560773e+02
1.770000e+02 2.583729e+02
1.780000e+02 2.609332e+02
1.790000e+02 2.635137e+02
1.800000e+02 2.656723e+02
1.810000e+02 2.669862e+02
1.820000e+02 2.675287e+02
1.830000e+02 2.676964e+02
1.840000e+02 2.676428e+02
1.850000e+02 2.673322e+02
1.860000e+02 2.664806e+02
1.870000e+02 2.647976e+02
1.880000e+02 2.625204e+02
1.890000e+02 2.601275e+02
1.900000e+02 2.579418e+02
1.910000e+02 2.560876e+02
1.920000e+02 2.545749e+02
1.930000e+02 2.533663e+02
1.940000e+02 2.524033e+02
1.950000e+02 2.516205e+02
1.960000e+02 2.509955e+02
1.970000e+02 2.505059e+02
1.980000e+02 2.501282e+02
1.990000e+02 2.498454e+02
2.000000e+02 2.496505e+02
