0.000000e+00 0.000000e+00
1.000000e+00 2.945210e-07
2.000000e+00 1.156544e-06
3.000000e+00 2.593252e-06
4.000000e+00 4.604651e-06
5.000000e+00 7.190749e-06
6.000000e+00 1.035155e-05
7.000000e+00 1.408708e-05
8.000000e+00 1.839734e-05
9.000000e+00 2.328235e-05
1.000000e+01 2.874212e-05
1.100000e+01 3.477669e-05
1.200000e+01 4.138606e-05
1.300000e+01 4.857028e-05
1.400000e+01 5.632935e-05
1.500000e+01 6.466332e-05
1.600000e+01 7.357221e-05
1.700000e+01 8.305606e-05
1.800000e+01 9.311489e-05
1.900000e+01 1.037488e-04
2.000000e+01 1.149577e-04
2.100000e+01 1.267417e-04
2.200000e+01 1.391009e-04
2.300000e+01 1.520354e-04
2.400000e+01 1.655450e-04
2.500000e+01 1.796300e-04
2.600000e+01 1.942903e-04
2.700000e+01 2.095260e-04
2.800000e+01 2.253372e-04
2.900000e+01 2.417239e-04
3.000000e+01 2.586862e-04
3.100000e+01 2.762241e-04
3.200000e+01 2.943378e-04
3.300000e+01 3.130272e-04
3.400000e+01 3.322925e-04
3.500000e+01 3.521337e-04
3.600000e+01 3.725509e-04
3.700000e+01 3.935442e-04
3.800000e+01 4.151136e-04
3.900000e+01 4.372593e-04
4.000000e+01 4.599813e-04
4.100000e+01 4.832797e-04
4.200000e+01 5.071546e-04
4.300000e+01 5.316060e-04
4.400000e+01 5.566342e-04
4.500000e+01 5.822391e-04
4.600000e+01 6.084208e-04
4.700000e+01 6.351795e-04
4.800000e+01 6.625153e-04
4.900000e+01 6.904282e-04
5.000000e+01 7.189184e-04
5.100000e+01 7.479860e-04
5.200000e+01 7.776310e-04
5.300000e+01 8.078536e-04
5.400000e+01 8.386539e-04
5.500000e+01 8.700321e-04
5.600000e+01 9.019882e-04
5.700000e+01 9.345223e-04
5.800000e+01 9.676346e-04
5.900000e+01 1.001325e-03
6.000000e+01 1.035594e-03
6.100000e+01 1.070442e-03
6.200000e+01 1.105868e-03
6.300000e+01 1.141873e-03
6.400000e+01 1.178457e-03
6.500000e+01 1.215620e-03
6.600000e+01 1.253363e-03
6.700000e+01 1.291684e-03
6.800000e+01 1.330586e-03
6.900000e+01 1.370066e-03
7.000000e+01 1.410127e-03
7.100000e+01 1.450768e-03
7.200000e+01 1.491988e-03
7.300000e+01 1.533789e-03
7.400000e+01 1.576171e-03
7.500000e+01 1.619133e-03
7.600000e+01 1.662675e-03
7.700000e+01 1.706799e-03
7.800000e+01 1.751504e-03
7.900000e+01 1.796790e-03
8.000000e+01 1.842657e-03
8.100000e+01 1.889106e-03
8.200000e+01 1.936136e-03
8.300000e+01 1.983749e-03
8.400000e+01 2.031943e-03
8.500000e+01 2.080720e-03
8.600000e+01 2.130079e-03
8.700000e+01 2.180021e-03
8.800000e+01 2.230546e-03
8.900000e+01 2.281654e-03
9.000000e+01 2.333345e-03
9.100000e+01 2.385619e-03
9.200000e+01 2.438477e-03
9.300000e+01 2.491919e-03
9.400000e+01 2.545944e-03
9.500000e+01 2.600554e-03
9.600000e+01 2.655748e-03
9.700000e+01 2.711527e-03
9.800000e+01 2.767891e-03
9.900000e+01 2.824840e-03
1.000000e+02 2.882373e-03
1.010000e+02 2.940427e-03
1.020000e+02 2.999060e-03
1.030000e+02 3.058274e-03
1.040000e+02 3.118067e-03
1.050000e+02 3.178441e-03
1.060000e+02 3.239395e-03
1.070000e+02 3.300928e-03
1.080000e+02 3.363042e-03
1.090000e+02 3.425736e-03
1.100000e+02 3.489010e-03
1.110000e+02 3.552865e-03
1.120000e+02 3.617299e-03
1.130000e+02 3.682314e-03
1.140000e+02 3.747909e-03
1.150000e+02 3.814084e-03
1.160000e+02 3.880840e-03
1.170000e+02 3.948176e-03
1.180000e+02 4.016092e-03
1.190000e+02 4.084589e-03
1.200000e+02 4.153665e-03
1.210000e+02 4.223323e-03
1.220000e+02 4.293561e-03
1.230000e+02 4.364379e-03
1.240000e+02 4.435777e-03
1.250000e+02 4.507756e-03
1.260000e+02 4.580316e-03
1.270000e+02 4.653456e-03
1.280000e+02 4.727177e-03
1.290000e+02 4.801478e-03
1.300000e+02 4.876359e-03
1.310000e+02 4.951822e-03
1.320000e+02 5.027865e-03
1.330000e+02 5.104488e-03
1.340000e+02 5.181692e-03
1.350000e+02 5.259477e-03
1.360000e+02 5.337842e-03
1.370000e+02 5.416788e-03
1.380000e+02 5.496315e-03
1.390000e+02 5.576423e-03
1.400000e+02 5.657111e-03
1.410000e+02 5.738380e-03
1.420000e+02 5.820230e-03
1.430000e+02 5.902660e-03
1.440000e+02 5.985672e-03
1.450000e+02 6.069264e-03
1.460000e+02 6.153437e-03
1.470000e+02 6.238191e-03
1.480000e+02 6.323526e-03
1.490000e+02 6.409441e-03
1.500000e+02 6.495938e-03
1.510000e+02 6.583015e-03
1.520000e+02 6.670674e-03
1.530000e+02 6.758913e-03
1.540000e+02 6.847733e-03
1.550000e+02 6.937134e-03
1.560000e+02 7.027117e-03
1.570000e+02 7.117680e-03
1.580000e+02 7.208824e-03
1.590000e+02 7.300550e-03
1.600000e+02 7.392856e-03
1.610000e+02 7.485743e-03
1.620000e+02 7.579212e-03
1.630000e+02 7.673261e-03
1.640000e+02 7.767892e-03
1.650000e+02 7.863104e-03
1.660000e+02 7.958897e-03
1.670000e+02 8.055271e-03
1.680000e+02 8.152226e-03
1.690000e+02 8.249763e-03
1.700000e+02 8.347881e-03
1.710000e+02 8.446579e-03
1.720000e+02 8.545860e-03
1.730000e+02 8.645721e-03
1.740000e+02 8.746164e-03
1.750000e+02 8.847187e-03
1.760000e+02 8.948793e-03
1.770000e+02 9.050979e-03
1.780000e+02 9.153747e-03
1.790000e+02 9.257096e-03
1.800000e+02 9.361026e-03
1.810000e+02 9.465538e-03
1.820000e+02 9.570631e-03
1.830000e+02 9.676306e-03
1.840000e+02 9.782561e-03
1.850000e+02 9.889399e-03
1.860000e+02 9.996817e-03
1.870000e+02 1.010482e-02
1.880000e+02 1.021340e-02
1.890000e+02 1.032256e-02
1.900000e+02 1.043231e-02
1.910000e+02 1.054263e-02
1.920000e+02 1.065354e-02
1.930000e+02 1.076503e-02
1.940000e+02 1.087710e-02
1.950000e+02 1.098975e-02
1.960000e+02 1.110298e-02
1.970000e+02 1.121680e-02
1.980000e+02 1.133120e-02
1.990000e+02 1.144617e-02
2.000000e+02 1.156173e-02
2.010000e+02 1.167788e-02
2.020000e+02 1.179460e-02
2.030000e+02 1.191190e-02
2.040000e+02 1.202979e-02
2.050000e+02 1.214826e-02
2.060000e+02 1.226731e-02
2.070000e+02 1.238694e-02
2.080000e+02 1.250715e-02
2.090000e+02 1.262794e-02
2.100000e+02 1.274932e-02
2.110000e+02 1.287128e-02
2.120000e+02 1.299382e-02
2.130000e+02 1.311694e-02
2.140000e+02 1.324064e-02
2.150000e+02 1.336493e-02
2.160000e+02 1.348979e-02
2.170000e+02 1.361524e-02
2.180000e+02 1.374127e-02
2.190000e+02 1.386789e-02
2.200000e+02 1.399508e-02
2.210000e+02 1.412285e-02
2.220000e+02 1.425121e-02
2.230000e+02 1.438015e-02
2.240000e+02 1.450967e-02
2.250000e+02 1.463978e-02
2.260000e+02 1.477046e-02
2.270000e+02 1.490173e-02
2.280000e+02 1.503358e-02
2.290000e+02 1.516601e-02
2.300000e+02 1.529902e-02
2.310000e+02 1.543363e-02
2.320000e+02 1.557038e-02
2.330000e+02 1.570776e-02
2.340000e+02 1.584575e-02
2.350000e+02 1.598435e-02
2.360000e+02 1.612357e-02
2.370000e+02 1.626341e-02
2.380000e+02 1.640386e-02
2.390000e+02 1.654493e-02
2.400000e+02 1.668661e-02
2.410000e+02 1.682892e-02
2.420000e+02 1.697184e-02
2.430000e+02 1.711537e-02
2.440000e+02 1.725953e-02
2.450000e+02 1.740430e-02
2.460000e+02 1.754968e-02
2.470000e+02 1.769569e-02
2.480000e+02 1.784231e-02
2.490000e+02 1.798955e-02
2.500000e+02 1.813741e-02
2.510000e+02 1.828588e-02
2.520000e+02 1.843498e-02
2.530000e+02 1.858469e-02
2.540000e+02 1.873502e-02
2.550000e+02 1.888596e-02
2.560000e+02 1.903753e-02
2.570000e+02 1.918971e-02
2.580000e+02 1.934251e-02
2.590000e+02 1.949594e-02
2.600000e+02 1.964997e-02
2.610000e+02 1.980463e-02
2.620000e+02 1.995991e-02
2.630000e+02 2.011581e-02
2.640000e+02 2.027232e-02
2.650000e+02 2.042945e-02
2.660000e+02 2.058721e-02
2.670000e+02 2.074558e-02
2.680000e+02 2.090457e-02
2.690000e+02 2.106418e-02
2.700000e+02 2.122442e-02
2.710000e+02 2.138527e-02
2.720000e+02 2.154674e-02
2.730000e+02 2.170883e-02
2.740000e+02 2.187154e-02
2.750000e+02 2.203487e-02
2.760000e+02 2.219882e-02
2.770000e+02 2.236339e-02
2.780000e+02 2.252859e-02
2.790000e+02 2.269440e-02
2.800000e+02 2.286083e-02
2.810000e+02 2.302789e-02
2.820000e+02 2.319556e-02
2.830000e+02 2.336386e-02
2.840000e+02 2.353277e-02
2.850000e+02 2.370231e-02
2.860000e+02 2.387247e-02
2.870000e+02 2.404325e-02
2.880000e+02 2.421465e-02
2.890000e+02 2.438667e-02
2.900000e+02 2.455932e-02
2.910000e+02 2.473258e-02
2.920000e+02 2.490647e-02
2.930000e+02 2.508098e-02
2.940000e+02 2.525611e-02
2.950000e+02 2.543187e-02
2.960000e+02 2.560824e-02
2.970000e+02 2.578524e-02
2.980000e+02 2.596286e-02
2.990000e+02 2.614110e-02
3.000000e+02 2.631997e-02
3.010000e+02 2.649946e-02
3.020000e+02 2.667957e-02
3.030000e+02 2.686030e-02
3.040000e+02 2.704165e-02
3.050000e+02 2.722363e-02
3.060000e+02 2.740623e-02
3.070000e+02 2.758946e-02
3.080000e+02 2.777330e-02
3.090000e+02 2.795777e-02
3.100000e+02 2.814287e-02
3.110000e+02 2.832859e-02
3.120000e+02 2.851493e-02
3.130000e+02 2.870189e-02
3.140000e+02 2.888948e-02
3.150000e+02 2.907769e-02
3.160000e+02 2.926653e-02
3.170000e+02 2.945599e-02
3.180000e+02 2.964607e-02
3.190000e+02 2.983678e-02
3.200000e+02 3.002811e-02
3.210000e+02 3.022006e-02
3.220000e+02 3.041264e-02
3.230000e+02 3.060585e-02
3.240000e+02 3.079968e-02
3.250000e+02 3.099413e-02
3.260000e+02 3.118921e-02
3.270000e+02 3.138491e-02
3.280000e+02 3.158124e-02
3.290000e+02 3.177819e-02
3.300000e+02 3.197577e-02
3.310000e+02 3.217397e-02
3.320000e+02 3.237280e-02
3.330000e+02 3.257225e-02
3.340000e+02 3.277233e-02
3.350000e+02 3.297304e-02
3.360000e+02 3.317437e-02
3.370000e+02 3.337632e-02
3.380000e+02 3.357890e-02
3.390000e+02 3.378211e-02
3.400000e+02 3.398594e-02
3.410000e+02 3.419040e-02
3.420000e+02 3.439548e-02
3.430000e+02 3.460119e-02
3.440000e+02 3.480752e-02
3.450000e+02 3.501449e-02
3.460000e+02 3.522207e-02
3.470000e+02 3.543029e-02
3.480000e+02 3.563913e-02
3.490000e+02 3.584860e-02
3.500000e+02 3.605869e-02
3.510000e+02 3.626941e-02
3.520000e+02 3.648076e-02
3.530000e+02 3.669273e-02
3.540000e+02 3.690533e-02
3.550000e+02 3.711856e-02
3.560000e+02 3.733241e-02
3.570000e+02 3.754689e-02
3.580000e+02 3.776200e-02
3.590000e+02 3.797774e-02
3.600000e+02 3.819410e-02
3.610000e+02 3.841109e-02
3.620000e+02 3.862871e-02
3.630000e+02 3.884695e-02
3.640000e+02 3.906583e-02
3.650000e+02 3.928533e-02
3.660000e+02 3.950546e-02
3.670000e+02 3.972621e-02
3.680000e+02 3.994760e-02
3.690000e+02 4.016961e-02
3.700000e+02 4.039225e-02
3.710000e+02 4.061552e-02
3.720000e+02 4.083941e-02
3.730000e+02 4.106394e-02
3.740000e+02 4.128909e-02
3.750000e+02 4.151487e-02
3.760000e+02 4.174128e-02
3.770000e+02 4.196832e-02
3.780000e+02 4.219598e-02
3.790000e+02 4.242428e-02
3.800000e+02 4.265320e-02
3.810000e+02 4.288276e-02
3.820000e+02 4.311294e-02
3.830000e+02 4.334375e-02
3.840000e+02 4.357519e-02
3.850000e+02 4.380726e-02
3.860000e+02 4.403996e-02
3.870000e+02 4.427328e-02
3.880000e+02 4.450724e-02
3.890000e+02 4.474183e-02
3.900000e+02 4.497704e-02
3.910000e+02 4.521289e-02
3.920000e+02 4.544936e-02
3.930000e+02 4.568646e-02
3.940000e+02 4.592420e-02
3.950000e+02 4.616256e-02
3.960000e+02 4.640155e-02
3.970000e+02 4.664118e-02
3.980000e+02 4.688143e-02
3.990000e+02 4.712231e-02
4.000000e+02 4.736383e-02
4.010000e+02 4.760597e-02
4.020000e+02 4.784874e-02
4.030000e+02 4.809215e-02
4.040000e+02 4.833618e-02
4.050000e+02 4.858085e-02
4.060000e+02 4.882614e-02
4.070000e+02 4.907207e-02
4.080000e+02 4.931863e-02
4.090000e+02 4.956581e-02
4.100000e+02 4.981363e-02
4.110000e+02 5.006208e-02
4.120000e+02 5.031116e-02
4.130000e+02 5.056087e-02
4.140000e+02 5.081121e-02
4.150000e+02 5.106219e-02
4.160000e+02 5.131379e-02
4.170000e+02 5.156603e-02
4.180000e+02 5.181889e-02
4.190000e+02 5.207239e-02
4.200000e+02 5.232652e-02
4.210000e+02 5.258128e-02
4.220000e+02 5.283667e-02
4.230000e+02 5.309270e-02
4.240000e+02 5.334935e-02
4.250000e+02 5.360664e-02
4.260000e+02 5.386456e-02
4.270000e+02 5.412311e-02
4.280000e+02 5.438229e-02
4.290000e+02 5.464211e-02
4.300000e+02 5.490256e-02
4.310000e+02 5.516364e-02
4.320000e+02 5.542535e-02
4.330000e+02 5.568769e-02
4.340000e+02 5.595067e-02
4.350000e+02 5.621427e-02
4.360000e+02 5.647852e-02
4.370000e+02 5.674339e-02
4.380000e+02 5.700889e-02
4.390000e+02 5.727503e-02
4.400000e+02 5.754180e-02
4.410000e+02 5.780921e-02
4.420000e+02 5.807724e-02
4.430000e+02 5.834591e-02
4.440000e+02 5.861522e-02
4.450000e+02 5.888515e-02
4.460000e+02 5.915572e-02
4.470000e+02 5.942692e-02
4.480000e+02 5.969876e-02
4.490000e+02 5.997123e-02
4.500000e+02 6.024433e-02
4.510000e+02 6.051806e-02
4.520000e+02 6.079243e-02
4.530000e+02 6.106743e-02
4.540000e+02 6.134307e-02
4.550000e+02 6.161933e-02
4.560000e+02 6.189624e-02
4.570000e+02 6.217377e-02
4.580000e+02 6.245194e-02
4.590000e+02 6.273075e-02
4.600000e+02 6.301018e-02
4.610000e+02 6.329026e-02
4.620000e+02 6.357096e-02
4.630000e+02 6.385230e-02
4.640000e+02 6.413427e-02
4.650000e+02 6.441688e-02
4.660000e+02 6.470012e-02
4.670000e+02 6.498400e-02
4.680000e+02 6.526851e-02
4.690000e+02 6.555366e-02
4.700000e+02 6.583943e-02
4.710000e+02 6.612585e-02
4.720000e+02 6.641290e-02
4.730000e+02 6.670058e-02
4.740000e+02 6.698890e-02
4.750000e+02 6.727785e-02
4.760000e+02 6.756744e-02
4.770000e+02 6.785766e-02
4.780000e+02 6.814852e-02
4.790000e+02 6.844001e-02
4.800000e+02 6.873214e-02
4.810000e+02 6.902490e-02
4.820000e+02 6.931830e-02
4.830000e+02 6.961233e-02
4.840000e+02 6.990700e-02
4.850000e+02 7.020230e-02
4.860000e+02 7.049824e-02
4.870000e+02 7.079481e-02
4.880000e+02 7.109202e-02
4.890000e+02 7.138987e-02
4.900000e+02 7.168835e-02
4.910000e+02 7.198747e-02
4.920000e+02 7.228722e-02
4.930000e+02 7.258761e-02
4.940000e+02 7.288863e-02
4.950000e+02 7.319029e-02
4.960000e+02 7.349259e-02
4.970000e+02 7.379552e-02
4.980000e+02 7.409908e-02
4.990000e+02 7.440329e-02
5.000000e+02 7.470813e-02
5.010000e+02 7.501360e-02
5.020000e+02 7.531972e-02
5.030000e+02 7.562646e-02
5.040000e+02 7.593385e-02
5.050000e+02 7.624187e-02
5.060000e+02 7.655053e-02
5.070000e+02 7.685982e-02
5.080000e+02 7.716975e-02
5.090000e+02 7.748032e-02
5.100000e+02 7.779153e-02
5.110000e+02 7.810337e-02
5.120000e+02 7.841584e-02
5.130000e+02 7.872896e-02
5.140000e+02 7.904271e-02
5.150000e+02 7.935710e-02
5.160000e+02 7.967212e-02
5.170000e+02 7.998779e-02
5.180000e+02 8.030409e-02
5.190000e+02 8.062102e-02
5.200000e+02 8.093860e-02
5.210000e+02 8.125681e-02
5.220000e+02 8.157566e-02
5.230000e+02 8.189514e-02
5.240000e+02 8.221527e-02
5.250000e+02 8.253603e-02
5.260000e+02 8.285743e-02
5.270000e+02 8.317946e-02
5.280000e+02 8.350214e-02
5.290000e+02 8.382545e-02
5.300000e+02 8.414940e-02
5.310000e+02 8.447398e-02
5.320000e+02 8.479921e-02
5.330000e+02 8.512507e-02
5.340000e+02 8.545157e-02
5.350000e+02 8.577871e-02
5.360000e+02 8.610649e-02
5.370000e+02 8.643490e-02
5.380000e+02 8.676395e-02
5.390000e+02 8.709364e-02
5.400000e+02 8.742397e-02
5.410000e+02 8.775494e-02
5.420000e+02 8.808655e-02
5.430000e+02 8.841879e-02
5.440000e+02 8.875167e-02
5.450000e+02 8.908520e-02
5.460000e+02 8.941936e-02
5.470000e+02 8.975415e-02
5.480000e+02 9.008959e-02
5.490000e+02 9.042567e-02
5.500000e+02 9.076238e-02
5.510000e+02 9.109973e-02
5.520000e+02 9.143773e-02
5.530000e+02 9.177636e-02
5.540000e+02 9.211563e-02
5.550000e+02 9.245554e-02
5.560000e+02 9.279608e-02
5.570000e+02 9.313727e-02
5.580000e+02 9.347910e-02
5.590000e+02 9.382156e-02
5.600000e+02 9.416467e-02
5.610000e+02 9.450841e-02
5.620000e+02 9.485280e-02
5.630000e+02 9.519782e-02
5.640000e+02 9.554348e-02
5.650000e+02 9.588978e-02
5.660000e+02 9.623672e-02
5.670000e+02 9.658430e-02
5.680000e+02 9.693253e-02
5.690000e+02 9.728139e-02
5.700000e+02 9.763089e-02
5.710000e+02 9.798102e-02
5.720000e+02 9.833180e-02
5.730000e+02 9.868322e-02
5.740000e+02 9.903528e-02
5.750000e+02 9.938798e-02
5.760000e+02 9.974132e-02
5.770000e+02 1.000953e-01
5.780000e+02 1.004499e-01
5.790000e+02 1.008052e-01
5.800000e+02 1.011611e-01
5.810000e+02 1.015176e-01
5.820000e+02 1.018748e-01
5.830000e+02 1.022326e-01
5.840000e+02 1.025911e-01
5.850000e+02 1.029502e-01
5.860000e+02 1.033099e-01
5.870000e+02 1.036703e-01
5.880000e+02 1.040313e-01
5.890000e+02 1.043930e-01
5.900000e+02 1.047553e-01
5.910000e+02 1.051182e-01
5.920000e+02 1.054818e-01
5.930000e+02 1.058461e-01
5.940000e+02 1.062109e-01
5.950000e+02 1.065764e-01
5.960000e+02 1.069426e-01
5.970000e+02 1.073094e-01
5.980000e+02 1.076768e-01
5.990000e+02 1.080449e-01
6.000000e+02 1.084223e-01
6.010000e+02 1.088117e-01
6.020000e+02 1.092018e-01
6.030000e+02 1.095927e-01
6.040000e+02 1.099843e-01
6.050000e+02 1.103767e-01
6.060000e+02 1.107698e-01
6.070000e+02 1.111637e-01
6.080000e+02 1.115583e-01
6.090000e+02 1.119537e-01
6.100000e+02 1.123498e-01
6.110000e+02 1.127467e-01
6.120000e+02 1.131443e-01
6.130000e+02 1.135426e-01
6.140000e+02 1.139418e-01
6.150000e+02 1.143416e-01
6.160000e+02 1.147422e-01
6.170000e+02 1.151436e-01
6.180000e+02 1.155457e-01
6.190000e+02 1.159486e-01
6.200000e+02 1.163522e-01
6.210000e+02 1.167566e-01
6.220000e+02 1.171617e-01
6.230000e+02 1.175676e-01
6.240000e+02 1.179742e-01
6.250000e+02 1.183816e-01
6.260000e+02 1.187897e-01
6.270000e+02 1.191986e-01
6.280000e+02 1.196082e-01
6.290000e+02 1.200186e-01
6.300000e+02 1.204297e-01
6.310000e+02 1.208416e-01
6.320000e+02 1.212543e-01
6.330000e+02 1.216677e-01
6.340000e+02 1.220818e-01
6.350000e+02 1.224967e-01
6.360000e+02 1.229124e-01
6.370000e+02 1.233288e-01
6.380000e+02 1.237460e-01
6.390000e+02 1.241639e-01
6.400000e+02 1.245826e-01
6.410000e+02 1.250020e-01
6.420000e+02 1.254222e-01
6.430000e+02 1.258431e-01
6.440000e+02 1.262648e-01
6.450000e+02 1.266873e-01
6.460000e+02 1.271105e-01
6.470000e+02 1.275344e-01
6.480000e+02 1.279592e-01
6.490000e+02 1.283846e-01
6.500000e+02 1.288109e-01
6.510000e+02 1.292379e-01
6.520000e+02 1.296656e-01
6.530000e+02 1.300941e-01
6.540000e+02 1.305234e-01
6.550000e+02 1.309534e-01
6.560000e+02 1.313842e-01
6.570000e+02 1.318157e-01
6.580000e+02 1.322480e-01
6.590000e+02 1.326811e-01
6.600000e+02 1.331149e-01
6.610000e+02 1.335494e-01
6.620000e+02 1.339848e-01
6.630000e+02 1.344208e-01
6.640000e+02 1.348577e-01
6.650000e+02 1.352953e-01
6.660000e+02 1.357337e-01
6.670000e+02 1.361728e-01
6.680000e+02 1.366127e-01
6.690000e+02 1.370533e-01
6.700000e+02 1.374947e-01
6.710000e+02 1.379369e-01
6.720000e+02 1.383798e-01
6.730000e+02 1.388235e-01
6.740000e+02 1.392679e-01
6.750000e+02 1.397131e-01
6.760000e+02 1.401591e-01
6.770000e+02 1.406058e-01
6.780000e+02 1.410533e-01
6.790000e+02 1.415015e-01
6.800000e+02 1.419506e-01
6.810000e+02 1.424003e-01
6.820000e+02 1.428509e-01
6.830000e+02 1.433022e-01
6.840000e+02 1.437542e-01
6.850000e+02 1.442070e-01
6.860000e+02 1.446606e-01
6.870000e+02 1.451150e-01
6.880000e+02 1.455701e-01
6.890000e+02 1.460260e-01
6.900000e+02 1.464826e-01
6.910000e+02 1.469400e-01
6.920000e+02 1.473982e-01
6.930000e+02 1.478571e-01
6.940000e+02 1.483168e-01
6.950000e+02 1.487773e-01
6.960000e+02 1.492385e-01
6.970000e+02 1.497005e-01
6.980000e+02 1.501632e-01
6.990000e+02 1.506267e-01
7.000000e+02 1.510910e-01
7.010000e+02 1.515561e-01
7.020000e+02 1.520219e-01
7.030000e+02 1.524885e-01
7.040000e+02 1.529558e-01
7.050000e+02 1.534239e-01
7.060000e+02 1.538928e-01
7.070000e+02 1.543624e-01
7.080000e+02 1.548329e-01
7.090000e+02 1.553040e-01
7.100000e+02 1.557760e-01
7.110000e+02 1.562487e-01
7.120000e+02 1.567222e-01
7.130000e+02 1.571964e-01
7.140000e+02 1.576714e-01
7.150000e+02 1.581472e-01
7.160000e+02 1.586238e-01
7.170000e+02 1.591011e-01
7.180000e+02 1.595792e-01
7.190000e+02 1.600580e-01
7.200000e+02 1.605376e-01
7.210000e+02 1.610180e-01
7.220000e+02 1.614992e-01
7.230000e+02 1.619811e-01
7.240000e+02 1.624638e-01
7.250000e+02 1.629473e-01
7.260000e+02 1.634315e-01
7.270000e+02 1.639165e-01
7.280000e+02 1.644023e-01
7.290000e+02 1.648888e-01
7.300000e+02 1.653761e-01
7.310000e+02 1.658642e-01
7.320000e+02 1.663531e-01
7.330000e+02 1.668427e-01
7.340000e+02 1.673331e-01
7.350000e+02 1.678243e-01
7.360000e+02 1.683162e-01
7.370000e+02 1.688089e-01
7.380000e+02 1.693024e-01
7.390000e+02 1.697967e-01
7.400000e+02 1.702917e-01
7.410000e+02 1.707875e-01
7.420000e+02 1.712841e-01
7.430000e+02 1.717814e-01
7.440000e+02 1.722795e-01
7.450000e+02 1.727784e-01
7.460000e+02 1.732781e-01
7.470000e+02 1.737785e-01
7.480000e+02 1.742797e-01
7.490000e+02 1.747817e-01
7.500000e+02 1.752844e-01
7.510000e+02 1.757880e-01
7.520000e+02 1.762923e-01
7.530000e+02 1.767973e-01
7.540000e+02 1.773032e-01
7.550000e+02 1.778098e-01
7.560000e+02 1.783172e-01
7.570000e+02 1.788254e-01
7.580000e+02 1.793343e-01
7.590000e+02 1.798440e-01
7.600000e+02 1.803545e-01
7.610000e+02 1.808658e-01
7.620000e+02 1.813778e-01
7.630000e+02 1.818907e-01
7.640000e+02 1.824043e-01
7.650000e+02 1.829186e-01
7.660000e+02 1.834338e-01
7.670000e+02 1.839497e-01
7.680000e+02 1.844664e-01
7.690000e+02 1.849839e-01
7.700000e+02 1.855021e-01
7.710000e+02 1.860212e-01
7.720000e+02 1.865410e-01
7.730000e+02 1.870615e-01
7.740000e+02 1.875829e-01
7.750000e+02 1.881050e-01
7.760000e+02 1.886280e-01
7.770000e+02 1.891517e-01
7.780000e+02 1.896761e-01
7.790000e+02 1.902014e-01
7.800000e+02 1.907274e-01
7.810000e+02 1.912542e-01
7.820000e+02 1.917818e-01
7.830000e+02 1.923101e-01
7.840000e+02 1.928393e-01
7.850000e+02 1.933692e-01
7.860000e+02 1.938999e-01
7.870000e+02 1.944314e-01
7.880000e+02 1.949636e-01
7.890000e+02 1.954967e-01
7.900000e+02 1.960305e-01
7.910000e+02 1.965651e-01
7.920000e+02 1.971005e-01
7.930000e+02 1.976366e-01
7.940000e+02 1.981735e-01
7.950000e+02 1.987113e-01
7.960000e+02 1.992497e-01
7.970000e+02 1.997890e-01
7.980000e+02 2.003291e-01
7.990000e+02 2.008699e-01
8.000000e+02 2.014115e-01
8.010000e+02 2.019539e-01
8.020000e+02 2.024971e-01
8.030000e+02 2.030411e-01
8.040000e+02 2.035858e-01
8.050000e+02 2.041314e-01
8.060000e+02 2.046777e-01
8.070000e+02 2.052248e-01
8.080000e+02 2.057726e-01
8.090000e+02 2.063213e-01
8.100000e+02 2.068707e-01
8.110000e+02 2.074209e-01
8.120000e+02 2.079719e-01
8.130000e+02 2.085237e-01
8.140000e+02 2.090763e-01
8.150000e+02 2.096297e-01
8.160000e+02 2.101838e-01
8.170000e+02 2.107387e-01
8.180000e+02 2.112944e-01
8.190000e+02 2.118509e-01
8.200000e+02 2.124082e-01
8.210000e+02 2.129662e-01
8.220000e+02 2.135251e-01
8.230000e+02 2.140847e-01
8.240000e+02 2.146451e-01
8.250000e+02 2.152063e-01
8.260000e+02 2.157683e-01
8.270000e+02 2.163310e-01
8.280000e+02 2.168946e-01
8.290000e+02 2.174589e-01
8.300000e+02 2.180241e-01
8.310000e+02 2.185900e-01
8.320000e+02 2.191567e-01
8.330000e+02 2.197241e-01
8.340000e+02 2.202924e-01
8.350000e+02 2.208614e-01
8.360000e+02 2.214313e-01
8.370000e+02 2.220019e-01
8.380000e+02 2.225733e-01
8.390000e+02 2.231455e-01
8.400000e+02 2.237185e-01
8.410000e+02 2.242923e-01
8.420000e+02 2.248668e-01
8.430000e+02 2.254422e-01
8.440000e+02 2.260183e-01
8.450000e+02 2.265952e-01
8.460000e+02 2.271729e-01
8.470000e+02 2.277514e-01
8.480000e+02 2.283307e-01
8.490000e+02 2.289108e-01
8.500000e+02 2.294917e-01
8.510000e+02 2.300733e-01
8.520000e+02 2.306558e-01
8.530000e+02 2.312390e-01
8.540000e+02 2.318230e-01
8.550000e+02 2.324078e-01
8.560000e+02 2.329934e-01
8.570000e+02 2.335798e-01
8.580000e+02 2.341670e-01
8.590000e+02 2.347549e-01
8.600000e+02 2.353437e-01
8.610000e+02 2.359332e-01
8.620000e+02 2.365236e-01
8.630000e+02 2.371147e-01
8.640000e+02 2.377066e-01
8.650000e+02 2.382993e-01
8.660000e+02 2.388928e-01
8.670000e+02 2.394871e-01
8.680000e+02 2.400822e-01
8.690000e+02 2.406780e-01
8.700000e+02 2.412747e-01
8.710000e+02 2.418722e-01
8.720000e+02 2.424704e-01
8.730000e+02 2.430694e-01
8.740000e+02 2.436693e-01
8.750000e+02 2.442699e-01
8.760000e+02 2.448713e-01
8.770000e+02 2.454735e-01
8.780000e+02 2.460765e-01
8.790000e+02 2.466803e-01
8.800000e+02 2.472849e-01
8.810000e+02 2.478902e-01
8.820000e+02 2.484964e-01
8.830000e+02 2.491034e-01
8.840000e+02 2.497111e-01
8.850000e+02 2.503197e-01
8.860000e+02 2.509290e-01
8.870000e+02 2.515391e-01
8.880000e+02 2.521501e-01
8.890000e+02 2.527618e-01
8.900000e+02 2.533743e-01
8.910000e+02 2.539876e-01
8.920000e+02 2.546017e-01
8.930000e+02 2.552166e-01
8.940000e+02 2.558323e-01
8.950000e+02 2.564488e-01
8.960000e+02 2.570661e-01
8.970000e+02 2.576842e-01
8.980000e+02 2.583030e-01
8.990000e+02 2.589227e-01
9.000000e+02 2.595432e-01
9.010000e+02 2.601644e-01
9.020000e+02 2.607865e-01
9.030000e+02 2.614093e-01
9.040000e+02 2.620330e-01
9.050000e+02 2.626574e-01
9.060000e+02 2.632827e-01
9.070000e+02 2.639087e-01
9.080000e+02 2.645355e-01
9.090000e+02 2.651632e-01
9.100000e+02 2.657916e-01
9.110000e+02 2.664208e-01
9.120000e+02 2.670508e-01
9.130000e+02 2.676816e-01
9.140000e+02 2.683133e-01
9.150000e+02 2.689457e-01
9.160000e+02 2.695789e-01
9.170000e+02 2.702129e-01
9.180000e+02 2.708477e-01
9.190000e+02 2.714833e-01
9.200000e+02 2.721197e-01
9.210000e+02 2.727569e-01
9.220000e+02 2.733949e-01
9.230000e+02 2.740337e-01
9.240000e+02 2.746733e-01
9.250000e+02 2.753137e-01
9.260000e+02 2.759549e-01
9.270000e+02 2.765969e-01
9.280000e+02 2.772397e-01
9.290000e+02 2.778832e-01
9.300000e+02 2.785276e-01
9.310000e+02 2.791728e-01
9.320000e+02 2.798188e-01
9.330000e+02 2.804656e-01
9.340000e+02 2.811132e-01
9.350000e+02 2.817616e-01
9.360000e+02 2.824108e-01
9.370000e+02 2.830608e-01
9.380000e+02 2.837116e-01
9.390000e+02 2.843632e-01
9.400000e+02 2.850155e-01
9.410000e+02 2.856687e-01
9.420000e+02 2.863227e-01
9.430000e+02 2.869775e-01
9.440000e+02 2.876331e-01
9.450000e+02 2.882895e-01
9.460000e+02 2.889467e-01
9.470000e+02 2.896047e-01
9.480000e+02 2.902635e-01
9.490000e+02 2.909231e-01
9.500000e+02 2.915835e-01
9.510000e+02 2.922448e-01
9.520000e+02 2.929068e-01
9.530000e+02 2.935696e-01
9.540000e+02 2.942332e-01
9.550000e+02 2.948976e-01
9.560000e+02 2.955628e-01
9.570000e+02 2.962289e-01
9.580000e+02 2.968957e-01
9.590000e+02 2.975633e-01
9.600000e+02 2.982318e-01
9.610000e+02 2.989010e-01
9.620000e+02 2.995710e-01
9.630000e+02 3.002419e-01
9.640000e+02 3.009135e-01
9.650000e+02 3.015860e-01
9.660000e+02 3.022593e-01
9.670000e+02 3.029333e-01
9.680000e+02 3.036082e-01
9.690000e+02 3.042839e-01
9.700000e+02 3.049603e-01
9.710000e+02 3.056376e-01
9.720000e+02 3.063157e-01
9.730000e+02 3.069946e-01
9.740000e+02 3.076743e-01
9.750000e+02 3.083548e-01
9.760000e+02 3.090361e-01
9.770000e+02 3.097182e-01
9.780000e+02 3.104011e-01
9.790000e+02 3.110849e-01
9.800000e+02 3.117694e-01
9.810000e+02 3.124547e-01
9.820000e+02 3.131409e-01
9.830000e+02 3.138278e-01
9.840000e+02 3.145156e-01
9.850000e+02 3.152042e-01
9.860000e+02 3.158935e-01
9.870000e+02 3.165837e-01
9.880000e+02 3.172747e-01
9.890000e+02 3.179665e-01
9.900000e+02 3.186591e-01
9.910000e+02 3.193525e-01
9.920000e+02 3.200467e-01
9.930000e+02 3.207417e-01
9.940000e+02 3.214376e-01
9.950000e+02 3.221342e-01
9.960000e+02 3.228316e-01
9.970000e+02 3.235299e-01
9.980000e+02 3.242290e-01
9.990000e+02 3.249288e-01
1.000000e+03 3.256878e-01
