0.000000e+00 0.000000e+00
1.000000e+00 5.618700e-06
2.000000e+00 7.719288e-06
3.000000e+00 1.122027e-05
4.000000e+00 1.612165e-05
5.000000e+00 2.242343e-05
6.000000e+00 3.012563e-05
7.000000e+00 3.922826e-05
8.000000e+00 4.973132e-05
9.000000e+00 6.163485e-05
1.000000e+01 7.493885e-05
1.100000e+01 8.964334e-05
1.200000e+01 1.057484e-04
1.300000e+01 1.232539e-04
1.400000e+01 1.421600e-04
1.500000e+01 1.624668e-04
1.600000e+01 1.841741e-04
1.700000e+01 2.072821e-04
1.800000e+01 2.317908e-04
1.900000e+01 2.577003e-04
2.000000e+01 2.850105e-04
2.100000e+01 3.137215e-04
2.200000e+01 3.438334e-04
2.300000e+01 3.753462e-04
2.400000e+01 4.082599e-04
2.500000e+01 4.425746e-04
2.600000e+01 4.782904e-04
2.700000e+01 5.154073e-04
2.800000e+01 5.539254e-04
2.900000e+01 5.938446e-04
3.000000e+01 6.351652e-04
3.100000e+01 6.778871e-04
3.200000e+01 7.220104e-04
3.300000e+01 7.675352e-04
3.400000e+01 8.144615e-04
3.500000e+01 8.627895e-04
3.600000e+01 9.125191e-04
3.700000e+01 9.636505e-04
3.800000e+01 1.016184e-03
3.900000e+01 1.070119e-03
4.000000e+01 1.125456e-03
4.100000e+01 1.182195e-03
4.200000e+01 1.240337e-03
4.300000e+01 1.299880e-03
4.400000e+01 1.360827e-03
4.500000e+01 1.423175e-03
4.600000e+01 1.486926e-03
4.700000e+01 1.552080e-03
4.800000e+01 1.618636e-03
4.900000e+01 1.686595e-03
5.000000e+01 1.755957e-03
5.100000e+01 1.826723e-03
5.200000e+01 1.898891e-03
5.300000e+01 1.972463e-03
5.400000e+01 2.047438e-03
5.500000e+01 2.123816e-03
5.600000e+01 2.201598e-03
5.700000e+01 2.280784e-03
5.800000e+01 2.361374e-03
5.900000e+01 2.443367e-03
6.000000e+01 2.526765e-03
6.100000e+01 2.611567e-03
6.200000e+01 2.697773e-03
6.300000e+01 2.785384e-03
6.400000e+01 2.874399e-03
6.500000e+01 2.964819e-03
6.600000e+01 3.056644e-03
6.700000e+01 3.149874e-03
6.800000e+01 3.244509e-03
6.900000e+01 3.340549e-03
7.000000e+01 3.437995e-03
7.100000e+01 3.536846e-03
7.200000e+01 3.637104e-03
7.300000e+01 3.738767e-03
7.400000e+01 3.841836e-03
7.500000e+01 3.946311e-03
7.600000e+01 4.052192e-03
7.700000e+01 4.159481e-03
7.800000e+01 4.268175e-03
7.900000e+01 4.378277e-03
8.000000e+01 4.489786e-03
8.100000e+01 4.602702e-03
8.200000e+01 4.717025e-03
8.300000e+01 4.832756e-03
8.400000e+01 4.949894e-03
8.500000e+01 5.068440e-03
8.600000e+01 5.188395e-03
8.700000e+01 5.309757e-03
8.800000e+01 5.432528e-03
8.900000e+01 5.556708e-03
9.000000e+01 5.682297e-03
9.100000e+01 5.809294e-03
9.200000e+01 5.937701e-03
9.300000e+01 6.067517e-03
9.400000e+01 6.198742e-03
9.500000e+01 6.331377e-03
9.600000e+01 6.465423e-03
9.700000e+01 6.600878e-03
9.800000e+01 6.737744e-03
9.900000e+01 6.876020e-03
1.000000e+02 7.015708e-03
1.010000e+02 7.157010e-03
1.020000e+02 7.299724e-03
1.030000e+02 7.443850e-03
1.040000e+02 7.589388e-03
1.050000e+02 7.736337e-03
1.060000e+02 7.884699e-03
1.070000e+02 8.034472e-03
1.080000e+02 8.185658e-03
1.090000e+02 8.338255e-03
1.100000e+02 8.492265e-03
1.110000e+02 8.647687e-03
1.120000e+02 8.804521e-03
1.130000e+02 8.962767e-03
1.140000e+02 9.122425e-03
1.150000e+02 9.283496e-03
1.160000e+02 9.445980e-03
1.170000e+02 9.609876e-03
1.180000e+02 9.775184e-03
1.190000e+02 9.941905e-03
1.200000e+02 1.011004e-02
1.210000e+02 1.027958e-02
1.220000e+02 1.045054e-02
1.230000e+02 1.062292e-02
1.240000e+02 1.079670e-02
1.250000e+02 1.097190e-02
1.260000e+02 1.114851e-02
1.270000e+02 1.132653e-02
1.280000e+02 1.150597e-02
1.290000e+02 1.168682e-02
1.300000e+02 1.186908e-02
1.310000e+02 1.205275e-02
1.320000e+02 1.223784e-02
1.330000e+02 1.242434e-02
1.340000e+02 1.261226e-02
1.350000e+02 1.280159e-02
1.360000e+02 1.299233e-02
1.370000e+02 1.318448e-02
1.380000e+02 1.337805e-02
1.390000e+02 1.357303e-02
1.400000e+02 1.376943e-02
1.410000e+02 1.396724e-02
1.420000e+02 1.416646e-02
1.430000e+02 1.436709e-02
1.440000e+02 1.456914e-02
1.450000e+02 1.477261e-02
1.460000e+02 1.497748e-02
1.470000e+02 1.518377e-02
1.480000e+02 1.539148e-02
1.490000e+02 1.560060e-02
1.500000e+02 1.581113e-02
1.510000e+02 1.602308e-02
1.520000e+02 1.623644e-02
1.530000e+02 1.645121e-02
1.540000e+02 1.666740e-02
1.550000e+02 1.688500e-02
1.560000e+02 1.710402e-02
1.570000e+02 1.732445e-02
1.580000e+02 1.754629e-02
1.590000e+02 1.776955e-02
1.600000e+02 1.799422e-02
1.610000e+02 1.822031e-02
1.620000e+02 1.844781e-02
1.630000e+02 1.867673e-02
1.640000e+02 1.890706e-02
1.650000e+02 1.913881e-02
1.660000e+02 1.937196e-02
1.670000e+02 1.960654e-02
1.680000e+02 1.984253e-02
1.690000e+02 2.007993e-02
1.700000e+02 2.031875e-02
1.710000e+02 2.055898e-02
1.720000e+02 2.080063e-02
1.730000e+02 2.104369e-02
1.740000e+02 2.128816e-02
1.750000e+02 2.153406e-02
1.760000e+02 2.178136e-02
1.770000e+02 2.203008e-02
1.780000e+02 2.228022e-02
1.790000e+02 2.253177e-02
1.800000e+02 2.278473e-02
1.810000e+02 2.303911e-02
1.820000e+02 2.329491e-02
1.830000e+02 2.355212e-02
1.840000e+02 2.381074e-02
1.850000e+02 2.407078e-02
1.860000e+02 2.433224e-02
1.870000e+02 2.459511e-02
1.880000e+02 2.485940e-02
1.890000e+02 2.512510e-02
1.900000e+02 2.539221e-02
1.910000e+02 2.566074e-02
1.920000e+02 2.593069e-02
1.930000e+02 2.620205e-02
1.940000e+02 2.647483e-02
1.950000e+02 2.674902e-02
1.960000e+02 2.702463e-02
1.970000e+02 2.730166e-02
1.980000e+02 2.758009e-02
1.990000e+02 2.785995e-02
2.000000e+02 2.814122e-02
2.010000e+02 2.842390e-02
2.020000e+02 2.870801e-02
2.030000e+02 2.899352e-02
2.040000e+02 2.928045e-02
2.050000e+02 2.956880e-02
2.060000e+02 2.985857e-02
2.070000e+02 3.014975e-02
2.080000e+02 3.044234e-02
2.090000e+02 3.073635e-02
2.100000e+02 3.103178e-02
2.110000e+02 3.132862e-02
2.120000e+02 3.162688e-02
2.130000e+02 3.192655e-02
2.140000e+02 3.222764e-02
2.150000e+02 3.253015e-02
2.160000e+02 3.283407e-02
2.170000e+02 3.313941e-02
2.180000e+02 3.344616e-02
2.190000e+02 3.375433e-02
2.200000e+02 3.406392e-02
2.210000e+02 3.437492e-02
2.220000e+02 3.468734e-02
2.230000e+02 3.500117e-02
2.240000e+02 3.531642e-02
2.250000e+02 3.563309e-02
2.260000e+02 3.595117e-02
2.270000e+02 3.627067e-02
2.280000e+02 3.659159e-02
2.290000e+02 3.691392e-02
2.300000e+02 3.723767e-02
2.310000e+02 3.756530e-02
2.320000e+02 3.789817e-02
2.330000e+02 3.823254e-02
2.340000e+02 3.856841e-02
2.350000e+02 3.890577e-02
2.360000e+02 3.924464e-02
2.370000e+02 3.958500e-02
2.380000e+02 3.992687e-02
2.390000e+02 4.027024e-02
2.400000e+02 4.061510e-02
2.410000e+02 4.096147e-02
2.420000e+02 4.130934e-02
2.430000e+02 4.165871e-02
2.440000e+02 4.200958e-02
2.450000e+02 4.236196e-02
2.460000e+02 4.271583e-02
2.470000e+02 4.307121e-02
2.480000e+02 4.342809e-02
2.490000e+02 4.378648e-02
2.500000e+02 4.414637e-02
2.510000e+02 4.450776e-02
2.520000e+02 4.487065e-02
2.530000e+02 4.523505e-02
2.540000e+02 4.560096e-02
2.550000e+02 4.596837e-02
2.560000e+02 4.633728e-02
2.570000e+02 4.670770e-02
2.580000e+02 4.707962e-02
2.590000e+02 4.745305e-02
2.600000e+02 4.782799e-02
2.610000e+02 4.820443e-02
2.620000e+02 4.858237e-02
2.630000e+02 4.896183e-02
2.640000e+02 4.934279e-02
2.650000e+02 4.972526e-02
2.660000e+02 5.010923e-02
2.670000e+02 5.049471e-02
2.680000e+02 5.088170e-02
2.690000e+02 5.127020e-02
2.700000e+02 5.166021e-02
2.710000e+02 5.205172e-02
2.720000e+02 5.244475e-02
2.730000e+02 5.283928e-02
2.740000e+02 5.323532e-02
2.750000e+02 5.363287e-02
2.760000e+02 5.403193e-02
2.770000e+02 5.443250e-02
2.780000e+02 5.483458e-02
2.790000e+02 5.523817e-02
2.800000e+02 5.564327e-02
2.810000e+02 5.604989e-02
2.820000e+02 5.645801e-02
2.830000e+02 5.686764e-02
2.840000e+02 5.727879e-02
2.850000e+02 5.769145e-02
2.860000e+02 5.810561e-02
2.870000e+02 5.852130e-02
2.880000e+02 5.893849e-02
2.890000e+02 5.935720e-02
2.900000e+02 5.977741e-02
2.910000e+02 6.019915e-02
2.920000e+02 6.062239e-02
2.930000e+02 6.104715e-02
2.940000e+02 6.147342e-02
2.950000e+02 6.190121e-02
2.960000e+02 6.233051e-02
2.970000e+02 6.276132e-02
2.980000e+02 6.319365e-02
2.990000e+02 6.362750e-02
3.000000e+02 6.406285e-02
3.010000e+02 6.449973e-02
3.020000e+02 6.493812e-02
3.030000e+02 6.537802e-02
3.040000e+02 6.581944e-02
3.050000e+02 6.626238e-02
3.060000e+02 6.670683e-02
3.070000e+02 6.715280e-02
3.080000e+02 6.760029e-02
3.090000e+02 6.804929e-02
3.100000e+02 6.849981e-02
3.110000e+02 6.895185e-02
3.120000e+02 6.940540e-02
3.130000e+02 6.986047e-02
3.140000e+02 7.031706e-02
3.150000e+02 7.077517e-02
3.160000e+02 7.123480e-02
3.170000e+02 7.169594e-02
3.180000e+02 7.215861e-02
3.190000e+02 7.262279e-02
3.200000e+02 7.308849e-02
3.210000e+02 7.355571e-02
3.220000e+02 7.402445e-02
3.230000e+02 7.449471e-02
3.240000e+02 7.496649e-02
3.250000e+02 7.543979e-02
3.260000e+02 7.591461e-02
3.270000e+02 7.639095e-02
3.280000e+02 7.686881e-02
3.290000e+02 7.734820e-02
3.300000e+02 7.782910e-02
3.310000e+02 7.831152e-02
3.320000e+02 7.879547e-02
3.330000e+02 7.928094e-02
3.340000e+02 7.976793e-02
3.350000e+02 8.025644e-02
3.360000e+02 8.074647e-02
3.370000e+02 8.123803e-02
3.380000e+02 8.173111e-02
3.390000e+02 8.222571e-02
3.400000e+02 8.272183e-02
3.410000e+02 8.321948e-02
3.420000e+02 8.371865e-02
3.430000e+02 8.421935e-02
3.440000e+02 8.472157e-02
3.450000e+02 8.522531e-02
3.460000e+02 8.573057e-02
3.470000e+02 8.623737e-02
3.480000e+02 8.674568e-02
3.490000e+02 8.725552e-02
3.500000e+02 8.776689e-02
3.510000e+02 8.827978e-02
3.520000e+02 8.879419e-02
3.530000e+02 8.931013e-02
3.540000e+02 8.982760e-02
3.550000e+02 9.034659e-02
3.560000e+02 9.086711e-02
3.570000e+02 9.138915e-02
3.580000e+02 9.191272e-02
3.590000e+02 9.243782e-02
3.600000e+02 9.296444e-02
3.610000e+02 9.349259e-02
3.620000e+02 9.402227e-02
3.630000e+02 9.455347e-02
3.640000e+02 9.508620e-02
3.650000e+02 9.562046e-02
3.660000e+02 9.615625e-02
3.670000e+02 9.669356e-02
3.680000e+02 9.723241e-02
3.690000e+02 9.777278e-02
3.700000e+02 9.831468e-02
3.710000e+02 9.885811e-02
3.720000e+02 9.940306e-02
3.730000e+02 9.994955e-02
3.740000e+02 1.004976e-01
3.750000e+02 1.010471e-01
3.760000e+02 1.015982e-01
3.770000e+02 1.021508e-01
3.780000e+02 1.027049e-01
3.790000e+02 1.032606e-01
3.800000e+02 1.038178e-01
3.810000e+02 1.043765e-01
3.820000e+02 1.049368e-01
3.830000e+02 1.054985e-01
3.840000e+02 1.060619e-01
3.850000e+02 1.066267e-01
3.860000e+02 1.071931e-01
3.870000e+02 1.077610e-01
3.880000e+02 1.083304e-01
3.890000e+02 1.089014e-01
3.900000e+02 1.094739e-01
3.910000e+02 1.100479e-01
3.920000e+02 1.106235e-01
3.930000e+02 1.112006e-01
3.940000e+02 1.117792e-01
3.950000e+02 1.123594e-01
3.960000e+02 1.129411e-01
3.970000e+02 1.135243e-01
3.980000e+02 1.141091e-01
3.990000e+02 1.146954e-01
4.000000e+02 1.152832e-01
4.010000e+02 1.158726e-01
4.020000e+02 1.164635e-01
4.030000e+02 1.170559e-01
4.040000e+02 1.176499e-01
4.050000e+02 1.182454e-01
4.060000e+02 1.188424e-01
4.070000e+02 1.194410e-01
4.080000e+02 1.200411e-01
4.090000e+02 1.206428e-01
4.100000e+02 1.212459e-01
4.110000e+02 1.218506e-01
4.120000e+02 1.224569e-01
4.130000e+02 1.230647e-01
4.140000e+02 1.236740e-01
4.150000e+02 1.242848e-01
4.160000e+02 1.248972e-01
4.170000e+02 1.255112e-01
4.180000e+02 1.261266e-01
4.190000e+02 1.267436e-01
4.200000e+02 1.273621e-01
4.210000e+02 1.279822e-01
4.220000e+02 1.286038e-01
4.230000e+02 1.292270e-01
4.240000e+02 1.298517e-01
4.250000e+02 1.304779e-01
4.260000e+02 1.311056e-01
4.270000e+02 1.317349e-01
4.280000e+02 1.323658e-01
4.290000e+02 1.329981e-01
4.300000e+02 1.336320e-01
4.310000e+02 1.342675e-01
4.320000e+02 1.349045e-01
4.330000e+02 1.355430e-01
4.340000e+02 1.361831e-01
4.350000e+02 1.368247e-01
4.360000e+02 1.374678e-01
4.370000e+02 1.381125e-01
4.380000e+02 1.387587e-01
4.390000e+02 1.394065e-01
4.400000e+02 1.400558e-01
4.410000e+02 1.407066e-01
4.420000e+02 1.413590e-01
4.430000e+02 1.420129e-01
4.440000e+02 1.426684e-01
4.450000e+02 1.433254e-01
4.460000e+02 1.439839e-01
4.470000e+02 1.446440e-01
4.480000e+02 1.453056e-01
4.490000e+02 1.459688e-01
4.500000e+02 1.466335e-01
4.510000e+02 1.472997e-01
4.520000e+02 1.479675e-01
4.530000e+02 1.486368e-01
4.540000e+02 1.493077e-01
4.550000e+02 1.499801e-01
4.560000e+02 1.506540e-01
4.570000e+02 1.513295e-01
4.580000e+02 1.520066e-01
4.590000e+02 1.526852e-01
4.600000e+02 1.533653e-01
4.610000e+02 1.540469e-01
4.620000e+02 1.547302e-01
4.630000e+02 1.554149e-01
4.640000e+02 1.561012e-01
4.650000e+02 1.567890e-01
4.660000e+02 1.574784e-01
4.670000e+02 1.581693e-01
4.680000e+02 1.588618e-01
4.690000e+02 1.595558e-01
4.700000e+02 1.602514e-01
4.710000e+02 1.609485e-01
4.720000e+02 1.616471e-01
4.730000e+02 1.623473e-01
4.740000e+02 1.630490e-01
4.750000e+02 1.637523e-01
4.760000e+02 1.644571e-01
4.770000e+02 1.651635e-01
4.780000e+02 1.658714e-01
4.790000e+02 1.665809e-01
4.800000e+02 1.672919e-01
4.810000e+02 1.680044e-01
4.820000e+02 1.687185e-01
4.830000e+02 1.694341e-01
4.840000e+02 1.701513e-01
4.850000e+02 1.708701e-01
4.860000e+02 1.715903e-01
4.870000e+02 1.723122e-01
4.880000e+02 1.730355e-01
4.890000e+02 1.737604e-01
4.900000e+02 1.744869e-01
4.910000e+02 1.752149e-01
4.920000e+02 1.759445e-01
4.930000e+02 1.766756e-01
4.940000e+02 1.774082e-01
4.950000e+02 1.781424e-01
4.960000e+02 1.788782e-01
4.970000e+02 1.796154e-01
4.980000e+02 1.803543e-01
4.990000e+02 1.810947e-01
5.000000e+02 1.818366e-01
5.010000e+02 1.825801e-01
5.020000e+02 1.833251e-01
5.030000e+02 1.840717e-01
5.040000e+02 1.848198e-01
5.050000e+02 1.855695e-01
5.060000e+02 1.863207e-01
5.070000e+02 1.870735e-01
5.080000e+02 1.878278e-01
5.090000e+02 1.885837e-01
5.100000e+02 1.893411e-01
5.110000e+02 1.901001e-01
5.120000e+02 1.908606e-01
5.130000e+02 1.916227e-01
5.140000e+02 1.923863e-01
5.150000e+02 1.931515e-01
5.160000e+02 1.939182e-01
5.170000e+02 1.946865e-01
5.180000e+02 1.954563e-01
5.190000e+02 1.962277e-01
5.200000e+02 1.970006e-01
5.210000e+02 1.977750e-01
5.220000e+02 1.985511e-01
5.230000e+02 1.993286e-01
5.240000e+02 2.001078e-01
5.250000e+02 2.008884e-01
5.260000e+02 2.016707e-01
5.270000e+02 2.024544e-01
5.280000e+02 2.032398e-01
5.290000e+02 2.040266e-01
5.300000e+02 2.048151e-01
5.310000e+02 2.056051e-01
5.320000e+02 2.063966e-01
5.330000e+02 2.071897e-01
5.340000e+02 2.079843e-01
5.350000e+02 2.087805e-01
5.360000e+02 2.095783e-01
5.370000e+02 2.103776e-01
5.380000e+02 2.111784e-01
5.390000e+02 2.119808e-01
5.400000e+02 2.127848e-01
5.410000e+02 2.135903e-01
5.420000e+02 2.143973e-01
5.430000e+02 2.152060e-01
5.440000e+02 2.160161e-01
5.450000e+02 2.168279e-01
5.460000e+02 2.176411e-01
5.470000e+02 2.184560e-01
5.480000e+02 2.192723e-01
5.490000e+02 2.200903e-01
5.500000e+02 2.209098e-01
5.510000e+02 2.217308e-01
5.520000e+02 2.225534e-01
5.530000e+02 2.233776e-01
5.540000e+02 2.242033e-01
5.550000e+02 2.250306e-01
5.560000e+02 2.258594e-01
5.570000e+02 2.266897e-01
5.580000e+02 2.275217e-01
5.590000e+02 2.283552e-01
5.600000e+02 2.291902e-01
5.610000e+02 2.300268e-01
5.620000e+02 2.308649e-01
5.630000e+02 2.317047e-01
5.640000e+02 2.325459e-01
5.650000e+02 2.333887e-01
5.660000e+02 2.342331e-01
5.670000e+02 2.350790e-01
5.680000e+02 2.359265e-01
5.690000e+02 2.367756e-01
5.700000e+02 2.376262e-01
5.710000e+02 2.384783e-01
5.720000e+02 2.393320e-01
5.730000e+02 2.401873e-01
5.740000e+02 2.410441e-01
5.750000e+02 2.419025e-01
5.760000e+02 2.427625e-01
5.770000e+02 2.436239e-01
5.780000e+02 2.444870e-01
5.790000e+02 2.453516e-01
5.800000e+02 2.462178e-01
5.810000e+02 2.470855e-01
5.820000e+02 2.479548e-01
5.830000e+02 2.488256e-01
5.840000e+02 2.496980e-01
5.850000e+02 2.505720e-01
5.860000e+02 2.514475e-01
5.870000e+02 2.523246e-01
5.880000e+02 2.532032e-01
5.890000e+02 2.540834e-01
5.900000e+02 2.549652e-01
5.910000e+02 2.558485e-01
5.920000e+02 2.567334e-01
5.930000e+02 2.576198e-01
5.940000e+02 2.585078e-01
5.950000e+02 2.593973e-01
5.960000e+02 2.602884e-01
5.970000e+02 2.611811e-01
5.980000e+02 2.620753e-01
5.990000e+02 2.629711e-01
6.000000e+02 2.638897e-01
6.010000e+02 2.648374e-01
6.020000e+02 2.657870e-01
6.030000e+02 2.667383e-01
6.040000e+02 2.676915e-01
6.050000e+02 2.686464e-01
6.060000e+02 2.696032e-01
6.070000e+02 2.705619e-01
6.080000e+02 2.715223e-01
6.090000e+02 2.724846e-01
6.100000e+02 2.734487e-01
6.110000e+02 2.744146e-01
6.120000e+02 2.753823e-01
6.130000e+02 2.763519e-01
6.140000e+02 2.773233e-01
6.150000e+02 2.782965e-01
6.160000e+02 2.792716e-01
6.170000e+02 2.802484e-01
6.180000e+02 2.812271e-01
6.190000e+02 2.822076e-01
6.200000e+02 2.831900e-01
6.210000e+02 2.841742e-01
6.220000e+02 2.851602e-01
6.230000e+02 2.861480e-01
6.240000e+02 2.871377e-01
6.250000e+02 2.881291e-01
6.260000e+02 2.891225e-01
6.270000e+02 2.901176e-01
6.280000e+02 2.911146e-01
6.290000e+02 2.921134e-01
6.300000e+02 2.931141e-01
6.310000e+02 2.941165e-01
6.320000e+02 2.951208e-01
6.330000e+02 2.961270e-01
6.340000e+02 2.971350e-01
6.350000e+02 2.981448e-01
6.360000e+02 2.991564e-01
6.370000e+02 3.001699e-01
6.380000e+02 3.011852e-01
6.390000e+02 3.022024e-01
6.400000e+02 3.032214e-01
6.410000e+02 3.042422e-01
6.420000e+02 3.052648e-01
6.430000e+02 3.062893e-01
6.440000e+02 3.073157e-01
6.450000e+02 3.083439e-01
6.460000e+02 3.093739e-01
6.470000e+02 3.104057e-01
6.480000e+02 3.114394e-01
6.490000e+02 3.124750e-01
6.500000e+02 3.135123e-01
6.510000e+02 3.145515e-01
6.520000e+02 3.155926e-01
6.530000e+02 3.166355e-01
6.540000e+02 3.176802e-01
6.550000e+02 3.187268e-01
6.560000e+02 3.197752e-01
6.570000e+02 3.208255e-01
6.580000e+02 3.218776e-01
6.590000e+02 3.229316e-01
6.600000e+02 3.239874e-01
6.610000e+02 3.250450e-01
6.620000e+02 3.261045e-01
6.630000e+02 3.271659e-01
6.640000e+02 3.282291e-01
6.650000e+02 3.292941e-01
6.660000e+02 3.303610e-01
6.670000e+02 3.314297e-01
6.680000e+02 3.325003e-01
6.690000e+02 3.335727e-01
6.700000e+02 3.346470e-01
6.710000e+02 3.357231e-01
6.720000e+02 3.368011e-01
6.730000e+02 3.378809e-01
6.740000e+02 3.389626e-01
6.750000e+02 3.400461e-01
6.760000e+02 3.411315e-01
6.770000e+02 3.422187e-01
6.780000e+02 3.433078e-01
6.790000e+02 3.443987e-01
6.800000e+02 3.454915e-01
6.810000e+02 3.465862e-01
6.820000e+02 3.476827e-01
6.830000e+02 3.487810e-01
6.840000e+02 3.498812e-01
6.850000e+02 3.509833e-01
6.860000e+02 3.520872e-01
6.870000e+02 3.531930e-01
6.880000e+02 3.543006e-01
6.890000e+02 3.554101e-01
6.900000e+02 3.565214e-01
6.910000e+02 3.576347e-01
6.920000e+02 3.587497e-01
6.930000e+02 3.598666e-01
6.940000e+02 3.609854e-01
6.950000e+02 3.621060e-01
6.960000e+02 3.632285e-01
6.970000e+02 3.643529e-01
6.980000e+02 3.654791e-01
6.990000e+02 3.666072e-01
7.000000e+02 3.677371e-01
7.010000e+02 3.688689e-01
7.020000e+02 3.700026e-01
7.030000e+02 3.711381e-01
7.040000e+02 3.722755e-01
7.050000e+02 3.734148e-01
7.060000e+02 3.745559e-01
7.070000e+02 3.756989e-01
7.080000e+02 3.768437e-01
7.090000e+02 3.779904e-01
7.100000e+02 3.791390e-01
7.110000e+02 3.802895e-01
7.120000e+02 3.814418e-01
7.130000e+02 3.825959e-01
7.140000e+02 3.837520e-01
7.150000e+02 3.849099e-01
7.160000e+02 3.860697e-01
7.170000e+02 3.872313e-01
7.180000e+02 3.883948e-01
7.190000e+02 3.895602e-01
7.200000e+02 3.907275e-01
7.210000e+02 3.918966e-01
7.220000e+02 3.930676e-01
7.230000e+02 3.942404e-01
7.240000e+02 3.954152e-01
7.250000e+02 3.965918e-01
7.260000e+02 3.977703e-01
7.270000e+02 3.989506e-01
7.280000e+02 4.001328e-01
7.290000e+02 4.013169e-01
7.300000e+02 4.025029e-01
7.310000e+02 4.036907e-01
7.320000e+02 4.048805e-01
7.330000e+02 4.060721e-01
7.340000e+02 4.072655e-01
7.350000e+02 4.084609e-01
7.360000e+02 4.096581e-01
7.370000e+02 4.108572e-01
7.380000e+02 4.120581e-01
7.390000e+02 4.132610e-01
7.400000e+02 4.144657e-01
7.410000e+02 4.156723e-01
7.420000e+02 4.168808e-01
7.430000e+02 4.180912e-01
7.440000e+02 4.193034e-01
7.450000e+02 4.205175e-01
7.460000e+02 4.217335e-01
7.470000e+02 4.229514e-01
7.480000e+02 4.241711e-01
7.490000e+02 4.253928e-01
7.500000e+02 4.266163e-01
7.510000e+02 4.278417e-01
7.520000e+02 4.290690e-01
7.530000e+02 4.302981e-01
7.540000e+02 4.315292e-01
7.550000e+02 4.327621e-01
7.560000e+02 4.339969e-01
7.570000e+02 4.352336e-01
7.580000e+02 4.364722e-01
7.590000e+02 4.377127e-01
7.600000e+02 4.389550e-01
7.610000e+02 4.401992e-01
7.620000e+02 4.414454e-01
7.630000e+02 4.426934e-01
7.640000e+02 4.439432e-01
7.650000e+02 4.451950e-01
7.660000e+02 4.464487e-01
7.670000e+02 4.477042e-01
7.680000e+02 4.489617e-01
7.690000e+02 4.502210e-01
7.700000e+02 4.514822e-01
7.710000e+02 4.527453e-01
7.720000e+02 4.540103e-01
7.730000e+02 4.552772e-01
7.740000e+02 4.565460e-01
7.750000e+02 4.578167e-01
7.760000e+02 4.590892e-01
7.770000e+02 4.603637e-01
7.780000e+02 4.616400e-01
7.790000e+02 4.629182e-01
7.800000e+02 4.641984e-01
7.810000e+02 4.654804e-01
7.820000e+02 4.667643e-01
7.830000e+02 4.680501e-01
7.840000e+02 4.693378e-01
7.850000e+02 4.706274e-01
7.860000e+02 4.719189e-01
7.870000e+02 4.732122e-01
7.880000e+02 4.745075e-01
7.890000e+02 4.758047e-01
7.900000e+02 4.771037e-01
7.910000e+02 4.784047e-01
7.920000e+02 4.797076e-01
7.930000e+02 4.810123e-01
7.940000e+02 4.823190e-01
7.950000e+02 4.836275e-01
7.960000e+02 4.849380e-01
7.970000e+02 4.862503e-01
7.980000e+02 4.875646e-01
7.990000e+02 4.888807e-01
8.000000e+02 4.901988e-01
8.010000e+02 4.915187e-01
8.020000e+02 4.928406e-01
8.030000e+02 4.941643e-01
8.040000e+02 4.954899e-01
8.050000e+02 4.968175e-01
8.060000e+02 4.981469e-01
8.070000e+02 4.994783e-01
8.080000e+02 5.008116e-01
8.090000e+02 5.021467e-01
8.100000e+02 5.034838e-01
8.110000e+02 5.048227e-01
8.120000e+02 5.061636e-01
8.130000e+02 5.075064e-01
8.140000e+02 5.088511e-01
8.150000e+02 5.101976e-01
8.160000e+02 5.115461e-01
8.170000e+02 5.128965e-01
8.180000e+02 5.142488e-01
8.190000e+02 5.156030e-01
8.200000e+02 5.169591e-01
8.210000e+02 5.183171e-01
8.220000e+02 5.196771e-01
8.230000e+02 5.210389e-01
8.240000e+02 5.224026e-01
8.250000e+02 5.237683e-01
8.260000e+02 5.251359e-01
8.270000e+02 5.265053e-01
8.280000e+02 5.278767e-01
8.290000e+02 5.292500e-01
8.300000e+02 5.306252e-01
8.310000e+02 5.320023e-01
8.320000e+02 5.333813e-01
8.330000e+02 5.347622e-01
8.340000e+02 5.361451e-01
8.350000e+02 5.375298e-01
8.360000e+02 5.389165e-01
8.370000e+02 5.403051e-01
8.380000e+02 5.416956e-01
8.390000e+02 5.430880e-01
8.400000e+02 5.444823e-01
8.410000e+02 5.458785e-01
8.420000e+02 5.472767e-01
8.430000e+02 5.486767e-01
8.440000e+02 5.500787e-01
8.450000e+02 5.514826e-01
8.460000e+02 5.528884e-01
8.470000e+02 5.542961e-01
8.480000e+02 5.557058e-01
8.490000e+02 5.571173e-01
8.500000e+02 5.585308e-01
8.510000e+02 5.599462e-01
8.520000e+02 5.613635e-01
8.530000e+02 5.627827e-01
8.540000e+02 5.642039e-01
8.550000e+02 5.656269e-01
8.560000e+02 5.670519e-01
8.570000e+02 5.684788e-01
8.580000e+02 5.699076e-01
8.590000e+02 5.713384e-01
8.600000e+02 5.727711e-01
8.610000e+02 5.742056e-01
8.620000e+02 5.756421e-01
8.630000e+02 5.770806e-01
8.640000e+02 5.785209e-01
8.650000e+02 5.799632e-01
8.660000e+02 5.814074e-01
8.670000e+02 5.828535e-01
8.680000e+02 5.843015e-01
8.690000e+02 5.857515e-01
8.700000e+02 5.872034e-01
8.710000e+02 5.886572e-01
8.720000e+02 5.901129e-01
8.730000e+02 5.915706e-01
8.740000e+02 5.930302e-01
8.750000e+02 5.944917e-01
8.760000e+02 5.959551e-01
8.770000e+02 5.974205e-01
8.780000e+02 5.988878e-01
8.790000e+02 6.003570e-01
8.800000e+02 6.018281e-01
8.810000e+02 6.033012e-01
8.820000e+02 6.047762e-01
8.830000e+02 6.062531e-01
8.840000e+02 6.077320e-01
8.850000e+02 6.092128e-01
8.860000e+02 6.106955e-01
8.870000e+02 6.121801e-01
8.880000e+02 6.136667e-01
8.890000e+02 6.151552e-01
8.900000e+02 6.166456e-01
8.910000e+02 6.181380e-01
8.920000e+02 6.196323e-01
8.930000e+02 6.211285e-01
8.940000e+02 6.226267e-01
8.950000e+02 6.241267e-01
8.960000e+02 6.256288e-01
8.970000e+02 6.271327e-01
8.980000e+02 6.286386e-01
8.990000e+02 6.301464e-01
9.000000e+02 6.316562e-01
9.010000e+02 6.331679e-01
9.020000e+02 6.346815e-01
9.030000e+02 6.361971e-01
9.040000e+02 6.377146e-01
9.050000e+02 6.392340e-01
9.060000e+02 6.407553e-01
9.070000e+02 6.422786e-01
9.080000e+02 6.438039e-01
9.090000e+02 6.453311e-01
9.100000e+02 6.468602e-01
9.110000e+02 6.483912e-01
9.120000e+02 6.499242e-01
9.130000e+02 6.514591e-01
9.140000e+02 6.529960e-01
9.150000e+02 6.545348e-01
9.160000e+02 6.560755e-01
9.170000e+02 6.576182e-01
9.180000e+02 6.591628e-01
9.190000e+02 6.607094e-01
9.200000e+02 6.622579e-01
9.210000e+02 6.638083e-01
9.220000e+02 6.653607e-01
9.230000e+02 6.669150e-01
9.240000e+02 6.684713e-01
9.250000e+02 6.700295e-01
9.260000e+02 6.715896e-01
9.270000e+02 6.731517e-01
9.280000e+02 6.747157e-01
9.290000e+02 6.762817e-01
9.300000e+02 6.778496e-01
9.310000e+02 6.794195e-01
9.320000e+02 6.809913e-01
9.330000e+02 6.825650e-01
9.340000e+02 6.841407e-01
9.350000e+02 6.857183e-01
9.360000e+02 6.872979e-01
9.370000e+02 6.888795e-01
9.380000e+02 6.904629e-01
9.390000e+02 6.920484e-01
9.400000e+02 6.936357e-01
9.410000e+02 6.952250e-01
9.420000e+02 6.968163e-01
9.430000e+02 6.984095e-01
9.440000e+02 7.000047e-01
9.450000e+02 7.016018e-01
9.460000e+02 7.032008e-01
9.470000e+02 7.048018e-01
9.480000e+02 7.064048e-01
9.490000e+02 7.080097e-01
9.500000e+02 7.096165e-01
9.510000e+02 7.112253e-01
9.520000e+02 7.128360e-01
9.530000e+02 7.144487e-01
9.540000e+02 7.160634e-01
9.550000e+02 7.176800e-01
9.560000e+02 7.192985e-01
9.570000e+02 7.209191e-01
9.580000e+02 7.225415e-01
9.590000e+02 7.241659e-01
9.600000e+02 7.257923e-01
9.610000e+02 7.274206e-01
9.620000e+02 7.290509e-01
9.630000e+02 7.306831e-01
9.640000e+02 7.323173e-01
9.650000e+02 7.339534e-01
9.660000e+02 7.355915e-01
9.670000e+02 7.372315e-01
9.680000e+02 7.388735e-01
9.690000e+02 7.405174e-01
9.700000e+02 7.421633e-01
9.710000e+02 7.438112e-01
9.720000e+02 7.454610e-01
9.730000e+02 7.471128e-01
9.740000e+02 7.487665e-01
9.750000e+02 7.504222e-01
9.760000e+02 7.520799e-01
9.770000e+02 7.537395e-01
9.780000e+02 7.554010e-01
9.790000e+02 7.570645e-01
9.800000e+02 7.587300e-01
9.810000e+02 7.603974e-01
9.820000e+02 7.620668e-01
9.830000e+02 7.637382e-01
9.840000e+02 7.654115e-01
9.850000e+02 7.670868e-01
9.860000e+02 7.687640e-01
9.870000e+02 7.704432e-01
9.880000e+02 7.721244e-01
9.890000e+02 7.738075e-01
9.900000e+02 7.754926e-01
9.910000e+02 7.771796e-01
9.920000e+02 7.788686e-01
9.930000e+02 7.805596e-01
9.940000e+02 7.822525e-01
9.950000e+02 7.839474e-01
9.960000e+02 7.856443e-01
9.970000e+02 7.873431e-01
9.980000e+02 7.890439e-01
9.990000e+02 7.907466e-01
1.000000e+03 7.925933e-01
