0.000000e+00 0.000000e+00
1.000000e+00 6.980408e-07
2.000000e+00 1.938948e-06
3.000000e+00 4.007131e-06
4.000000e+00 6.902593e-06
5.000000e+00 1.062534e-05
6.000000e+00 1.517539e-05
7.000000e+00 2.055275e-05
8.000000e+00 2.675743e-05
9.000000e+00 3.378945e-05
1.000000e+01 4.164882e-05
1.100000e+01 5.033558e-05
1.200000e+01 5.984973e-05
1.300000e+01 7.019131e-05
1.400000e+01 8.136034e-05
1.500000e+01 9.335685e-05
1.600000e+01 1.061809e-04
1.700000e+01 1.198324e-04
1.800000e+01 1.343116e-04
1.900000e+01 1.496183e-04
2.000000e+01 1.657528e-04
2.100000e+01 1.827149e-04
2.200000e+01 2.005047e-04
2.300000e+01 2.191224e-04
2.400000e+01 2.385679e-04
2.500000e+01 2.588412e-04
2.600000e+01 2.799425e-04
2.700000e+01 3.018719e-04
2.800000e+01 3.246292e-04
2.900000e+01 3.482147e-04
3.000000e+01 3.726283e-04
3.100000e+01 3.978702e-04
3.200000e+01 4.239403e-04
3.300000e+01 4.508389e-04
3.400000e+01 4.785658e-04
3.500000e+01 5.071213e-04
3.600000e+01 5.365054e-04
3.700000e+01 5.667181e-04
3.800000e+01 5.977595e-04
3.900000e+01 6.296298e-04
4.000000e+01 6.623289e-04
4.100000e+01 6.958571e-04
4.200000e+01 7.302143e-04
4.300000e+01 7.654006e-04
4.400000e+01 8.014162e-04
4.500000e+01 8.382612e-04
4.600000e+01 8.759356e-04
4.700000e+01 9.144395e-04
4.800000e+01 9.537731e-04
4.900000e+01 9.939364e-04
5.000000e+01 1.034929e-03
5.100000e+01 1.076753e-03
5.200000e+01 1.119406e-03
5.300000e+01 1.162889e-03
5.400000e+01 1.207203e-03
5.500000e+01 1.252347e-03
5.600000e+01 1.298321e-03
5.700000e+01 1.345126e-03
5.800000e+01 1.392762e-03
5.900000e+01 1.441229e-03
6.000000e+01 1.490526e-03
6.100000e+01 1.540655e-03
6.200000e+01 1.591615e-03
6.300000e+01 1.643407e-03
6.400000e+01 1.696030e-03
6.500000e+01 1.749484e-03
6.600000e+01 1.803771e-03
6.700000e+01 1.858889e-03
6.800000e+01 1.914839e-03
6.900000e+01 1.971622e-03
7.000000e+01 2.029237e-03
7.100000e+01 2.087684e-03
7.200000e+01 2.146965e-03
7.300000e+01 2.207078e-03
7.400000e+01 2.268023e-03
7.500000e+01 2.329803e-03
7.600000e+01 2.392415e-03
7.700000e+01 2.455861e-03
7.800000e+01 2.520140e-03
7.900000e+01 2.585253e-03
8.000000e+01 2.651200e-03
8.100000e+01 2.717982e-03
8.200000e+01 2.785597e-03
8.300000e+01 2.854047e-03
8.400000e+01 2.923332e-03
8.500000e+01 2.993451e-03
8.600000e+01 3.064406e-03
8.700000e+01 3.136195e-03
8.800000e+01 3.208820e-03
8.900000e+01 3.282281e-03
9.000000e+01 3.356577e-03
9.100000e+01 3.431709e-03
9.200000e+01 3.507678e-03
9.300000e+01 3.584483e-03
9.400000e+01 3.662124e-03
9.500000e+01 3.740602e-03
9.600000e+01 3.819917e-03
9.700000e+01 3.900068e-03
9.800000e+01 3.981058e-03
9.900000e+01 4.062885e-03
1.000000e+02 4.145549e-03
1.010000e+02 4.229044e-03
1.020000e+02 4.313373e-03
1.030000e+02 4.398537e-03
1.040000e+02 4.484534e-03
1.050000e+02 4.571366e-03
1.060000e+02 4.659032e-03
1.070000e+02 4.747533e-03
1.080000e+02 4.836868e-03
1.090000e+02 4.927037e-03
1.100000e+02 5.018040e-03
1.110000e+02 5.109879e-03
1.120000e+02 5.202551e-03
1.130000e+02 5.296058e-03
1.140000e+02 5.390400e-03
1.150000e+02 5.485576e-03
1.160000e+02 5.581587e-03
1.170000e+02 5.678432e-03
1.180000e+02 5.776112e-03
1.190000e+02 5.874627e-03
1.200000e+02 5.973976e-03
1.210000e+02 6.074160e-03
1.220000e+02 6.175179e-03
1.230000e+02 6.277033e-03
1.240000e+02 6.379722e-03
1.250000e+02 6.483245e-03
1.260000e+02 6.587604e-03
1.270000e+02 6.692797e-03
1.280000e+02 6.798825e-03
1.290000e+02 6.905688e-03
1.300000e+02 7.013386e-03
1.310000e+02 7.121919e-03
1.320000e+02 7.231287e-03
1.330000e+02 7.341490e-03
1.340000e+02 7.452529e-03
1.350000e+02 7.564402e-03
1.360000e+02 7.677111e-03
1.370000e+02 7.790654e-03
1.380000e+02 7.905033e-03
1.390000e+02 8.020247e-03
1.400000e+02 8.136297e-03
1.410000e+02 8.253181e-03
1.420000e+02 8.370901e-03
1.430000e+02 8.489456e-03
1.440000e+02 8.608847e-03
1.450000e+02 8.729073e-03
1.460000e+02 8.850134e-03
1.470000e+02 8.972031e-03
1.480000e+02 9.094763e-03
1.490000e+02 9.218330e-03
1.500000e+02 9.342733e-03
1.510000e+02 9.467972e-03
1.520000e+02 9.594046e-03
1.530000e+02 9.720956e-03
1.540000e+02 9.848701e-03
1.550000e+02 9.977281e-03
1.560000e+02 1.010670e-02
1.570000e+02 1.023695e-02
1.580000e+02 1.036804e-02
1.590000e+02 1.049996e-02
1.600000e+02 1.063272e-02
1.610000e+02 1.076631e-02
1.620000e+02 1.090074e-02
1.630000e+02 1.103601e-02
1.640000e+02 1.117211e-02
1.650000e+02 1.130905e-02
1.660000e+02 1.144682e-02
1.670000e+02 1.158543e-02
1.680000e+02 1.172488e-02
1.690000e+02 1.186516e-02
1.700000e+02 1.200628e-02
1.710000e+02 1.214823e-02
1.720000e+02 1.229102e-02
1.730000e+02 1.243464e-02
1.740000e+02 1.257910e-02
1.750000e+02 1.272440e-02
1.760000e+02 1.287053e-02
1.770000e+02 1.301750e-02
1.780000e+02 1.316531e-02
1.790000e+02 1.331395e-02
1.800000e+02 1.346343e-02
1.810000e+02 1.361374e-02
1.820000e+02 1.376489e-02
1.830000e+02 1.391687e-02
1.840000e+02 1.406970e-02
1.850000e+02 1.422335e-02
1.860000e+02 1.437785e-02
1.870000e+02 1.453318e-02
1.880000e+02 1.468934e-02
1.890000e+02 1.484635e-02
1.900000e+02 1.500419e-02
1.910000e+02 1.516286e-02
1.920000e+02 1.532237e-02
1.930000e+02 1.548272e-02
1.940000e+02 1.564391e-02
1.950000e+02 1.580593e-02
1.960000e+02 1.596878e-02
1.970000e+02 1.613248e-02
1.980000e+02 1.629701e-02
1.990000e+02 1.646237e-02
2.000000e+02 1.662858e-02
2.010000e+02 1.679561e-02
2.020000e+02 1.696349e-02
2.030000e+02 1.713220e-02
2.040000e+02 1.730175e-02
2.050000e+02 1.747214e-02
2.060000e+02 1.764336e-02
2.070000e+02 1.781542e-02
2.080000e+02 1.798831e-02
2.090000e+02 1.816204e-02
2.100000e+02 1.833661e-02
2.110000e+02 1.851202e-02
2.120000e+02 1.868826e-02
2.130000e+02 1.886534e-02
2.140000e+02 1.904325e-02
2.150000e+02 1.922200e-02
2.160000e+02 1.940159e-02
2.170000e+02 1.958202e-02
2.180000e+02 1.976328e-02
2.190000e+02 1.994538e-02
2.200000e+02 2.012831e-02
2.210000e+02 2.031208e-02
2.220000e+02 2.049669e-02
2.230000e+02 2.068214e-02
2.240000e+02 2.086842e-02
2.250000e+02 2.105554e-02
2.260000e+02 2.124350e-02
2.270000e+02 2.143229e-02
2.280000e+02 2.162192e-02
2.290000e+02 2.181239e-02
2.300000e+02 2.200369e-02
2.310000e+02 2.219729e-02
2.320000e+02 2.239398e-02
2.330000e+02 2.259156e-02
2.340000e+02 2.279002e-02
2.350000e+02 2.298937e-02
2.360000e+02 2.318961e-02
2.370000e+02 2.339073e-02
2.380000e+02 2.359273e-02
2.390000e+02 2.379563e-02
2.400000e+02 2.399941e-02
2.410000e+02 2.420408e-02
2.420000e+02 2.440963e-02
2.430000e+02 2.461607e-02
2.440000e+02 2.482340e-02
2.450000e+02 2.503162e-02
2.460000e+02 2.524072e-02
2.470000e+02 2.545072e-02
2.480000e+02 2.566160e-02
2.490000e+02 2.587337e-02
2.500000e+02 2.608602e-02
2.510000e+02 2.629957e-02
2.520000e+02 2.651400e-02
2.530000e+02 2.672933e-02
2.540000e+02 2.694554e-02
2.550000e+02 2.716264e-02
2.560000e+02 2.738063e-02
2.570000e+02 2.759951e-02
2.580000e+02 2.781928e-02
2.590000e+02 2.803994e-02
2.600000e+02 2.826148e-02
2.610000e+02 2.848392e-02
2.620000e+02 2.870725e-02
2.630000e+02 2.893147e-02
2.640000e+02 2.915658e-02
2.650000e+02 2.938258e-02
2.660000e+02 2.960947e-02
2.670000e+02 2.983725e-02
2.680000e+02 3.006592e-02
2.690000e+02 3.029548e-02
2.700000e+02 3.052594e-02
2.710000e+02 3.075728e-02
2.720000e+02 3.098952e-02
2.730000e+02 3.122265e-02
2.740000e+02 3.145667e-02
2.750000e+02 3.169158e-02
2.760000e+02 3.192739e-02
2.770000e+02 3.216408e-02
2.780000e+02 3.240167e-02
2.790000e+02 3.264016e-02
2.800000e+02 3.287953e-02
2.810000e+02 3.311980e-02
2.820000e+02 3.336096e-02
2.830000e+02 3.360301e-02
2.840000e+02 3.384595e-02
2.850000e+02 3.408979e-02
2.860000e+02 3.433453e-02
2.870000e+02 3.458015e-02
2.880000e+02 3.482667e-02
2.890000e+02 3.507409e-02
2.900000e+02 3.532239e-02
2.910000e+02 3.557160e-02
2.920000e+02 3.582169e-02
2.930000e+02 3.607268e-02
2.940000e+02 3.632457e-02
2.950000e+02 3.657735e-02
2.960000e+02 3.683102e-02
2.970000e+02 3.708559e-02
2.980000e+02 3.734105e-02
2.990000e+02 3.759741e-02
3.000000e+02 3.785466e-02
3.010000e+02 3.811281e-02
3.020000e+02 3.837186e-02
3.030000e+02 3.863180e-02
3.040000e+02 3.889264e-02
3.050000e+02 3.915437e-02
3.060000e+02 3.941700e-02
3.070000e+02 3.968052e-02
3.080000e+02 3.994494e-02
3.090000e+02 4.021026e-02
3.100000e+02 4.047647e-02
3.110000e+02 4.074358e-02
3.120000e+02 4.101159e-02
3.130000e+02 4.128049e-02
3.140000e+02 4.155029e-02
3.150000e+02 4.182099e-02
3.160000e+02 4.209258e-02
3.170000e+02 4.236507e-02
3.180000e+02 4.263846e-02
3.190000e+02 4.291275e-02
3.200000e+02 4.318794e-02
3.210000e+02 4.346402e-02
3.220000e+02 4.374100e-02
3.230000e+02 4.401888e-02
3.240000e+02 4.429765e-02
3.250000e+02 4.457733e-02
3.260000e+02 4.485790e-02
3.270000e+02 4.513937e-02
3.280000e+02 4.542174e-02
3.290000e+02 4.570501e-02
3.300000e+02 4.598918e-02
3.310000e+02 4.627425e-02
3.320000e+02 4.656021e-02
3.330000e+02 4.684708e-02
3.340000e+02 4.713484e-02
3.350000e+02 4.742351e-02
3.360000e+02 4.771307e-02
3.370000e+02 4.800354e-02
3.380000e+02 4.829490e-02
3.390000e+02 4.858716e-02
3.400000e+02 4.888032e-02
3.410000e+02 4.917439e-02
3.420000e+02 4.946935e-02
3.430000e+02 4.976521e-02
3.440000e+02 5.006198e-02
3.450000e+02 5.035964e-02
3.460000e+02 5.065821e-02
3.470000e+02 5.095768e-02
3.480000e+02 5.125804e-02
3.490000e+02 5.155931e-02
3.500000e+02 5.186148e-02
3.510000e+02 5.216455e-02
3.520000e+02 5.246852e-02
3.530000e+02 5.277339e-02
3.540000e+02 5.307917e-02
3.550000e+02 5.338585e-02
3.560000e+02 5.369342e-02
3.570000e+02 5.400190e-02
3.580000e+02 5.431129e-02
3.590000e+02 5.462157e-02
3.600000e+02 5.493276e-02
3.610000e+02 5.524484e-02
3.620000e+02 5.555784e-02
3.630000e+02 5.587173e-02
3.640000e+02 5.618653e-02
3.650000e+02 5.650222e-02
3.660000e+02 5.681883e-02
3.670000e+02 5.713633e-02
3.680000e+02 5.745474e-02
3.690000e+02 5.777405e-02
3.700000e+02 5.809426e-02
3.710000e+02 5.841538e-02
3.720000e+02 5.873740e-02
3.730000e+02 5.906033e-02
3.740000e+02 5.938415e-02
3.750000e+02 5.970889e-02
3.760000e+02 6.003452e-02
3.770000e+02 6.036106e-02
3.780000e+02 6.068850e-02
3.790000e+02 6.101685e-02
3.800000e+02 6.134610e-02
3.810000e+02 6.167626e-02
3.820000e+02 6.200732e-02
3.830000e+02 6.233929e-02
3.840000e+02 6.267216e-02
3.850000e+02 6.300593e-02
3.860000e+02 6.334061e-02
3.870000e+02 6.367620e-02
3.880000e+02 6.401269e-02
3.890000e+02 6.435008e-02
3.900000e+02 6.468838e-02
3.910000e+02 6.502759e-02
3.920000e+02 6.536770e-02
3.930000e+02 6.570872e-02
3.940000e+02 6.605064e-02
3.950000e+02 6.639347e-02
3.960000e+02 6.673720e-02
3.970000e+02 6.708184e-02
3.980000e+02 6.742739e-02
3.990000e+02 6.777384e-02
4.000000e+02 6.812120e-02
4.010000e+02 6.846946e-02
4.020000e+02 6.881864e-02
4.030000e+02 6.916871e-02
4.040000e+02 6.951970e-02
4.050000e+02 6.987159e-02
4.060000e+02 7.022439e-02
4.070000e+02 7.057809e-02
4.080000e+02 7.093270e-02
4.090000e+02 7.128822e-02
4.100000e+02 7.164465e-02
4.110000e+02 7.200198e-02
4.120000e+02 7.236022e-02
4.130000e+02 7.271937e-02
4.140000e+02 7.307943e-02
4.150000e+02 7.344039e-02
4.160000e+02 7.380226e-02
4.170000e+02 7.416504e-02
4.180000e+02 7.452873e-02
4.190000e+02 7.489333e-02
4.200000e+02 7.525883e-02
4.210000e+02 7.562524e-02
4.220000e+02 7.599256e-02
4.230000e+02 7.636079e-02
4.240000e+02 7.672993e-02
4.250000e+02 7.709997e-02
4.260000e+02 7.747093e-02
4.270000e+02 7.784279e-02
4.280000e+02 7.821556e-02
4.290000e+02 7.858924e-02
4.300000e+02 7.896383e-02
4.310000e+02 7.933933e-02
4.320000e+02 7.971574e-02
4.330000e+02 8.009306e-02
4.340000e+02 8.047128e-02
4.350000e+02 8.085042e-02
4.360000e+02 8.123047e-02
4.370000e+02 8.161142e-02
4.380000e+02 8.199329e-02
4.390000e+02 8.237606e-02
4.400000e+02 8.275975e-02
4.410000e+02 8.314434e-02
4.420000e+02 8.352985e-02
4.430000e+02 8.391626e-02
4.440000e+02 8.430359e-02
4.450000e+02 8.469182e-02
4.460000e+02 8.508097e-02
4.470000e+02 8.547103e-02
4.480000e+02 8.586200e-02
4.490000e+02 8.625388e-02
4.500000e+02 8.664666e-02
4.510000e+02 8.704036e-02
4.520000e+02 8.743498e-02
4.530000e+02 8.783050e-02
4.540000e+02 8.822693e-02
4.550000e+02 8.862428e-02
4.560000e+02 8.902253e-02
4.570000e+02 8.942170e-02
4.580000e+02 8.982178e-02
4.590000e+02 9.022277e-02
4.600000e+02 9.062467e-02
4.610000e+02 9.102748e-02
4.620000e+02 9.143121e-02
4.630000e+02 9.183585e-02
4.640000e+02 9.224140e-02
4.650000e+02 9.264786e-02
4.660000e+02 9.305523e-02
4.670000e+02 9.346352e-02
4.680000e+02 9.387272e-02
4.690000e+02 9.428283e-02
4.700000e+02 9.469385e-02
4.710000e+02 9.510579e-02
4.720000e+02 9.551864e-02
4.730000e+02 9.593240e-02
4.740000e+02 9.634707e-02
4.750000e+02 9.676266e-02
4.760000e+02 9.717916e-02
4.770000e+02 9.759657e-02
4.780000e+02 9.801490e-02
4.790000e+02 9.843414e-02
4.800000e+02 9.885429e-02
4.810000e+02 9.927536e-02
4.820000e+02 9.969734e-02
4.830000e+02 1.001202e-01
4.840000e+02 1.005440e-01
4.850000e+02 1.009688e-01
4.860000e+02 1.013944e-01
4.870000e+02 1.018209e-01
4.880000e+02 1.022484e-01
4.890000e+02 1.026768e-01
4.900000e+02 1.031061e-01
4.910000e+02 1.035363e-01
4.920000e+02 1.039674e-01
4.930000e+02 1.043994e-01
4.940000e+02 1.048324e-01
4.950000e+02 1.052662e-01
4.960000e+02 1.057010e-01
4.970000e+02 1.061367e-01
4.980000e+02 1.065733e-01
4.990000e+02 1.070108e-01
5.000000e+02 1.074493e-01
5.010000e+02 1.078886e-01
5.020000e+02 1.083289e-01
5.030000e+02 1.087701e-01
5.040000e+02 1.092122e-01
5.050000e+02 1.096552e-01
5.060000e+02 1.100991e-01
5.070000e+02 1.105439e-01
5.080000e+02 1.109897e-01
5.090000e+02 1.114364e-01
5.100000e+02 1.118840e-01
5.110000e+02 1.123325e-01
5.120000e+02 1.127819e-01
5.130000e+02 1.132322e-01
5.140000e+02 1.136835e-01
5.150000e+02 1.141356e-01
5.160000e+02 1.145887e-01
5.170000e+02 1.150427e-01
5.180000e+02 1.154976e-01
5.190000e+02 1.159535e-01
5.200000e+02 1.164102e-01
5.210000e+02 1.168679e-01
5.220000e+02 1.173265e-01
5.230000e+02 1.177860e-01
5.240000e+02 1.182464e-01
5.250000e+02 1.187077e-01
5.260000e+02 1.191700e-01
5.270000e+02 1.196331e-01
5.280000e+02 1.200972e-01
5.290000e+02 1.205622e-01
5.300000e+02 1.210282e-01
5.310000e+02 1.214950e-01
5.320000e+02 1.219627e-01
5.330000e+02 1.224314e-01
5.340000e+02 1.229010e-01
5.350000e+02 1.233715e-01
5.360000e+02 1.238429e-01
5.370000e+02 1.243153e-01
5.380000e+02 1.247885e-01
5.390000e+02 1.252627e-01
5.400000e+02 1.257378e-01
5.410000e+02 1.262138e-01
5.420000e+02 1.266907e-01
5.430000e+02 1.271686e-01
5.440000e+02 1.276474e-01
5.450000e+02 1.281270e-01
5.460000e+02 1.286076e-01
5.470000e+02 1.290892e-01
5.480000e+02 1.295716e-01
5.490000e+02 1.300550e-01
5.500000e+02 1.305392e-01
5.510000e+02 1.310244e-01
5.520000e+02 1.315106e-01
5.530000e+02 1.319976e-01
5.540000e+02 1.324855e-01
5.550000e+02 1.329744e-01
5.560000e+02 1.334642e-01
5.570000e+02 1.339549e-01
5.580000e+02 1.344465e-01
5.590000e+02 1.349391e-01
5.600000e+02 1.354326e-01
5.610000e+02 1.359269e-01
5.620000e+02 1.364223e-01
5.630000e+02 1.369185e-01
5.640000e+02 1.374156e-01
5.650000e+02 1.379137e-01
5.660000e+02 1.384127e-01
5.670000e+02 1.389126e-01
5.680000e+02 1.394134e-01
5.690000e+02 1.399152e-01
5.700000e+02 1.404178e-01
5.710000e+02 1.409214e-01
5.720000e+02 1.414259e-01
5.730000e+02 1.419313e-01
5.740000e+02 1.424377e-01
5.750000e+02 1.429449e-01
5.760000e+02 1.434531e-01
5.770000e+02 1.439622e-01
5.780000e+02 1.444723e-01
5.790000e+02 1.449832e-01
5.800000e+02 1.454951e-01
5.810000e+02 1.460079e-01
5.820000e+02 1.465216e-01
5.830000e+02 1.470362e-01
5.840000e+02 1.475518e-01
5.850000e+02 1.480682e-01
5.860000e+02 1.485856e-01
5.870000e+02 1.491040e-01
5.880000e+02 1.496232e-01
5.890000e+02 1.501434e-01
5.900000e+02 1.506644e-01
5.910000e+02 1.511864e-01
5.920000e+02 1.517094e-01
5.930000e+02 1.522332e-01
5.940000e+02 1.527580e-01
5.950000e+02 1.532837e-01
5.960000e+02 1.538103e-01
5.970000e+02 1.543378e-01
5.980000e+02 1.548663e-01
5.990000e+02 1.553956e-01
6.000000e+02 1.559385e-01
6.010000e+02 1.564985e-01
6.020000e+02 1.570596e-01
6.030000e+02 1.576218e-01
6.040000e+02 1.581851e-01
6.050000e+02 1.587494e-01
6.060000e+02 1.593149e-01
6.070000e+02 1.598814e-01
6.080000e+02 1.604489e-01
6.090000e+02 1.610176e-01
6.100000e+02 1.615873e-01
6.110000e+02 1.621581e-01
6.120000e+02 1.627300e-01
6.130000e+02 1.633030e-01
6.140000e+02 1.638770e-01
6.150000e+02 1.644521e-01
6.160000e+02 1.650283e-01
6.170000e+02 1.656056e-01
6.180000e+02 1.661839e-01
6.190000e+02 1.667634e-01
6.200000e+02 1.673439e-01
6.210000e+02 1.679255e-01
6.220000e+02 1.685082e-01
6.230000e+02 1.690919e-01
6.240000e+02 1.696768e-01
6.250000e+02 1.702627e-01
6.260000e+02 1.708497e-01
6.270000e+02 1.714378e-01
6.280000e+02 1.720269e-01
6.290000e+02 1.726172e-01
6.300000e+02 1.732085e-01
6.310000e+02 1.738009e-01
6.320000e+02 1.743944e-01
6.330000e+02 1.749890e-01
6.340000e+02 1.755847e-01
6.350000e+02 1.761814e-01
6.360000e+02 1.767793e-01
6.370000e+02 1.773782e-01
6.380000e+02 1.779782e-01
6.390000e+02 1.785793e-01
6.400000e+02 1.791815e-01
6.410000e+02 1.797847e-01
6.420000e+02 1.803891e-01
6.430000e+02 1.809945e-01
6.440000e+02 1.816010e-01
6.450000e+02 1.822086e-01
6.460000e+02 1.828173e-01
6.470000e+02 1.834271e-01
6.480000e+02 1.840380e-01
6.490000e+02 1.846499e-01
6.500000e+02 1.852630e-01
6.510000e+02 1.858771e-01
6.520000e+02 1.864923e-01
6.530000e+02 1.871087e-01
6.540000e+02 1.877261e-01
6.550000e+02 1.883445e-01
6.560000e+02 1.889641e-01
6.570000e+02 1.895848e-01
6.580000e+02 1.902065e-01
6.590000e+02 1.908294e-01
6.600000e+02 1.914533e-01
6.610000e+02 1.920784e-01
6.620000e+02 1.927045e-01
6.630000e+02 1.933317e-01
6.640000e+02 1.939600e-01
6.650000e+02 1.945894e-01
6.660000e+02 1.952199e-01
6.670000e+02 1.958515e-01
6.680000e+02 1.964841e-01
6.690000e+02 1.971179e-01
6.700000e+02 1.977528e-01
6.710000e+02 1.983887e-01
6.720000e+02 1.990258e-01
6.730000e+02 1.996639e-01
6.740000e+02 2.003031e-01
6.750000e+02 2.009435e-01
6.760000e+02 2.015849e-01
6.770000e+02 2.022274e-01
6.780000e+02 2.028710e-01
6.790000e+02 2.035157e-01
6.800000e+02 2.041615e-01
6.810000e+02 2.048084e-01
6.820000e+02 2.054564e-01
6.830000e+02 2.061055e-01
6.840000e+02 2.067557e-01
6.850000e+02 2.074070e-01
6.860000e+02 2.080594e-01
6.870000e+02 2.087129e-01
6.880000e+02 2.093674e-01
6.890000e+02 2.100231e-01
6.900000e+02 2.106799e-01
6.910000e+02 2.113377e-01
6.920000e+02 2.119967e-01
6.930000e+02 2.126568e-01
6.940000e+02 2.133180e-01
6.950000e+02 2.139802e-01
6.960000e+02 2.146436e-01
6.970000e+02 2.153081e-01
6.980000e+02 2.159736e-01
6.990000e+02 2.166403e-01
7.000000e+02 2.173081e-01
7.010000e+02 2.179769e-01
7.020000e+02 2.186469e-01
7.030000e+02 2.193180e-01
7.040000e+02 2.199901e-01
7.050000e+02 2.206634e-01
7.060000e+02 2.213378e-01
7.070000e+02 2.220133e-01
7.080000e+02 2.226898e-01
7.090000e+02 2.233675e-01
7.100000e+02 2.240463e-01
7.110000e+02 2.247262e-01
7.120000e+02 2.254072e-01
7.130000e+02 2.260893e-01
7.140000e+02 2.267725e-01
7.150000e+02 2.274568e-01
7.160000e+02 2.281422e-01
7.170000e+02 2.288287e-01
7.180000e+02 2.295163e-01
7.190000e+02 2.302050e-01
7.200000e+02 2.308949e-01
7.210000e+02 2.315858e-01
7.220000e+02 2.322778e-01
7.230000e+02 2.329710e-01
7.240000e+02 2.336652e-01
7.250000e+02 2.343606e-01
7.260000e+02 2.350571e-01
7.270000e+02 2.357546e-01
7.280000e+02 2.364533e-01
7.290000e+02 2.371531e-01
7.300000e+02 2.378540e-01
7.310000e+02 2.385560e-01
7.320000e+02 2.392591e-01
7.330000e+02 2.399633e-01
7.340000e+02 2.406686e-01
7.350000e+02 2.413751e-01
7.360000e+02 2.420826e-01
7.370000e+02 2.427913e-01
7.380000e+02 2.435010e-01
7.390000e+02 2.442119e-01
7.400000e+02 2.449239e-01
7.410000e+02 2.456370e-01
7.420000e+02 2.463512e-01
7.430000e+02 2.470665e-01
7.440000e+02 2.477829e-01
7.450000e+02 2.485004e-01
7.460000e+02 2.492191e-01
7.470000e+02 2.499388e-01
7.480000e+02 2.506597e-01
7.490000e+02 2.513817e-01
7.500000e+02 2.521048e-01
7.510000e+02 2.528290e-01
7.520000e+02 2.535543e-01
7.530000e+02 2.542807e-01
7.540000e+02 2.550083e-01
7.550000e+02 2.557369e-01
7.560000e+02 2.564667e-01
7.570000e+02 2.571976e-01
7.580000e+02 2.579296e-01
7.590000e+02 2.586627e-01
7.600000e+02 2.593969e-01
7.610000e+02 2.601323e-01
7.620000e+02 2.608687e-01
7.630000e+02 2.616063e-01
7.640000e+02 2.623450e-01
7.650000e+02 2.630848e-01
7.660000e+02 2.638257e-01
7.670000e+02 2.645678e-01
7.680000e+02 2.653109e-01
7.690000e+02 2.660552e-01
7.700000e+02 2.668006e-01
7.710000e+02 2.675471e-01
7.720000e+02 2.682947e-01
7.730000e+02 2.690434e-01
7.740000e+02 2.697933e-01
7.750000e+02 2.705443e-01
7.760000e+02 2.712963e-01
7.770000e+02 2.720496e-01
7.780000e+02 2.728039e-01
7.790000e+02 2.735593e-01
7.800000e+02 2.743159e-01
7.810000e+02 2.750736e-01
7.820000e+02 2.758324e-01
7.830000e+02 2.765923e-01
7.840000e+02 2.773533e-01
7.850000e+02 2.781155e-01
7.860000e+02 2.788788e-01
7.870000e+02 2.796432e-01
7.880000e+02 2.804087e-01
7.890000e+02 2.811754e-01
7.900000e+02 2.819431e-01
7.910000e+02 2.827120e-01
7.920000e+02 2.834820e-01
7.930000e+02 2.842531e-01
7.940000e+02 2.850254e-01
7.950000e+02 2.857988e-01
7.960000e+02 2.865733e-01
7.970000e+02 2.873489e-01
7.980000e+02 2.881256e-01
7.990000e+02 2.889035e-01
8.000000e+02 2.896825e-01
8.010000e+02 2.904626e-01
8.020000e+02 2.912438e-01
8.030000e+02 2.920262e-01
8.040000e+02 2.928097e-01
8.050000e+02 2.935943e-01
8.060000e+02 2.943800e-01
8.070000e+02 2.951669e-01
8.080000e+02 2.959549e-01
8.090000e+02 2.967440e-01
8.100000e+02 2.975342e-01
8.110000e+02 2.983256e-01
8.120000e+02 2.991181e-01
8.130000e+02 2.999117e-01
8.140000e+02 3.007064e-01
8.150000e+02 3.015023e-01
8.160000e+02 3.022993e-01
8.170000e+02 3.030974e-01
8.180000e+02 3.038966e-01
8.190000e+02 3.046970e-01
8.200000e+02 3.054985e-01
8.210000e+02 3.063011e-01
8.220000e+02 3.071049e-01
8.230000e+02 3.079098e-01
8.240000e+02 3.087158e-01
8.250000e+02 3.095229e-01
8.260000e+02 3.103312e-01
8.270000e+02 3.111406e-01
8.280000e+02 3.119511e-01
8.290000e+02 3.127628e-01
8.300000e+02 3.135756e-01
8.310000e+02 3.143895e-01
8.320000e+02 3.152045e-01
8.330000e+02 3.160207e-01
8.340000e+02 3.168380e-01
8.350000e+02 3.176564e-01
8.360000e+02 3.184760e-01
8.370000e+02 3.192967e-01
8.380000e+02 3.201186e-01
8.390000e+02 3.209415e-01
8.400000e+02 3.217656e-01
8.410000e+02 3.225908e-01
8.420000e+02 3.234172e-01
8.430000e+02 3.242447e-01
8.440000e+02 3.250733e-01
8.450000e+02 3.259031e-01
8.460000e+02 3.267340e-01
8.470000e+02 3.275660e-01
8.480000e+02 3.283991e-01
8.490000e+02 3.292334e-01
8.500000e+02 3.300689e-01
8.510000e+02 3.309054e-01
8.520000e+02 3.317431e-01
8.530000e+02 3.325819e-01
8.540000e+02 3.334219e-01
8.550000e+02 3.342630e-01
8.560000e+02 3.351052e-01
8.570000e+02 3.359486e-01
8.580000e+02 3.367931e-01
8.590000e+02 3.376387e-01
8.600000e+02 3.384855e-01
8.610000e+02 3.393334e-01
8.620000e+02 3.401825e-01
8.630000e+02 3.410327e-01
8.640000e+02 3.418840e-01
8.650000e+02 3.427364e-01
8.660000e+02 3.435900e-01
8.670000e+02 3.444448e-01
8.680000e+02 3.453006e-01
8.690000e+02 3.461576e-01
8.700000e+02 3.470158e-01
8.710000e+02 3.478751e-01
8.720000e+02 3.487355e-01
8.730000e+02 3.495970e-01
8.740000e+02 3.504597e-01
8.750000e+02 3.513236e-01
8.760000e+02 3.521885e-01
8.770000e+02 3.530547e-01
8.780000e+02 3.539219e-01
8.790000e+02 3.547903e-01
8.800000e+02 3.556598e-01
8.810000e+02 3.565305e-01
8.820000e+02 3.574023e-01
8.830000e+02 3.582753e-01
8.840000e+02 3.591494e-01
8.850000e+02 3.600246e-01
8.860000e+02 3.609010e-01
8.870000e+02 3.617785e-01
8.880000e+02 3.626572e-01
8.890000e+02 3.635370e-01
8.900000e+02 3.644179e-01
8.910000e+02 3.653000e-01
8.920000e+02 3.661832e-01
8.930000e+02 3.670676e-01
8.940000e+02 3.679531e-01
8.950000e+02 3.688398e-01
8.960000e+02 3.697276e-01
8.970000e+02 3.706165e-01
8.980000e+02 3.715066e-01
8.990000e+02 3.723978e-01
9.000000e+02 3.732902e-01
9.010000e+02 3.741837e-01
9.020000e+02 3.750784e-01
9.030000e+02 3.759742e-01
9.040000e+02 3.768711e-01
9.050000e+02 3.777692e-01
9.060000e+02 3.786685e-01
9.070000e+02 3.795689e-01
9.080000e+02 3.804704e-01
9.090000e+02 3.813731e-01
9.100000e+02 3.822769e-01
9.110000e+02 3.831819e-01
9.120000e+02 3.840880e-01
9.130000e+02 3.849952e-01
9.140000e+02 3.859037e-01
9.150000e+02 3.868132e-01
9.160000e+02 3.877239e-01
9.170000e+02 3.886358e-01
9.180000e+02 3.895488e-01
9.190000e+02 3.904629e-01
9.200000e+02 3.913782e-01
9.210000e+02 3.922946e-01
9.220000e+02 3.932122e-01
9.230000e+02 3.941309e-01
9.240000e+02 3.950508e-01
9.250000e+02 3.959719e-01
9.260000e+02 3.968940e-01
9.270000e+02 3.978174e-01
9.280000e+02 3.987419e-01
9.290000e+02 3.996675e-01
9.300000e+02 4.005943e-01
9.310000e+02 4.015222e-01
9.320000e+02 4.024513e-01
9.330000e+02 4.033815e-01
9.340000e+02 4.043129e-01
9.350000e+02 4.052454e-01
9.360000e+02 4.061791e-01
9.370000e+02 4.071139e-01
9.380000e+02 4.080499e-01
9.390000e+02 4.089870e-01
9.400000e+02 4.099253e-01
9.410000e+02 4.108648e-01
9.420000e+02 4.118054e-01
9.430000e+02 4.127471e-01
9.440000e+02 4.136900e-01
9.450000e+02 4.146340e-01
9.460000e+02 4.155792e-01
9.470000e+02 4.165256e-01
9.480000e+02 4.174731e-01
9.490000e+02 4.184218e-01
9.500000e+02 4.193716e-01
9.510000e+02 4.203225e-01
9.520000e+02 4.212747e-01
9.530000e+02 4.222279e-01
9.540000e+02 4.231824e-01
9.550000e+02 4.241379e-01
9.560000e+02 4.250947e-01
9.570000e+02 4.260526e-01
9.580000e+02 4.270116e-01
9.590000e+02 4.279718e-01
9.600000e+02 4.289332e-01
9.610000e+02 4.298957e-01
9.620000e+02 4.308593e-01
9.630000e+02 4.318242e-01
9.640000e+02 4.327901e-01
9.650000e+02 4.337573e-01
9.660000e+02 4.347256e-01
9.670000e+02 4.356950e-01
9.680000e+02 4.366656e-01
9.690000e+02 4.376374e-01
9.700000e+02 4.386103e-01
9.710000e+02 4.395844e-01
9.720000e+02 4.405596e-01
9.730000e+02 4.415360e-01
9.740000e+02 4.425136e-01
9.750000e+02 4.434923e-01
9.760000e+02 4.444721e-01
9.770000e+02 4.454532e-01
9.780000e+02 4.464353e-01
9.790000e+02 4.474187e-01
9.800000e+02 4.484032e-01
9.810000e+02 4.493888e-01
9.820000e+02 4.503757e-01
9.830000e+02 4.513636e-01
9.840000e+02 4.523528e-01
9.850000e+02 4.533431e-01
9.860000e+02 4.543345e-01
9.870000e+02 4.553272e-01
9.880000e+02 4.563209e-01
9.890000e+02 4.573159e-01
9.900000e+02 4.583120e-01
9.910000e+02 4.593092e-01
9.920000e+02 4.603077e-01
9.930000e+02 4.613072e-01
9.940000e+02 4.623080e-01
9.950000e+02 4.633099e-01
9.960000e+02 4.643130e-01
9.970000e+02 4.653172e-01
9.980000e+02 4.663226e-01
9.990000e+02 4.673291e-01
1.000000e+03 4.684207e-01
