0.000000e+00 0.000000e+00
1.000000e+00 1.009247e-04
2.000000e+00 4.036727e-04
3.000000e+00 9.081653e-04
4.000000e+00 1.614271e-03
5.000000e+00 2.521808e-03
6.000000e+00 3.630539e-03
7.000000e+00 4.940177e-03
8.000000e+00 6.450384e-03
9.000000e+00 8.160769e-03
1.000000e+01 1.007089e-02
1.100000e+01 1.218026e-02
1.200000e+01 1.448832e-02
1.300000e+01 1.699450e-02
1.400000e+01 1.969814e-02
1.500000e+01 2.259856e-02
1.600000e+01 2.569501e-02
1.700000e+01 2.898672e-02
1.800000e+01 3.247284e-02
1.900000e+01 3.615249e-02
2.000000e+01 4.002475e-02
2.100000e+01 4.408865e-02
2.200000e+01 4.834316e-02
2.300000e+01 5.278724e-02
2.400000e+01 5.741978e-02
2.500000e+01 6.223962e-02
2.600000e+01 6.724560e-02
2.700000e+01 7.243648e-02
2.800000e+01 7.781100e-02
2.900000e+01 8.336785e-02
3.000000e+01 8.910570e-02
3.100000e+01 9.502316e-02
3.200000e+01 1.011188e-01
3.300000e+01 1.073913e-01
3.400000e+01 1.138390e-01
3.500000e+01 1.204605e-01
3.600000e+01 1.272542e-01
3.700000e+01 1.342185e-01
3.800000e+01 1.413519e-01
3.900000e+01 1.486528e-01
4.000000e+01 1.561194e-01
4.100000e+01 1.637500e-01
4.200000e+01 1.715431e-01
4.300000e+01 1.794968e-01
4.400000e+01 1.876094e-01
4.500000e+01 1.958791e-01
4.600000e+01 2.043041e-01
4.700000e+01 2.128827e-01
4.800000e+01 2.216129e-01
4.900000e+01 2.304930e-01
5.000000e+01 2.395210e-01
5.100000e+01 2.486952e-01
5.200000e+01 2.580135e-01
5.300000e+01 2.674742e-01
5.400000e+01 2.770752e-01
5.500000e+01 2.868147e-01
5.600000e+01 2.966908e-01
5.700000e+01 3.067014e-01
5.800000e+01 3.168447e-01
5.900000e+01 3.271187e-01
6.000000e+01 3.375214e-01
6.100000e+01 3.480509e-01
6.200000e+01 3.587052e-01
6.300000e+01 3.694823e-01
6.400000e+01 3.803803e-01
6.500000e+01 3.913973e-01
6.600000e+01 4.025311e-01
6.700000e+01 4.137800e-01
6.800000e+01 4.251418e-01
6.900000e+01 4.366148e-01
7.000000e+01 4.481968e-01
7.100000e+01 4.598860e-01
7.200000e+01 4.716803e-01
7.300000e+01 4.835780e-01
7.400000e+01 4.955770e-01
7.500000e+01 5.076754e-01
7.600000e+01 5.198714e-01
7.700000e+01 5.321630e-01
7.800000e+01 5.445483e-01
7.900000e+01 5.570254e-01
8.000000e+01 5.695925e-01
8.100000e+01 5.822477e-01
8.200000e+01 5.949892e-01
8.300000e+01 6.078152e-01
8.400000e+01 6.207238e-01
8.500000e+01 6.337132e-01
8.600000e+01 6.467817e-01
8.700000e+01 6.599274e-01
8.800000e+01 6.731486e-01
8.900000e+01 6.864436e-01
9.000000e+01 6.998107e-01
9.100000e+01 7.132481e-01
9.200000e+01 7.267541e-01
9.300000e+01 7.403272e-01
9.400000e+01 7.539655e-01
9.500000e+01 7.676676e-01
9.600000e+01 7.814318e-01
9.700000e+01 7.952564e-01
9.800000e+01 8.091399e-01
9.900000e+01 8.230808e-01
1.000000e+02 8.370775e-01
1.010000e+02 8.511284e-01
1.020000e+02 8.652321e-01
1.030000e+02 8.793872e-01
1.040000e+02 8.935920e-01
1.050000e+02 9.078453e-01
1.060000e+02 9.221456e-01
1.070000e+02 9.364914e-01
1.080000e+02 9.508814e-01
1.090000e+02 9.653143e-01
1.100000e+02 9.797887e-01
1.110000e+02 9.943032e-01
1.120000e+02 1.008857e+00
1.130000e+02 1.023448e+00
1.140000e+02 1.038075e+00
1.150000e+02 1.052738e+00
1.160000e+02 1.067434e+00
1.170000e+02 1.082163e+00
1.180000e+02 1.096924e+00
1.190000e+02 1.111715e+00
1.200000e+02 1.126535e+00
1.210000e+02 1.141383e+00
1.220000e+02 1.156259e+00
1.230000e+02 1.171160e+00
1.240000e+02 1.186087e+00
1.250000e+02 1.201037e+00
1.260000e+02 1.216010e+00
1.270000e+02 1.231004e+00
1.280000e+02 1.246020e+00
1.290000e+02 1.261056e+00
1.300000e+02 1.276110e+00
1.310000e+02 1.291183e+00
1.320000e+02 1.306273e+00
1.330000e+02 1.321379e+00
1.340000e+02 1.336501e+00
1.350000e+02 1.351637e+00
1.360000e+02 1.366787e+00
1.370000e+02 1.381949e+00
1.380000e+02 1.397124e+00
1.390000e+02 1.412310e+00
1.400000e+02 1.427507e+00
1.410000e+02 1.442714e+00
1.420000e+02 1.457929e+00
1.430000e+02 1.473153e+00
1.440000e+02 1.488385e+00
1.450000e+02 1.503624e+00
1.460000e+02 1.518869e+00
1.470000e+02 1.534120e+00
1.480000e+02 1.549376e+00
1.490000e+02 1.564637e+00
1.500000e+02 1.579901e+00
1.510000e+02 1.595169e+00
1.520000e+02 1.610439e+00
1.530000e+02 1.625711e+00
1.540000e+02 1.640985e+00
1.550000e+02 1.656260e+00
1.560000e+02 1.671536e+00
1.570000e+02 1.686812e+00
1.580000e+02 1.702087e+00
1.590000e+02 1.717361e+00
1.600000e+02 1.732634e+00
1.610000e+02 1.747905e+00
1.620000e+02 1.763173e+00
1.630000e+02 1.778439e+00
1.640000e+02 1.793702e+00
1.650000e+02 1.808961e+00
1.660000e+02 1.824216e+00
1.670000e+02 1.839467e+00
1.680000e+02 1.854713e+00
1.690000e+02 1.869954e+00
1.700000e+02 1.885189e+00
1.710000e+02 1.900419e+00
1.720000e+02 1.915643e+00
1.730000e+02 1.930860e+00
1.740000e+02 1.946070e+00
1.750000e+02 1.961273e+00
1.760000e+02 1.976469e+00
1.770000e+02 1.991657e+00
1.780000e+02 2.006838e+00
1.790000e+02 2.022010e+00
1.800000e+02 2.037173e+00
1.810000e+02 2.052328e+00
1.820000e+02 2.067474e+00
1.830000e+02 2.082610e+00
1.840000e+02 2.097738e+00
1.850000e+02 2.112855e+00
1.860000e+02 2.127963e+00
1.870000e+02 2.143060e+00
1.880000e+02 2.158147e+00
1.890000e+02 2.173224e+00
1.900000e+02 2.188290e+00
1.910000e+02 2.203345e+00
1.920000e+02 2.218389e+00
1.930000e+02 2.233422e+00
1.940000e+02 2.248443e+00
1.950000e+02 2.263453e+00
1.960000e+02 2.278451e+00
1.970000e+02 2.293438e+00
1.980000e+02 2.308412e+00
1.990000e+02 2.323375e+00
2.000000e+02 2.338325e+00
2.010000e+02 2.353262e+00
2.020000e+02 2.368188e+00
2.030000e+02 2.383100e+00
2.040000e+02 2.398000e+00
2.050000e+02 2.412887e+00
2.060000e+02 2.427761e+00
2.070000e+02 2.442622e+00
2.080000e+02 2.457470e+00
2.090000e+02 2.472305e+00
2.100000e+02 2.487127e+00
2.110000e+02 2.501935e+00
2.120000e+02 2.516730e+00
2.130000e+02 2.531511e+00
2.140000e+02 2.546278e+00
2.150000e+02 2.561032e+00
2.160000e+02 2.575772e+00
2.170000e+02 2.590499e+00
2.180000e+02 2.605211e+00
2.190000e+02 2.619910e+00
2.200000e+02 2.634595e+00
2.210000e+02 2.649265e+00
2.220000e+02 2.663922e+00
2.230000e+02 2.678565e+00
2.240000e+02 2.693193e+00
2.250000e+02 2.707807e+00
2.260000e+02 2.722407e+00
2.270000e+02 2.736993e+00
2.280000e+02 2.751565e+00
2.290000e+02 2.766122e+00
2.300000e+02 2.780665e+00
2.310000e+02 2.795193e+00
2.320000e+02 2.809708e+00
2.330000e+02 2.824207e+00
2.340000e+02 2.838693e+00
2.350000e+02 2.853164e+00
2.360000e+02 2.867620e+00
2.370000e+02 2.882062e+00
2.380000e+02 2.896490e+00
2.390000e+02 2.910903e+00
2.400000e+02 2.925302e+00
2.410000e+02 2.939686e+00
2.420000e+02 2.954055e+00
2.430000e+02 2.968410e+00
2.440000e+02 2.982751e+00
2.450000e+02 2.997077e+00
2.460000e+02 3.011389e+00
2.470000e+02 3.025686e+00
2.480000e+02 3.039968e+00
2.490000e+02 3.054236e+00
2.500000e+02 3.068490e+00
2.510000e+02 3.082729e+00
2.520000e+02 3.096953e+00
2.530000e+02 3.111163e+00
2.540000e+02 3.125359e+00
2.550000e+02 3.139540e+00
2.560000e+02 3.153707e+00
2.570000e+02 3.167859e+00
2.580000e+02 3.181997e+00
2.590000e+02 3.196120e+00
2.600000e+02 3.210229e+00
2.610000e+02 3.224324e+00
2.620000e+02 3.238404e+00
2.630000e+02 3.252470e+00
2.640000e+02 3.266521e+00
2.650000e+02 3.280558e+00
2.660000e+02 3.294581e+00
2.670000e+02 3.308589e+00
2.680000e+02 3.322584e+00
2.690000e+02 3.336563e+00
2.700000e+02 3.350529e+00
2.710000e+02 3.364481e+00
2.720000e+02 3.378418e+00
2.730000e+02 3.392341e+00
2.740000e+02 3.406250e+00
2.750000e+02 3.420144e+00
2.760000e+02 3.434025e+00
2.770000e+02 3.447891e+00
2.780000e+02 3.461744e+00
2.790000e+02 3.475582e+00
2.800000e+02 3.489406e+00
2.810000e+02 3.503216e+00
2.820000e+02 3.517012e+00
2.830000e+02 3.530794e+00
2.840000e+02 3.544563e+00
2.850000e+02 3.558317e+00
2.860000e+02 3.572057e+00
2.870000e+02 3.585784e+00
2.880000e+02 3.599496e+00
2.890000e+02 3.613195e+00
2.900000e+02 3.626880e+00
2.910000e+02 3.640551e+00
2.920000e+02 3.654208e+00
2.930000e+02 3.667852e+00
2.940000e+02 3.681482e+00
2.950000e+02 3.695098e+00
2.960000e+02 3.708700e+00
2.970000e+02 3.722289e+00
2.980000e+02 3.735864e+00
2.990000e+02 3.749426e+00
3.000000e+02 3.762974e+00
3.010000e+02 3.776508e+00
3.020000e+02 3.790029e+00
3.030000e+02 3.803536e+00
3.040000e+02 3.817030e+00
3.050000e+02 3.830510e+00
3.060000e+02 3.843977e+00
3.070000e+02 3.857431e+00
3.080000e+02 3.870871e+00
3.090000e+02 3.884297e+00
3.100000e+02 3.897711e+00
3.110000e+02 3.911111e+00
3.120000e+02 3.924497e+00
3.130000e+02 3.937871e+00
3.140000e+02 3.951231e+00
3.150000e+02 3.964578e+00
3.160000e+02 3.977911e+00
3.170000e+02 3.991232e+00
3.180000e+02 4.004539e+00
3.190000e+02 4.017834e+00
3.200000e+02 4.031115e+00
3.210000e+02 4.044383e+00
3.220000e+02 4.057638e+00
3.230000e+02 4.070879e+00
3.240000e+02 4.084108e+00
3.250000e+02 4.097324e+00
3.260000e+02 4.110527e+00
3.270000e+02 4.123717e+00
3.280000e+02 4.136894e+00
3.290000e+02 4.150058e+00
3.300000e+02 4.163209e+00
3.310000e+02 4.176348e+00
3.320000e+02 4.189473e+00
3.330000e+02 4.202586e+00
3.340000e+02 4.215686e+00
3.350000e+02 4.228773e+00
3.360000e+02 4.241847e+00
3.370000e+02 4.254909e+00
3.380000e+02 4.267958e+00
3.390000e+02 4.280994e+00
3.400000e+02 4.294018e+00
3.410000e+02 4.307029e+00
3.420000e+02 4.320027e+00
3.430000e+02 4.333013e+00
3.440000e+02 4.345986e+00
3.450000e+02 4.358946e+00
3.460000e+02 4.371894e+00
3.470000e+02 4.384830e+00
3.480000e+02 4.397753e+00
3.490000e+02 4.410664e+00
3.500000e+02 4.423562e+00
3.510000e+02 4.436448e+00
3.520000e+02 4.449321e+00
3.530000e+02 4.462182e+00
3.540000e+02 4.475030e+00
3.550000e+02 4.487867e+00
3.560000e+02 4.500691e+00
3.570000e+02 4.513502e+00
3.580000e+02 4.526301e+00
3.590000e+02 4.539089e+00
3.600000e+02 4.551863e+00
3.610000e+02 4.564626e+00
3.620000e+02 4.577376e+00
3.630000e+02 4.590115e+00
3.640000e+02 4.602841e+00
3.650000e+02 4.615555e+00
3.660000e+02 4.628257e+00
3.670000e+02 4.640946e+00
3.680000e+02 4.653624e+00
3.690000e+02 4.666290e+00
3.700000e+02 4.678943e+00
3.710000e+02 4.691585e+00
3.720000e+02 4.704214e+00
3.730000e+02 4.716832e+00
3.740000e+02 4.729438e+00
3.750000e+02 4.742031e+00
3.760000e+02 4.754613e+00
3.770000e+02 4.767183e+00
3.780000e+02 4.779741e+00
3.790000e+02 4.792287e+00
3.800000e+02 4.804822e+00
3.810000e+02 4.817344e+00
3.820000e+02 4.829855e+00
3.830000e+02 4.842354e+00
3.840000e+02 4.854841e+00
3.850000e+02 4.867317e+00
3.860000e+02 4.879781e+00
3.870000e+02 4.892233e+00
3.880000e+02 4.904673e+00
3.890000e+02 4.917102e+00
3.900000e+02 4.929519e+00
3.910000e+02 4.941924e+00
3.920000e+02 4.954318e+00
3.930000e+02 4.966701e+00
3.940000e+02 4.979071e+00
3.950000e+02 4.991431e+00
3.960000e+02 5.003778e+00
3.970000e+02 5.016114e+00
3.980000e+02 5.028439e+00
3.990000e+02 5.040752e+00
4.000000e+02 5.053054e+00
4.010000e+02 5.065345e+00
4.020000e+02 5.077624e+00
4.030000e+02 5.089891e+00
4.040000e+02 5.102147e+00
4.050000e+02 5.114392e+00
4.060000e+02 5.126626e+00
4.070000e+02 5.138848e+00
4.080000e+02 5.151059e+00
4.090000e+02 5.163259e+00
4.100000e+02 5.175447e+00
4.110000e+02 5.187625e+00
4.120000e+02 5.199791e+00
4.130000e+02 5.211945e+00
4.140000e+02 5.224089e+00
4.150000e+02 5.236222e+00
4.160000e+02 5.248343e+00
4.170000e+02 5.260453e+00
4.180000e+02 5.272552e+00
4.190000e+02 5.284641e+00
4.200000e+02 5.296718e+00
4.210000e+02 5.308784e+00
4.220000e+02 5.320839e+00
4.230000e+02 5.332883e+00
4.240000e+02 5.344916e+00
4.250000e+02 5.356938e+00
4.260000e+02 5.368949e+00
4.270000e+02 5.380949e+00
4.280000e+02 5.392939e+00
4.290000e+02 5.404917e+00
4.300000e+02 5.416885e+00
4.310000e+02 5.428841e+00
4.320000e+02 5.440787e+00
4.330000e+02 5.452723e+00
4.340000e+02 5.464647e+00
4.350000e+02 5.476561e+00
4.360000e+02 5.488463e+00
4.370000e+02 5.500356e+00
4.380000e+02 5.512237e+00
4.390000e+02 5.524108e+00
4.400000e+02 5.535968e+00
4.410000e+02 5.547818e+00
4.420000e+02 5.559656e+00
4.430000e+02 5.571485e+00
4.440000e+02 5.583303e+00
4.450000e+02 5.595110e+00
4.460000e+02 5.606906e+00
4.470000e+02 5.618692e+00
4.480000e+02 5.630468e+00
4.490000e+02 5.642233e+00
4.500000e+02 5.653988e+00
4.510000e+02 5.665732e+00
4.520000e+02 5.677466e+00
4.530000e+02 5.689189e+00
4.540000e+02 5.700902e+00
4.550000e+02 5.712605e+00
4.560000e+02 5.724298e+00
4.570000e+02 5.735980e+00
4.580000e+02 5.747651e+00
4.590000e+02 5.759313e+00
4.600000e+02 5.770964e+00
4.610000e+02 5.782605e+00
4.620000e+02 5.794236e+00
4.630000e+02 5.805857e+00
4.640000e+02 5.817467e+00
4.650000e+02 5.829067e+00
4.660000e+02 5.840658e+00
4.670000e+02 5.852238e+00
4.680000e+02 5.863808e+00
4.690000e+02 5.875368e+00
4.700000e+02 5.886918e+00
4.710000e+02 5.898457e+00
4.720000e+02 5.909987e+00
4.730000e+02 5.921507e+00
4.740000e+02 5.933017e+00
4.750000e+02 5.944517e+00
4.760000e+02 5.956007e+00
4.770000e+02 5.967487e+00
4.780000e+02 5.978958e+00
4.790000e+02 5.990418e+00
4.800000e+02 6.001869e+00
4.810000e+02 6.013310e+00
4.820000e+02 6.024741e+00
4.830000e+02 6.036162e+00
4.840000e+02 6.047574e+00
4.850000e+02 6.058975e+00
4.860000e+02 6.070367e+00
4.870000e+02 6.081750e+00
4.880000e+02 6.093123e+00
4.890000e+02 6.104486e+00
4.900000e+02 6.115839e+00
4.910000e+02 6.127183e+00
4.920000e+02 6.138517e+00
4.930000e+02 6.149842e+00
4.940000e+02 6.161158e+00
4.950000e+02 6.172463e+00
4.960000e+02 6.183760e+00
4.970000e+02 6.195046e+00
4.980000e+02 6.206324e+00
4.990000e+02 6.217592e+00
5.000000e+02 6.228850e+00
5.010000e+02 6.240099e+00
5.020000e+02 6.251339e+00
5.030000e+02 6.262570e+00
5.040000e+02 6.273791e+00
5.050000e+02 6.285003e+00
5.060000e+02 6.296205e+00
5.070000e+02 6.307399e+00
5.080000e+02 6.318583e+00
5.090000e+02 6.329758e+00
5.100000e+02 6.340924e+00
5.110000e+02 6.352080e+00
5.120000e+02 6.363228e+00
5.130000e+02 6.374366e+00
5.140000e+02 6.385495e+00
5.150000e+02 6.396616e+00
5.160000e+02 6.407727e+00
5.170000e+02 6.418829e+00
5.180000e+02 6.429922e+00
5.190000e+02 6.441006e+00
5.200000e+02 6.452081e+00
5.210000e+02 6.463148e+00
5.220000e+02 6.474205e+00
5.230000e+02 6.485254e+00
5.240000e+02 6.496293e+00
5.250000e+02 6.507324e+00
5.260000e+02 6.518346e+00
5.270000e+02 6.529359e+00
5.280000e+02 6.540364e+00
5.290000e+02 6.551359e+00
5.300000e+02 6.562346e+00
5.310000e+02 6.573325e+00
5.320000e+02 6.584294e+00
5.330000e+02 6.595255e+00
5.340000e+02 6.606207e+00
5.350000e+02 6.617151e+00
5.360000e+02 6.628086e+00
5.370000e+02 6.639012e+00
5.380000e+02 6.649930e+00
5.390000e+02 6.660840e+00
5.400000e+02 6.671741e+00
5.410000e+02 6.682633e+00
5.420000e+02 6.693517e+00
5.430000e+02 6.704393e+00
5.440000e+02 6.715260e+00
5.450000e+02 6.726119e+00
5.460000e+02 6.736969e+00
5.470000e+02 6.747811e+00
5.480000e+02 6.758645e+00
5.490000e+02 6.769470e+00
5.500000e+02 6.780288e+00
5.510000e+02 6.791097e+00
5.520000e+02 6.801897e+00
5.530000e+02 6.812690e+00
5.540000e+02 6.823474e+00
5.550000e+02 6.834250e+00
5.560000e+02 6.845018e+00
5.570000e+02 6.855778e+00
5.580000e+02 6.866530e+00
5.590000e+02 6.877274e+00
5.600000e+02 6.888010e+00
5.610000e+02 6.898738e+00
5.620000e+02 6.909457e+00
5.630000e+02 6.920169e+00
5.640000e+02 6.930873e+00
5.650000e+02 6.941569e+00
5.660000e+02 6.952257e+00
5.670000e+02 6.962937e+00
5.680000e+02 6.973609e+00
5.690000e+02 6.984274e+00
5.700000e+02 6.994931e+00
5.710000e+02 7.005579e+00
5.720000e+02 7.016221e+00
5.730000e+02 7.026854e+00
5.740000e+02 7.037480e+00
5.750000e+02 7.048098e+00
5.760000e+02 7.058708e+00
5.770000e+02 7.069311e+00
5.780000e+02 7.079906e+00
5.790000e+02 7.090493e+00
5.800000e+02 7.101073e+00
5.810000e+02 7.111645e+00
5.820000e+02 7.122210e+00
5.830000e+02 7.132767e+00
5.840000e+02 7.143317e+00
5.850000e+02 7.153859e+00
5.860000e+02 7.164394e+00
5.870000e+02 7.174922e+00
5.880000e+02 7.185442e+00
5.890000e+02 7.195955e+00
5.900000e+02 7.206460e+00
5.910000e+02 7.216958e+00
5.920000e+02 7.227449e+00
5.930000e+02 7.237932e+00
5.940000e+02 7.248409e+00
5.950000e+02 7.258878e+00
5.960000e+02 7.269339e+00
5.970000e+02 7.279794e+00
5.980000e+02 7.290242e+00
5.990000e+02 7.300682e+00
6.000000e+02 7.311115e+00
6.010000e+02 7.321541e+00
6.020000e+02 7.331960e+00
6.030000e+02 7.342372e+00
6.040000e+02 7.352777e+00
6.050000e+02 7.363175e+00
6.060000e+02 7.373566e+00
6.070000e+02 7.383950e+00
6.080000e+02 7.394327e+00
6.090000e+02 7.404698e+00
6.100000e+02 7.415061e+00
6.110000e+02 7.425418e+00
6.120000e+02 7.435767e+00
6.130000e+02 7.446110e+00
6.140000e+02 7.456446e+00
6.150000e+02 7.466775e+00
6.160000e+02 7.477098e+00
6.170000e+02 7.487414e+00
6.180000e+02 7.497723e+00
6.190000e+02 7.508025e+00
6.200000e+02 7.518321e+00
6.210000e+02 7.528610e+00
6.220000e+02 7.538893e+00
6.230000e+02 7.549169e+00
6.240000e+02 7.559438e+00
6.250000e+02 7.569701e+00
6.260000e+02 7.579957e+00
6.270000e+02 7.590207e+00
6.280000e+02 7.600450e+00
6.290000e+02 7.610687e+00
6.300000e+02 7.620918e+00
6.310000e+02 7.631142e+00
6.320000e+02 7.641359e+00
6.330000e+02 7.651571e+00
6.340000e+02 7.661776e+00
6.350000e+02 7.671974e+00
6.360000e+02 7.682167e+00
6.370000e+02 7.692353e+00
6.380000e+02 7.702533e+00
6.390000e+02 7.712706e+00
6.400000e+02 7.722874e+00
6.410000e+02 7.733035e+00
6.420000e+02 7.743190e+00
6.430000e+02 7.753339e+00
6.440000e+02 7.763482e+00
6.450000e+02 7.773618e+00
6.460000e+02 7.783749e+00
6.470000e+02 7.793873e+00
6.480000e+02 7.803992e+00
6.490000e+02 7.814105e+00
6.500000e+02 7.824211e+00
6.510000e+02 7.834312e+00
6.520000e+02 7.844406e+00
6.530000e+02 7.854495e+00
6.540000e+02 7.864578e+00
6.550000e+02 7.874655e+00
6.560000e+02 7.884726e+00
6.570000e+02 7.894791e+00
6.580000e+02 7.904851e+00
6.590000e+02 7.914905e+00
6.600000e+02 7.924953e+00
6.610000e+02 7.934995e+00
6.620000e+02 7.945031e+00
6.630000e+02 7.955062e+00
6.640000e+02 7.965087e+00
6.650000e+02 7.975107e+00
6.660000e+02 7.985120e+00
6.670000e+02 7.995129e+00
6.680000e+02 8.005131e+00
6.690000e+02 8.015128e+00
6.700000e+02 8.025120e+00
6.710000e+02 8.035106e+00
6.720000e+02 8.045086e+00
6.730000e+02 8.055061e+00
6.740000e+02 8.065031e+00
6.750000e+02 8.074995e+00
6.760000e+02 8.084953e+00
6.770000e+02 8.094906e+00
6.780000e+02 8.104854e+00
6.790000e+02 8.114797e+00
6.800000e+02 8.124734e+00
6.810000e+02 8.134666e+00
6.820000e+02 8.144592e+00
6.830000e+02 8.154514e+00
6.840000e+02 8.164430e+00
6.850000e+02 8.174340e+00
6.860000e+02 8.184246e+00
6.870000e+02 8.194146e+00
6.880000e+02 8.204042e+00
6.890000e+02 8.213932e+00
6.900000e+02 8.223817e+00
6.910000e+02 8.233696e+00
6.920000e+02 8.243571e+00
6.930000e+02 8.253441e+00
6.940000e+02 8.263305e+00
6.950000e+02 8.273165e+00
6.960000e+02 8.283020e+00
6.970000e+02 8.292869e+00
6.980000e+02 8.302714e+00
6.990000e+02 8.312554e+00
7.000000e+02 8.322388e+00
7.010000e+02 8.332218e+00
7.020000e+02 8.342043e+00
7.030000e+02 8.351863e+00
7.040000e+02 8.361679e+00
7.050000e+02 8.371489e+00
7.060000e+02 8.381295e+00
7.070000e+02 8.391096e+00
7.080000e+02 8.400892e+00
7.090000e+02 8.410683e+00
7.100000e+02 8.420470e+00
7.110000e+02 8.430252e+00
7.120000e+02 8.440029e+00
7.130000e+02 8.449802e+00
7.140000e+02 8.459570e+00
7.150000e+02 8.469333e+00
7.160000e+02 8.479092e+00
7.170000e+02 8.488846e+00
7.180000e+02 8.498595e+00
7.190000e+02 8.508340e+00
7.200000e+02 8.518081e+00
7.210000e+02 8.527817e+00
7.220000e+02 8.537548e+00
7.230000e+02 8.547275e+00
7.240000e+02 8.556998e+00
7.250000e+02 8.566716e+00
7.260000e+02 8.576430e+00
7.270000e+02 8.586139e+00
7.280000e+02 8.595844e+00
7.290000e+02 8.605545e+00
7.300000e+02 8.615241e+00
7.310000e+02 8.624933e+00
7.320000e+02 8.634621e+00
7.330000e+02 8.644304e+00
7.340000e+02 8.653983e+00
7.350000e+02 8.663658e+00
7.360000e+02 8.673329e+00
7.370000e+02 8.682995e+00
7.380000e+02 8.692658e+00
7.390000e+02 8.702316e+00
7.400000e+02 8.711970e+00
7.410000e+02 8.721620e+00
7.420000e+02 8.731266e+00
7.430000e+02 8.740907e+00
7.440000e+02 8.750545e+00
7.450000e+02 8.760178e+00
7.460000e+02 8.769808e+00
7.470000e+02 8.779433e+00
7.480000e+02 8.789055e+00
7.490000e+02 8.798672e+00
7.500000e+02 8.808286e+00
7.510000e+02 8.817895e+00
7.520000e+02 8.827501e+00
7.530000e+02 8.837103e+00
7.540000e+02 8.846701e+00
7.550000e+02 8.856295e+00
7.560000e+02 8.865885e+00
7.570000e+02 8.875471e+00
7.580000e+02 8.885054e+00
7.590000e+02 8.894632e+00
7.600000e+02 8.904207e+00
7.610000e+02 8.913778e+00
7.620000e+02 8.923346e+00
7.630000e+02 8.932910e+00
7.640000e+02 8.942469e+00
7.650000e+02 8.952026e+00
7.660000e+02 8.961578e+00
7.670000e+02 8.971127e+00
7.680000e+02 8.980672e+00
7.690000e+02 8.990214e+00
7.700000e+02 8.999752e+00
7.710000e+02 9.009287e+00
7.720000e+02 9.018817e+00
7.730000e+02 9.028345e+00
7.740000e+02 9.037868e+00
7.750000e+02 9.047389e+00
7.760000e+02 9.056905e+00
7.770000e+02 9.066419e+00
7.780000e+02 9.075928e+00
7.790000e+02 9.085435e+00
7.800000e+02 9.094938e+00
7.810000e+02 9.104437e+00
7.820000e+02 9.113933e+00
7.830000e+02 9.123426e+00
7.840000e+02 9.132915e+00
7.850000e+02 9.142401e+00
7.860000e+02 9.151884e+00
7.870000e+02 9.161363e+00
7.880000e+02 9.170839e+00
7.890000e+02 9.180311e+00
7.900000e+02 9.189781e+00
7.910000e+02 9.199247e+00
7.920000e+02 9.208710e+00
7.930000e+02 9.218169e+00
7.940000e+02 9.227626e+00
7.950000e+02 9.237079e+00
7.960000e+02 9.246529e+00
7.970000e+02 9.255976e+00
7.980000e+02 9.265420e+00
7.990000e+02 9.274861e+00
8.000000e+02 9.284298e+00
8.010000e+02 9.293733e+00
8.020000e+02 9.303164e+00
8.030000e+02 9.312592e+00
8.040000e+02 9.322017e+00
8.050000e+02 9.331440e+00
8.060000e+02 9.340859e+00
8.070000e+02 9.350275e+00
8.080000e+02 9.359688e+00
8.090000e+02 9.369098e+00
8.100000e+02 9.378505e+00
8.110000e+02 9.387910e+00
8.120000e+02 9.397311e+00
8.130000e+02 9.406710e+00
8.140000e+02 9.416105e+00
8.150000e+02 9.425498e+00
8.160000e+02 9.434888e+00
8.170000e+02 9.444275e+00
8.180000e+02 9.453659e+00
8.190000e+02 9.463040e+00
8.200000e+02 9.472418e+00
8.210000e+02 9.481794e+00
8.220000e+02 9.491167e+00
8.230000e+02 9.500537e+00
8.240000e+02 9.509905e+00
8.250000e+02 9.519269e+00
8.260000e+02 9.528631e+00
8.270000e+02 9.537990e+00
8.280000e+02 9.547347e+00
8.290000e+02 9.556701e+00
8.300000e+02 9.566052e+00
8.310000e+02 9.575401e+00
8.320000e+02 9.584747e+00
8.330000e+02 9.594090e+00
8.340000e+02 9.603431e+00
8.350000e+02 9.612769e+00
8.360000e+02 9.622104e+00
8.370000e+02 9.631437e+00
8.380000e+02 9.640768e+00
8.390000e+02 9.650095e+00
8.400000e+02 9.659421e+00
8.410000e+02 9.668744e+00
8.420000e+02 9.678064e+00
8.430000e+02 9.687382e+00
8.440000e+02 9.696697e+00
8.450000e+02 9.706010e+00
8.460000e+02 9.715321e+00
8.470000e+02 9.724629e+00
8.480000e+02 9.733935e+00
8.490000e+02 9.743238e+00
8.500000e+02 9.752539e+00
8.510000e+02 9.761838e+00
8.520000e+02 9.771134e+00
8.530000e+02 9.780428e+00
8.540000e+02 9.789719e+00
8.550000e+02 9.799008e+00
8.560000e+02 9.808295e+00
8.570000e+02 9.817580e+00
8.580000e+02 9.826862e+00
8.590000e+02 9.836142e+00
8.600000e+02 9.845420e+00
8.610000e+02 9.854696e+00
8.620000e+02 9.863969e+00
8.630000e+02 9.873240e+00
8.640000e+02 9.882509e+00
8.650000e+02 9.891776e+00
8.660000e+02 9.901041e+00
8.670000e+02 9.910303e+00
8.680000e+02 9.919563e+00
8.690000e+02 9.928822e+00
8.700000e+02 9.938078e+00
8.710000e+02 9.947332e+00
8.720000e+02 9.956583e+00
8.730000e+02 9.965833e+00
8.740000e+02 9.975081e+00
8.750000e+02 9.984327e+00
8.760000e+02 9.993570e+00
8.770000e+02 1.000281e+01
8.780000e+02 1.001205e+01
8.790000e+02 1.002129e+01
8.800000e+02 1.003052e+01
8.810000e+02 1.003976e+01
8.820000e+02 1.004899e+01
8.830000e+02 1.005822e+01
8.840000e+02 1.006745e+01
8.850000e+02 1.007667e+01
8.860000e+02 1.008590e+01
8.870000e+02 1.009512e+01
8.880000e+02 1.010434e+01
8.890000e+02 1.011356e+01
8.900000e+02 1.012277e+01
8.910000e+02 1.013199e+01
8.920000e+02 1.014120e+01
8.930000e+02 1.015041e+01
8.940000e+02 1.015962e+01
8.950000e+02 1.016883e+01
8.960000e+02 1.017803e+01
8.970000e+02 1.018723e+01
8.980000e+02 1.019644e+01
8.990000e+02 1.020564e+01
9.000000e+02 1.021483e+01
9.010000e+02 1.022403e+01
9.020000e+02 1.023322e+01
9.030000e+02 1.024242e+01
9.040000e+02 1.025161e+01
9.050000e+02 1.026080e+01
9.060000e+02 1.026998e+01
9.070000e+02 1.027917e+01
9.080000e+02 1.028836e+01
9.090000e+02 1.029754e+01
9.100000e+02 1.030672e+01
9.110000e+02 1.031590e+01
9.120000e+02 1.032508e+01
9.130000e+02 1.033425e+01
9.140000e+02 1.034343e+01
9.150000e+02 1.035260e+01
9.160000e+02 1.036177e+01
9.170000e+02 1.037094e+01
9.180000e+02 1.038011e+01
9.190000e+02 1.038928e+01
9.200000e+02 1.039844e+01
9.210000e+02 1.040760e+01
9.220000e+02 1.041677e+01
9.230000e+02 1.042593e+01
9.240000e+02 1.043509e+01
9.250000e+02 1.044424e+01
9.260000e+02 1.045340e+01
9.270000e+02 1.046255e+01
9.280000e+02 1.047171e+01
9.290000e+02 1.048086e+01
9.300000e+02 1.049001e+01
9.310000e+02 1.049916e+01
9.320000e+02 1.050830e+01
9.330000e+02 1.051745e+01
9.340000e+02 1.052660e+01
9.350000e+02 1.053574e+01
9.360000e+02 1.054488e+01
9.370000e+02 1.055402e+01
9.380000e+02 1.056316e+01
9.390000e+02 1.057230e+01
9.400000e+02 1.058143e+01
9.410000e+02 1.059057e+01
9.420000e+02 1.059970e+01
9.430000e+02 1.060883e+01
9.440000e+02 1.061797e+01
9.450000e+02 1.062710e+01
9.460000e+02 1.063622e+01
9.470000e+02 1.064535e+01
9.480000e+02 1.065448e+01
9.490000e+02 1.066360e+01
9.500000e+02 1.067273e+01
9.510000e+02 1.068185e+01
9.520000e+02 1.069097e+01
9.530000e+02 1.070009e+01
9.540000e+02 1.070921e+01
9.550000e+02 1.071832e+01
9.560000e+02 1.072744e+01
9.570000e+02 1.073656e+01
9.580000e+02 1.074567e+01
9.590000e+02 1.075478e+01
9.600000e+02 1.076389e+01
9.610000e+02 1.077300e+01
9.620000e+02 1.078211e+01
9.630000e+02 1.079122e+01
9.640000e+02 1.080033e+01
9.650000e+02 1.080943e+01
9.660000e+02 1.081854e+01
9.670000e+02 1.082764e+01
9.680000e+02 1.083674e+01
9.690000e+02 1.084585e+01
9.700000e+02 1.085495e+01
9.710000e+02 1.086405e+01
9.720000e+02 1.087314e+01
9.730000e+02 1.088224e+01
9.740000e+02 1.089134e+01
9.750000e+02 1.090043e+01
9.760000e+02 1.090953e+01
9.770000e+02 1.091862e+01
9.780000e+02 1.092771e+01
9.790000e+02 1.093680e+01
9.800000e+02 1.094589e+01
9.810000e+02 1.095498e+01
9.820000e+02 1.096407e+01
9.830000e+02 1.097316e+01
9.840000e+02 1.098224e+01
9.850000e+02 1.099133e+01
9.860000e+02 1.100041e+01
9.870000e+02 1.100950e+01
9.880000e+02 1.101858e+01
9.890000e+02 1.102766e+01
9.900000e+02 1.103674e+01
9.910000e+02 1.104582e+01
9.920000e+02 1.105490e+01
9.930000e+02 1.106398e+01
9.940000e+02 1.107306e+01
9.950000e+02 1.108213e+01
9.960000e+02 1.109121e+01
9.970000e+02 1.110028e+01
9.980000e+02 1.110936e+01
9.990000e+02 1.111843e+01
1.000000e+03 1.112750e+01
