0.000000e+00 0.000000e+00
1.000000e+00 7.920310e-04
2.000000e+00 3.145414e-03
3.000000e+00 6.994000e-03
4.000000e+00 1.223383e-02
5.000000e+00 1.873154e-02
6.000000e+00 2.633424e-02
7.000000e+00 3.487975e-02
8.000000e+00 4.420581e-02
9.000000e+00 5.415772e-02
1.000000e+01 6.459392e-02
1.100000e+01 7.538940e-02
1.200000e+01 8.643736e-02
1.300000e+01 9.764928e-02
1.400000e+01 1.089539e-01
1.500000e+01 1.202957e-01
1.600000e+01 1.316324e-01
1.700000e+01 1.429336e-01
1.800000e+01 1.541779e-01
1.900000e+01 1.653514e-01
2.000000e+01 1.764459e-01
2.100000e+01 1.874576e-01
2.200000e+01 1.983858e-01
2.300000e+01 2.092319e-01
2.400000e+01 2.199988e-01
2.500000e+01 2.306901e-01
2.600000e+01 2.413100e-01
2.700000e+01 2.518627e-01
2.800000e+01 2.623520e-01
2.900000e+01 2.727818e-01
3.000000e+01 2.831553e-01
3.100000e+01 2.934754e-01
3.200000e+01 3.037444e-01
3.300000e+01 3.139642e-01
3.400000e+01 3.241362e-01
3.500000e+01 3.342613e-01
3.600000e+01 3.443402e-01
3.700000e+01 3.543731e-01
3.800000e+01 3.643599e-01
3.900000e+01 3.743002e-01
4.000000e+01 3.841934e-01
4.100000e+01 3.940388e-01
4.200000e+01 4.038355e-01
4.300000e+01 4.135824e-01
4.400000e+01 4.232783e-01
4.500000e+01 4.329222e-01
4.600000e+01 4.425127e-01
4.700000e+01 4.520487e-01
4.800000e+01 4.615289e-01
4.900000e+01 4.709522e-01
5.000000e+01 4.803174e-01
5.100000e+01 4.896234e-01
5.200000e+01 4.988692e-01
5.300000e+01 5.080538e-01
5.400000e+01 5.171764e-01
5.500000e+01 5.262362e-01
5.600000e+01 5.352325e-01
5.700000e+01 5.441646e-01
5.800000e+01 5.530321e-01
5.900000e+01 5.618344e-01
6.000000e+01 5.705714e-01
6.100000e+01 5.792426e-01
6.200000e+01 5.878480e-01
6.300000e+01 5.963875e-01
6.400000e+01 6.048612e-01
6.500000e+01 6.132690e-01
6.600000e+01 6.216111e-01
6.700000e+01 6.298879e-01
6.800000e+01 6.380996e-01
6.900000e+01 6.462467e-01
7.000000e+01 6.543295e-01
7.100000e+01 6.623486e-01
7.200000e+01 6.703045e-01
7.300000e+01 6.781979e-01
7.400000e+01 6.860295e-01
7.500000e+01 6.937999e-01
7.600000e+01 7.015099e-01
7.700000e+01 7.091604e-01
7.800000e+01 7.167521e-01
7.900000e+01 7.242859e-01
8.000000e+01 7.317627e-01
8.100000e+01 7.391834e-01
8.200000e+01 7.465490e-01
8.300000e+01 7.538605e-01
8.400000e+01 7.611187e-01
8.500000e+01 7.683248e-01
8.600000e+01 7.754797e-01
8.700000e+01 7.825845e-01
8.800000e+01 7.896401e-01
8.900000e+01 7.966477e-01
9.000000e+01 8.036082e-01
9.100000e+01 8.105228e-01
9.200000e+01 8.173923e-01
9.300000e+01 8.242180e-01
9.400000e+01 8.310009e-01
9.500000e+01 8.377419e-01
9.600000e+01 8.444422e-01
9.700000e+01 8.511028e-01
9.800000e+01 8.577246e-01
9.900000e+01 8.643088e-01
1.000000e+02 8.708564e-01
1.010000e+02 8.773682e-01
1.020000e+02 8.838455e-01
1.030000e+02 8.902890e-01
1.040000e+02 8.966999e-01
1.050000e+02 9.030790e-01
1.060000e+02 9.094274e-01
1.070000e+02 9.157459e-01
1.080000e+02 9.220355e-01
1.090000e+02 9.282971e-01
1.100000e+02 9.345317e-01
1.110000e+02 9.407400e-01
1.120000e+02 9.469231e-01
1.130000e+02 9.530816e-01
1.140000e+02 9.592166e-01
1.150000e+02 9.653287e-01
1.160000e+02 9.714190e-01
1.170000e+02 9.774880e-01
1.180000e+02 9.835367e-01
1.190000e+02 9.895658e-01
1.200000e+02 9.955761e-01
1.210000e+02 1.001568e+00
1.220000e+02 1.007543e+00
1.230000e+02 1.013501e+00
1.240000e+02 1.019444e+00
1.250000e+02 1.025371e+00
1.260000e+02 1.031283e+00
1.270000e+02 1.037182e+00
1.280000e+02 1.043067e+00
1.290000e+02 1.048940e+00
1.300000e+02 1.054801e+00
1.310000e+02 1.060650e+00
1.320000e+02 1.066489e+00
1.330000e+02 1.072317e+00
1.340000e+02 1.078136e+00
1.350000e+02 1.083946e+00
1.360000e+02 1.089747e+00
1.370000e+02 1.095541e+00
1.380000e+02 1.101326e+00
1.390000e+02 1.107105e+00
1.400000e+02 1.112878e+00
1.410000e+02 1.118644e+00
1.420000e+02 1.124405e+00
1.430000e+02 1.130161e+00
1.440000e+02 1.135912e+00
1.450000e+02 1.141659e+00
1.460000e+02 1.147403e+00
1.470000e+02 1.153143e+00
1.480000e+02 1.158880e+00
1.490000e+02 1.164615e+00
1.500000e+02 1.170348e+00
1.510000e+02 1.176078e+00
1.520000e+02 1.181808e+00
1.530000e+02 1.187537e+00
1.540000e+02 1.193265e+00
1.550000e+02 1.198992e+00
1.560000e+02 1.204720e+00
1.570000e+02 1.210448e+00
1.580000e+02 1.216177e+00
1.590000e+02 1.221907e+00
1.600000e+02 1.227638e+00
1.610000e+02 1.233371e+00
1.620000e+02 1.239105e+00
1.630000e+02 1.244842e+00
1.640000e+02 1.250581e+00
1.650000e+02 1.256323e+00
1.660000e+02 1.262067e+00
1.670000e+02 1.267815e+00
1.680000e+02 1.273567e+00
1.690000e+02 1.279322e+00
1.700000e+02 1.285080e+00
1.710000e+02 1.290843e+00
1.720000e+02 1.296611e+00
1.730000e+02 1.302383e+00
1.740000e+02 1.308159e+00
1.750000e+02 1.313941e+00
1.760000e+02 1.319727e+00
1.770000e+02 1.325519e+00
1.780000e+02 1.331316e+00
1.790000e+02 1.337119e+00
1.800000e+02 1.342928e+00
1.810000e+02 1.348743e+00
1.820000e+02 1.354564e+00
1.830000e+02 1.360391e+00
1.840000e+02 1.366225e+00
1.850000e+02 1.372065e+00
1.860000e+02 1.377912e+00
1.870000e+02 1.383766e+00
1.880000e+02 1.389627e+00
1.890000e+02 1.395495e+00
1.900000e+02 1.401370e+00
1.910000e+02 1.407252e+00
1.920000e+02 1.413142e+00
1.930000e+02 1.419040e+00
1.940000e+02 1.424945e+00
1.950000e+02 1.430858e+00
1.960000e+02 1.436778e+00
1.970000e+02 1.442707e+00
1.980000e+02 1.448644e+00
1.990000e+02 1.454589e+00
2.000000e+02 1.460542e+00
2.010000e+02 1.466503e+00
2.020000e+02 1.472473e+00
2.030000e+02 1.478451e+00
2.040000e+02 1.484437e+00
2.050000e+02 1.490433e+00
2.060000e+02 1.496436e+00
2.070000e+02 1.502449e+00
2.080000e+02 1.508470e+00
2.090000e+02 1.514500e+00
2.100000e+02 1.520539e+00
2.110000e+02 1.526587e+00
2.120000e+02 1.532643e+00
2.130000e+02 1.538709e+00
2.140000e+02 1.544783e+00
2.150000e+02 1.550867e+00
2.160000e+02 1.556960e+00
2.170000e+02 1.563062e+00
2.180000e+02 1.569173e+00
2.190000e+02 1.575293e+00
2.200000e+02 1.581422e+00
2.210000e+02 1.587561e+00
2.220000e+02 1.593709e+00
2.230000e+02 1.599866e+00
2.240000e+02 1.606032e+00
2.250000e+02 1.612208e+00
2.260000e+02 1.618393e+00
2.270000e+02 1.624587e+00
2.280000e+02 1.630791e+00
2.290000e+02 1.637004e+00
2.300000e+02 1.643226e+00
2.310000e+02 1.649458e+00
2.320000e+02 1.655699e+00
2.330000e+02 1.661949e+00
2.340000e+02 1.668209e+00
2.350000e+02 1.674478e+00
2.360000e+02 1.680756e+00
2.370000e+02 1.687044e+00
2.380000e+02 1.693340e+00
2.390000e+02 1.699647e+00
2.400000e+02 1.705962e+00
2.410000e+02 1.712287e+00
2.420000e+02 1.718621e+00
2.430000e+02 1.724964e+00
2.440000e+02 1.731317e+00
2.450000e+02 1.737679e+00
2.460000e+02 1.744050e+00
2.470000e+02 1.750430e+00
2.480000e+02 1.756819e+00
2.490000e+02 1.763218e+00
2.500000e+02 1.769625e+00
2.510000e+02 1.776042e+00
2.520000e+02 1.782468e+00
2.530000e+02 1.788902e+00
2.540000e+02 1.795346e+00
2.550000e+02 1.801799e+00
2.560000e+02 1.808261e+00
2.570000e+02 1.814731e+00
2.580000e+02 1.821211e+00
2.590000e+02 1.827699e+00
2.600000e+02 1.834196e+00
2.610000e+02 1.840702e+00
2.620000e+02 1.847217e+00
2.630000e+02 1.853740e+00
2.640000e+02 1.860272e+00
2.650000e+02 1.866813e+00
2.660000e+02 1.873362e+00
2.670000e+02 1.879920e+00
2.680000e+02 1.886486e+00
2.690000e+02 1.893061e+00
2.700000e+02 1.899644e+00
2.710000e+02 1.906236e+00
2.720000e+02 1.912836e+00
2.730000e+02 1.919444e+00
2.740000e+02 1.926061e+00
2.750000e+02 1.932686e+00
2.760000e+02 1.939318e+00
2.770000e+02 1.945960e+00
2.780000e+02 1.952609e+00
2.790000e+02 1.959266e+00
2.800000e+02 1.965931e+00
2.810000e+02 1.972604e+00
2.820000e+02 1.979285e+00
2.830000e+02 1.985974e+00
2.840000e+02 1.992670e+00
2.850000e+02 1.999374e+00
2.860000e+02 2.006086e+00
2.870000e+02 2.012806e+00
2.880000e+02 2.019533e+00
2.890000e+02 2.026267e+00
2.900000e+02 2.033010e+00
2.910000e+02 2.039759e+00
2.920000e+02 2.046516e+00
2.930000e+02 2.053280e+00
2.940000e+02 2.060052e+00
2.950000e+02 2.066830e+00
2.960000e+02 2.073616e+00
2.970000e+02 2.080409e+00
2.980000e+02 2.087209e+00
2.990000e+02 2.094015e+00
3.000000e+02 2.100829e+00
3.010000e+02 2.107650e+00
3.020000e+02 2.114477e+00
3.030000e+02 2.121312e+00
3.040000e+02 2.128152e+00
3.050000e+02 2.135000e+00
3.060000e+02 2.141854e+00
3.070000e+02 2.148715e+00
3.080000e+02 2.155582e+00
3.090000e+02 2.162455e+00
3.100000e+02 2.169335e+00
3.110000e+02 2.176221e+00
3.120000e+02 2.183113e+00
3.130000e+02 2.190012e+00
3.140000e+02 2.196916e+00
3.150000e+02 2.203827e+00
3.160000e+02 2.210743e+00
3.170000e+02 2.217666e+00
3.180000e+02 2.224594e+00
3.190000e+02 2.231529e+00
3.200000e+02 2.238468e+00
3.210000e+02 2.245414e+00
3.220000e+02 2.252365e+00
3.230000e+02 2.259322e+00
3.240000e+02 2.266284e+00
3.250000e+02 2.273252e+00
3.260000e+02 2.280225e+00
3.270000e+02 2.287204e+00
3.280000e+02 2.294187e+00
3.290000e+02 2.301176e+00
3.300000e+02 2.308170e+00
3.310000e+02 2.315169e+00
3.320000e+02 2.322173e+00
3.330000e+02 2.329182e+00
3.340000e+02 2.336196e+00
3.350000e+02 2.343215e+00
3.360000e+02 2.350239e+00
3.370000e+02 2.357267e+00
3.380000e+02 2.364300e+00
3.390000e+02 2.371337e+00
3.400000e+02 2.378379e+00
3.410000e+02 2.385425e+00
3.420000e+02 2.392476e+00
3.430000e+02 2.399531e+00
3.440000e+02 2.406591e+00
3.450000e+02 2.413654e+00
3.460000e+02 2.420722e+00
3.470000e+02 2.427794e+00
3.480000e+02 2.434870e+00
3.490000e+02 2.441950e+00
3.500000e+02 2.449033e+00
3.510000e+02 2.456121e+00
3.520000e+02 2.463212e+00
3.530000e+02 2.470307e+00
3.540000e+02 2.477406e+00
3.550000e+02 2.484509e+00
3.560000e+02 2.491614e+00
3.570000e+02 2.498724e+00
3.580000e+02 2.505837e+00
3.590000e+02 2.512953e+00
3.600000e+02 2.520072e+00
3.610000e+02 2.527195e+00
3.620000e+02 2.534321e+00
3.630000e+02 2.541450e+00
3.640000e+02 2.548582e+00
3.650000e+02 2.555716e+00
3.660000e+02 2.562854e+00
3.670000e+02 2.569995e+00
3.680000e+02 2.577139e+00
3.690000e+02 2.584285e+00
3.700000e+02 2.591434e+00
3.710000e+02 2.598586e+00
3.720000e+02 2.605740e+00
3.730000e+02 2.612897e+00
3.740000e+02 2.620056e+00
3.750000e+02 2.627218e+00
3.760000e+02 2.634382e+00
3.770000e+02 2.641548e+00
3.780000e+02 2.648716e+00
3.790000e+02 2.655887e+00
3.800000e+02 2.663060e+00
3.810000e+02 2.670234e+00
3.820000e+02 2.677411e+00
3.830000e+02 2.684590e+00
3.840000e+02 2.691770e+00
3.850000e+02 2.698953e+00
3.860000e+02 2.706137e+00
3.870000e+02 2.713322e+00
3.880000e+02 2.720510e+00
3.890000e+02 2.727699e+00
3.900000e+02 2.734889e+00
3.910000e+02 2.742081e+00
3.920000e+02 2.749275e+00
3.930000e+02 2.756470e+00
3.940000e+02 2.763666e+00
3.950000e+02 2.770863e+00
3.960000e+02 2.778062e+00
3.970000e+02 2.785261e+00
3.980000e+02 2.792462e+00
3.990000e+02 2.799664e+00
4.000000e+02 2.806867e+00
4.010000e+02 2.814070e+00
4.020000e+02 2.821275e+00
4.030000e+02 2.828480e+00
4.040000e+02 2.835686e+00
4.050000e+02 2.842893e+00
4.060000e+02 2.850100e+00
4.070000e+02 2.857308e+00
4.080000e+02 2.864517e+00
4.090000e+02 2.871726e+00
4.100000e+02 2.878935e+00
4.110000e+02 2.886145e+00
4.120000e+02 2.893355e+00
4.130000e+02 2.900566e+00
4.140000e+02 2.907776e+00
4.150000e+02 2.914987e+00
4.160000e+02 2.922198e+00
4.170000e+02 2.929409e+00
4.180000e+02 2.936620e+00
4.190000e+02 2.943831e+00
4.200000e+02 2.951042e+00
4.210000e+02 2.958253e+00
4.220000e+02 2.965463e+00
4.230000e+02 2.972674e+00
4.240000e+02 2.979884e+00
4.250000e+02 2.987093e+00
4.260000e+02 2.994302e+00
4.270000e+02 3.001511e+00
4.280000e+02 3.008720e+00
4.290000e+02 3.015927e+00
4.300000e+02 3.023135e+00
4.310000e+02 3.030341e+00
4.320000e+02 3.037547e+00
4.330000e+02 3.044752e+00
4.340000e+02 3.051957e+00
4.350000e+02 3.059160e+00
4.360000e+02 3.066363e+00
4.370000e+02 3.073564e+00
4.380000e+02 3.080765e+00
4.390000e+02 3.087965e+00
4.400000e+02 3.095164e+00
4.410000e+02 3.102361e+00
4.420000e+02 3.109558e+00
4.430000e+02 3.116753e+00
4.440000e+02 3.123947e+00
4.450000e+02 3.131139e+00
4.460000e+02 3.138331e+00
4.470000e+02 3.145521e+00
4.480000e+02 3.152709e+00
4.490000e+02 3.159896e+00
4.500000e+02 3.167082e+00
4.510000e+02 3.174265e+00
4.520000e+02 3.181448e+00
4.530000e+02 3.188628e+00
4.540000e+02 3.195807e+00
4.550000e+02 3.202985e+00
4.560000e+02 3.210160e+00
4.570000e+02 3.217334e+00
4.580000e+02 3.224505e+00
4.590000e+02 3.231675e+00
4.600000e+02 3.238843e+00
4.610000e+02 3.246009e+00
4.620000e+02 3.253173e+00
4.630000e+02 3.260335e+00
4.640000e+02 3.267494e+00
4.650000e+02 3.274652e+00
4.660000e+02 3.281807e+00
4.670000e+02 3.288960e+00
4.680000e+02 3.296111e+00
4.690000e+02 3.303259e+00
4.700000e+02 3.310405e+00
4.710000e+02 3.317549e+00
4.720000e+02 3.324690e+00
4.730000e+02 3.331829e+00
4.740000e+02 3.338965e+00
4.750000e+02 3.346099e+00
4.760000e+02 3.353230e+00
4.770000e+02 3.360358e+00
4.780000e+02 3.367484e+00
4.790000e+02 3.374607e+00
4.800000e+02 3.381727e+00
4.810000e+02 3.388845e+00
4.820000e+02 3.395960e+00
4.830000e+02 3.403072e+00
4.840000e+02 3.410181e+00
4.850000e+02 3.417287e+00
4.860000e+02 3.424390e+00
4.870000e+02 3.431490e+00
4.880000e+02 3.438587e+00
4.890000e+02 3.445681e+00
4.900000e+02 3.452771e+00
4.910000e+02 3.459859e+00
4.920000e+02 3.466944e+00
4.930000e+02 3.474025e+00
4.940000e+02 3.481103e+00
4.950000e+02 3.488178e+00
4.960000e+02 3.495249e+00
4.970000e+02 3.502317e+00
4.980000e+02 3.509382e+00
4.990000e+02 3.516443e+00
5.000000e+02 3.523501e+00
5.010000e+02 3.530555e+00
5.020000e+02 3.537606e+00
5.030000e+02 3.544653e+00
5.040000e+02 3.551697e+00
5.050000e+02 3.558737e+00
5.060000e+02 3.565773e+00
5.070000e+02 3.572806e+00
5.080000e+02 3.579835e+00
5.090000e+02 3.586860e+00
5.100000e+02 3.593882e+00
5.110000e+02 3.600900e+00
5.120000e+02 3.607913e+00
5.130000e+02 3.614923e+00
5.140000e+02 3.621930e+00
5.150000e+02 3.628932e+00
5.160000e+02 3.635930e+00
5.170000e+02 3.642924e+00
5.180000e+02 3.649915e+00
5.190000e+02 3.656901e+00
5.200000e+02 3.663883e+00
5.210000e+02 3.670861e+00
5.220000e+02 3.677835e+00
5.230000e+02 3.684805e+00
5.240000e+02 3.691771e+00
5.250000e+02 3.698732e+00
5.260000e+02 3.705689e+00
5.270000e+02 3.712642e+00
5.280000e+02 3.719591e+00
5.290000e+02 3.726535e+00
5.300000e+02 3.733475e+00
5.310000e+02 3.740411e+00
5.320000e+02 3.747342e+00
5.330000e+02 3.754269e+00
5.340000e+02 3.761191e+00
5.350000e+02 3.768109e+00
5.360000e+02 3.775022e+00
5.370000e+02 3.781931e+00
5.380000e+02 3.788836e+00
5.390000e+02 3.795735e+00
5.400000e+02 3.802630e+00
5.410000e+02 3.809521e+00
5.420000e+02 3.816407e+00
5.430000e+02 3.823288e+00
5.440000e+02 3.830165e+00
5.450000e+02 3.837036e+00
5.460000e+02 3.843904e+00
5.470000e+02 3.850766e+00
5.480000e+02 3.857623e+00
5.490000e+02 3.864476e+00
5.500000e+02 3.871324e+00
5.510000e+02 3.878167e+00
5.520000e+02 3.885005e+00
5.530000e+02 3.891839e+00
5.540000e+02 3.898667e+00
5.550000e+02 3.905490e+00
5.560000e+02 3.912309e+00
5.570000e+02 3.919122e+00
5.580000e+02 3.925931e+00
5.590000e+02 3.932734e+00
5.600000e+02 3.939533e+00
5.610000e+02 3.946326e+00
5.620000e+02 3.953115e+00
5.630000e+02 3.959898e+00
5.640000e+02 3.966676e+00
5.650000e+02 3.973449e+00
5.660000e+02 3.980217e+00
5.670000e+02 3.986979e+00
5.680000e+02 3.993736e+00
5.690000e+02 4.000489e+00
5.700000e+02 4.007236e+00
5.710000e+02 4.013977e+00
5.720000e+02 4.020714e+00
5.730000e+02 4.027445e+00
5.740000e+02 4.034171e+00
5.750000e+02 4.040891e+00
5.760000e+02 4.047606e+00
5.770000e+02 4.054316e+00
5.780000e+02 4.061020e+00
5.790000e+02 4.067719e+00
5.800000e+02 4.074413e+00
5.810000e+02 4.081101e+00
5.820000e+02 4.087784e+00
5.830000e+02 4.094461e+00
5.840000e+02 4.101133e+00
5.850000e+02 4.107799e+00
5.860000e+02 4.114460e+00
5.870000e+02 4.121115e+00
5.880000e+02 4.127765e+00
5.890000e+02 4.134409e+00
5.900000e+02 4.141047e+00
5.910000e+02 4.147680e+00
5.920000e+02 4.154308e+00
5.930000e+02 4.160930e+00
5.940000e+02 4.167546e+00
5.950000e+02 4.174156e+00
5.960000e+02 4.180761e+00
5.970000e+02 4.187360e+00
5.980000e+02 4.193954e+00
5.990000e+02 4.200541e+00
6.000000e+02 4.207123e+00
6.010000e+02 4.213700e+00
6.020000e+02 4.220270e+00
6.030000e+02 4.226835e+00
6.040000e+02 4.233394e+00
6.050000e+02 4.239948e+00
6.060000e+02 4.246495e+00
6.070000e+02 4.253037e+00
6.080000e+02 4.259573e+00
6.090000e+02 4.266103e+00
6.100000e+02 4.272627e+00
6.110000e+02 4.279145e+00
6.120000e+02 4.285658e+00
6.130000e+02 4.292164e+00
6.140000e+02 4.298665e+00
6.150000e+02 4.305160e+00
6.160000e+02 4.311649e+00
6.170000e+02 4.318132e+00
6.180000e+02 4.324609e+00
6.190000e+02 4.331080e+00
6.200000e+02 4.337545e+00
6.210000e+02 4.344005e+00
6.220000e+02 4.350458e+00
6.230000e+02 4.356905e+00
6.240000e+02 4.363346e+00
6.250000e+02 4.369782e+00
6.260000e+02 4.376211e+00
6.270000e+02 4.382634e+00
6.280000e+02 4.389052e+00
6.290000e+02 4.395463e+00
6.300000e+02 4.401868e+00
6.310000e+02 4.408267e+00
6.320000e+02 4.414660e+00
6.330000e+02 4.421047e+00
6.340000e+02 4.427428e+00
6.350000e+02 4.433803e+00
6.360000e+02 4.440172e+00
6.370000e+02 4.446534e+00
6.380000e+02 4.452891e+00
6.390000e+02 4.459241e+00
6.400000e+02 4.465585e+00
6.410000e+02 4.471923e+00
6.420000e+02 4.478255e+00
6.430000e+02 4.484581e+00
6.440000e+02 4.490901e+00
6.450000e+02 4.497214e+00
6.460000e+02 4.503522e+00
6.470000e+02 4.509823e+00
6.480000e+02 4.516118e+00
6.490000e+02 4.522407e+00
6.500000e+02 4.528689e+00
6.510000e+02 4.534966e+00
6.520000e+02 4.541236e+00
6.530000e+02 4.547500e+00
6.540000e+02 4.553758e+00
6.550000e+02 4.560009e+00
6.560000e+02 4.566255e+00
6.570000e+02 4.572494e+00
6.580000e+02 4.578726e+00
6.590000e+02 4.584953e+00
6.600000e+02 4.591173e+00
6.610000e+02 4.597387e+00
6.620000e+02 4.603595e+00
6.630000e+02 4.609797e+00
6.640000e+02 4.615992e+00
6.650000e+02 4.622181e+00
6.660000e+02 4.628364e+00
6.670000e+02 4.634540e+00
6.680000e+02 4.640711e+00
6.690000e+02 4.646874e+00
6.700000e+02 4.653032e+00
6.710000e+02 4.659183e+00
6.720000e+02 4.665328e+00
6.730000e+02 4.671467e+00
6.740000e+02 4.677599e+00
6.750000e+02 4.683725e+00
6.760000e+02 4.689845e+00
6.770000e+02 4.695959e+00
6.780000e+02 4.702066e+00
6.790000e+02 4.708167e+00
6.800000e+02 4.714261e+00
6.810000e+02 4.720349e+00
6.820000e+02 4.726431e+00
6.830000e+02 4.732506e+00
6.840000e+02 4.738576e+00
6.850000e+02 4.744638e+00
6.860000e+02 4.750695e+00
6.870000e+02 4.756745e+00
6.880000e+02 4.762789e+00
6.890000e+02 4.768826e+00
6.900000e+02 4.774857e+00
6.910000e+02 4.780882e+00
6.920000e+02 4.786900e+00
6.930000e+02 4.792912e+00
6.940000e+02 4.798918e+00
6.950000e+02 4.804917e+00
6.960000e+02 4.810910e+00
6.970000e+02 4.816897e+00
6.980000e+02 4.822877e+00
6.990000e+02 4.828851e+00
7.000000e+02 4.834818e+00
7.010000e+02 4.840780e+00
7.020000e+02 4.846734e+00
7.030000e+02 4.852683e+00
7.040000e+02 4.858625e+00
7.050000e+02 4.864561e+00
7.060000e+02 4.870490e+00
7.070000e+02 4.876413e+00
7.080000e+02 4.882330e+00
7.090000e+02 4.888240e+00
7.100000e+02 4.894144e+00
7.110000e+02 4.900041e+00
7.120000e+02 4.905933e+00
7.130000e+02 4.911817e+00
7.140000e+02 4.917696e+00
7.150000e+02 4.923568e+00
7.160000e+02 4.929434e+00
7.170000e+02 4.935293e+00
7.180000e+02 4.941146e+00
7.190000e+02 4.946993e+00
7.200000e+02 4.952833e+00
7.210000e+02 4.958667e+00
7.220000e+02 4.964495e+00
7.230000e+02 4.970316e+00
7.240000e+02 4.976131e+00
7.250000e+02 4.981939e+00
7.260000e+02 4.987741e+00
7.270000e+02 4.993537e+00
7.280000e+02 4.999327e+00
7.290000e+02 5.005110e+00
7.300000e+02 5.010887e+00
7.310000e+02 5.016657e+00
7.320000e+02 5.022421e+00
7.330000e+02 5.028179e+00
7.340000e+02 5.033931e+00
7.350000e+02 5.039676e+00
7.360000e+02 5.045415e+00
7.370000e+02 5.051147e+00
7.380000e+02 5.056873e+00
7.390000e+02 5.062593e+00
7.400000e+02 5.068307e+00
7.410000e+02 5.074014e+00
7.420000e+02 5.079715e+00
7.430000e+02 5.085409e+00
7.440000e+02 5.091098e+00
7.450000e+02 5.096780e+00
7.460000e+02 5.102455e+00
7.470000e+02 5.108125e+00
7.480000e+02 5.113788e+00
7.490000e+02 5.119445e+00
7.500000e+02 5.125095e+00
7.510000e+02 5.130739e+00
7.520000e+02 5.136377e+00
7.530000e+02 5.142009e+00
7.540000e+02 5.147634e+00
7.550000e+02 5.153253e+00
7.560000e+02 5.158866e+00
7.570000e+02 5.164473e+00
7.580000e+02 5.170073e+00
7.590000e+02 5.175667e+00
7.600000e+02 5.181255e+00
7.610000e+02 5.186836e+00
7.620000e+02 5.192412e+00
7.630000e+02 5.197981e+00
7.640000e+02 5.203544e+00
7.650000e+02 5.209100e+00
7.660000e+02 5.214651e+00
7.670000e+02 5.220195e+00
7.680000e+02 5.225733e+00
7.690000e+02 5.231264e+00
7.700000e+02 5.236790e+00
7.710000e+02 5.242309e+00
7.720000e+02 5.247822e+00
7.730000e+02 5.253329e+00
7.740000e+02 5.258830e+00
7.750000e+02 5.264324e+00
7.760000e+02 5.269812e+00
7.770000e+02 5.275295e+00
7.780000e+02 5.280771e+00
7.790000e+02 5.286240e+00
7.800000e+02 5.291704e+00
7.810000e+02 5.297161e+00
7.820000e+02 5.302613e+00
7.830000e+02 5.308058e+00
7.840000e+02 5.313497e+00
7.850000e+02 5.318930e+00
7.860000e+02 5.324357e+00
7.870000e+02 5.329777e+00
7.880000e+02 5.335192e+00
7.890000e+02 5.340600e+00
7.900000e+02 5.346002e+00
7.910000e+02 5.351399e+00
7.920000e+02 5.356789e+00
7.930000e+02 5.362173e+00
7.940000e+02 5.367550e+00
7.950000e+02 5.372922e+00
7.960000e+02 5.378288e+00
7.970000e+02 5.383648e+00
7.980000e+02 5.389001e+00
7.990000e+02 5.394349e+00
8.000000e+02 5.399690e+00
8.010000e+02 5.405026e+00
8.020000e+02 5.410355e+00
8.030000e+02 5.415678e+00
8.040000e+02 5.420996e+00
8.050000e+02 5.426307e+00
8.060000e+02 5.431612e+00
8.070000e+02 5.436912e+00
8.080000e+02 5.442205e+00
8.090000e+02 5.447492e+00
8.100000e+02 5.452774e+00
8.110000e+02 5.458049e+00
8.120000e+02 5.463318e+00
8.130000e+02 5.468582e+00
8.140000e+02 5.473839e+00
8.150000e+02 5.479091e+00
8.160000e+02 5.484336e+00
8.170000e+02 5.489576e+00
8.180000e+02 5.494809e+00
8.190000e+02 5.500037e+00
8.200000e+02 5.505259e+00
8.210000e+02 5.510474e+00
8.220000e+02 5.515684e+00
8.230000e+02 5.520888e+00
8.240000e+02 5.526087e+00
8.250000e+02 5.531279e+00
8.260000e+02 5.536465e+00
8.270000e+02 5.541646e+00
8.280000e+02 5.546820e+00
8.290000e+02 5.551989e+00
8.300000e+02 5.557152e+00
8.310000e+02 5.562309e+00
8.320000e+02 5.567460e+00
8.330000e+02 5.572606e+00
8.340000e+02 5.577745e+00
8.350000e+02 5.582879e+00
8.360000e+02 5.588007e+00
8.370000e+02 5.593129e+00
8.380000e+02 5.598245e+00
8.390000e+02 5.603356e+00
8.400000e+02 5.608461e+00
8.410000e+02 5.613560e+00
8.420000e+02 5.618653e+00
8.430000e+02 5.623740e+00
8.440000e+02 5.628822e+00
8.450000e+02 5.633898e+00
8.460000e+02 5.638968e+00
8.470000e+02 5.644033e+00
8.480000e+02 5.649092e+00
8.490000e+02 5.654145e+00
8.500000e+02 5.659192e+00
8.510000e+02 5.664234e+00
8.520000e+02 5.669270e+00
8.530000e+02 5.674300e+00
8.540000e+02 5.679325e+00
8.550000e+02 5.684344e+00
8.560000e+02 5.689357e+00
8.570000e+02 5.694365e+00
8.580000e+02 5.699367e+00
8.590000e+02 5.704364e+00
8.600000e+02 5.709354e+00
8.610000e+02 5.714340e+00
8.620000e+02 5.719319e+00
8.630000e+02 5.724293e+00
8.640000e+02 5.729262e+00
8.650000e+02 5.734224e+00
8.660000e+02 5.739182e+00
8.670000e+02 5.744133e+00
8.680000e+02 5.749079e+00
8.690000e+02 5.754020e+00
8.700000e+02 5.758955e+00
8.710000e+02 5.763884e+00
8.720000e+02 5.768808e+00
8.730000e+02 5.773727e+00
8.740000e+02 5.778640e+00
8.750000e+02 5.783547e+00
8.760000e+02 5.788449e+00
8.770000e+02 5.793345e+00
8.780000e+02 5.798236e+00
8.790000e+02 5.803122e+00
8.800000e+02 5.808002e+00
8.810000e+02 5.812877e+00
8.820000e+02 5.817746e+00
8.830000e+02 5.822610e+00
8.840000e+02 5.827468e+00
8.850000e+02 5.832321e+00
8.860000e+02 5.837168e+00
8.870000e+02 5.842010e+00
8.880000e+02 5.846847e+00
8.890000e+02 5.851678e+00
8.900000e+02 5.856504e+00
8.910000e+02 5.861325e+00
8.920000e+02 5.866140e+00
8.930000e+02 5.870950e+00
8.940000e+02 5.875755e+00
8.950000e+02 5.880554e+00
8.960000e+02 5.885348e+00
8.970000e+02 5.890136e+00
8.980000e+02 5.894920e+00
8.990000e+02 5.899698e+00
9.000000e+02 5.904470e+00
9.010000e+02 5.909238e+00
9.020000e+02 5.914000e+00
9.030000e+02 5.918757e+00
9.040000e+02 5.923508e+00
9.050000e+02 5.928255e+00
9.060000e+02 5.932996e+00
9.070000e+02 5.937732e+00
9.080000e+02 5.942463e+00
9.090000e+02 5.947188e+00
9.100000e+02 5.951909e+00
9.110000e+02 5.956624e+00
9.120000e+02 5.961334e+00
9.130000e+02 5.966039e+00
9.140000e+02 5.970738e+00
9.150000e+02 5.975433e+00
9.160000e+02 5.980122e+00
9.170000e+02 5.984807e+00
9.180000e+02 5.989486e+00
9.190000e+02 5.994160e+00
9.200000e+02 5.998829e+00
9.210000e+02 6.003492e+00
9.220000e+02 6.008151e+00
9.230000e+02 6.012805e+00
9.240000e+02 6.017453e+00
9.250000e+02 6.022097e+00
9.260000e+02 6.026735e+00
9.270000e+02 6.031369e+00
9.280000e+02 6.035997e+00
9.290000e+02 6.040621e+00
9.300000e+02 6.045239e+00
9.310000e+02 6.049852e+00
9.320000e+02 6.054461e+00
9.330000e+02 6.059064e+00
9.340000e+02 6.063663e+00
9.350000e+02 6.068256e+00
9.360000e+02 6.072845e+00
9.370000e+02 6.077428e+00
9.380000e+02 6.082007e+00
9.390000e+02 6.086580e+00
9.400000e+02 6.091149e+00
9.410000e+02 6.095713e+00
9.420000e+02 6.100272e+00
9.430000e+02 6.104826e+00
9.440000e+02 6.109375e+00
9.450000e+02 6.113920e+00
9.460000e+02 6.118459e+00
9.470000e+02 6.122994e+00
9.480000e+02 6.127523e+00
9.490000e+02 6.132048e+00
9.500000e+02 6.136568e+00
9.510000e+02 6.141084e+00
9.520000e+02 6.145594e+00
9.530000e+02 6.150100e+00
9.540000e+02 6.154601e+00
9.550000e+02 6.159097e+00
9.560000e+02 6.163588e+00
9.570000e+02 6.168075e+00
9.580000e+02 6.172556e+00
9.590000e+02 6.177033e+00
9.600000e+02 6.181506e+00
9.610000e+02 6.185973e+00
9.620000e+02 6.190436e+00
9.630000e+02 6.194894e+00
9.640000e+02 6.199348e+00
9.650000e+02 6.203797e+00
9.660000e+02 6.208241e+00
9.670000e+02 6.212680e+00
9.680000e+02 6.217115e+00
9.690000e+02 6.221545e+00
9.700000e+02 6.225971e+00
9.710000e+02 6.230392e+00
9.720000e+02 6.234808e+00
9.730000e+02 6.239220e+00
9.740000e+02 6.243627e+00
9.750000e+02 6.248029e+00
9.760000e+02 6.252427e+00
9.770000e+02 6.256821e+00
9.780000e+02 6.261209e+00
9.790000e+02 6.265594e+00
9.800000e+02 6.269973e+00
9.810000e+02 6.274348e+00
9.820000e+02 6.278719e+00
9.830000e+02 6.283085e+00
9.840000e+02 6.287447e+00
9.850000e+02 6.291804e+00
9.860000e+02 6.296156e+00
9.870000e+02 6.300505e+00
9.880000e+02 6.304848e+00
9.890000e+02 6.309187e+00
9.900000e+02 6.313522e+00
9.910000e+02 6.317852e+00
9.920000e+02 6.322178e+00
9.930000e+02 6.326500e+00
9.940000e+02 6.330817e+00
9.950000e+02 6.335130e+00
9.960000e+02 6.339438e+00
9.970000e+02 6.343742e+00
9.980000e+02 6.348041e+00
9.990000e+02 6.352336e+00
1.000000e+03 6.356627e+00
