0.000000e+00 0.000000e+00
1.000000e+00 2.162960e-04
2.000000e+00 8.648334e-04
3.000000e+00 1.944562e-03
4.000000e+00 3.453735e-03
5.000000e+00 5.389924e-03
6.000000e+00 7.750024e-03
7.000000e+00 1.053027e-02
8.000000e+00 1.372627e-02
9.000000e+00 1.733300e-02
1.000000e+01 2.134484e-02
1.100000e+01 2.575562e-02
1.200000e+01 3.055863e-02
1.300000e+01 3.574664e-02
1.400000e+01 4.131196e-02
1.500000e+01 4.724646e-02
1.600000e+01 5.354160e-02
1.700000e+01 6.018849e-02
1.800000e+01 6.717790e-02
1.900000e+01 7.450030e-02
2.000000e+01 8.214594e-02
2.100000e+01 9.010483e-02
2.200000e+01 9.836679e-02
2.300000e+01 1.069215e-01
2.400000e+01 1.157587e-01
2.500000e+01 1.248677e-01
2.600000e+01 1.342380e-01
2.700000e+01 1.438593e-01
2.800000e+01 1.537209e-01
2.900000e+01 1.638124e-01
3.000000e+01 1.741234e-01
3.100000e+01 1.846438e-01
3.200000e+01 1.953633e-01
3.300000e+01 2.062721e-01
3.400000e+01 2.173602e-01
3.500000e+01 2.286182e-01
3.600000e+01 2.400366e-01
3.700000e+01 2.516063e-01
3.800000e+01 2.633183e-01
3.900000e+01 2.751638e-01
4.000000e+01 2.871346e-01
4.100000e+01 2.992223e-01
4.200000e+01 3.114192e-01
4.300000e+01 3.237175e-01
4.400000e+01 3.361098e-01
4.500000e+01 3.485892e-01
4.600000e+01 3.611487e-01
4.700000e+01 3.737820e-01
4.800000e+01 3.864826e-01
4.900000e+01 3.992446e-01
5.000000e+01 4.120624e-01
5.100000e+01 4.249304e-01
5.200000e+01 4.378436e-01
5.300000e+01 4.507969e-01
5.400000e+01 4.637857e-01
5.500000e+01 4.768056e-01
5.600000e+01 4.898524e-01
5.700000e+01 5.029221e-01
5.800000e+01 5.160110e-01
5.900000e+01 5.291155e-01
6.000000e+01 5.422324e-01
6.100000e+01 5.553586e-01
6.200000e+01 5.684911e-01
6.300000e+01 5.816272e-01
6.400000e+01 5.947644e-01
6.500000e+01 6.079003e-01
6.600000e+01 6.210326e-01
6.700000e+01 6.341593e-01
6.800000e+01 6.472785e-01
6.900000e+01 6.603884e-01
7.000000e+01 6.734873e-01
7.100000e+01 6.865739e-01
7.200000e+01 6.996465e-01
7.300000e+01 7.127041e-01
7.400000e+01 7.257454e-01
7.500000e+01 7.387693e-01
7.600000e+01 7.517748e-01
7.700000e+01 7.647611e-01
7.800000e+01 7.777274e-01
7.900000e+01 7.906729e-01
8.000000e+01 8.035970e-01
8.100000e+01 8.164991e-01
8.200000e+01 8.293787e-01
8.300000e+01 8.422353e-01
8.400000e+01 8.550686e-01
8.500000e+01 8.678781e-01
8.600000e+01 8.806635e-01
8.700000e+01 8.934247e-01
8.800000e+01 9.061613e-01
8.900000e+01 9.188733e-01
9.000000e+01 9.315604e-01
9.100000e+01 9.442225e-01
9.200000e+01 9.568597e-01
9.300000e+01 9.694717e-01
9.400000e+01 9.820585e-01
9.500000e+01 9.946203e-01
9.600000e+01 1.007157e+00
9.700000e+01 1.019668e+00
9.800000e+01 1.032155e+00
9.900000e+01 1.044616e+00
1.000000e+02 1.057053e+00
1.010000e+02 1.069464e+00
1.020000e+02 1.081851e+00
1.030000e+02 1.094213e+00
1.040000e+02 1.106551e+00
1.050000e+02 1.118864e+00
1.060000e+02 1.131152e+00
1.070000e+02 1.143417e+00
1.080000e+02 1.155657e+00
1.090000e+02 1.167874e+00
1.100000e+02 1.180066e+00
1.110000e+02 1.192235e+00
1.120000e+02 1.204380e+00
1.130000e+02 1.216502e+00
1.140000e+02 1.228601e+00
1.150000e+02 1.240676e+00
1.160000e+02 1.252728e+00
1.170000e+02 1.264757e+00
1.180000e+02 1.276764e+00
1.190000e+02 1.288748e+00
1.200000e+02 1.300709e+00
1.210000e+02 1.312648e+00
1.220000e+02 1.324564e+00
1.230000e+02 1.336458e+00
1.240000e+02 1.348330e+00
1.250000e+02 1.360180e+00
1.260000e+02 1.372008e+00
1.270000e+02 1.383814e+00
1.280000e+02 1.395599e+00
1.290000e+02 1.407362e+00
1.300000e+02 1.419103e+00
1.310000e+02 1.430823e+00
1.320000e+02 1.442522e+00
1.330000e+02 1.454199e+00
1.340000e+02 1.465855e+00
1.350000e+02 1.477489e+00
1.360000e+02 1.489103e+00
1.370000e+02 1.500696e+00
1.380000e+02 1.512267e+00
1.390000e+02 1.523818e+00
1.400000e+02 1.535348e+00
1.410000e+02 1.546857e+00
1.420000e+02 1.558345e+00
1.430000e+02 1.569812e+00
1.440000e+02 1.581259e+00
1.450000e+02 1.592685e+00
1.460000e+02 1.604090e+00
1.470000e+02 1.615475e+00
1.480000e+02 1.626839e+00
1.490000e+02 1.638183e+00
1.500000e+02 1.649506e+00
1.510000e+02 1.660809e+00
1.520000e+02 1.672091e+00
1.530000e+02 1.683353e+00
1.540000e+02 1.694594e+00
1.550000e+02 1.705815e+00
1.560000e+02 1.717016e+00
1.570000e+02 1.728196e+00
1.580000e+02 1.739356e+00
1.590000e+02 1.750496e+00
1.600000e+02 1.761615e+00
1.610000e+02 1.772714e+00
1.620000e+02 1.783792e+00
1.630000e+02 1.794851e+00
1.640000e+02 1.805888e+00
1.650000e+02 1.816906e+00
1.660000e+02 1.827903e+00
1.670000e+02 1.838881e+00
1.680000e+02 1.849837e+00
1.690000e+02 1.860774e+00
1.700000e+02 1.871690e+00
1.710000e+02 1.882586e+00
1.720000e+02 1.893462e+00
1.730000e+02 1.904318e+00
1.740000e+02 1.915153e+00
1.750000e+02 1.925968e+00
1.760000e+02 1.936763e+00
1.770000e+02 1.947537e+00
1.780000e+02 1.958292e+00
1.790000e+02 1.969026e+00
1.800000e+02 1.979740e+00
1.810000e+02 1.990434e+00
1.820000e+02 2.001107e+00
1.830000e+02 2.011761e+00
1.840000e+02 2.022394e+00
1.850000e+02 2.033007e+00
1.860000e+02 2.043600e+00
1.870000e+02 2.054173e+00
1.880000e+02 2.064726e+00
1.890000e+02 2.075258e+00
1.900000e+02 2.085771e+00
1.910000e+02 2.096263e+00
1.920000e+02 2.106736e+00
1.930000e+02 2.117188e+00
1.940000e+02 2.127621e+00
1.950000e+02 2.138033e+00
1.960000e+02 2.148425e+00
1.970000e+02 2.158798e+00
1.980000e+02 2.169150e+00
1.990000e+02 2.179483e+00
2.000000e+02 2.189795e+00
2.010000e+02 2.200088e+00
2.020000e+02 2.210361e+00
2.030000e+02 2.220614e+00
2.040000e+02 2.230848e+00
2.050000e+02 2.241061e+00
2.060000e+02 2.251255e+00
2.070000e+02 2.261429e+00
2.080000e+02 2.271584e+00
2.090000e+02 2.281719e+00
2.100000e+02 2.291834e+00
2.110000e+02 2.301930e+00
2.120000e+02 2.312006e+00
2.130000e+02 2.322063e+00
2.140000e+02 2.332100e+00
2.150000e+02 2.342119e+00
2.160000e+02 2.352117e+00
2.170000e+02 2.362097e+00
2.180000e+02 2.372057e+00
2.190000e+02 2.381998e+00
2.200000e+02 2.391919e+00
2.210000e+02 2.401822e+00
2.220000e+02 2.411706e+00
2.230000e+02 2.421570e+00
2.240000e+02 2.431416e+00
2.250000e+02 2.441243e+00
2.260000e+02 2.451050e+00
2.270000e+02 2.460840e+00
2.280000e+02 2.470610e+00
2.290000e+02 2.480362e+00
2.300000e+02 2.490095e+00
2.310000e+02 2.499809e+00
2.320000e+02 2.509505e+00
2.330000e+02 2.519182e+00
2.340000e+02 2.528842e+00
2.350000e+02 2.538482e+00
2.360000e+02 2.548105e+00
2.370000e+02 2.557709e+00
2.380000e+02 2.567296e+00
2.390000e+02 2.576864e+00
2.400000e+02 2.586414e+00
2.410000e+02 2.595946e+00
2.420000e+02 2.605461e+00
2.430000e+02 2.614957e+00
2.440000e+02 2.624436e+00
2.450000e+02 2.633898e+00
2.460000e+02 2.643341e+00
2.470000e+02 2.652768e+00
2.480000e+02 2.662176e+00
2.490000e+02 2.671568e+00
2.500000e+02 2.680942e+00
2.510000e+02 2.690299e+00
2.520000e+02 2.699639e+00
2.530000e+02 2.708962e+00
2.540000e+02 2.718268e+00
2.550000e+02 2.727557e+00
2.560000e+02 2.736829e+00
2.570000e+02 2.746085e+00
2.580000e+02 2.755324e+00
2.590000e+02 2.764546e+00
2.600000e+02 2.773752e+00
2.610000e+02 2.782941e+00
2.620000e+02 2.792114e+00
2.630000e+02 2.801271e+00
2.640000e+02 2.810412e+00
2.650000e+02 2.819537e+00
2.660000e+02 2.828646e+00
2.670000e+02 2.837738e+00
2.680000e+02 2.846816e+00
2.690000e+02 2.855877e+00
2.700000e+02 2.864923e+00
2.710000e+02 2.873953e+00
2.720000e+02 2.882968e+00
2.730000e+02 2.891967e+00
2.740000e+02 2.900951e+00
2.750000e+02 2.909920e+00
2.760000e+02 2.918874e+00
2.770000e+02 2.927813e+00
2.780000e+02 2.936736e+00
2.790000e+02 2.945645e+00
2.800000e+02 2.954540e+00
2.810000e+02 2.963419e+00
2.820000e+02 2.972285e+00
2.830000e+02 2.981135e+00
2.840000e+02 2.989971e+00
2.850000e+02 2.998793e+00
2.860000e+02 3.007601e+00
2.870000e+02 3.016395e+00
2.880000e+02 3.025174e+00
2.890000e+02 3.033940e+00
2.900000e+02 3.042692e+00
2.910000e+02 3.051430e+00
2.920000e+02 3.060154e+00
2.930000e+02 3.068865e+00
2.940000e+02 3.077563e+00
2.950000e+02 3.086247e+00
2.960000e+02 3.094917e+00
2.970000e+02 3.103575e+00
2.980000e+02 3.112219e+00
2.990000e+02 3.120851e+00
3.000000e+02 3.129469e+00
3.010000e+02 3.138075e+00
3.020000e+02 3.146668e+00
3.030000e+02 3.155248e+00
3.040000e+02 3.163816e+00
3.050000e+02 3.172371e+00
3.060000e+02 3.180914e+00
3.070000e+02 3.189445e+00
3.080000e+02 3.197963e+00
3.090000e+02 3.206470e+00
3.100000e+02 3.214964e+00
3.110000e+02 3.223447e+00
3.120000e+02 3.231917e+00
3.130000e+02 3.240376e+00
3.140000e+02 3.248823e+00
3.150000e+02 3.257259e+00
3.160000e+02 3.265683e+00
3.170000e+02 3.274096e+00
3.180000e+02 3.282498e+00
3.190000e+02 3.290888e+00
3.200000e+02 3.299268e+00
3.210000e+02 3.307636e+00
3.220000e+02 3.315993e+00
3.230000e+02 3.324340e+00
3.240000e+02 3.332676e+00
3.250000e+02 3.341001e+00
3.260000e+02 3.349316e+00
3.270000e+02 3.357620e+00
3.280000e+02 3.365914e+00
3.290000e+02 3.374197e+00
3.300000e+02 3.382470e+00
3.310000e+02 3.390733e+00
3.320000e+02 3.398986e+00
3.330000e+02 3.407230e+00
3.340000e+02 3.415463e+00
3.350000e+02 3.423686e+00
3.360000e+02 3.431900e+00
3.370000e+02 3.440104e+00
3.380000e+02 3.448299e+00
3.390000e+02 3.456484e+00
3.400000e+02 3.464660e+00
3.410000e+02 3.472827e+00
3.420000e+02 3.480984e+00
3.430000e+02 3.489133e+00
3.440000e+02 3.497272e+00
3.450000e+02 3.505402e+00
3.460000e+02 3.513524e+00
3.470000e+02 3.521637e+00
3.480000e+02 3.529741e+00
3.490000e+02 3.537836e+00
3.500000e+02 3.545923e+00
3.510000e+02 3.554002e+00
3.520000e+02 3.562072e+00
3.530000e+02 3.570134e+00
3.540000e+02 3.578188e+00
3.550000e+02 3.586233e+00
3.560000e+02 3.594271e+00
3.570000e+02 3.602300e+00
3.580000e+02 3.610322e+00
3.590000e+02 3.618336e+00
3.600000e+02 3.626342e+00
3.610000e+02 3.634341e+00
3.620000e+02 3.642332e+00
3.630000e+02 3.650315e+00
3.640000e+02 3.658291e+00
3.650000e+02 3.666260e+00
3.660000e+02 3.674222e+00
3.670000e+02 3.682176e+00
3.680000e+02 3.690123e+00
3.690000e+02 3.698063e+00
3.700000e+02 3.705997e+00
3.710000e+02 3.713923e+00
3.720000e+02 3.721842e+00
3.730000e+02 3.729755e+00
3.740000e+02 3.737661e+00
3.750000e+02 3.745561e+00
3.760000e+02 3.753454e+00
3.770000e+02 3.761340e+00
3.780000e+02 3.769220e+00
3.790000e+02 3.777094e+00
3.800000e+02 3.784962e+00
3.810000e+02 3.792823e+00
3.820000e+02 3.800678e+00
3.830000e+02 3.808528e+00
3.840000e+02 3.816371e+00
3.850000e+02 3.824208e+00
3.860000e+02 3.832040e+00
3.870000e+02 3.839866e+00
3.880000e+02 3.847686e+00
3.890000e+02 3.855501e+00
3.900000e+02 3.863309e+00
3.910000e+02 3.871113e+00
3.920000e+02 3.878911e+00
3.930000e+02 3.886704e+00
3.940000e+02 3.894491e+00
3.950000e+02 3.902273e+00
3.960000e+02 3.910050e+00
3.970000e+02 3.917822e+00
3.980000e+02 3.925589e+00
3.990000e+02 3.933351e+00
4.000000e+02 3.941108e+00
4.010000e+02 3.948860e+00
4.020000e+02 3.956607e+00
4.030000e+02 3.964350e+00
4.040000e+02 3.972088e+00
4.050000e+02 3.979821e+00
4.060000e+02 3.987550e+00
4.070000e+02 3.995274e+00
4.080000e+02 4.002994e+00
4.090000e+02 4.010710e+00
4.100000e+02 4.018421e+00
4.110000e+02 4.026128e+00
4.120000e+02 4.033831e+00
4.130000e+02 4.041529e+00
4.140000e+02 4.049224e+00
4.150000e+02 4.056914e+00
4.160000e+02 4.064601e+00
4.170000e+02 4.072283e+00
4.180000e+02 4.079962e+00
4.190000e+02 4.087637e+00
4.200000e+02 4.095308e+00
4.210000e+02 4.102976e+00
4.220000e+02 4.110640e+00
4.230000e+02 4.118300e+00
4.240000e+02 4.125957e+00
4.250000e+02 4.133610e+00
4.260000e+02 4.141260e+00
4.270000e+02 4.148907e+00
4.280000e+02 4.156550e+00
4.290000e+02 4.164190e+00
4.300000e+02 4.171826e+00
4.310000e+02 4.179460e+00
4.320000e+02 4.187090e+00
4.330000e+02 4.194718e+00
4.340000e+02 4.202342e+00
4.350000e+02 4.209963e+00
4.360000e+02 4.217582e+00
4.370000e+02 4.225197e+00
4.380000e+02 4.232810e+00
4.390000e+02 4.240420e+00
4.400000e+02 4.248027e+00
4.410000e+02 4.255631e+00
4.420000e+02 4.263233e+00
4.430000e+02 4.270833e+00
4.440000e+02 4.278429e+00
4.450000e+02 4.286024e+00
4.460000e+02 4.293615e+00
4.470000e+02 4.301205e+00
4.480000e+02 4.308792e+00
4.490000e+02 4.316377e+00
4.500000e+02 4.323959e+00
4.510000e+02 4.331539e+00
4.520000e+02 4.339117e+00
4.530000e+02 4.346693e+00
4.540000e+02 4.354267e+00
4.550000e+02 4.361838e+00
4.560000e+02 4.369408e+00
4.570000e+02 4.376976e+00
4.580000e+02 4.384541e+00
4.590000e+02 4.392105e+00
4.600000e+02 4.399667e+00
4.610000e+02 4.407227e+00
4.620000e+02 4.414785e+00
4.630000e+02 4.422342e+00
4.640000e+02 4.429897e+00
4.650000e+02 4.437450e+00
4.660000e+02 4.445002e+00
4.670000e+02 4.452552e+00
4.680000e+02 4.460100e+00
4.690000e+02 4.467647e+00
4.700000e+02 4.475193e+00
4.710000e+02 4.482737e+00
4.720000e+02 4.490279e+00
4.730000e+02 4.497821e+00
4.740000e+02 4.505361e+00
4.750000e+02 4.512899e+00
4.760000e+02 4.520437e+00
4.770000e+02 4.527973e+00
4.780000e+02 4.535508e+00
4.790000e+02 4.543042e+00
4.800000e+02 4.550574e+00
4.810000e+02 4.558106e+00
4.820000e+02 4.565637e+00
4.830000e+02 4.573166e+00
4.840000e+02 4.580695e+00
4.850000e+02 4.588222e+00
4.860000e+02 4.595749e+00
4.870000e+02 4.603275e+00
4.880000e+02 4.610800e+00
4.890000e+02 4.618324e+00
4.900000e+02 4.625847e+00
4.910000e+02 4.633369e+00
4.920000e+02 4.640891e+00
4.930000e+02 4.648412e+00
4.940000e+02 4.655933e+00
4.950000e+02 4.663452e+00
4.960000e+02 4.670971e+00
4.970000e+02 4.678490e+00
4.980000e+02 4.686008e+00
4.990000e+02 4.693525e+00
5.000000e+02 4.701042e+00
5.010000e+02 4.708559e+00
5.020000e+02 4.716075e+00
5.030000e+02 4.723590e+00
5.040000e+02 4.731105e+00
5.050000e+02 4.738620e+00
5.060000e+02 4.746135e+00
5.070000e+02 4.753649e+00
5.080000e+02 4.761163e+00
5.090000e+02 4.768676e+00
5.100000e+02 4.776190e+00
5.110000e+02 4.783703e+00
5.120000e+02 4.791216e+00
5.130000e+02 4.798729e+00
5.140000e+02 4.806241e+00
5.150000e+02 4.813754e+00
5.160000e+02 4.821267e+00
5.170000e+02 4.828779e+00
5.180000e+02 4.836291e+00
5.190000e+02 4.843804e+00
5.200000e+02 4.851316e+00
5.210000e+02 4.858828e+00
5.220000e+02 4.866341e+00
5.230000e+02 4.873853e+00
5.240000e+02 4.881366e+00
5.250000e+02 4.888879e+00
5.260000e+02 4.896392e+00
5.270000e+02 4.903905e+00
5.280000e+02 4.911418e+00
5.290000e+02 4.918931e+00
5.300000e+02 4.926445e+00
5.310000e+02 4.933959e+00
5.320000e+02 4.941473e+00
5.330000e+02 4.948987e+00
5.340000e+02 4.956502e+00
5.350000e+02 4.964017e+00
5.360000e+02 4.971533e+00
5.370000e+02 4.979048e+00
5.380000e+02 4.986565e+00
5.390000e+02 4.994081e+00
5.400000e+02 5.001598e+00
5.410000e+02 5.009116e+00
5.420000e+02 5.016634e+00
5.430000e+02 5.024152e+00
5.440000e+02 5.031671e+00
5.450000e+02 5.039190e+00
5.460000e+02 5.046710e+00
5.470000e+02 5.054230e+00
5.480000e+02 5.061751e+00
5.490000e+02 5.069273e+00
5.500000e+02 5.076795e+00
5.510000e+02 5.084318e+00
5.520000e+02 5.091841e+00
5.530000e+02 5.099365e+00
5.540000e+02 5.106890e+00
5.550000e+02 5.114416e+00
5.560000e+02 5.121942e+00
5.570000e+02 5.129468e+00
5.580000e+02 5.136996e+00
5.590000e+02 5.144524e+00
5.600000e+02 5.152053e+00
5.610000e+02 5.159583e+00
5.620000e+02 5.167114e+00
5.630000e+02 5.174645e+00
5.640000e+02 5.182177e+00
5.650000e+02 5.189710e+00
5.660000e+02 5.197244e+00
5.670000e+02 5.204778e+00
5.680000e+02 5.212314e+00
5.690000e+02 5.219850e+00
5.700000e+02 5.227388e+00
5.710000e+02 5.234926e+00
5.720000e+02 5.242465e+00
5.730000e+02 5.250005e+00
5.740000e+02 5.257546e+00
5.750000e+02 5.265088e+00
5.760000e+02 5.272631e+00
5.770000e+02 5.280174e+00
5.780000e+02 5.287719e+00
5.790000e+02 5.295265e+00
5.800000e+02 5.302812e+00
5.810000e+02 5.310360e+00
5.820000e+02 5.317909e+00
5.830000e+02 5.325459e+00
5.840000e+02 5.333009e+00
5.850000e+02 5.340562e+00
5.860000e+02 5.348115e+00
5.870000e+02 5.355669e+00
5.880000e+02 5.363224e+00
5.890000e+02 5.370780e+00
5.900000e+02 5.378338e+00
5.910000e+02 5.385896e+00
5.920000e+02 5.393456e+00
5.930000e+02 5.401017e+00
5.940000e+02 5.408579e+00
5.950000e+02 5.416142e+00
5.960000e+02 5.423707e+00
5.970000e+02 5.431272e+00
5.980000e+02 5.438839e+00
5.990000e+02 5.446407e+00
6.000000e+02 5.453976e+00
6.010000e+02 5.461546e+00
6.020000e+02 5.469117e+00
6.030000e+02 5.476690e+00
6.040000e+02 5.484264e+00
6.050000e+02 5.491839e+00
6.060000e+02 5.499416e+00
6.070000e+02 5.506993e+00
6.080000e+02 5.514572e+00
6.090000e+02 5.522153e+00
6.100000e+02 5.529734e+00
6.110000e+02 5.537317e+00
6.120000e+02 5.544901e+00
6.130000e+02 5.552486e+00
6.140000e+02 5.560073e+00
6.150000e+02 5.567661e+00
6.160000e+02 5.575250e+00
6.170000e+02 5.582841e+00
6.180000e+02 5.590433e+00
6.190000e+02 5.598026e+00
6.200000e+02 5.605620e+00
6.210000e+02 5.613216e+00
6.220000e+02 5.620814e+00
6.230000e+02 5.628412e+00
6.240000e+02 5.636012e+00
6.250000e+02 5.643613e+00
6.260000e+02 5.651216e+00
6.270000e+02 5.658820e+00
6.280000e+02 5.666426e+00
6.290000e+02 5.674032e+00
6.300000e+02 5.681641e+00
6.310000e+02 5.689250e+00
6.320000e+02 5.696861e+00
6.330000e+02 5.704473e+00
6.340000e+02 5.712087e+00
6.350000e+02 5.719702e+00
6.360000e+02 5.727319e+00
6.370000e+02 5.734937e+00
6.380000e+02 5.742556e+00
6.390000e+02 5.750177e+00
6.400000e+02 5.757799e+00
6.410000e+02 5.765423e+00
6.420000e+02 5.773048e+00
6.430000e+02 5.780675e+00
6.440000e+02 5.788303e+00
6.450000e+02 5.795932e+00
6.460000e+02 5.803563e+00
6.470000e+02 5.811195e+00
6.480000e+02 5.818829e+00
6.490000e+02 5.826464e+00
6.500000e+02 5.834101e+00
6.510000e+02 5.841739e+00
6.520000e+02 5.849378e+00
6.530000e+02 5.857019e+00
6.540000e+02 5.864662e+00
6.550000e+02 5.872306e+00
6.560000e+02 5.879951e+00
6.570000e+02 5.887598e+00
6.580000e+02 5.895246e+00
6.590000e+02 5.902896e+00
6.600000e+02 5.910547e+00
6.610000e+02 5.918200e+00
6.620000e+02 5.925854e+00
6.630000e+02 5.933510e+00
6.640000e+02 5.941167e+00
6.650000e+02 5.948825e+00
6.660000e+02 5.956485e+00
6.670000e+02 5.964147e+00
6.680000e+02 5.971810e+00
6.690000e+02 5.979475e+00
6.700000e+02 5.987141e+00
6.710000e+02 5.994808e+00
6.720000e+02 6.002477e+00
6.730000e+02 6.010147e+00
6.740000e+02 6.017819e+00
6.750000e+02 6.025493e+00
6.760000e+02 6.033167e+00
6.770000e+02 6.040844e+00
6.780000e+02 6.048522e+00
6.790000e+02 6.056201e+00
6.800000e+02 6.063882e+00
6.810000e+02 6.071564e+00
6.820000e+02 6.079248e+00
6.830000e+02 6.086933e+00
6.840000e+02 6.094619e+00
6.850000e+02 6.102308e+00
6.860000e+02 6.109997e+00
6.870000e+02 6.117688e+00
6.880000e+02 6.125381e+00
6.890000e+02 6.133075e+00
6.900000e+02 6.140770e+00
6.910000e+02 6.148467e+00
6.920000e+02 6.156166e+00
6.930000e+02 6.163866e+00
6.940000e+02 6.171567e+00
6.950000e+02 6.179270e+00
6.960000e+02 6.186974e+00
6.970000e+02 6.194680e+00
6.980000e+02 6.202387e+00
6.990000e+02 6.210096e+00
7.000000e+02 6.217806e+00
7.010000e+02 6.225518e+00
7.020000e+02 6.233231e+00
7.030000e+02 6.240946e+00
7.040000e+02 6.248662e+00
7.050000e+02 6.256379e+00
7.060000e+02 6.264098e+00
7.070000e+02 6.271818e+00
7.080000e+02 6.279540e+00
7.090000e+02 6.287263e+00
7.100000e+02 6.294988e+00
7.110000e+02 6.302714e+00
7.120000e+02 6.310442e+00
7.130000e+02 6.318171e+00
7.140000e+02 6.325901e+00
7.150000e+02 6.333633e+00
7.160000e+02 6.341366e+00
7.170000e+02 6.349101e+00
7.180000e+02 6.356837e+00
7.190000e+02 6.364575e+00
7.200000e+02 6.372313e+00
7.210000e+02 6.380054e+00
7.220000e+02 6.387796e+00
7.230000e+02 6.395539e+00
7.240000e+02 6.403283e+00
7.250000e+02 6.411029e+00
7.260000e+02 6.418777e+00
7.270000e+02 6.426526e+00
7.280000e+02 6.434276e+00
7.290000e+02 6.442027e+00
7.300000e+02 6.449780e+00
7.310000e+02 6.457535e+00
7.320000e+02 6.465290e+00
7.330000e+02 6.473047e+00
7.340000e+02 6.480806e+00
7.350000e+02 6.488566e+00
7.360000e+02 6.496327e+00
7.370000e+02 6.504089e+00
7.380000e+02 6.511853e+00
7.390000e+02 6.519618e+00
7.400000e+02 6.527385e+00
7.410000e+02 6.535153e+00
7.420000e+02 6.542922e+00
7.430000e+02 6.550693e+00
7.440000e+02 6.558465e+00
7.450000e+02 6.566238e+00
7.460000e+02 6.574013e+00
7.470000e+02 6.581789e+00
7.480000e+02 6.589566e+00
7.490000e+02 6.597345e+00
7.500000e+02 6.605124e+00
7.510000e+02 6.612906e+00
7.520000e+02 6.620688e+00
7.530000e+02 6.628472e+00
7.540000e+02 6.636257e+00
7.550000e+02 6.644043e+00
7.560000e+02 6.651831e+00
7.570000e+02 6.659620e+00
7.580000e+02 6.667410e+00
7.590000e+02 6.675202e+00
7.600000e+02 6.682995e+00
7.610000e+02 6.690789e+00
7.620000e+02 6.698584e+00
7.630000e+02 6.706380e+00
7.640000e+02 6.714178e+00
7.650000e+02 6.721977e+00
7.660000e+02 6.729777e+00
7.670000e+02 6.737579e+00
7.680000e+02 6.745382e+00
7.690000e+02 6.753186e+00
7.700000e+02 6.760991e+00
7.710000e+02 6.768797e+00
7.720000e+02 6.776605e+00
7.730000e+02 6.784414e+00
7.740000e+02 6.792224e+00
7.750000e+02 6.800035e+00
7.760000e+02 6.807847e+00
7.770000e+02 6.815661e+00
7.780000e+02 6.823476e+00
7.790000e+02 6.831292e+00
7.800000e+02 6.839109e+00
7.810000e+02 6.846927e+00
7.820000e+02 6.854747e+00
7.830000e+02 6.862567e+00
7.840000e+02 6.870389e+00
7.850000e+02 6.878212e+00
7.860000e+02 6.886036e+00
7.870000e+02 6.893861e+00
7.880000e+02 6.901687e+00
7.890000e+02 6.909515e+00
7.900000e+02 6.917343e+00
7.910000e+02 6.925173e+00
7.920000e+02 6.933004e+00
7.930000e+02 6.940836e+00
7.940000e+02 6.948669e+00
7.950000e+02 6.956503e+00
7.960000e+02 6.964338e+00
7.970000e+02 6.972174e+00
7.980000e+02 6.980011e+00
7.990000e+02 6.987850e+00
8.000000e+02 6.995689e+00
8.010000e+02 7.003530e+00
8.020000e+02 7.011371e+00
8.030000e+02 7.019214e+00
8.040000e+02 7.027058e+00
8.050000e+02 7.034902e+00
8.060000e+02 7.042748e+00
8.070000e+02 7.050595e+00
8.080000e+02 7.058442e+00
8.090000e+02 7.066291e+00
8.100000e+02 7.074141e+00
8.110000e+02 7.081992e+00
8.120000e+02 7.089843e+00
8.130000e+02 7.097696e+00
8.140000e+02 7.105550e+00
8.150000e+02 7.113405e+00
8.160000e+02 7.121260e+00
8.170000e+02 7.129117e+00
8.180000e+02 7.136975e+00
8.190000e+02 7.144833e+00
8.200000e+02 7.152693e+00
8.210000e+02 7.160553e+00
8.220000e+02 7.168414e+00
8.230000e+02 7.176277e+00
8.240000e+02 7.184140e+00
8.250000e+02 7.192004e+00
8.260000e+02 7.199869e+00
8.270000e+02 7.207735e+00
8.280000e+02 7.215602e+00
8.290000e+02 7.223470e+00
8.300000e+02 7.231339e+00
8.310000e+02 7.239208e+00
8.320000e+02 7.247078e+00
8.330000e+02 7.254950e+00
8.340000e+02 7.262822e+00
8.350000e+02 7.270695e+00
8.360000e+02 7.278569e+00
8.370000e+02 7.286443e+00
8.380000e+02 7.294319e+00
8.390000e+02 7.302195e+00
8.400000e+02 7.310072e+00
8.410000e+02 7.317950e+00
8.420000e+02 7.325829e+00
8.430000e+02 7.333709e+00
8.440000e+02 7.341589e+00
8.450000e+02 7.349471e+00
8.460000e+02 7.357353e+00
8.470000e+02 7.365235e+00
8.480000e+02 7.373119e+00
8.490000e+02 7.381003e+00
8.500000e+02 7.388888e+00
8.510000e+02 7.396774e+00
8.520000e+02 7.404661e+00
8.530000e+02 7.412548e+00
8.540000e+02 7.420436e+00
8.550000e+02 7.428325e+00
8.560000e+02 7.436215e+00
8.570000e+02 7.444105e+00
8.580000e+02 7.451996e+00
8.590000e+02 7.459887e+00
8.600000e+02 7.467780e+00
8.610000e+02 7.475673e+00
8.620000e+02 7.483567e+00
8.630000e+02 7.491461e+00
8.640000e+02 7.499356e+00
8.650000e+02 7.507252e+00
8.660000e+02 7.515148e+00
8.670000e+02 7.523045e+00
8.680000e+02 7.530943e+00
8.690000e+02 7.538842e+00
8.700000e+02 7.546741e+00
8.710000e+02 7.554640e+00
8.720000e+02 7.562540e+00
8.730000e+02 7.570441e+00
8.740000e+02 7.578343e+00
8.750000e+02 7.586245e+00
8.760000e+02 7.594147e+00
8.770000e+02 7.602051e+00
8.780000e+02 7.609955e+00
8.790000e+02 7.617859e+00
8.800000e+02 7.625764e+00
8.810000e+02 7.633670e+00
8.820000e+02 7.641576e+00
8.830000e+02 7.649482e+00
8.840000e+02 7.657389e+00
8.850000e+02 7.665297e+00
8.860000e+02 7.673205e+00
8.870000e+02 7.681114e+00
8.880000e+02 7.689024e+00
8.890000e+02 7.696933e+00
8.900000e+02 7.704844e+00
8.910000e+02 7.712755e+00
8.920000e+02 7.720666e+00
8.930000e+02 7.728578e+00
8.940000e+02 7.736490e+00
8.950000e+02 7.744403e+00
8.960000e+02 7.752316e+00
8.970000e+02 7.760229e+00
8.980000e+02 7.768144e+00
8.990000e+02 7.776058e+00
9.000000e+02 7.783973e+00
9.010000e+02 7.791889e+00
9.020000e+02 7.799804e+00
9.030000e+02 7.807721e+00
9.040000e+02 7.815637e+00
9.050000e+02 7.823554e+00
9.060000e+02 7.831472e+00
9.070000e+02 7.839390e+00
9.080000e+02 7.847308e+00
9.090000e+02 7.855227e+00
9.100000e+02 7.863146e+00
9.110000e+02 7.871065e+00
9.120000e+02 7.878985e+00
9.130000e+02 7.886905e+00
9.140000e+02 7.894825e+00
9.150000e+02 7.902746e+00
9.160000e+02 7.910667e+00
9.170000e+02 7.918589e+00
9.180000e+02 7.926511e+00
9.190000e+02 7.934433e+00
9.200000e+02 7.942355e+00
9.210000e+02 7.950278e+00
9.220000e+02 7.958201e+00
9.230000e+02 7.966124e+00
9.240000e+02 7.974048e+00
9.250000e+02 7.981971e+00
9.260000e+02 7.989896e+00
9.270000e+02 7.997820e+00
9.280000e+02 8.005745e+00
9.290000e+02 8.013669e+00
9.300000e+02 8.021595e+00
9.310000e+02 8.029520e+00
9.320000e+02 8.037445e+00
9.330000e+02 8.045371e+00
9.340000e+02 8.053297e+00
9.350000e+02 8.061224e+00
9.360000e+02 8.069150e+00
9.370000e+02 8.077077e+00
9.380000e+02 8.085003e+00
9.390000e+02 8.092930e+00
9.400000e+02 8.100858e+00
9.410000e+02 8.108785e+00
9.420000e+02 8.116713e+00
9.430000e+02 8.124640e+00
9.440000e+02 8.132568e+00
9.450000e+02 8.140496e+00
9.460000e+02 8.148424e+00
9.470000e+02 8.156352e+00
9.480000e+02 8.164281e+00
9.490000e+02 8.172209e+00
9.500000e+02 8.180138e+00
9.510000e+02 8.188067e+00
9.520000e+02 8.195996e+00
9.530000e+02 8.203925e+00
9.540000e+02 8.211854e+00
9.550000e+02 8.219783e+00
9.560000e+02 8.227712e+00
9.570000e+02 8.235641e+00
9.580000e+02 8.243570e+00
9.590000e+02 8.251500e+00
9.600000e+02 8.259429e+00
9.610000e+02 8.267359e+00
9.620000e+02 8.275288e+00
9.630000e+02 8.283218e+00
9.640000e+02 8.291147e+00
9.650000e+02 8.299077e+00
9.660000e+02 8.307007e+00
9.670000e+02 8.314936e+00
9.680000e+02 8.322866e+00
9.690000e+02 8.330795e+00
9.700000e+02 8.338725e+00
9.710000e+02 8.346655e+00
9.720000e+02 8.354584e+00
9.730000e+02 8.362514e+00
9.740000e+02 8.370443e+00
9.750000e+02 8.378373e+00
9.760000e+02 8.386302e+00
9.770000e+02 8.394231e+00
9.780000e+02 8.402161e+00
9.790000e+02 8.410090e+00
9.800000e+02 8.418019e+00
9.810000e+02 8.425948e+00
9.820000e+02 8.433877e+00
9.830000e+02 8.441806e+00
9.840000e+02 8.449735e+00
9.850000e+02 8.457663e+00
9.860000e+02 8.465592e+00
9.870000e+02 8.473520e+00
9.880000e+02 8.481449e+00
9.890000e+02 8.489377e+00
9.900000e+02 8.497305e+00
9.910000e+02 8.505233e+00
9.920000e+02 8.513161e+00
9.930000e+02 8.521089e+00
9.940000e+02 8.529016e+00
9.950000e+02 8.536943e+00
9.960000e+02 8.544871e+00
9.970000e+02 8.552798e+00
9.980000e+02 8.560724e+00
9.990000e+02 8.568651e+00
1.000000e+03 8.576577e+00
