# am version 14.0 (build date Sep 30 2024 09:36:11)

# run time 3.711 s
# dcache hit: 0  miss: 32  discard: 18

f 0 GHz  150 GHz  2.5 MHz
output text  f GHz  tau dB  tau_fsl dB

tol 0
selfbroad_vmr_tol 0.003

geometry spherical
refract radio
za 135 deg
PTmode Pbase Tbase

g 980.665 cm*s^-2
dg_dz 0 s^-2

z0 0 m
R0 6370 km

T0 0 K

zobs 700 km
zsource 13 km near

| layer
| # za_base 45 deg
| Pbase 0 mbar  # z = 700000.000 m (observing level)

#
# Layers above this line were not in the propagation path.
#

| layer
| # airmass 1.49483
| # za_base 51.1743 deg
| # P 1.109 mbar
| # T 270.65 K
| # dP 1.109 mbar
| Pbase 1.109 mbar  # z = 47043.699 m
| Tbase 270.65 K
| Mair 28.964 h2o o3  (28.964)
| lineshape Gross ch4 co co2 n2o o2_uncoupled
| lineshape VVW_coupled o2_coupled
| column dry_air hydrostatic (1)  (2.35127e+22 cm^-2)
! Warning: Column included 2332 unresolved lines.

layer | interpolated
Pbase 1.109 mbar
Tbase 270.65 K
Mair 28.964 h2o o3
lineshape Gross ch4 co co2 n2o o2_uncoupled
lineshape VVW_coupled o2_coupled
column dry_air hydrostatic

layer
# airmass 1.59792
# za_base 51.3417 deg
# P 4.8945 mbar
# T 240.345 K
# dP 7.571 mbar
Pbase 8.68 mbar  # z = 32007.450 m
Tbase 228.65 K
Mair 28.964 h2o o3  (28.964)
lineshape Gross ch4 co co2 n2o o2_uncoupled
lineshape VVW_coupled o2_coupled
column dry_air hydrostatic (1)  (1.60518e+23 cm^-2)

layer
# airmass 1.60317
# za_base 51.4752 deg
# P 31.715 mbar
# T 220.207 K
# dP 46.07 mbar
Pbase 54.75 mbar  # z = 20003.904 m
Tbase 216.65 K
Mair 28.964 h2o o3  (28.964)
lineshape Gross ch4 co co2 n2o o2_uncoupled
lineshape VVW_coupled o2_coupled
column dry_air hydrostatic (1)  (9.76765e+23 cm^-2)

| layer
| # airmass 1.60686
| # za_base 51.5514 deg
| # P 109.977 mbar
| # T 216.65 K
| # dP 110.453 mbar
| Pbase 165.203 mbar  # z = 13000.000 m (source level)
| Tbase 216.65 K
| Mair 28.964 h2o o3  (28.964)
| lineshape Gross ch4 co co2 n2o o2_uncoupled
| lineshape VVW_coupled o2_coupled
| lineshape VVH_750 h2o_lines
| column dry_air hydrostatic (1)  (2.34181e+24 cm^-2)
| column h2o vmr 0  (0 cm^-2)

#
# Layers below this line were not in the propagation path.
#

| layer
| # dP 61.1165 mbar
| Pbase 226.32 mbar  # z = 11003.775 m
| Tbase 216.65 K
| Mair 28.964 h2o o3  (28.964)
| lineshape Gross ch4 co co2 n2o o2_uncoupled
| lineshape VVW_coupled o2_coupled
| lineshape VVH_750 h2o_lines
| column dry_air hydrostatic (1)
| column h2o vmr 0

layer | interpolated
Pbase 226.32 mbar
Tbase 216.65 K
Mair 28.964 h2o o3
lineshape Gross ch4 co co2 n2o o2_uncoupled
lineshape VVW_coupled o2_coupled
lineshape VVH_750 h2o_lines
column dry_air hydrostatic
column h2o RHi 0%  (vmr 0)

layer
# dP 132.26 mbar
Pbase 358.58 mbar  # z = 7951.694 m
Tbase 236.48 K
Mair 28.964 h2o o3  (28.964)
lineshape Gross ch4 co co2 n2o o2_uncoupled
lineshape VVW_coupled o2_coupled
lineshape VVH_750 h2o_lines
column dry_air hydrostatic (1)
column h2o RHi 0%  (vmr 0)

layer
# dP 129.62 mbar
Pbase 488.2 mbar  # z = 5751.079 m
Tbase 250.78 K
Mair 28.964 h2o o3  (28.964)
lineshape Gross ch4 co co2 n2o o2_uncoupled
lineshape VVW_coupled o2_coupled
lineshape VVH_750 h2o_lines
column dry_air hydrostatic (1)
column h2o RH 0%  (vmr 0)

layer
# dP 132.22 mbar
Pbase 620.42 mbar  # z = 3950.639 m
Tbase 262.48 K
Mair 28.964 h2o o3  (28.964)
lineshape Gross ch4 co co2 n2o o2_uncoupled
lineshape VVW_coupled o2_coupled
lineshape VVH_750 h2o_lines
column dry_air hydrostatic (1)
column h2o RH 0%  (vmr 0)

layer
# dP 131.1 mbar
Pbase 751.52 mbar  # z = 2450.375 m
Tbase 272.23 K
Mair 28.964 h2o o3  (28.964)
lineshape Gross ch4 co co2 n2o o2_uncoupled
lineshape VVW_coupled o2_coupled
lineshape VVH_750 h2o_lines
column dry_air hydrostatic (1)
column h2o RH 0%  (vmr 0)

layer
# dP 130.99 mbar
Pbase 882.51 mbar  # z = 1150.144 m
Tbase 280.68 K
Mair 28.964 h2o o3  (28.964)
lineshape Gross ch4 co co2 n2o o2_uncoupled
lineshape VVW_coupled o2_coupled
lineshape VVH_750 h2o_lines
column dry_air hydrostatic (1)
column h2o RH 0%  (vmr 0)

layer
# dP 130.74 mbar
Pbase 1013.25 mbar  # z = 0.000 m
Tbase 288.15 K
Mair 28.964 h2o o3  (28.964)
lineshape Gross ch4 co co2 n2o o2_uncoupled
lineshape VVW_coupled o2_coupled
lineshape VVH_750 h2o_lines
column dry_air hydrostatic (1)
column h2o RH 0%  (vmr 0)

#
# column densities [cm^-2], including scale factors
#
# airmass is line-of-sight / (zenith between observing and source level)
#
#                           zenith             line-of-sight      airmass 
# total (12 layers)
#  (4 zenith, 0 down, 4 up):
#                  dry_air  3.502603e+24       5.620507e+24       1.60467 
#                      h2o  0.000000e+00       0.000000e+00      
#                            (0 um_pwv)         (0 um_pwv)        
#
#                      all  3.502603e+24       5.620507e+24       1.60467 
#
# source to observer distance
#  refracted : 1030.59 km
#  geometric : 1030.59 km
#  projected : 728.839 km
#
# total refraction : 15.2461 arcsec
#

! Warning: Encountered in-band lines narrower than the frequency
!          grid spacing.  The output configuration data includes
!          the unresolved line count after each column definition
!          for which this occurred.  Count: 4

