1.000000e-03 90      3916.76    21.50  3.91676  3.91676  3.91676
1.023293e-03 90      3871.93    21.75  3.96212  3.96212  3.96212
1.047129e-03 90      3827.61    22.00  4.00800  4.00800  4.00800
1.071519e-03 90      3783.79    22.26  4.05441  4.05441  4.05441
1.096478e-03 90      3740.48    22.52  4.10135  4.10135  4.10135
1.122018e-03 90      3697.66    22.78  4.14884  4.14884  4.14884
1.148154e-03 90      3655.33    23.04  4.19689  4.19689  4.19689
1.174898e-03 90      3613.49    23.31  4.24548  4.24548  4.24548
1.202264e-03 90      3572.13    23.58  4.29464  4.29464  4.29464
1.230269e-03 90      3531.24    23.85  4.34437  4.34437  4.34437
1.258925e-03 90      3490.82    24.13  4.39467  4.39467  4.39467
1.288250e-03 90      3450.85    24.41  4.44556  4.44556  4.44556
1.318257e-03 90      3411.35    24.69  4.49704  4.49704  4.49704
1.348963e-03 90      3372.30    24.97  4.54911  4.54911  4.54911
1.380384e-03 90      3333.70    25.26  4.60179  4.60179  4.60179
1.412538e-03 90      3295.54    25.56  4.65507  4.65507  4.65507
1.445440e-03 90      3257.81    25.85  4.70898  4.70898  4.70898
1.479108e-03 90      3220.52    26.15  4.76350  4.76350  4.76350
1.513561e-03 90      3183.66    26.45  4.81866  4.81866  4.81866
1.548817e-03 90      3147.21    26.76  4.87446  4.87446  4.87446
1.584893e-03 90      3111.19    27.07  4.93090  4.93090  4.93090
1.621810e-03 90      3075.57    27.38  4.98799  4.98799  4.98799
1.659587e-03 90      3040.37    27.70  5.04575  5.04575  5.04575
1.698244e-03 90      3005.56    28.02  5.10418  5.10418  5.10418
1.737801e-03 90      2971.16    28.35  5.16328  5.16328  5.16328
1.778279e-03 90      2937.15    28.67  5.22307  5.22307  5.22307
1.819701e-03 90      2903.52    29.01  5.28355  5.28355  5.28355
1.862087e-03 90      2870.29    29.34  5.34473  5.34473  5.34473
1.905461e-03 90      2837.43    29.68  5.40661  5.40661  5.40661
1.949845e-03 90      2804.95    30.02  5.46922  5.46922  5.46922
1.995262e-03 90      2772.84    30.37  5.53255  5.53255  5.53255
2.041738e-03 90      2741.10    30.72  5.59661  5.59661  5.59661
2.089296e-03 90      2709.72    31.08  5.66141  5.66141  5.66141
2.137962e-03 90      2678.70    31.44  5.72697  5.72697  5.72697
2.187762e-03 90      2648.04    31.80  5.79328  5.79328  5.79328
2.238721e-03 90      2617.73    32.17  5.86036  5.86036  5.86036
2.290868e-03 90      2587.76    32.54  5.92822  5.92822  5.92822
2.344229e-03 90      2558.14    32.92  5.99687  5.99687  5.99687
2.398833e-03 90      2528.86    33.30  6.06631  6.06631  6.06630
2.454709e-03 90      2499.91    33.69  6.13655  6.13655  6.13655
2.511886e-03 90      2471.29    34.08  6.20760  6.20760  6.20760
2.570396e-03 90      2443.00    34.47  6.27948  6.27948  6.27948
2.630268e-03 90      2415.04    34.87  6.35219  6.35219  6.35219
2.691535e-03 90      2387.39    35.27  6.42575  6.42575  6.42575
2.754229e-03 90      2360.06    35.68  6.50015  6.50015  6.50015
2.818383e-03 90      2333.05    36.10  6.57542  6.57542  6.57542
2.884032e-03 90      2306.34    36.51  6.65156  6.65156  6.65155
2.951209e-03 90      2279.94    36.94  6.72857  6.72857  6.72857
3.019952e-03 90      2253.84    37.36  6.80648  6.80648  6.80648
3.090295e-03 90      2228.04    37.80  6.88530  6.88530  6.88529
3.162278e-03 90      2202.53    38.23  6.96502  6.96502  6.96502
3.235937e-03 90      2177.32    38.68  7.04567  7.04567  7.04567
3.311311e-03 90      2152.40    39.12  7.12725  7.12725  7.12725
3.388442e-03 90      2127.76    39.58  7.20978  7.20978  7.20978
3.467369e-03 90      2103.40    40.04  7.29326  7.29326  7.29326
3.548134e-03 90      2079.32    40.50  7.37771  7.37771  7.37771
3.630781e-03 90      2055.52    40.97  7.46314  7.46314  7.46314
3.715352e-03 90      2031.99    41.44  7.54955  7.54955  7.54955
3.801894e-03 90      2008.73    41.92  7.63697  7.63697  7.63697
3.890451e-03 90      1985.73    42.41  7.72540  7.72540  7.72539
3.981072e-03 90      1963.00    42.90  7.81485  7.81485  7.81485
4.073803e-03 90      1940.53    43.39  7.90534  7.90534  7.90534
4.168694e-03 90      1918.32    43.90  7.99687  7.99687  7.99687
4.265795e-03 90      1896.36    44.40  8.08947  8.08947  8.08947
4.365158e-03 90      1874.65    44.92  8.18314  8.18314  8.18313
4.466836e-03 90      1853.19    45.44  8.27789  8.27789  8.27789
4.570882e-03 90      1831.97    45.96  8.37374  8.37374  8.37373
4.677351e-03 90      1811.00    46.50  8.47070  8.47070  8.47069
4.786301e-03 90      1790.27    47.03  8.56878  8.56878  8.56877
4.897788e-03 90      1769.78    47.58  8.66799  8.66799  8.66799
5.011872e-03 90      1749.52    48.13  8.76836  8.76836  8.76835
5.128614e-03 90      1729.49    48.69  8.86989  8.86989  8.86988
5.248075e-03 90      1709.69    49.25  8.97259  8.97259  8.97259
5.370318e-03 90      1690.12    49.82  9.07648  9.07648  9.07648
5.495409e-03 90      1670.77    50.40  9.18158  9.18158  9.18157
5.623413e-03 90      1651.65    50.98  9.28789  9.28789  9.28788
5.754399e-03 90      1632.74    51.57  9.39543  9.39543  9.39542
5.888437e-03 90      1614.05    52.17  9.50422  9.50422  9.50421
6.025596e-03 90      1595.57    52.77  9.61426  9.61426  9.61426
6.165950e-03 90      1577.31    53.38  9.72558  9.72558  9.72558
6.309573e-03 90      1559.25    54.00  9.83819  9.83819  9.83819
6.456542e-03 90      1541.40    54.62  9.95211  9.95211  9.95210
6.606934e-03 90      1523.75    55.25  10.0673  10.0673  10.0673
6.760830e-03 90      1506.31    55.89  10.1839  10.1839  10.1839
6.918310e-03 90      1489.07    56.54  10.3018  10.3018  10.3018
7.079458e-03 90      1472.02    57.19  10.4211  10.4211  10.4211
7.244360e-03 90      1455.17    57.86  10.5418  10.5418  10.5418
7.413102e-03 90      1438.51    58.53  10.6638  10.6638  10.6638
7.585776e-03 90      1422.04    59.20  10.7873  10.7873  10.7873
7.762471e-03 90      1405.76    59.89  10.9122  10.9122  10.9122
7.943282e-03 90      1389.67    60.58  11.0385  11.0385  11.0385
8.128305e-03 90      1373.76    61.28  11.1664  11.1664  11.1663
8.317638e-03 90      1358.03    61.99  11.2956  11.2956  11.2956
8.511380e-03 90      1342.49    62.71  11.4264  11.4264  11.4264
8.709636e-03 90      1327.12    63.43  11.5587  11.5587  11.5587
8.912509e-03 90      1311.93    64.17  11.6926  11.6926  11.6925
9.120108e-03 90      1296.91    64.91  11.8279  11.8279  11.8279
9.332543e-03 90      1282.06    65.66  11.9649  11.9649  11.9649
9.549926e-03 90      1267.38    66.42  12.1034  12.1034  12.1034
9.772372e-03 90      1252.87    67.19  12.2436  12.2436  12.2435
1.000000e-02 90      1238.53    67.96  12.3853  12.3853  12.3853
1.023293e-02 90      1224.35    68.75  12.5287  12.5287  12.5287
1.047129e-02 90      1210.34    69.55  12.6738  12.6738  12.6738
1.071519e-02 90      1196.48    70.35  12.8205  12.8205  12.8205
1.096478e-02 90      1182.78    71.16  12.9690  12.9690  12.9689
1.122018e-02 90      1169.24    71.99  13.1191  13.1191  13.1191
1.148154e-02 90      1155.86    72.82  13.2710  13.2710  13.2710
1.174898e-02 90      1142.62    73.66  13.4247  13.4247  13.4246
1.202264e-02 90      1129.54    74.51  13.5801  13.5801  13.5801
1.230269e-02 90      1116.61    75.38  13.7373  13.7373  13.7373
1.258925e-02 90      1103.83    76.25  13.8964  13.8964  13.8963
1.288250e-02 90      1091.19    77.13  14.0573  14.0573  14.0572
1.318257e-02 90      1078.70    78.02  14.2200  14.2200  14.2200
1.348963e-02 90      1066.35    78.92  14.3846  14.3846  14.3846
1.380384e-02 90      1054.14    79.83  14.5512  14.5512  14.5512
1.412538e-02 90      1042.07    80.76  14.7197  14.7197  14.7196
1.445440e-02 90      1030.14    81.69  14.8901  14.8901  14.8901
1.479108e-02 90      1018.35    82.64  15.0625  15.0625  15.0624
1.513561e-02 90      1006.69    83.59  15.2369  15.2369  15.2368
1.548817e-02 90      995.164    84.56  15.4133  15.4133  15.4132
1.584893e-02 90      983.771    85.53  15.5917  15.5917  15.5917
1.621810e-02 90      972.508    86.52  15.7722  15.7722  15.7722
1.659587e-02 90      961.373    87.52  15.9548  15.9548  15.9548
1.698244e-02 90      950.367    88.53  16.1395  16.1395  16.1395
1.737801e-02 90      939.486    89.56  16.3264  16.3264  16.3264
1.778279e-02 90      928.730    90.59  16.5154  16.5154  16.5154
1.819701e-02 90      918.097    91.64  16.7066  16.7066  16.7066
1.862087e-02 90      907.586    92.70  16.9000  16.9000  16.9000
1.905461e-02 90      897.194    93.77  17.0957  17.0957  17.0957
1.949845e-02 90      886.922    94.85  17.2936  17.2936  17.2936
1.995262e-02 90      876.768    95.95  17.4938  17.4938  17.4938
2.041738e-02 90      866.729    97.06  17.6963  17.6963  17.6963
2.089296e-02 90      856.806    98.18  17.9012  17.9012  17.9012
2.137962e-02 90      846.996    99.31  18.1085  18.1085  18.1084
2.187762e-02 90      837.298   100.46  18.3181  18.3181  18.3181
2.238721e-02 90      827.712   101.62  18.5302  18.5302  18.5301
2.290868e-02 90      818.235   102.79  18.7447  18.7447  18.7446
2.344229e-02 90      808.866   103.98  18.9617  18.9617  18.9616
2.398833e-02 90      799.605   105.18  19.1812  19.1812  19.1811
2.454709e-02 90      790.450   106.40  19.4032  19.4032  19.4032
2.511886e-02 90      781.399   107.62  19.6279  19.6279  19.6278
2.570396e-02 90      772.452   108.87  19.8551  19.8551  19.8550
2.630268e-02 90      763.608   110.12  20.0849  20.0849  20.0849
2.691535e-02 90      754.864   111.40  20.3174  20.3174  20.3174
2.754229e-02 90      746.221   112.68  20.5526  20.5526  20.5526
2.818383e-02 90      737.677   113.98  20.7905  20.7905  20.7905
2.884032e-02 90      729.230   115.30  21.0312  21.0312  21.0312
2.951209e-02 90      720.880   116.63  21.2747  21.2747  21.2746
3.019952e-02 90      712.626   117.97  21.5209  21.5209  21.5209
3.090295e-02 90      704.466   119.34  21.7701  21.7701  21.7700
3.162278e-02 90      696.399   120.71  22.0221  22.0221  22.0220
3.235937e-02 90      688.425   122.11  22.2770  22.2770  22.2769
3.311311e-02 90      680.542   123.51  22.5349  22.5349  22.5348
3.388442e-02 90      672.749   124.94  22.7957  22.7957  22.7956
3.467369e-02 90      665.045   126.38  23.0596  23.0596  23.0595
3.548134e-02 90      657.430   127.84  23.3265  23.3265  23.3264
3.630781e-02 90      649.902   129.31  23.5965  23.5965  23.5964
3.715352e-02 90      642.459   130.80  23.8696  23.8696  23.8695
3.801894e-02 90      635.102   132.31  24.1459  24.1459  24.1458
3.890451e-02 90      627.830   133.84  24.4254  24.4254  24.4253
3.981072e-02 90      620.640   135.38  24.7081  24.7081  24.7080
4.073803e-02 90      613.533   136.94  24.9941  24.9941  24.9940
4.168694e-02 90      606.507   138.52  25.2834  25.2834  25.2833
4.265795e-02 90      599.561   140.11  25.5760  25.5760  25.5759
4.365158e-02 90      592.695   141.73  25.8721  25.8721  25.8720
4.466836e-02 90      585.907   143.36  26.1715  26.1715  26.1714
4.570882e-02 90      579.197   145.01  26.4744  26.4744  26.4743
4.677351e-02 90      572.564   146.68  26.7808  26.7808  26.7807
4.786301e-02 90      566.007   148.37  27.0908  27.0908  27.0907
4.897788e-02 90      559.524   150.08  27.4043  27.4043  27.4042
5.011872e-02 90      553.116   151.81  27.7215  27.7215  27.7213
5.128614e-02 90      546.782   153.56  28.0423  28.0423  28.0422
5.248075e-02 90      540.519   155.32  28.3669  28.3669  28.3667
5.370318e-02 90      534.329   157.11  28.6951  28.6951  28.6950
5.495409e-02 90      528.209   158.92  29.0272  29.0272  29.0271
5.623413e-02 90      522.159   160.75  29.3632  29.3632  29.3630
5.754399e-02 90      516.178   162.60  29.7030  29.7030  29.7028
5.888437e-02 90      510.266   164.47  30.0467  30.0467  30.0465
6.025596e-02 90      504.422   166.36  30.3944  30.3944  30.3942
6.165950e-02 90      498.644   168.27  30.7461  30.7461  30.7459
6.309573e-02 90      492.932   170.21  31.1019  31.1019  31.1017
6.456542e-02 90      487.286   172.16  31.4618  31.4618  31.4616
6.606934e-02 90      481.704   174.14  31.8259  31.8259  31.8257
6.760830e-02 90      476.186   176.14  32.1942  32.1942  32.1939
6.918310e-02 90      470.732   178.17  32.5667  32.5667  32.5665
7.079458e-02 90      465.339   180.21  32.9435  32.9435  32.9433
7.244360e-02 90      460.009   182.28  33.3247  33.3247  33.3245
7.413102e-02 90      454.739   184.38  33.7103  33.7103  33.7100
7.585776e-02 90      449.530   186.49  34.1003  34.1003  34.1001
7.762471e-02 90      444.380   188.63  34.4949  34.4949  34.4946
7.943282e-02 90      439.289   190.80  34.8940  34.8940  34.8937
8.128305e-02 90      434.256   192.99  35.2977  35.2977  35.2974
8.317638e-02 90      429.281   195.20  35.7061  35.7061  35.7058
8.511380e-02 90      424.363   197.44  36.1192  36.1192  36.1189
8.709636e-02 90      419.501   199.71  36.5370  36.5370  36.5367
8.912509e-02 90      414.695   201.99  36.9597  36.9597  36.9594
9.120108e-02 90      409.943   204.31  37.3873  37.3873  37.3870
9.332543e-02 90      405.246   206.65  37.8198  37.8198  37.8195
9.549926e-02 90      400.603   209.02  38.2573  38.2573  38.2570
9.772372e-02 90      396.013   211.41  38.6999  38.6999  38.6995
1.000000e-01 90      391.475   213.83  39.1475  39.1475  39.1471
1.023293e-01 90      386.989   216.28  39.6003  39.6003  39.6000
1.047129e-01 90      382.555   218.75  40.0584  40.0584  40.0580
1.071519e-01 90      378.171   221.26  40.5217  40.5217  40.5213
1.096478e-01 90      373.837   223.79  40.9904  40.9904  40.9900
1.122018e-01 90      369.553   226.35  41.4645  41.4645  41.4641
1.148154e-01 90      365.318   228.93  41.9441  41.9441  41.9437
1.174898e-01 90      361.131   231.55  42.4292  42.4292  42.4287
1.202264e-01 90      356.992   234.19  42.9199  42.9199  42.9194
1.230269e-01 90      352.901   236.87  43.4163  43.4163  43.4158
1.258925e-01 90      348.856   239.57  43.9184  43.9184  43.9178
1.288250e-01 90      344.857   242.31  44.4262  44.4262  44.4257
1.318257e-01 90      340.905   245.07  44.9400  44.9400  44.9394
1.348963e-01 90      336.997   247.87  45.4596  45.4596  45.4591
1.380384e-01 90      333.134   250.69  45.9853  45.9853  45.9847
1.412538e-01 90      329.315   253.55  46.5170  46.5170  46.5164
1.445440e-01 90      325.540   256.44  47.0549  47.0549  47.0542
1.479108e-01 90      321.808   259.36  47.5989  47.5989  47.5982
1.513561e-01 90      318.119   262.31  48.1492  48.1492  48.1485
1.548817e-01 90      314.471   265.29  48.7059  48.7059  48.7052
1.584893e-01 90      310.866   268.31  49.2689  49.2689  49.2682
1.621810e-01 90      307.302   271.36  49.8385  49.8385  49.8377
1.659587e-01 90      303.778   274.44  50.4146  50.4146  50.4138
1.698244e-01 90      300.295   277.56  50.9974  50.9974  50.9966
1.737801e-01 90      296.851   280.71  51.5869  51.5869  51.5860
1.778279e-01 90      293.447   283.90  52.1831  52.1831  52.1822
1.819701e-01 90      290.082   287.12  52.7862  52.7862  52.7853
1.862087e-01 90      286.755   290.37  53.3963  53.3963  53.3954
1.905461e-01 90      283.466   293.67  54.0134  54.0134  54.0124
1.949845e-01 90      280.215   296.99  54.6376  54.6376  54.6366
1.995262e-01 90      277.001   300.35  55.2690  55.2690  55.2679
2.041738e-01 90      273.824   303.75  55.9077  55.9077  55.9066
2.089296e-01 90      270.683   307.19  56.5537  56.5537  56.5525
2.137962e-01 90      267.578   310.66  57.2071  57.2071  57.2059
2.187762e-01 90      264.508   314.17  57.8680  57.8680  57.8668
2.238721e-01 90      261.473   317.71  58.5366  58.5366  58.5353
2.290868e-01 90      258.473   321.30  59.2128  59.2128  59.2115
2.344229e-01 90      255.508   324.92  59.8969  59.8969  59.8955
2.398833e-01 90      252.576   328.58  60.5887  60.5887  60.5874
2.454709e-01 90      249.678   332.28  61.2886  61.2886  61.2871
2.511886e-01 90      246.812   336.02  61.9964  61.9964  61.9950
2.570396e-01 90      243.980   339.80  62.7125  62.7125  62.7109
2.630268e-01 90      241.180   343.62  63.4367  63.4367  63.4351
2.691535e-01 90      238.411   347.48  64.1693  64.1693  64.1676
2.754229e-01 90      235.675   351.38  64.9102  64.9102  64.9085
2.818383e-01 90      232.969   355.32  65.6597  65.6597  65.6579
2.884032e-01 90      230.295   359.30  66.4178  66.4178  66.4160
2.951209e-01 90      227.651   363.32  67.1846  67.1846  67.1827
3.019952e-01 90      225.037   367.39  67.9602  67.9602  67.9582
3.090295e-01 90      222.453   371.50  68.7446  68.7446  68.7426
3.162278e-01 90      219.899   375.65  69.5381  69.5381  69.5360
3.235937e-01 90      217.374   379.84  70.3407  70.3407  70.3385
3.311311e-01 90      214.877   384.07  71.1525  71.1525  71.1502
3.388442e-01 90      212.409   388.35  71.9736  71.9736  71.9713
3.467369e-01 90      209.969   392.68  72.8041  72.8041  72.8017
3.548134e-01 90      207.557   397.04  73.6441  73.6441  73.6416
3.630781e-01 90      205.173   401.45  74.4937  74.4937  74.4912
3.715352e-01 90      202.816   405.91  75.3531  75.3531  75.3504
3.801894e-01 90      200.485   410.41  76.2223  76.2223  76.2196
3.890451e-01 90      198.181   414.96  77.1015  77.1015  77.0986
3.981072e-01 90      195.904   419.55  77.9907  77.9907  77.9877
4.073803e-01 90      193.652   424.19  78.8901  78.8901  78.8870
4.168694e-01 90      191.426   428.87  79.7998  79.7998  79.7966
4.265795e-01 90      189.226   433.60  80.7199  80.7199  80.7166
4.365158e-01 90      187.050   438.38  81.6505  81.6505  81.6471
4.466836e-01 90      184.900   443.20  82.5917  82.5917  82.5882
4.570882e-01 90      182.774   448.07  83.5437  83.5437  83.5401
4.677351e-01 90      180.672   452.99  84.5066  84.5066  84.5028
4.786301e-01 90      178.594   457.95  85.4805  85.4805  85.4766
4.897788e-01 90      176.540   462.97  86.4655  86.4655  86.4614
5.011872e-01 90      174.509   468.03  87.4617  87.4617  87.4575
5.128614e-01 90      172.501   473.14  88.4693  88.4693  88.4649
5.248075e-01 90      170.517   478.30  89.4884  89.4884  89.4839
5.370318e-01 90      168.554   483.51  90.5191  90.5191  90.5144
5.495409e-01 90      166.615   488.76  91.5615  91.5615  91.5567
5.623413e-01 90      164.697   494.07  92.6158  92.6158  92.6109
5.754399e-01 90      162.801   499.42  93.6822  93.6822  93.6770
5.888437e-01 90      160.927   504.83  94.7606  94.7606  94.7553
6.025596e-01 90      159.074   510.28  95.8514  95.8514  95.8459
6.165950e-01 90      157.242   515.79  96.9545  96.9545  96.9488
6.309573e-01 90      155.431   521.34  98.0702  98.0702  98.0643
6.456542e-01 90      153.640   526.95  99.1986  99.1986  99.1925
6.606934e-01 90      151.870   532.60  100.340  100.340  100.333
6.760830e-01 90      150.121   538.31  101.494  101.494  101.487
6.918310e-01 90      148.391   544.06  102.661  102.661  102.654
7.079458e-01 90      146.680   549.87  103.842  103.842  103.835
7.244360e-01 90      144.990   555.73  105.036  105.036  105.028
7.413102e-01 90      143.318   561.63  106.243  106.243  106.236
7.585776e-01 90      141.665   567.59  107.464  107.464  107.456
7.762471e-01 90      140.032   573.60  108.699  108.699  108.691
7.943282e-01 90      138.417   579.66  109.948  109.948  109.940
8.128305e-01 90      136.820   585.77  111.211  111.211  111.203
8.317638e-01 90      135.241   591.93  112.489  112.489  112.480
8.511380e-01 90      133.680   598.14  113.780  113.780  113.771
8.709636e-01 90      132.137   604.40  115.087  115.087  115.077
8.912509e-01 90      130.612   610.71  116.408  116.408  116.398
9.120108e-01 90      129.104   617.07  117.744  117.744  117.734
9.332543e-01 90      127.613   623.49  119.095  119.095  119.085
9.549926e-01 90      126.139   629.95  120.462  120.462  120.451
9.772372e-01 90      124.682   636.46  121.844  121.844  121.832
1.000000e+00 90      123.241   643.02  123.241  123.241  123.229
1.023293e+00 90      121.817   649.63  124.654  124.654  124.642
1.047129e+00 90      120.408   656.28  126.083  126.083  126.070
1.071519e+00 90      119.016   662.99  127.528  127.528  127.515
1.096478e+00 90      117.640   669.74  128.989  128.989  128.976
1.122018e+00 90      116.279   676.54  130.467  130.467  130.453
1.148154e+00 90      114.934   683.39  131.962  131.962  131.947
1.174898e+00 90      113.667   691.04  133.488  133.488  133.473
1.202264e+00 90      112.422   698.82  135.034  135.034  135.019
1.230269e+00 90      111.192   706.66  136.598  136.598  136.582
1.258925e+00 90      109.979   714.57  138.179  138.179  138.162
1.288250e+00 90      108.780   722.55  139.779  139.779  139.762
1.318257e+00 90      107.597   730.59  141.397  141.397  141.379
1.348963e+00 90      106.428   738.69  143.034  143.034  143.015
1.380384e+00 90      105.274   746.86  144.689  144.689  144.670
1.412538e+00 90      104.134   755.10  146.364  146.364  146.344
1.445440e+00 90      103.009   763.40  148.057  148.057  148.037
1.479108e+00 90      101.898   771.76  149.770  149.770  149.749
1.513561e+00 90      100.800   780.19  151.503  151.503  151.481
1.548817e+00 90      99.7158   788.68  153.255  153.255  153.232
1.584893e+00 90      98.6451   797.23  155.027  155.027  155.004
1.621810e+00 90      97.5876   805.85  156.820  156.820  156.796
1.659587e+00 90      96.5430   814.52  158.633  158.633  158.608
1.698244e+00 90      95.5112   823.26  160.467  160.467  160.441
1.737801e+00 90      94.4921   832.05  162.321  162.321  162.294
1.778279e+00 90      93.4853   840.91  164.197  164.197  164.169
1.819701e+00 90      92.4909   849.82  166.094  166.094  166.065
1.862087e+00 90      91.5085   858.79  168.012  168.012  167.982
1.905461e+00 90      90.5380   867.81  169.953  169.953  169.922
1.949845e+00 90      89.5793   876.89  171.915  171.915  171.883
1.995262e+00 90      88.6322   886.03  173.899  173.899  173.866
2.041738e+00 90      87.6965   895.21  175.906  175.906  175.872
2.089296e+00 90      86.7721   904.45  177.936  177.936  177.900
2.137962e+00 90      85.8589   913.74  179.988  179.988  179.951
2.187762e+00 90      84.9566   923.08  182.064  182.064  182.026
2.238721e+00 90      84.0652   932.46  184.163  184.163  184.123
2.290868e+00 90      83.1844   941.89  186.286  186.286  186.245
2.344229e+00 90      82.3142   951.37  188.432  188.432  188.390
2.398833e+00 90      81.4544   960.88  190.603  190.603  190.559
2.454709e+00 90      80.6039   970.49  192.798  192.798  192.753
2.511886e+00 90      79.7520   980.66  195.023  195.023  194.976
2.570396e+00 90      78.9124   990.88  197.273  197.273  197.224
2.630268e+00 90      78.0848  1001.15  199.549  199.549  199.498
2.691535e+00 90      77.2691  1011.47  201.850  201.850  201.798
2.754229e+00 90      76.4650  1021.84  204.178  204.178  204.124
2.818383e+00 90      75.6722  1032.24  206.533  206.533  206.477
2.884032e+00 90      74.8907  1042.69  208.914  208.914  208.856
2.951209e+00 90      74.1202  1053.18  211.322  211.322  211.262
3.019952e+00 90      73.3604  1063.70  213.757  213.757  213.695
3.090295e+00 90      72.6113  1074.26  216.220  216.220  216.156
3.162278e+00 90      71.8726  1084.85  218.711  218.710  218.644
3.235937e+00 90      71.1442  1095.47  221.229  221.229  221.160
3.311311e+00 90      70.4258  1106.11  223.776  223.776  223.705
3.388442e+00 90      69.7174  1116.78  226.352  226.352  226.278
3.467369e+00 90      69.0188  1127.47  228.957  228.956  228.880
3.548134e+00 90      68.3297  1138.18  231.590  231.590  231.511
3.630781e+00 90      67.6501  1148.90  234.254  234.253  234.172
3.715352e+00 90      66.9798  1159.63  236.947  236.946  236.862
3.801894e+00 90      66.3186  1170.37  239.670  239.670  239.582
3.890451e+00 90      65.6665  1181.12  242.423  242.423  242.332
3.981072e+00 90      65.0172  1192.10  245.209  245.208  245.115
4.073803e+00 90      64.3660  1203.55  248.028  248.028  247.931
4.168694e+00 90      63.7256  1215.01  250.880  250.880  250.779
4.265795e+00 90      63.0959  1226.46  253.764  253.763  253.659
4.365158e+00 90      62.4765  1237.92  256.680  256.680  256.572
4.466836e+00 90      61.8674  1249.37  259.629  259.629  259.517
4.570882e+00 90      61.2682  1260.80  262.612  262.611  262.496
4.677351e+00 90      60.6787  1272.23  265.627  265.627  265.507
4.786301e+00 90      60.0989  1283.63  268.677  268.676  268.553
4.897788e+00 90      59.5285  1295.01  271.760  271.760  271.632
5.011872e+00 90      58.9673  1306.37  274.878  274.878  274.746
5.128614e+00 90      58.4151  1317.69  278.031  278.031  277.894
5.248075e+00 90      57.8718  1328.97  281.219  281.218  281.077
5.370318e+00 90      57.3373  1340.21  284.442  284.442  284.295
5.495409e+00 90      56.8113  1351.40  287.701  287.700  287.548
5.623413e+00 90      56.2938  1362.54  290.996  290.995  290.838
5.754399e+00 90      55.7841  1373.65  294.327  294.326  294.164
5.888437e+00 90      55.2634  1385.55  297.699  297.699  297.530
6.025596e+00 90      54.7531  1397.39  301.110  301.109  300.935
6.165950e+00 90      54.2529  1409.16  304.558  304.558  304.377
6.309573e+00 90      53.7627  1420.85  308.045  308.045  307.858
6.456542e+00 90      53.2822  1432.47  311.571  311.571  311.377
6.606934e+00 90      52.8111  1444.00  315.137  315.136  314.935
6.760830e+00 90      52.3493  1455.45  318.741  318.741  318.533
6.918310e+00 90      51.8966  1466.79  322.386  322.385  322.171
7.079458e+00 90      51.4528  1478.03  326.071  326.070  325.848
7.244360e+00 90      51.0177  1489.17  329.797  329.796  329.566
7.413102e+00 90      50.5912  1500.19  333.563  333.563  333.324
7.585776e+00 90      50.1730  1511.09  337.371  337.371  337.124
7.762471e+00 90      49.7630  1521.86  341.221  341.220  340.965
7.943282e+00 90      49.3611  1532.51  345.113  345.112  344.848
8.128305e+00 90      48.9447  1544.10  349.052  349.051  348.778
8.317638e+00 90      48.5377  1555.60  353.035  353.034  352.751
8.511380e+00 90      48.1410  1566.93  357.062  357.061  356.768
8.709636e+00 90      47.7544  1578.10  361.134  361.133  360.830
8.912509e+00 90      47.3775  1589.09  365.251  365.250  364.936
9.120108e+00 90      47.0101  1599.91  369.414  369.413  369.088
9.332543e+00 90      46.6520  1610.54  373.622  373.621  373.284
9.549926e+00 90      46.3030  1620.98  377.876  377.875  377.527
9.772372e+00 90      45.9629  1631.23  382.177  382.176  381.816
1.000000e+01 90      45.6314  1641.27  386.525  386.524  386.151
