1.000000e-03 90      4302.97    43.46  4.30297  4.30297  4.30297
1.023293e-03 90      4253.71    43.97  4.35279  4.35279  4.35279
1.047129e-03 90      4205.02    44.47  4.40320  4.40320  4.40320
1.071519e-03 90      4156.88    44.99  4.45418  4.45418  4.45418
1.096478e-03 90      4109.30    45.51  4.50576  4.50576  4.50576
1.122018e-03 90      4062.26    46.04  4.55793  4.55793  4.55793
1.148154e-03 90      4015.76    46.57  4.61071  4.61071  4.61071
1.174898e-03 90      3969.79    47.11  4.66409  4.66409  4.66409
1.202264e-03 90      3924.35    47.65  4.71810  4.71810  4.71810
1.230269e-03 90      3879.42    48.21  4.77273  4.77273  4.77273
1.258925e-03 90      3835.01    48.76  4.82799  4.82799  4.82799
1.288250e-03 90      3791.11    49.33  4.88390  4.88390  4.88390
1.318257e-03 90      3747.71    49.90  4.94045  4.94045  4.94045
1.348963e-03 90      3704.81    50.48  4.99766  4.99766  4.99766
1.380384e-03 90      3662.40    51.06  5.05552  5.05552  5.05552
1.412538e-03 90      3620.48    51.65  5.11406  5.11406  5.11406
1.445440e-03 90      3579.03    52.25  5.17328  5.17328  5.17328
1.479108e-03 90      3538.07    52.86  5.23318  5.23318  5.23318
1.513561e-03 90      3497.56    53.47  5.29378  5.29378  5.29378
1.548817e-03 90      3457.53    54.09  5.35507  5.35507  5.35507
1.584893e-03 90      3417.95    54.71  5.41708  5.41708  5.41708
1.621810e-03 90      3378.82    55.35  5.47980  5.47980  5.47980
1.659587e-03 90      3340.14    55.99  5.54326  5.54326  5.54325
1.698244e-03 90      3301.91    56.64  5.60744  5.60744  5.60744
1.737801e-03 90      3264.11    57.29  5.67237  5.67237  5.67237
1.778279e-03 90      3226.74    57.95  5.73805  5.73805  5.73805
1.819701e-03 90      3189.80    58.63  5.80449  5.80449  5.80449
1.862087e-03 90      3153.29    59.30  5.87170  5.87170  5.87170
1.905461e-03 90      3117.19    59.99  5.93969  5.93969  5.93969
1.949845e-03 90      3081.51    60.69  6.00846  6.00846  6.00846
1.995262e-03 90      3046.23    61.39  6.07803  6.07803  6.07803
2.041738e-03 90      3011.36    62.10  6.14841  6.14841  6.14841
2.089296e-03 90      2976.89    62.82  6.21960  6.21960  6.21960
2.137962e-03 90      2942.81    63.54  6.29162  6.29162  6.29162
2.187762e-03 90      2909.12    64.28  6.36447  6.36447  6.36447
2.238721e-03 90      2875.82    65.02  6.43816  6.43816  6.43816
2.290868e-03 90      2842.90    65.78  6.51271  6.51271  6.51271
2.344229e-03 90      2810.36    66.54  6.58812  6.58812  6.58812
2.398833e-03 90      2778.18    67.31  6.66440  6.66440  6.66440
2.454709e-03 90      2746.38    68.09  6.74157  6.74157  6.74157
2.511886e-03 90      2714.94    68.88  6.81963  6.81963  6.81962
2.570396e-03 90      2683.86    69.67  6.89859  6.89859  6.89859
2.630268e-03 90      2653.14    70.48  6.97847  6.97847  6.97846
2.691535e-03 90      2622.77    71.30  7.05927  7.05927  7.05927
2.754229e-03 90      2592.74    72.12  7.14101  7.14101  7.14100
2.818383e-03 90      2563.06    72.96  7.22369  7.22369  7.22369
2.884032e-03 90      2533.72    73.80  7.30733  7.30733  7.30733
2.951209e-03 90      2504.72    74.65  7.39194  7.39194  7.39194
3.019952e-03 90      2476.04    75.52  7.47753  7.47753  7.47753
3.090295e-03 90      2447.70    76.39  7.56411  7.56411  7.56410
3.162278e-03 90      2419.68    77.28  7.65169  7.65169  7.65169
3.235937e-03 90      2391.98    78.17  7.74029  7.74029  7.74028
3.311311e-03 90      2364.59    79.08  7.82991  7.82991  7.82990
3.388442e-03 90      2337.52    79.99  7.92057  7.92057  7.92056
3.467369e-03 90      2310.76    80.92  8.01227  8.01227  8.01227
3.548134e-03 90      2284.31    81.85  8.10504  8.10504  8.10504
3.630781e-03 90      2258.16    82.80  8.19889  8.19889  8.19889
3.715352e-03 90      2232.31    83.76  8.29382  8.29382  8.29382
3.801894e-03 90      2206.75    84.73  8.38985  8.38985  8.38985
3.890451e-03 90      2181.49    85.71  8.48699  8.48699  8.48699
3.981072e-03 90      2156.52    86.70  8.58526  8.58526  8.58525
4.073803e-03 90      2131.83    87.71  8.68466  8.68466  8.68466
4.168694e-03 90      2107.43    88.72  8.78521  8.78521  8.78521
4.265795e-03 90      2083.30    89.75  8.88693  8.88693  8.88693
4.365158e-03 90      2059.45    90.79  8.98983  8.98983  8.98982
4.466836e-03 90      2035.87    91.84  9.09391  9.09391  9.09391
4.570882e-03 90      2012.57    92.90  9.19920  9.19920  9.19920
4.677351e-03 90      1989.53    93.97  9.30571  9.30571  9.30571
4.786301e-03 90      1966.75    95.06  9.41346  9.41346  9.41345
4.897788e-03 90      1944.23    96.16  9.52245  9.52245  9.52244
5.011872e-03 90      1921.98    97.27  9.63270  9.63270  9.63270
5.128614e-03 90      1899.97    98.40  9.74423  9.74423  9.74422
5.248075e-03 90      1878.22    99.54  9.85705  9.85705  9.85704
5.370318e-03 90      1856.72   100.69  9.97117  9.97117  9.97117
5.495409e-03 90      1835.46   101.86  10.0866  10.0866  10.0866
5.623413e-03 90      1814.45   103.03  10.2034  10.2034  10.2034
5.754399e-03 90      1793.68   104.23  10.3215  10.3215  10.3215
5.888437e-03 90      1773.14   105.43  10.4410  10.4410  10.4410
6.025596e-03 90      1752.84   106.65  10.5619  10.5619  10.5619
6.165950e-03 90      1732.78   107.89  10.6842  10.6842  10.6842
6.309573e-03 90      1712.94   109.14  10.8079  10.8079  10.8079
6.456542e-03 90      1693.33   110.40  10.9330  10.9330  10.9330
6.606934e-03 90      1673.94   111.68  11.0596  11.0596  11.0596
6.760830e-03 90      1654.78   112.97  11.1877  11.1877  11.1877
6.918310e-03 90      1635.83   114.27  11.3172  11.3172  11.3172
7.079458e-03 90      1617.10   115.60  11.4482  11.4482  11.4482
7.244360e-03 90      1598.59   116.93  11.5808  11.5808  11.5807
7.413102e-03 90      1580.29   118.29  11.7148  11.7148  11.7148
7.585776e-03 90      1562.19   119.65  11.8505  11.8505  11.8505
7.762471e-03 90      1544.31   121.04  11.9877  11.9877  11.9876
7.943282e-03 90      1526.63   122.44  12.1264  12.1264  12.1264
8.128305e-03 90      1509.15   123.86  12.2668  12.2668  12.2668
8.317638e-03 90      1491.87   125.29  12.4088  12.4088  12.4088
8.511380e-03 90      1474.79   126.74  12.5525  12.5525  12.5525
8.709636e-03 90      1457.91   128.20  12.6978  12.6978  12.6978
8.912509e-03 90      1441.21   129.69  12.8448  12.8448  12.8448
9.120108e-03 90      1424.71   131.19  12.9935  12.9935  12.9935
9.332543e-03 90      1408.40   132.70  13.1440  13.1440  13.1440
9.549926e-03 90      1392.28   134.24  13.2961  13.2961  13.2961
9.772372e-03 90      1376.34   135.79  13.4501  13.4501  13.4500
1.000000e-02 90      1360.58   137.36  13.6058  13.6058  13.6058
1.023293e-02 90      1345.00   138.95  13.7633  13.7633  13.7633
1.047129e-02 90      1329.60   140.56  13.9226  13.9226  13.9226
1.071519e-02 90      1314.38   142.18  14.0838  14.0838  14.0838
1.096478e-02 90      1299.33   143.83  14.2468  14.2468  14.2468
1.122018e-02 90      1284.45   145.49  14.4118  14.4118  14.4117
1.148154e-02 90      1269.74   147.17  14.5786  14.5786  14.5786
1.174898e-02 90      1255.20   148.87  14.7474  14.7474  14.7473
1.202264e-02 90      1240.83   150.59  14.9181  14.9181  14.9181
1.230269e-02 90      1226.62   152.34  15.0908  15.0908  15.0908
1.258925e-02 90      1212.58   154.10  15.2655  15.2655  15.2654
1.288250e-02 90      1198.69   155.88  15.4422  15.4422  15.4422
1.318257e-02 90      1184.97   157.68  15.6209  15.6209  15.6209
1.348963e-02 90      1171.40   159.50  15.8018  15.8018  15.8017
1.380384e-02 90      1157.99   161.35  15.9847  15.9847  15.9847
1.412538e-02 90      1144.73   163.21  16.1697  16.1697  16.1697
1.445440e-02 90      1131.62   165.10  16.3569  16.3569  16.3569
1.479108e-02 90      1118.66   167.01  16.5462  16.5462  16.5462
1.513561e-02 90      1105.85   168.94  16.7378  16.7378  16.7377
1.548817e-02 90      1093.19   170.89  16.9315  16.9315  16.9315
1.584893e-02 90      1080.67   172.86  17.1275  17.1275  17.1275
1.621810e-02 90      1068.30   174.86  17.3257  17.3257  17.3257
1.659587e-02 90      1056.06   176.88  17.5263  17.5263  17.5263
1.698244e-02 90      1043.97   178.93  17.7292  17.7292  17.7291
1.737801e-02 90      1032.02   180.99  17.9344  17.9344  17.9343
1.778279e-02 90      1020.20   183.09  18.1420  18.1420  18.1419
1.819701e-02 90      1008.51   185.20  18.3519  18.3519  18.3519
1.862087e-02 90      996.965   187.34  18.5644  18.5644  18.5643
1.905461e-02 90      985.548   189.50  18.7792  18.7792  18.7792
1.949845e-02 90      974.261   191.69  18.9966  18.9966  18.9966
1.995262e-02 90      963.104   193.91  19.2164  19.2164  19.2164
2.041738e-02 90      952.074   196.15  19.4389  19.4389  19.4388
2.089296e-02 90      941.171   198.41  19.6638  19.6638  19.6638
2.137962e-02 90      930.392   200.70  19.8914  19.8914  19.8914
2.187762e-02 90      919.737   203.02  20.1216  20.1216  20.1216
2.238721e-02 90      909.203   205.37  20.3545  20.3545  20.3545
2.290868e-02 90      898.790   207.74  20.5901  20.5901  20.5901
2.344229e-02 90      888.496   210.14  20.8284  20.8284  20.8283
2.398833e-02 90      878.320   212.56  21.0694  21.0694  21.0694
2.454709e-02 90      868.261   215.02  21.3133  21.3133  21.3132
2.511886e-02 90      858.316   217.50  21.5599  21.5599  21.5599
2.570396e-02 90      848.485   220.01  21.8094  21.8094  21.8094
2.630268e-02 90      838.767   222.55  22.0618  22.0618  22.0618
2.691535e-02 90      829.160   225.12  22.3171  22.3171  22.3171
2.754229e-02 90      819.663   227.71  22.5754  22.5754  22.5753
2.818383e-02 90      810.274   230.34  22.8366  22.8366  22.8366
2.884032e-02 90      800.993   233.00  23.1009  23.1009  23.1008
2.951209e-02 90      791.818   235.69  23.3682  23.3682  23.3681
3.019952e-02 90      782.748   238.40  23.6386  23.6386  23.6385
3.090295e-02 90      773.782   241.15  23.9121  23.9121  23.9121
3.162278e-02 90      764.918   243.94  24.1888  24.1888  24.1888
3.235937e-02 90      756.155   246.75  24.4687  24.4687  24.4686
3.311311e-02 90      747.493   249.60  24.7518  24.7518  24.7518
3.388442e-02 90      738.930   252.47  25.0382  25.0382  25.0381
3.467369e-02 90      730.465   255.38  25.3279  25.3279  25.3278
3.548134e-02 90      722.097   258.33  25.6210  25.6210  25.6209
3.630781e-02 90      713.824   261.31  25.9174  25.9174  25.9173
3.715352e-02 90      705.646   264.32  26.2172  26.2172  26.2172
3.801894e-02 90      697.562   267.36  26.5206  26.5206  26.5205
3.890451e-02 90      689.570   270.44  26.8274  26.8274  26.8273
3.981072e-02 90      681.669   273.56  27.1377  27.1377  27.1377
4.073803e-02 90      673.859   276.71  27.4517  27.4517  27.4516
4.168694e-02 90      666.138   279.90  27.7693  27.7693  27.7692
4.265795e-02 90      658.506   283.12  28.0905  28.0905  28.0904
4.365158e-02 90      650.960   286.38  28.4155  28.4155  28.4153
4.466836e-02 90      643.501   289.68  28.7442  28.7442  28.7440
4.570882e-02 90      636.128   293.02  29.0766  29.0766  29.0765
4.677351e-02 90      628.838   296.39  29.4130  29.4130  29.4129
4.786301e-02 90      621.632   299.80  29.7532  29.7532  29.7531
4.897788e-02 90      614.509   303.25  30.0973  30.0973  30.0972
5.011872e-02 90      607.466   306.74  30.4454  30.4454  30.4453
5.128614e-02 90      600.505   310.27  30.7976  30.7976  30.7974
5.248075e-02 90      593.623   313.84  31.1538  31.1538  31.1536
5.370318e-02 90      586.819   317.45  31.5141  31.5141  31.5139
5.495409e-02 90      580.094   321.10  31.8785  31.8785  31.8784
5.623413e-02 90      573.445   324.79  32.2472  32.2472  32.2470
5.754399e-02 90      566.872   328.53  32.6201  32.6201  32.6199
5.888437e-02 90      560.375   332.30  32.9973  32.9973  32.9971
6.025596e-02 90      553.951   336.12  33.3789  33.3789  33.3787
6.165950e-02 90      547.602   339.99  33.7648  33.7648  33.7647
6.309573e-02 90      541.324   343.89  34.1553  34.1553  34.1551
6.456542e-02 90      535.119   347.84  34.5502  34.5502  34.5500
6.606934e-02 90      528.984   351.84  34.9496  34.9496  34.9494
6.760830e-02 90      522.920   355.88  35.3537  35.3537  35.3535
6.918310e-02 90      516.925   359.96  35.7624  35.7624  35.7622
7.079458e-02 90      510.998   364.09  36.1759  36.1759  36.1757
7.244360e-02 90      505.139   368.27  36.5941  36.5941  36.5939
7.413102e-02 90      499.347   372.50  37.0171  37.0171  37.0169
7.585776e-02 90      493.621   376.77  37.4450  37.4450  37.4448
7.762471e-02 90      487.961   381.09  37.8778  37.8778  37.8776
7.943282e-02 90      482.365   385.46  38.3156  38.3156  38.3154
8.128305e-02 90      476.834   389.88  38.7585  38.7585  38.7582
8.317638e-02 90      471.365   394.34  39.2064  39.2064  39.2062
8.511380e-02 90      465.959   398.86  39.6595  39.6595  39.6593
8.709636e-02 90      460.615   403.43  40.1179  40.1179  40.1176
8.912509e-02 90      455.332   408.05  40.5815  40.5815  40.5812
9.120108e-02 90      450.109   412.72  41.0504  41.0504  41.0501
9.332543e-02 90      444.946   417.45  41.5247  41.5247  41.5244
9.549926e-02 90      439.841   422.22  42.0045  42.0045  42.0042
9.772372e-02 90      434.796   427.05  42.4898  42.4898  42.4895
1.000000e-01 90      429.807   431.94  42.9807  42.9807  42.9804
1.023293e-01 90      424.876   436.87  43.4773  43.4773  43.4769
1.047129e-01 90      420.001   441.87  43.9795  43.9795  43.9791
1.071519e-01 90      415.182   446.91  44.4875  44.4875  44.4871
1.096478e-01 90      410.417   452.02  45.0014  45.0014  45.0009
1.122018e-01 90      405.708   457.18  45.5211  45.5211  45.5207
1.148154e-01 90      401.051   462.40  46.0469  46.0469  46.0464
1.174898e-01 90      396.448   467.68  46.5787  46.5787  46.5782
1.202264e-01 90      391.898   473.01  47.1165  47.1165  47.1160
1.230269e-01 90      387.400   478.40  47.6606  47.6606  47.6601
1.258925e-01 90      382.953   483.86  48.2109  48.2109  48.2104
1.288250e-01 90      378.556   489.37  48.7675  48.7675  48.7670
1.318257e-01 90      374.210   494.94  49.3305  49.3305  49.3300
1.348963e-01 90      369.914   500.58  49.9000  49.9000  49.8994
1.380384e-01 90      365.666   506.28  50.4760  50.4760  50.4754
1.412538e-01 90      361.467   512.04  51.0586  51.0586  51.0580
1.445440e-01 90      357.316   517.86  51.6479  51.6479  51.6473
1.479108e-01 90      353.213   523.74  52.2440  52.2440  52.2433
1.513561e-01 90      349.156   529.70  52.8468  52.8468  52.8461
1.548817e-01 90      345.145   535.71  53.4566  53.4566  53.4559
1.584893e-01 90      341.180   541.79  54.0734  54.0734  54.0727
1.621810e-01 90      337.261   547.94  54.6972  54.6972  54.6965
1.659587e-01 90      333.386   554.15  55.3282  55.3282  55.3274
1.698244e-01 90      329.555   560.44  55.9664  55.9664  55.9656
1.737801e-01 90      325.768   566.79  56.6120  56.6120  56.6111
1.778279e-01 90      322.024   573.20  57.2649  57.2649  57.2640
1.819701e-01 90      318.323   579.69  57.9252  57.9252  57.9243
1.862087e-01 90      314.664   586.25  58.5931  58.5931  58.5922
1.905461e-01 90      311.047   592.88  59.2687  59.2687  59.2677
1.949845e-01 90      307.471   599.58  59.9520  59.9520  59.9510
1.995262e-01 90      303.935   606.35  60.6431  60.6431  60.6420
2.041738e-01 90      300.440   613.19  61.3421  61.3421  61.3410
2.089296e-01 90      296.985   620.11  62.0490  62.0490  62.0479
2.137962e-01 90      293.570   627.10  62.7640  62.7640  62.7629
2.187762e-01 90      290.193   634.16  63.4872  63.4872  63.4860
2.238721e-01 90      286.854   641.30  64.2187  64.2187  64.2174
2.290868e-01 90      283.554   648.52  64.9585  64.9585  64.9572
2.344229e-01 90      280.291   655.81  65.7067  65.7067  65.7054
2.398833e-01 90      277.066   663.18  66.4634  66.4634  66.4621
2.454709e-01 90      273.877   670.62  67.2288  67.2288  67.2274
2.511886e-01 90      270.724   678.15  68.0029  68.0029  68.0014
2.570396e-01 90      267.608   685.75  68.7858  68.7858  68.7842
2.630268e-01 90      264.527   693.43  69.5776  69.5776  69.5760
2.691535e-01 90      261.481   701.20  70.3784  70.3784  70.3768
2.754229e-01 90      258.469   709.04  71.1883  71.1883  71.1866
2.818383e-01 90      255.492   716.96  72.0074  72.0074  72.0057
2.884032e-01 90      252.549   724.97  72.8359  72.8359  72.8340
2.951209e-01 90      249.639   733.06  73.6737  73.6737  73.6718
3.019952e-01 90      246.762   741.23  74.5210  74.5210  74.5191
3.090295e-01 90      243.918   749.49  75.3780  75.3780  75.3760
3.162278e-01 90      241.107   757.83  76.2447  76.2447  76.2426
3.235937e-01 90      238.327   766.25  77.1212  77.1212  77.1190
3.311311e-01 90      235.579   774.76  78.0076  78.0076  78.0053
3.388442e-01 90      232.862   783.36  78.9041  78.9041  78.9017
3.467369e-01 90      230.176   792.04  79.8107  79.8107  79.8083
3.548134e-01 90      227.521   800.81  80.7275  80.7275  80.7251
3.630781e-01 90      224.896   809.67  81.6548  81.6548  81.6522
3.715352e-01 90      222.301   818.62  82.5925  82.5925  82.5898
3.801894e-01 90      219.735   827.65  83.5408  83.5408  83.5381
3.890451e-01 90      217.198   836.78  84.4998  84.4998  84.4970
3.981072e-01 90      214.690   845.99  85.4697  85.4697  85.4667
4.073803e-01 90      212.211   855.30  86.4504  86.4504  86.4474
4.168694e-01 90      209.759   864.69  87.4422  87.4422  87.4391
4.265795e-01 90      207.336   874.18  88.4452  88.4452  88.4420
4.365158e-01 90      204.940   883.76  89.4595  89.4595  89.4561
4.466836e-01 90      202.571   893.43  90.4852  90.4852  90.4817
4.570882e-01 90      200.229   903.20  91.5224  91.5224  91.5188
4.677351e-01 90      197.914   913.05  92.5713  92.5713  92.5675
4.786301e-01 90      195.625   923.01  93.6319  93.6319  93.6280
4.897788e-01 90      193.362   933.05  94.7045  94.7045  94.7004
5.011872e-01 90      191.124   943.19  95.7890  95.7890  95.7849
5.128614e-01 90      188.912   953.43  96.8857  96.8857  96.8814
5.248075e-01 90      186.725   963.76  97.9947  97.9947  97.9903
5.370318e-01 90      184.563   974.18  99.1161  99.1161  99.1115
5.495409e-01 90      182.425   984.70  100.250  100.250  100.245
5.623413e-01 90      180.312   995.32  101.397  101.397  101.392
5.754399e-01 90      178.222  1006.03  102.556  102.556  102.551
5.888437e-01 90      176.156  1016.84  103.728  103.728  103.723
6.025596e-01 90      174.113  1027.75  104.914  104.914  104.908
6.165950e-01 90      172.094  1038.75  106.112  106.112  106.107
6.309573e-01 90      170.097  1049.86  107.324  107.324  107.318
6.456542e-01 90      168.123  1061.05  108.550  108.550  108.543
6.606934e-01 90      166.172  1072.35  109.789  109.789  109.782
6.760830e-01 90      164.242  1083.74  111.041  111.041  111.035
6.918310e-01 90      162.334  1095.23  112.308  112.308  112.301
7.079458e-01 90      160.448  1106.82  113.589  113.589  113.582
7.244360e-01 90      158.583  1118.51  114.883  114.883  114.876
7.413102e-01 90      156.739  1130.29  116.192  116.192  116.185
7.585776e-01 90      154.916  1142.17  117.516  117.516  117.508
7.762471e-01 90      153.114  1154.15  118.854  118.854  118.846
7.943282e-01 90      151.332  1166.22  120.207  120.207  120.199
8.128305e-01 90      149.570  1178.39  121.575  121.575  121.566
8.317638e-01 90      147.828  1190.66  122.958  122.958  122.949
8.511380e-01 90      146.105  1203.02  124.356  124.356  124.346
8.709636e-01 90      144.402  1215.48  125.769  125.769  125.760
8.912509e-01 90      142.718  1228.04  127.198  127.198  127.188
9.120108e-01 90      141.054  1240.69  128.642  128.642  128.632
9.332543e-01 90      139.408  1253.43  130.103  130.103  130.092
9.549926e-01 90      137.780  1266.27  131.579  131.579  131.568
9.772372e-01 90      136.171  1279.20  133.071  133.071  133.060
1.000000e+00 90      134.580  1292.23  134.580  134.580  134.568
1.023293e+00 90      133.007  1305.34  136.105  136.105  136.093
1.047129e+00 90      131.451  1318.55  137.646  137.646  137.634
1.071519e+00 90      129.913  1331.85  139.205  139.205  139.191
1.096478e+00 90      128.393  1345.23  140.780  140.780  140.766
1.122018e+00 90      126.889  1358.71  142.372  142.372  142.358
1.148154e+00 90      125.402  1372.27  143.981  143.981  143.967
1.174898e+00 90      123.997  1385.74  145.636  145.636  145.621
1.202264e+00 90      122.637  1399.23  147.321  147.321  147.305
1.230269e+00 90      121.293  1412.83  149.024  149.024  149.008
1.258925e+00 90      119.966  1426.54  150.746  150.746  150.729
1.288250e+00 90      118.654  1440.35  152.486  152.486  152.469
1.318257e+00 90      117.358  1454.26  154.246  154.245  154.228
1.348963e+00 90      116.078  1468.28  156.024  156.024  156.005
1.380384e+00 90      114.813  1482.40  157.821  157.821  157.802
1.412538e+00 90      113.564  1496.63  159.638  159.638  159.618
1.445440e+00 90      112.329  1510.96  161.475  161.475  161.454
1.479108e+00 90      111.109  1525.38  163.331  163.331  163.310
1.513561e+00 90      109.904  1539.91  165.208  165.207  165.186
1.548817e+00 90      108.713  1554.54  167.104  167.104  167.082
1.584893e+00 90      107.536  1569.27  169.022  169.021  168.998
1.621810e+00 90      106.373  1584.09  170.960  170.959  170.935
1.659587e+00 90      105.224  1599.01  172.918  172.918  172.893
1.698244e+00 90      104.089  1614.03  174.898  174.898  174.872
1.737801e+00 90      102.967  1629.13  176.900  176.899  176.873
1.778279e+00 90      101.858  1644.33  178.923  178.922  178.894
1.819701e+00 90      100.763  1659.63  180.967  180.967  180.938
1.862087e+00 90      99.6803  1675.00  183.034  183.033  183.004
1.905461e+00 90      98.6107  1690.47  185.123  185.122  185.091
1.949845e+00 90      97.5536  1706.02  187.234  187.233  187.201
1.995262e+00 90      96.5091  1721.65  189.368  189.367  189.334
2.041738e+00 90      95.4769  1737.37  191.524  191.524  191.490
2.089296e+00 90      94.4569  1753.16  193.704  193.704  193.668
2.137962e+00 90      93.4489  1769.03  195.907  195.907  195.870
2.187762e+00 90      92.4528  1784.98  198.134  198.133  198.095
2.238721e+00 90      91.4684  1800.99  200.384  200.384  200.344
2.290868e+00 90      90.4956  1817.07  202.659  202.658  202.617
2.344229e+00 90      89.5343  1833.22  204.957  204.957  204.914
2.398833e+00 90      88.5843  1849.44  207.280  207.280  207.236
2.454709e+00 90      87.6454  1865.71  209.628  209.627  209.582
2.511886e+00 90      86.7066  1880.89  212.009  212.008  211.961
2.570396e+00 90      85.7794  1895.97  214.416  214.415  214.367
2.630268e+00 90      84.8651  1911.12  216.848  216.848  216.798
2.691535e+00 90      83.9635  1926.32  219.307  219.306  219.254
2.754229e+00 90      83.0744  1941.58  221.791  221.790  221.736
2.818383e+00 90      82.1976  1956.88  224.301  224.300  224.245
2.884032e+00 90      81.3329  1972.24  226.838  226.837  226.779
2.951209e+00 90      80.4801  1987.64  229.401  229.400  229.341
3.019952e+00 90      79.6391  2003.08  231.991  231.991  231.929
3.090295e+00 90      78.8095  2018.56  234.609  234.608  234.544
3.162278e+00 90      77.9913  2034.07  237.254  237.253  237.187
3.235937e+00 90      77.1843  2049.62  239.926  239.926  239.857
3.311311e+00 90      76.3883  2065.19  242.627  242.626  242.555
3.388442e+00 90      75.6032  2080.78  245.356  245.355  245.282
3.467369e+00 90      74.8287  2096.39  248.114  248.113  248.037
3.548134e+00 90      74.0647  2112.02  250.900  250.899  250.820
3.630781e+00 90      73.3111  2127.65  253.715  253.714  253.633
3.715352e+00 90      72.5678  2143.29  256.560  256.559  256.475
3.801894e+00 90      71.8345  2158.93  259.434  259.433  259.346
3.890451e+00 90      71.1111  2174.56  262.339  262.338  262.247
3.981072e+00 90      70.3940  2190.00  265.274  265.273  265.180
4.073803e+00 90      69.6717  2204.56  268.246  268.245  268.148
4.168694e+00 90      68.9612  2219.11  271.249  271.248  271.147
4.265795e+00 90      68.2624  2233.66  274.283  274.281  274.178
4.365158e+00 90      67.5751  2248.19  277.348  277.347  277.239
4.466836e+00 90      66.8989  2262.70  280.445  280.444  280.333
4.570882e+00 90      66.2336  2277.18  283.574  283.573  283.458
4.677351e+00 90      65.5792  2291.63  286.736  286.735  286.616
4.786301e+00 90      64.9354  2306.04  289.931  289.929  289.806
4.897788e+00 90      64.3020  2320.42  293.158  293.157  293.029
5.011872e+00 90      63.6787  2334.74  296.419  296.418  296.285
5.128614e+00 90      63.0656  2349.02  299.714  299.712  299.575
5.248075e+00 90      62.4622  2363.23  303.042  303.041  302.899
5.370318e+00 90      61.8686  2377.38  306.405  306.404  306.257
5.495409e+00 90      61.2846  2391.46  309.803  309.801  309.649
5.623413e+00 90      60.7099  2405.46  313.235  313.234  313.076
5.754399e+00 90      60.1445  2419.38  316.703  316.701  316.539
5.888437e+00 90      59.5685  2433.02  320.212  320.210  320.042
6.025596e+00 90      59.0018  2446.55  323.757  323.756  323.581
6.165950e+00 90      58.4463  2460.00  327.340  327.338  327.158
6.309573e+00 90      57.9020  2473.35  330.960  330.958  330.771
6.456542e+00 90      57.3684  2486.60  334.617  334.615  334.422
6.606934e+00 90      56.8454  2499.74  338.313  338.311  338.111
6.760830e+00 90      56.3328  2512.77  342.046  342.044  341.837
6.918310e+00 90      55.8303  2525.68  345.818  345.816  345.602
7.079458e+00 90      55.3378  2538.47  349.629  349.627  349.405
7.244360e+00 90      54.8550  2551.12  353.479  353.477  353.248
7.413102e+00 90      54.3818  2563.63  357.369  357.367  357.129
7.585776e+00 90      53.9179  2576.00  361.299  361.297  361.051
7.762471e+00 90      53.4633  2588.22  365.270  365.267  365.012
7.943282e+00 90      53.0177  2600.27  369.281  369.278  369.015
8.128305e+00 90      52.5585  2612.37  373.338  373.335  373.062
8.317638e+00 90      52.1072  2624.34  377.438  377.436  377.153
8.511380e+00 90      51.6674  2636.13  381.581  381.578  381.286
8.709636e+00 90      51.2388  2647.75  385.767  385.764  385.461
8.912509e+00 90      50.8211  2659.17  389.996  389.994  389.680
9.120108e+00 90      50.4141  2670.40  394.269  394.267  393.942
9.332543e+00 90      50.0175  2681.43  398.587  398.584  398.248
9.549926e+00 90      49.6311  2692.26  402.949  402.946  402.599
9.772372e+00 90      49.2546  2702.88  407.356  407.354  406.994
1.000000e+01 90      48.8878  2713.28  411.809  411.806  411.434
